2024-11-14 12:57:44.181 [info] Reading sessions from keychain...
2024-11-14 12:57:44.181 [info] Getting sessions for all scopes...
2024-11-14 12:57:44.181 [info] Got 0 sessions for ...
2024-11-14 12:57:44.181 [info] Getting sessions for read:user,repo,user:email,workflow...
2024-11-14 12:57:44.181 [info] Got 0 sessions for read:user,repo,user:email,workflow...
2024-11-14 13:02:07.847 [info] Getting sessions for read:user,repo,user:email,workflow...
2024-11-14 13:02:07.848 [info] Got 0 sessions for read:user,repo,user:email,workflow...
2024-11-14 13:07:35.703 [info] Logging in for the following scopes: read:user repo user:email workflow
2024-11-14 13:07:35.845 [info] Trying device code flow... (read:user repo user:email workflow)
2024-11-14 13:08:13.130 [info] Getting user info...
2024-11-14 13:08:13.552 [info] Got account info!
2024-11-14 13:08:13.553 [info] Storing 1 sessions...
2024-11-14 13:08:13.647 [info] Reading sessions from keychain...
2024-11-14 13:08:13.647 [info] Stored 1 sessions!
2024-11-14 13:08:13.647 [info] Login success!
2024-11-14 13:08:13.710 [info] Got stored sessions!
2024-11-14 13:08:13.710 [info] Got 1 verified sessions.
2024-11-14 13:08:14.333 [info] Getting sessions for read:user,repo,user:email,workflow...
2024-11-14 13:08:14.333 [info] Got 1 sessions for read:user,repo,user:email,workflow...
2024-11-14 13:32:09.580 [info] Getting sessions for read:user,repo,user:email,workflow...
2024-11-14 13:32:09.580 [info] Got 1 sessions for read:user,repo,user:email,workflow...
2024-11-14 14:02:39.899 [info] Getting sessions for read:user,repo,user:email,workflow...
2024-11-14 14:02:39.900 [info] Got 1 sessions for read:user,repo,user:email,workflow...
2024-11-14 15:04:21.929 [info] Getting sessions for read:user,repo,user:email,workflow...
2024-11-14 15:04:21.929 [info] Got 1 sessions for read:user,repo,user:email,workflow...
2024-11-14 15:18:51.295 [info] Getting sessions for read:user,repo,user:email,workflow...
2024-11-14 15:18:51.296 [info] Got 1 sessions for read:user,repo,user:email,workflow...
