2024-11-15 10:45:17.532 [info] Extension host with pid 43985 started
2024-11-15 10:45:17.532 [error] Error: EEXIST: file already exists, open '/home/penurajeshitsd/.codeoss/data/User/workspaceStorage/65e53f53/vscode.lock'
2024-11-15 10:45:17.557 [info] Lock '/home/penurajeshitsd/.codeoss/data/User/workspaceStorage/65e53f53/vscode.lock': Could not acquire lock, checking if the file is stale.
2024-11-15 10:45:17.562 [info] Lock '/home/penurajeshitsd/.codeoss/data/User/workspaceStorage/65e53f53/vscode.lock': The lock does not look stale, elapsed: 236 ms, giving up.
2024-11-15 10:45:17.583 [info] Lock '/home/penurajeshitsd/.codeoss/data/User/workspaceStorage/65e53f53-1/vscode.lock': Lock acquired.
2024-11-15 10:45:19.677 [info] ExtensionService#_doActivateExtension vscode.emmet, startup: false, activationEvent: 'onLanguage'
2024-11-15 10:45:19.679 [info] ExtensionService#_doActivateExtension vscode.css-language-features, startup: false, activationEvent: 'onLanguage:css'
2024-11-15 10:45:20.590 [info] ExtensionService#_doActivateExtension vscode.git-base, startup: true, activationEvent: '*', root cause: vscode.git
2024-11-15 10:45:20.602 [info] ExtensionService#_doActivateExtension vscode.npm, startup: true, activationEvent: 'workspaceContains:package.json'
2024-11-15 10:45:22.079 [info] ExtensionService#_doActivateExtension vscode.git, startup: true, activationEvent: '*'
2024-11-15 10:45:22.080 [info] ExtensionService#_doActivateExtension vscode.github, startup: true, activationEvent: '*'
2024-11-15 10:45:24.971 [info] ExtensionService#_doActivateExtension vscode.github-authentication, startup: false, activationEvent: 'onAuthenticationRequest:github'
2024-11-15 10:45:27.592 [info] Not activating extension 'hashicorp.terraform': Timed out while searching for 'workspaceContains' pattern **/*.tf,**/*.tfvars
2024-11-15 10:45:27.594 [info] Not activating extension 'redhat.fabric8-analytics': Timed out while searching for 'workspaceContains' pattern **/package.json,**/pom.xml,**/go.mod,**/requirements.txt
2024-11-15 10:45:27.595 [info] Not activating extension 'redhat.java': Timed out while searching for 'workspaceContains' pattern */pom.xml,*/build.gradle,*/settings.gradle,*/build.gradle.kts,*/settings.gradle.kts,*/.classpath
2024-11-15 10:45:27.596 [info] Not activating extension 'vscjava.vscode-java-dependency': Timed out while searching for 'workspaceContains' pattern */pom.xml,*/build.gradle,*/settings.gradle,*/build.gradle.kts,*/settings.gradle.kts,*/.classpath
2024-11-15 10:45:27.597 [info] Not activating extension 'vscjava.vscode-java-test': Timed out while searching for 'workspaceContains' pattern */pom.xml,*/build.gradle,*/settings.gradle,*/build.gradle.kts,*/settings.gradle.kts,*/.classpath
2024-11-15 10:45:27.597 [info] Not activating extension 'vscjava.vscode-maven': Timed out while searching for 'workspaceContains' pattern **/pom.xml
2024-11-15 10:45:28.486 [info] Eager extensions activated
2024-11-15 10:45:28.486 [info] ExtensionService#_doActivateExtension EditorConfig.EditorConfig, startup: false, activationEvent: 'onStartupFinished'
2024-11-15 10:45:28.487 [info] ExtensionService#_doActivateExtension google.cloud-shell, startup: false, activationEvent: 'onStartupFinished'
2024-11-15 10:45:28.487 [info] ExtensionService#_doActivateExtension googlecloudtools.cloudcode, startup: false, activationEvent: 'onStartupFinished'
2024-11-15 10:45:28.488 [info] ExtensionService#_doActivateExtension vscode.debug-auto-launch, startup: false, activationEvent: 'onStartupFinished'
2024-11-15 10:45:28.488 [info] ExtensionService#_doActivateExtension vscode.merge-conflict, startup: false, activationEvent: 'onStartupFinished'
2024-11-15 10:45:32.206 [info] ExtensionService#_doActivateExtension vscode.json-language-features, startup: false, activationEvent: 'onLanguage:jsonc'
2024-11-15 10:45:32.207 [info] ExtensionService#_doActivateExtension vscode.typescript-language-features, startup: false, activationEvent: 'onLanguage:jsonc'
