2024-11-14 07:43:24.776 [info] Reading sessions from keychain...
2024-11-14 07:43:28.355 [info] Getting sessions for read:user,repo,user:email,workflow...
2024-11-14 07:43:28.355 [info] Got 0 sessions for read:user,repo,user:email,workflow...
2024-11-14 07:43:28.366 [info] Getting sessions for all scopes...
2024-11-14 07:43:28.377 [info] Got 0 sessions for ...
2024-11-14 07:46:40.296 [info] Getting sessions for read:user,repo,user:email,workflow...
2024-11-14 07:46:40.296 [info] Got 0 sessions for read:user,repo,user:email,workflow...
2024-11-14 07:46:42.371 [info] Logging in for the following scopes: read:user repo user:email workflow
2024-11-14 07:46:42.496 [info] Trying device code flow... (read:user repo user:email workflow)
2024-11-14 07:47:40.569 [info] Getting user info...
2024-11-14 07:47:40.957 [info] Got account info!
2024-11-14 07:47:40.958 [info] Storing 1 sessions...
2024-11-14 07:47:41.017 [info] Reading sessions from keychain...
2024-11-14 07:47:41.017 [info] Stored 1 sessions!
2024-11-14 07:47:41.017 [info] Login success!
2024-11-14 07:47:41.082 [info] Got stored sessions!
2024-11-14 07:47:41.082 [info] Got 1 verified sessions.
2024-11-14 07:47:41.926 [info] Getting sessions for read:user,repo,user:email,workflow...
2024-11-14 07:47:41.927 [info] Got 1 sessions for read:user,repo,user:email,workflow...
2024-11-14 08:20:41.645 [info] Getting sessions for read:user,repo,user:email,workflow...
2024-11-14 08:20:41.645 [info] Got 1 sessions for read:user,repo,user:email,workflow...
2024-11-14 08:21:34.687 [info] Getting sessions for read:user,repo,user:email,workflow...
2024-11-14 08:21:34.687 [info] Got 1 sessions for read:user,repo,user:email,workflow...
2024-11-14 09:09:19.992 [info] Getting sessions for read:user,repo,user:email,workflow...
2024-11-14 09:09:19.992 [info] Got 1 sessions for read:user,repo,user:email,workflow...
2024-11-14 09:12:48.032 [info] Getting sessions for read:user,repo,user:email,workflow...
2024-11-14 09:12:48.032 [info] Got 1 sessions for read:user,repo,user:email,workflow...
