Initializing document watcher...
Document watcher initialized
hacker-stories/src/App.jsx: {}
hacker-stories/src/App.jsx: {}
vscode.git.Git: {}
hacker-stories/src/App.jsx: {}
/home/penurajeshitsd/.git/COMMIT_EDITMSG: {}
/home/penurajeshitsd/.git/COMMIT_EDITMSG: Using EditorConfig core...
hacker-stories/src/App.jsx: {}
hacker-stories/src/App.jsx: {}
hacker-stories/src/App.jsx: {}
hacker-stories/src/App.jsx: {}
hacker-stories/.gitignore: {}
hacker-stories/.gitignore: {}
hacker-stories/src/App.jsx: {}
hacker-stories/src/App.jsx: {}
hacker-stories/src/App.jsx: {}
hacker-stories/src/App.jsx: {}
hacker-stories/src/App.jsx: {}
hacker-stories/src/App.jsx: Using EditorConfig core...
hacker-stories/src/App.jsx: Using EditorConfig core...
hacker-stories/src/App.jsx: Using EditorConfig core...
hacker-stories/src/App.jsx: Using EditorConfig core...
hacker-stories/src/App.jsx: {}
hacker-stories/src/App.jsx: Using EditorConfig core...
hacker-stories/src/App.jsx: Using EditorConfig core...
hacker-stories/src/App.jsx: {}
hacker-stories/src/App.jsx: {}
hacker-stories/src/App.jsx: {}
hacker-stories/src/App.jsx: Using EditorConfig core...
hacker-stories/src/App.jsx: Using EditorConfig core...
hacker-stories/src/App.jsx: {}
hacker-stories/src/App.jsx: Using EditorConfig core...
hacker-stories/src/App.jsx: Using EditorConfig core...
hacker-stories/src/App.jsx: Using EditorConfig core...
hacker-stories/src/App.jsx: Using EditorConfig core...
hacker-stories/src/App.jsx: Using EditorConfig core...
hacker-stories/src/App.jsx: Using EditorConfig core...
hacker-stories/src/App.jsx: {}
hacker-stories/src/App.jsx: Using EditorConfig core...
hacker-stories/src/App.jsx: Using EditorConfig core...
hacker-stories/src/App.jsx: Using EditorConfig core...
hacker-stories/src/App.jsx: {}
hacker-stories/src/App.jsx: Using EditorConfig core...
hacker-stories/src/App.jsx: {}
hacker-stories/src/App.jsx: Using EditorConfig core...
hacker-stories/src/App.jsx: {}
hacker-stories/src/App.jsx: Using EditorConfig core...
hacker-stories/src/App.jsx: Using EditorConfig core...
hacker-stories/src/App.jsx: Using EditorConfig core...
hacker-stories/src/App.jsx: {}
hacker-stories/src/App.jsx: Using EditorConfig core...
hacker-stories/src/App.jsx: Using EditorConfig core...
hacker-stories/src/App.jsx: Using EditorConfig core...
hacker-stories/src/App.jsx: {}
hacker-stories/src/App.jsx: Using EditorConfig core...
hacker-stories/src/App.jsx: Using EditorConfig core...
hacker-stories/src/App.jsx: Using EditorConfig core...
hacker-stories/src/App.jsx: Using EditorConfig core...
hacker-stories/src/App.jsx: {}
hacker-stories/src/App.jsx: Using EditorConfig core...
hacker-stories/src/App.jsx: {}
hacker-stories/src/App.jsx: Using EditorConfig core...
hacker-stories/src/App.jsx: Using EditorConfig core...
hacker-stories/src/App.jsx: Using EditorConfig core...
hacker-stories/src/App.jsx: Using EditorConfig core...
hacker-stories/src/App.jsx: Using EditorConfig core...
hacker-stories/src/App.jsx: Using EditorConfig core...
hacker-stories/src/App.jsx: Using EditorConfig core...
hacker-stories/src/App.jsx: Using EditorConfig core...
hacker-stories/src/App.jsx: {}
hacker-stories/src/App.jsx: Using EditorConfig core...
hacker-stories/src/App.jsx: Using EditorConfig core...
hacker-stories/src/App.jsx: {}
hacker-stories/src/App.jsx: Using EditorConfig core...
hacker-stories/src/App.jsx: Using EditorConfig core...
hacker-stories/src/App.jsx: Using EditorConfig core...
hacker-stories/src/App.jsx: {}
hacker-stories/src/App.jsx: Using EditorConfig core...
hacker-stories/src/App.jsx: Using EditorConfig core...
hacker-stories/src/App.jsx: Using EditorConfig core...
hacker-stories/src/App.jsx: Using EditorConfig core...
hacker-stories/src/App.jsx: Using EditorConfig core...
hacker-stories/src/App.jsx: {}
hacker-stories/src/App.jsx: {}
hacker-stories/src/App.jsx: Using EditorConfig core...
hacker-stories/src/App.jsx: Using EditorConfig core...
hacker-stories/src/App.jsx: {}
hacker-stories/src/App.jsx: {}
hacker-stories/src/App.jsx: {}
hacker-stories/src/App.jsx: {}
hacker-stories/src/App.jsx: {}
hacker-stories/src/App.jsx: {}
hacker-stories/src/App.jsx: {}
hacker-stories/src/App.jsx: Using EditorConfig core...
hacker-stories/src/App.jsx: {}
hacker-stories/src/App.jsx: {}
hacker-stories/src/App.jsx: Using EditorConfig core...
hacker-stories/src/App.jsx: {}
hacker-stories/src/App.jsx: Using EditorConfig core...
hacker-stories/src/App.jsx: {}
hacker-stories/src/App.jsx: {}
hacker-stories/src/App.jsx: {}
hacker-stories/src/App.jsx: Using EditorConfig core...
hacker-stories/src/App.jsx: Using EditorConfig core...
hacker-stories/src/App.jsx: {}
hacker-stories/src/App.jsx: {}
hacker-stories/src/App.jsx: {}
hacker-stories/src/App.jsx: Using EditorConfig core...
hacker-stories/src/App.jsx: Using EditorConfig core...
hacker-stories/src/App.jsx: {}
hacker-stories/src/App.jsx: {}
hacker-stories/src/App.jsx: {}
hacker-stories/src/App.jsx: {}
hacker-stories/src/App.jsx: {}
hacker-stories/src/App.jsx: Using EditorConfig core...
hacker-stories/src/App.jsx: {}
hacker-stories/src/App.jsx: {}
hacker-stories/src/App.jsx: {}
hacker-stories/src/App.jsx: {}
hacker-stories/src/App.jsx: Using EditorConfig core...
hacker-stories/src/App.jsx: {}
hacker-stories/src/App.jsx: Using EditorConfig core...
hacker-stories/src/App.jsx: {}
hacker-stories/src/App.jsx: Using EditorConfig core...
hacker-stories/src/App.jsx: Using EditorConfig core...
hacker-stories/src/App.jsx: {}
hacker-stories/src/App.jsx: {}
hacker-stories/src/App.jsx: Using EditorConfig core...
hacker-stories/src/App.jsx: Using EditorConfig core...
hacker-stories/src/App.jsx: {}
hacker-stories/src/App.jsx: Using EditorConfig core...
hacker-stories/src/App.jsx: {}
hacker-stories/src/App.jsx: Using EditorConfig core...
hacker-stories/src/App.jsx: Using EditorConfig core...
hacker-stories/src/App.jsx: Using EditorConfig core...
hacker-stories/src/App.jsx: Using EditorConfig core...
hacker-stories/src/App.jsx: Using EditorConfig core...
hacker-stories/src/App.jsx: Using EditorConfig core...
hacker-stories/src/App.jsx: {}
hacker-stories/src/App.jsx: Using EditorConfig core...
hacker-stories/src/App.jsx: Using EditorConfig core...
hacker-stories/src/App.jsx: Using EditorConfig core...
hacker-stories/src/App.jsx: {}
hacker-stories/src/App.jsx: Using EditorConfig core...
hacker-stories/src/App.jsx: {}
hacker-stories/src/App.jsx: Using EditorConfig core...
hacker-stories/src/App.jsx: Using EditorConfig core...
hacker-stories/src/App.jsx: Using EditorConfig core...
hacker-stories/src/App.jsx: Using EditorConfig core...
hacker-stories/src/App.jsx: {}
hacker-stories/src/App.jsx: Using EditorConfig core...
hacker-stories/src/App.jsx: {}
hacker-stories/src/App.jsx: Using EditorConfig core...
hacker-stories/src/App.jsx: Using EditorConfig core...
hacker-stories/src/App.jsx: Using EditorConfig core...
hacker-stories/src/App.jsx: Using EditorConfig core...
hacker-stories/src/App.jsx: Using EditorConfig core...
hacker-stories/src/App.jsx: {}
hacker-stories/src/App.jsx: {}
hacker-stories/src/App.jsx: Using EditorConfig core...
hacker-stories/src/App.jsx: {}
hacker-stories/src/App.jsx: {}
hacker-stories/src/App.jsx: Using EditorConfig core...
hacker-stories/src/App.jsx: Using EditorConfig core...
hacker-stories/src/App.jsx: {}
hacker-stories/src/App.jsx: Using EditorConfig core...
hacker-stories/src/App.jsx: Using EditorConfig core...
hacker-stories/src/App.jsx: Using EditorConfig core...
hacker-stories/src/App.jsx: Using EditorConfig core...
hacker-stories/src/App.jsx: Using EditorConfig core...
hacker-stories/src/App.jsx: Using EditorConfig core...
hacker-stories/src/App.jsx: {}
hacker-stories/src/App.jsx: Using EditorConfig core...
hacker-stories/src/App.jsx: Using EditorConfig core...
hacker-stories/src/App.jsx: {}
hacker-stories/src/App.jsx: Using EditorConfig core...
hacker-stories/src/App.jsx: Using EditorConfig core...
hacker-stories/src/App.jsx: Using EditorConfig core...
hacker-stories/src/App.jsx: Using EditorConfig core...
hacker-stories/src/App.jsx: Using EditorConfig core...
hacker-stories/src/App.jsx: Using EditorConfig core...
hacker-stories/src/App.jsx: Using EditorConfig core...
hacker-stories/src/App.jsx: Using EditorConfig core...
hacker-stories/src/App.jsx: Using EditorConfig core...
hacker-stories/src/App.jsx: {}
hacker-stories/src/App.jsx: Using EditorConfig core...
hacker-stories/src/App.jsx: Using EditorConfig core...
hacker-stories/src/App.jsx: Using EditorConfig core...
hacker-stories/src/App.jsx: Using EditorConfig core...
hacker-stories/src/App.jsx: Using EditorConfig core...
hacker-stories/src/App.jsx: Using EditorConfig core...
hacker-stories/src/App.jsx: Using EditorConfig core...
hacker-stories/src/App.jsx: Using EditorConfig core...
hacker-stories/src/App.jsx: Using EditorConfig core...
hacker-stories/src/App.jsx: Using EditorConfig core...
hacker-stories/src/App.jsx: Using EditorConfig core...
hacker-stories/src/App.jsx: Using EditorConfig core...
hacker-stories/src/App.jsx: Using EditorConfig core...
hacker-stories/src/App.jsx: Using EditorConfig core...
hacker-stories/src/App.jsx: Using EditorConfig core...
hacker-stories/src/App.jsx: Using EditorConfig core...
hacker-stories/src/App.jsx: Using EditorConfig core...
hacker-stories/src/App.jsx: Using EditorConfig core...
hacker-stories/src/App.jsx: Using EditorConfig core...
hacker-stories/src/App.jsx: Using EditorConfig core...
hacker-stories/src/App.jsx: Using EditorConfig core...
hacker-stories/src/App.jsx: Using EditorConfig core...
hacker-stories/src/App.jsx: Using EditorConfig core...
hacker-stories/src/App.jsx: {}
hacker-stories/src/App.jsx: {}
hacker-stories/src/App.jsx: {}
hacker-stories/src/App.jsx: {}
hacker-stories/src/App.jsx: {}
hacker-stories/src/App.jsx: {}
hacker-stories/src/App.jsx: Using EditorConfig core...
hacker-stories/src/App.jsx: {}
hacker-stories/src/App.jsx: Using EditorConfig core...
hacker-stories/src/App.jsx: Using EditorConfig core...
hacker-stories/src/App.jsx: {}
hacker-stories/src/App.jsx: Using EditorConfig core...
hacker-stories/src/App.jsx: {}
hacker-stories/vite.config.js: {}
hacker-stories/vite.config.js: Using EditorConfig core...
hacker-stories/vite.config.js: Using EditorConfig core...
hacker-stories/vite.config.js: {}
hacker-stories/src/App.jsx: {}
hacker-stories/src/App.jsx: {}
hacker-stories/src/App.jsx: {}
hacker-stories/src/App.jsx: {}
hacker-stories/src/App.jsx: {}
hacker-stories/src/App.jsx: {}
hacker-stories/vite.config.js: {}
hacker-stories/vite.config.js: {}
hacker-stories/vite.config.js: {}
hacker-stories/src/App.jsx: {}
hacker-stories/src/App.jsx: Using EditorConfig core...
hacker-stories/src/App.jsx: Using EditorConfig core...
hacker-stories/src/App.jsx: Using EditorConfig core...
hacker-stories/src/App.jsx: {}
hacker-stories/src/App.jsx: {}
hacker-stories/src/App.jsx: {}
hacker-stories/src/App.jsx: {}
hacker-stories/src/App.jsx: {}
hacker-stories/src/App.jsx: {}
hacker-stories/src/App.jsx: {}
hacker-stories/src/App.jsx: {}
hacker-stories/src/App.jsx: {}
hacker-stories/src/App.jsx: {}
hacker-stories/src/App.jsx: {}
hacker-stories/src/App.jsx: {}
hacker-stories/src/App.jsx: {}
hacker-stories/src/App.jsx: {}
hacker-stories/src/App.jsx: {}
hacker-stories/src/App.jsx: {}
hacker-stories/src/App.jsx: {}
hacker-stories/src/App.jsx: {}
hacker-stories/src/App.jsx: Using EditorConfig core...
hacker-stories/src/App.jsx: Using EditorConfig core...
hacker-stories/src/App.jsx: Using EditorConfig core...
hacker-stories/src/App.jsx: {}
hacker-stories/src/App.jsx: Using EditorConfig core...
hacker-stories/src/App.jsx: Using EditorConfig core...
hacker-stories/src/App.jsx: Using EditorConfig core...
hacker-stories/src/App.jsx: {}
hacker-stories/src/App.jsx: {}
hacker-stories/src/App.jsx: {}
hacker-stories/src/App.jsx: Using EditorConfig core...
hacker-stories/src/App.jsx: Using EditorConfig core...
hacker-stories/src/App.jsx: {}
hacker-stories/src/App.jsx: Using EditorConfig core...
hacker-stories/src/App.jsx: Using EditorConfig core...
hacker-stories/src/App.jsx: {}
hacker-stories/src/App.jsx: Using EditorConfig core...
hacker-stories/src/App.jsx: Using EditorConfig core...
hacker-stories/src/App.jsx: {}
hacker-stories/src/App.jsx: Using EditorConfig core...
hacker-stories/src/App.jsx: Using EditorConfig core...
hacker-stories/src/App.jsx: Using EditorConfig core...
hacker-stories/src/App.jsx: {}
hacker-stories/src/App.jsx: Using EditorConfig core...
hacker-stories/src/App.jsx: Using EditorConfig core...
hacker-stories/src/App.jsx: Using EditorConfig core...
hacker-stories/src/App.jsx: {}
hacker-stories/src/App.jsx: Using EditorConfig core...
hacker-stories/src/App.jsx: {}
hacker-stories/src/App.jsx: Using EditorConfig core...
hacker-stories/src/App.jsx: Using EditorConfig core...
hacker-stories/src/App.jsx: Using EditorConfig core...
hacker-stories/src/App.jsx: Using EditorConfig core...
hacker-stories/src/App.jsx: Using EditorConfig core...
hacker-stories/src/App.jsx: {}
hacker-stories/src/App.jsx: Using EditorConfig core...
hacker-stories/src/App.jsx: Using EditorConfig core...
hacker-stories/src/App.jsx: Using EditorConfig core...
hacker-stories/src/App.jsx: {}
hacker-stories/src/App.jsx: Using EditorConfig core...
hacker-stories/src/App.jsx: Using EditorConfig core...
hacker-stories/src/App.jsx: {}
hacker-stories/src/App.jsx: Using EditorConfig core...
hacker-stories/src/App.jsx: {}
hacker-stories/src/App.jsx: Using EditorConfig core...
hacker-stories/src/App.jsx: Using EditorConfig core...
hacker-stories/src/App.jsx: {}
hacker-stories/src/App.jsx: Using EditorConfig core...
hacker-stories/src/App.jsx: Using EditorConfig core...
hacker-stories/src/App.jsx: Using EditorConfig core...
hacker-stories/src/App.jsx: Using EditorConfig core...
hacker-stories/src/App.jsx: Using EditorConfig core...
hacker-stories/src/App.jsx: Using EditorConfig core...
hacker-stories/src/App.jsx: Using EditorConfig core...
hacker-stories/src/App.jsx: Using EditorConfig core...
hacker-stories/src/App.jsx: Using EditorConfig core...
hacker-stories/src/App.jsx: Using EditorConfig core...
hacker-stories/src/App.jsx: Using EditorConfig core...
hacker-stories/src/App.jsx: Using EditorConfig core...
hacker-stories/src/App.jsx: Using EditorConfig core...
hacker-stories/src/App.jsx: Using EditorConfig core...
hacker-stories/src/App.jsx: Using EditorConfig core...
hacker-stories/src/App.jsx: Using EditorConfig core...
hacker-stories/src/App.jsx: Using EditorConfig core...
hacker-stories/src/App.jsx: Using EditorConfig core...
hacker-stories/src/App.jsx: Using EditorConfig core...
hacker-stories/src/App.jsx: Using EditorConfig core...
hacker-stories/src/App.jsx: Using EditorConfig core...
hacker-stories/src/App.jsx: Using EditorConfig core...
hacker-stories/src/App.jsx: Using EditorConfig core...
hacker-stories/src/App.jsx: Using EditorConfig core...
hacker-stories/src/App.jsx: {}
hacker-stories/src/App.jsx: {}
hacker-stories/src/App.jsx: {}
hacker-stories/src/App.jsx: Using EditorConfig core...
hacker-stories/src/App.jsx: Using EditorConfig core...
hacker-stories/src/App.jsx: Using EditorConfig core...
hacker-stories/src/App.jsx: {}
hacker-stories/src/App.jsx: Using EditorConfig core...
hacker-stories/src/App.jsx: Using EditorConfig core...
hacker-stories/src/App.jsx: {}
hacker-stories/src/App.jsx: Using EditorConfig core...
hacker-stories/src/App.jsx: {}
hacker-stories/src/App.jsx: Using EditorConfig core...
hacker-stories/src/App.jsx: {}
hacker-stories/src/App.jsx: Using EditorConfig core...
hacker-stories/src/App.jsx: Using EditorConfig core...
hacker-stories/src/App.jsx: {}
hacker-stories/src/App.jsx: {}
hacker-stories/src/App.jsx: {}
hacker-stories/src/App.jsx: {}
hacker-stories/src/App.jsx: Using EditorConfig core...
hacker-stories/src/App.jsx: Using EditorConfig core...
hacker-stories/src/App.jsx: Using EditorConfig core...
hacker-stories/src/App.jsx: Using EditorConfig core...
hacker-stories/src/App.jsx: Using EditorConfig core...
hacker-stories/src/App.jsx: {}
hacker-stories/src/App.jsx: {}
hacker-stories/src/App.jsx: {}
hacker-stories/src/App.jsx: {}
hacker-stories/src/App.jsx: {}
hacker-stories/src/App.jsx: {}
hacker-stories/src/App.jsx: {}
hacker-stories/src/App.jsx: {}
hacker-stories/src/App.jsx: {}
hacker-stories/src/App.jsx: {}
hacker-stories/src/App.jsx: {}
hacker-stories/src/App.jsx: Using EditorConfig core...
hacker-stories/src/App.jsx: Using EditorConfig core...
hacker-stories/src/App.jsx: Using EditorConfig core...
hacker-stories/src/App.jsx: Using EditorConfig core...
hacker-stories/src/App.jsx: Using EditorConfig core...
hacker-stories/src/App.jsx: Using EditorConfig core...
hacker-stories/src/App.jsx: Using EditorConfig core...
hacker-stories/src/App.jsx: Using EditorConfig core...
hacker-stories/src/App.jsx: Using EditorConfig core...
hacker-stories/src/App.jsx: Using EditorConfig core...
hacker-stories/src/App.jsx: Using EditorConfig core...
hacker-stories/src/App.jsx: Using EditorConfig core...
hacker-stories/src/App.jsx: Using EditorConfig core...
hacker-stories/src/App.jsx: {}
hacker-stories/src/App.jsx: {}
hacker-stories/src/App.jsx: Using EditorConfig core...
hacker-stories/src/App.jsx: {}
hacker-stories/src/App.jsx: {}
hacker-stories/src/App.jsx: {}
hacker-stories/src/App.jsx: {}
hacker-stories/src/App.jsx: {}
hacker-stories/src/App.jsx: {}
hacker-stories/src/App.jsx: {}
hacker-stories/src/App.jsx: Using EditorConfig core...
hacker-stories/src/App.jsx: Using EditorConfig core...
hacker-stories/src/App.jsx: Using EditorConfig core...
hacker-stories/src/App.jsx: {}
hacker-stories/src/App.jsx: Using EditorConfig core...
hacker-stories/src/App.jsx: Using EditorConfig core...
hacker-stories/src/App.jsx: Using EditorConfig core...
hacker-stories/src/App.jsx: Using EditorConfig core...
hacker-stories/src/App.jsx: Using EditorConfig core...
hacker-stories/src/App.jsx: Using EditorConfig core...
hacker-stories/src/App.jsx: Using EditorConfig core...
hacker-stories/src/App.jsx: Using EditorConfig core...
hacker-stories/src/App.jsx: Using EditorConfig core...
hacker-stories/src/App.jsx: Using EditorConfig core...
hacker-stories/src/App.jsx: {}
