Initializing document watcher...
Document watcher initialized
hacker-stories/src/index.css: {}
hacker-stories/src/index.css: {}
hacker-stories/src/index.css: {}
hacker-stories/src/index.css: {}
hacker-stories/src/index.css: {}
hacker-stories/src/index.css: {}
hacker-stories/src/App.jsx: {}
hacker-stories/src/App.jsx: {}
hacker-stories/src/App.jsx: {}
hacker-stories/src/App.jsx: Using EditorConfig core...
hacker-stories/src/App.jsx: Using EditorConfig core...
hacker-stories/src/App.jsx: Using EditorConfig core...
hacker-stories/src/App.jsx: Using EditorConfig core...
hacker-stories/src/App.jsx: {}
hacker-stories/src/App.css: {}
hacker-stories/src/App.css: Using EditorConfig core...
hacker-stories/src/App.css: Using EditorConfig core...
hacker-stories/src/App.css: {}
hacker-stories/src/App.css: Using EditorConfig core...
hacker-stories/src/App.css: {}
hacker-stories/src/App.css: Using EditorConfig core...
hacker-stories/src/App.css: {}
hacker-stories/src/App.css: {}
hacker-stories/src/App.css: Using EditorConfig core...
hacker-stories/src/App.css: Using EditorConfig core...
hacker-stories/src/App.css: Using EditorConfig core...
hacker-stories/src/App.css: Using EditorConfig core...
hacker-stories/src/App.css: Using EditorConfig core...
hacker-stories/src/App.css: Using EditorConfig core...
hacker-stories/src/App.css: {}
hacker-stories/src/App.css: Using EditorConfig core...
hacker-stories/src/App.css: {}
hacker-stories/src/App.css: {}
hacker-stories/src/App.css: {}
hacker-stories/src/App.css: {}
hacker-stories/src/App.css: Using EditorConfig core...
hacker-stories/src/App.css: {}
hacker-stories/src/App.jsx: {}
hacker-stories/src/App.css: {}
hacker-stories/src/App.css: Using EditorConfig core...
hacker-stories/src/App.jsx: {}
hacker-stories/src/App.jsx: Using EditorConfig core...
hacker-stories/src/App.jsx: {}
hacker-stories/src/App.css: {}
hacker-stories/src/App.css: {}
hacker-stories/src/App.css: Using EditorConfig core...
hacker-stories/src/App.css: {}
hacker-stories/src/App.jsx: {}
hacker-stories/src/App.jsx: {}
hacker-stories/src/App.jsx: Using EditorConfig core...
hacker-stories/src/App.jsx: {}
hacker-stories/src/App.jsx: {}
hacker-stories/src/App.jsx: {}
hacker-stories/src/App.css: {}
hacker-stories/src/App.css: Using EditorConfig core...
hacker-stories/src/App.css: Using EditorConfig core...
hacker-stories/src/App.css: {}
hacker-stories/src/App.css: {}
hacker-stories/src/App.jsx: {}
hacker-stories/src/App.jsx: {}
hacker-stories/src/App.jsx: Using EditorConfig core...
hacker-stories/src/App.jsx: {}
hacker-stories/src/App.jsx: Using EditorConfig core...
hacker-stories/src/App.jsx: {}
hacker-stories/src/App.jsx: {}
hacker-stories/src/App.jsx: Using EditorConfig core...
hacker-stories/src/App.jsx: {}
hacker-stories/src/App.jsx: Using EditorConfig core...
hacker-stories/src/App.jsx: {}
hacker-stories/src/App.jsx: Using EditorConfig core...
hacker-stories/src/App.jsx: Using EditorConfig core...
hacker-stories/src/App.jsx: {}
hacker-stories/src/App.jsx: Using EditorConfig core...
hacker-stories/src/App.jsx: {}
hacker-stories/src/App.jsx: {}
hacker-stories/src/App.jsx: {}
hacker-stories/src/App.jsx: Using EditorConfig core...
hacker-stories/src/App.jsx: Using EditorConfig core...
hacker-stories/src/App.jsx: Using EditorConfig core...
hacker-stories/src/App.jsx: Using EditorConfig core...
hacker-stories/src/App.jsx: Using EditorConfig core...
hacker-stories/src/App.jsx: Using EditorConfig core...
hacker-stories/src/App.jsx: Using EditorConfig core...
hacker-stories/src/App.jsx: {}
hacker-stories/src/App.jsx: {}
hacker-stories/src/App.jsx: Using EditorConfig core...
hacker-stories/src/App.jsx: {}
hacker-stories/src/App.jsx: {}
hacker-stories/src/App.jsx: {}
hacker-stories/src/App.jsx: Using EditorConfig core...
hacker-stories/src/App.jsx: Using EditorConfig core...
hacker-stories/src/App.jsx: Using EditorConfig core...
hacker-stories/src/App.jsx: Using EditorConfig core...
hacker-stories/src/App.jsx: Using EditorConfig core...
hacker-stories/src/App.jsx: {}
hacker-stories/src/App.jsx: {}
hacker-stories/src/App.css: {}
hacker-stories/src/App.css: Using EditorConfig core...
hacker-stories/src/App.css: Using EditorConfig core...
hacker-stories/src/App.css: {}
hacker-stories/src/App.jsx: {}
hacker-stories/src/App.css: {}
hacker-stories/src/App.css: {}
hacker-stories/src/App.css: Using EditorConfig core...
hacker-stories/src/App.css: Using EditorConfig core...
hacker-stories/src/App.css: Using EditorConfig core...
hacker-stories/src/App.css: Using EditorConfig core...
hacker-stories/src/App.css: Using EditorConfig core...
hacker-stories/src/App.css: Using EditorConfig core...
hacker-stories/src/App.css: {}
hacker-stories/src/App.css: {}
hacker-stories/src/App.css: {}
hacker-stories/src/App.css: {}
hacker-stories/src/App.css: {}
hacker-stories/src/App.css: {}
hacker-stories/src/App.module.css: {}
hacker-stories/src/App.module.css: {}
hacker-stories/src/App.module.css: {}
hacker-stories/src/App.module.css: {}
hacker-stories/src/App.module.css: {}
hacker-stories/src/App.module.css: Using EditorConfig core...
hacker-stories/src/App.module.css: {}
hacker-stories/src/App.module.css: Using EditorConfig core...
hacker-stories/src/App.module.css: Using EditorConfig core...
hacker-stories/src/App.module.css: Using EditorConfig core...
hacker-stories/src/App.module.css: {}
hacker-stories/src/App.module.css: {}
hacker-stories/src/App.module.css: {}
hacker-stories/src/App.module.css: {}
hacker-stories/src/App.module.css: Using EditorConfig core...
hacker-stories/src/App.module.css: Using EditorConfig core...
hacker-stories/src/App.module.css: Using EditorConfig core...
hacker-stories/src/App.module.css: {}
hacker-stories/src/App.module.css: {}
hacker-stories/src/App.css: {}
hacker-stories/src/App.css: {}
hacker-stories/src/App.css: {}
hacker-stories/src/App.css: {}
hacker-stories/src/App.css: {}
hacker-stories/src/App.css: Using EditorConfig core...
hacker-stories/src/App.css: Using EditorConfig core...
hacker-stories/src/App.css: {}
hacker-stories/src/App.jsx: {}
hacker-stories/src/App.css: {}
hacker-stories/src/App.jsx: {}
hacker-stories/src/App.jsx: {}
hacker-stories/src/App.jsx: {}
hacker-stories/src/App.jsx: Using EditorConfig core...
hacker-stories/src/App.jsx: {}
hacker-stories/src/App.jsx: Using EditorConfig core...
hacker-stories/src/App.jsx: Using EditorConfig core...
hacker-stories/src/App.jsx: Using EditorConfig core...
hacker-stories/src/App.jsx: {}
hacker-stories/src/App.jsx: {}
hacker-stories/src/App.jsx: Using EditorConfig core...
hacker-stories/src/App.jsx: Using EditorConfig core...
hacker-stories/src/App.jsx: {}
hacker-stories/src/App.jsx: Using EditorConfig core...
hacker-stories/src/App.jsx: {}
hacker-stories/src/App.css: {}
hacker-stories/src/App.css: Using EditorConfig core...
hacker-stories/src/App.css: Using EditorConfig core...
hacker-stories/src/App.css: Using EditorConfig core...
hacker-stories/src/App.css: {}
hacker-stories/src/App.css: {}
hacker-stories/src/App.css: {}
hacker-stories/src/App.css: {}
hacker-stories/src/App.jsx: {}
hacker-stories/src/App.jsx: {}
hacker-stories/src/App.jsx: {}
hacker-stories/src/App.jsx: {}
hacker-stories/src/App.jsx: {}
hacker-stories/src/App.jsx: Using EditorConfig core...
hacker-stories/src/App.jsx: {}
hacker-stories/src/App.css: {}
hacker-stories/src/App.css: Using EditorConfig core...
hacker-stories/src/App.css: {}
hacker-stories/src/App.css: {}
hacker-stories/src/App.css: {}
hacker-stories/src/App.css: {}
hacker-stories/src/App.css: {}
hacker-stories/src/App.jsx: {}
hacker-stories/src/App.jsx: {}
hacker-stories/src/App.css: {}
hacker-stories/src/App.jsx: {}
hacker-stories/src/App.jsx: {}
hacker-stories/src/App.jsx: {}
hacker-stories/src/App.jsx: Using EditorConfig core...
hacker-stories/src/App.jsx: Using EditorConfig core...
hacker-stories/src/App.jsx: Using EditorConfig core...
hacker-stories/src/App.jsx: Using EditorConfig core...
hacker-stories/src/App.jsx: Using EditorConfig core...
hacker-stories/src/App.jsx: {}
hacker-stories/src/App.jsx: Using EditorConfig core...
hacker-stories/src/App.jsx: Using EditorConfig core...
hacker-stories/src/App.jsx: {}
hacker-stories/src/App.jsx: {}
hacker-stories/src/App.jsx: {}
hacker-stories/src/App.jsx: Using EditorConfig core...
hacker-stories/src/App.jsx: Using EditorConfig core...
hacker-stories/src/App.jsx: Using EditorConfig core...
hacker-stories/src/App.jsx: Using EditorConfig core...
hacker-stories/src/App.jsx: Using EditorConfig core...
hacker-stories/src/App.jsx: Using EditorConfig core...
hacker-stories/src/App.jsx: Using EditorConfig core...
hacker-stories/src/App.jsx: {}
hacker-stories/src/App.jsx: {}
hacker-stories/src/App.jsx: Using EditorConfig core...
hacker-stories/src/App.jsx: Using EditorConfig core...
hacker-stories/src/App.jsx: {}
hacker-stories/src/App.jsx: {}
hacker-stories/src/App.jsx: Using EditorConfig core...
hacker-stories/src/App.jsx: Using EditorConfig core...
hacker-stories/src/App.jsx: {}
hacker-stories/src/App.module.css: {}
hacker-stories/src/App.module.css: {}
hacker-stories/src/App.jsx: {}
hacker-stories/src/App.jsx: Using EditorConfig core...
hacker-stories/src/App.jsx: {}
hacker-stories/src/App.jsx: Using EditorConfig core...
hacker-stories/src/App.jsx: Using EditorConfig core...
hacker-stories/src/App.jsx: Using EditorConfig core...
hacker-stories/src/App.jsx: Using EditorConfig core...
hacker-stories/src/App.jsx: {}
hacker-stories/src/App.jsx: Using EditorConfig core...
hacker-stories/src/App.jsx: Using EditorConfig core...
hacker-stories/src/App.jsx: Using EditorConfig core...
hacker-stories/src/App.jsx: Using EditorConfig core...
hacker-stories/src/App.jsx: {}
hacker-stories/src/App.jsx: Using EditorConfig core...
hacker-stories/src/App.jsx: Using EditorConfig core...
hacker-stories/src/App.jsx: Using EditorConfig core...
hacker-stories/src/App.jsx: Using EditorConfig core...
hacker-stories/src/App.jsx: Using EditorConfig core...
hacker-stories/src/App.jsx: Using EditorConfig core...
hacker-stories/src/App.jsx: Using EditorConfig core...
hacker-stories/src/App.jsx: Using EditorConfig core...
hacker-stories/src/App.jsx: Using EditorConfig core...
hacker-stories/src/App.jsx: Using EditorConfig core...
hacker-stories/src/App.jsx: {}
hacker-stories/src/App.jsx: Using EditorConfig core...
hacker-stories/src/App.jsx: Using EditorConfig core...
hacker-stories/src/App.jsx: Using EditorConfig core...
hacker-stories/src/App.jsx: {}
hacker-stories/src/App.jsx: Using EditorConfig core...
hacker-stories/src/App.jsx: {}
hacker-stories/src/App.jsx: {}
hacker-stories/src/App.module.css: {}
hacker-stories/src/App.module.css: {}
hacker-stories/src/App.module.css: {}
hacker-stories/src/App.module.css: Using EditorConfig core...
hacker-stories/src/App.module.css: {}
hacker-stories/src/App.jsx: {}
hacker-stories/src/App.jsx: Using EditorConfig core...
hacker-stories/src/App.jsx: {}
hacker-stories/src/App.jsx: {}
hacker-stories/src/App.jsx: {}
hacker-stories/src/App.module.css: {}
hacker-stories/src/App.module.css: {}
hacker-stories/src/App.module.css: Using EditorConfig core...
hacker-stories/src/App.module.css: {}
hacker-stories/src/App.module.css: Using EditorConfig core...
hacker-stories/src/App.module.css: Using EditorConfig core...
hacker-stories/src/App.module.css: {}
hacker-stories/src/App.module.css: Using EditorConfig core...
hacker-stories/src/App.module.css: Using EditorConfig core...
hacker-stories/src/App.module.css: {}
hacker-stories/src/App.jsx: {}
hacker-stories/src/App.jsx: {}
hacker-stories/src/App.jsx: Using EditorConfig core...
hacker-stories/src/App.jsx: Using EditorConfig core...
hacker-stories/src/App.jsx: Using EditorConfig core...
hacker-stories/src/App.jsx: {}
hacker-stories/src/App.jsx: Using EditorConfig core...
hacker-stories/src/App.jsx: Using EditorConfig core...
hacker-stories/src/App.jsx: Using EditorConfig core...
hacker-stories/src/App.jsx: Using EditorConfig core...
hacker-stories/src/App.jsx: Using EditorConfig core...
hacker-stories/src/App.jsx: Using EditorConfig core...
hacker-stories/src/App.jsx: Using EditorConfig core...
hacker-stories/src/App.jsx: Using EditorConfig core...
hacker-stories/src/App.jsx: Using EditorConfig core...
hacker-stories/src/App.jsx: {}
hacker-stories/src/App.jsx: {}
hacker-stories/src/App.module.css: {}
hacker-stories/src/App.module.css: {}
hacker-stories/src/App.module.css: {}
hacker-stories/src/App.jsx: {}
hacker-stories/src/App.jsx: {}
hacker-stories/src/App.jsx: Using EditorConfig core...
hacker-stories/src/App.jsx: Using EditorConfig core...
hacker-stories/src/App.jsx: Using EditorConfig core...
hacker-stories/src/App.jsx: {}
hacker-stories/src/App.module.css: {}
hacker-stories/src/App.module.css: {}
hacker-stories/src/App.module.css: {}
hacker-stories/src/App.module.css: Using EditorConfig core...
hacker-stories/src/App.module.css: {}
hacker-stories/src/App.module.css: {}
hacker-stories/src/App.module.css: {}
hacker-stories/src/App.jsx: {}
hacker-stories/src/App.jsx: Using EditorConfig core...
hacker-stories/src/App.jsx: {}
hacker-stories/src/App.jsx: Using EditorConfig core...
hacker-stories/src/App.jsx: Using EditorConfig core...
hacker-stories/src/App.jsx: {}
hacker-stories/src/App.jsx: {}
hacker-stories/src/App.jsx: {}
hacker-stories/src/App.jsx: Using EditorConfig core...
hacker-stories/src/App.jsx: Using EditorConfig core...
hacker-stories/src/App.jsx: {}
hacker-stories/src/App.jsx: Using EditorConfig core...
hacker-stories/src/App.jsx: {}
hacker-stories/src/App.jsx: Using EditorConfig core...
hacker-stories/src/App.jsx: {}
hacker-stories/src/App.jsx: Using EditorConfig core...
hacker-stories/src/App.jsx: {}
hacker-stories/src/App.jsx: Using EditorConfig core...
hacker-stories/src/App.jsx: Using EditorConfig core...
hacker-stories/src/App.jsx: Using EditorConfig core...
hacker-stories/src/App.jsx: Using EditorConfig core...
hacker-stories/src/App.jsx: {}
hacker-stories/src/App.jsx: Using EditorConfig core...
hacker-stories/src/App.jsx: {}
hacker-stories/src/App.jsx: Using EditorConfig core...
hacker-stories/src/App.jsx: Using EditorConfig core...
hacker-stories/src/App.jsx: {}
hacker-stories/src/App.jsx: {}
hacker-stories/src/App.jsx: Using EditorConfig core...
hacker-stories/src/App.jsx: {}
hacker-stories/src/App.jsx: {}
hacker-stories/src/App.module.css: {}
hacker-stories/src/App.module.css: Using EditorConfig core...
hacker-stories/src/App.module.css: {}
hacker-stories/src/App.module.css: {}
hacker-stories/src/App.module.css: {}
hacker-stories/src/App.module.css: {}
hacker-stories/src/App.module.css: {}
hacker-stories/src/App.jsx: {}
hacker-stories/src/App.jsx: {}
hacker-stories/src/App.module.css: {}
hacker-stories/src/App.module.css: {}
hacker-stories/src/App.module.css: {}
hacker-stories/src/App.module.css: {}
hacker-stories/src/App.jsx: {}
hacker-stories/src/App.jsx: {}
hacker-stories/src/App.jsx: Using EditorConfig core...
hacker-stories/src/App.jsx: Using EditorConfig core...
hacker-stories/src/App.jsx: Using EditorConfig core...
hacker-stories/src/App.jsx: Using EditorConfig core...
hacker-stories/src/App.jsx: {}
hacker-stories/src/App.jsx: {}
hacker-stories/src/App.jsx: Using EditorConfig core...
hacker-stories/src/App.jsx: {}
hacker-stories/src/App.jsx: {}
hacker-stories/src/App.jsx: {}
hacker-stories/src/App.jsx: {}
hacker-stories/src/App.jsx: {}
hacker-stories/src/App.jsx: {}
hacker-stories/src/App.jsx: {}
hacker-stories/src/App.jsx: {}
hacker-stories/src/App.jsx: {}
hacker-stories/src/App.jsx: {}
hacker-stories/src/index.css: {}
hacker-stories/src/App.jsx: {}
hacker-stories/src/App.jsx: {}
hacker-stories/src/App.jsx: {}
hacker-stories/src/App.jsx: {}
hacker-stories/src/App.jsx: Using EditorConfig core...
hacker-stories/src/App.jsx: Using EditorConfig core...
hacker-stories/src/App.jsx: Using EditorConfig core...
hacker-stories/src/App.jsx: {}
hacker-stories/vite.config.js: {}
hacker-stories/src/App.jsx: {}
hacker-stories/src/App.jsx: {}
hacker-stories/src/App.jsx: Using EditorConfig core...
hacker-stories/vite.config.js: {}
hacker-stories/vite.config.js: Using EditorConfig core...
hacker-stories/vite.config.js: Using EditorConfig core...
hacker-stories/vite.config.js: Using EditorConfig core...
hacker-stories/vite.config.js: Using EditorConfig core...
hacker-stories/src/App.jsx: {}
hacker-stories/src/App.jsx: {}
hacker-stories/src/App.jsx: {}
hacker-stories/src/App.jsx: Using EditorConfig core...
hacker-stories/src/App.jsx: {}
hacker-stories/src/App.jsx: {}
hacker-stories/src/App.jsx: {}
hacker-stories/src/App.jsx: {}
hacker-stories/src/App.jsx: {}
hacker-stories/src/App.jsx: Using EditorConfig core...
hacker-stories/src/App.jsx: Using EditorConfig core...
hacker-stories/src/App.jsx: Using EditorConfig core...
hacker-stories/src/App.jsx: {}
hacker-stories/src/App.jsx: Using EditorConfig core...
hacker-stories/src/App.jsx: Using EditorConfig core...
hacker-stories/src/App.jsx: Using EditorConfig core...
hacker-stories/src/App.jsx: {}
hacker-stories/src/App.jsx: Using EditorConfig core...
hacker-stories/src/App.jsx: Using EditorConfig core...
hacker-stories/src/App.jsx: {}
hacker-stories/src/App.jsx: Using EditorConfig core...
hacker-stories/src/App.jsx: Using EditorConfig core...
hacker-stories/src/App.jsx: {}
hacker-stories/src/App.jsx: Using EditorConfig core...
hacker-stories/src/App.jsx: {}
hacker-stories/src/App.jsx: {}
hacker-stories/src/App.jsx: {}
hacker-stories/src/App.jsx: {}
hacker-stories/src/check.svg: {}
hacker-stories/src/check.svg: {}
hacker-stories/src/check.svg: Using EditorConfig core...
hacker-stories/src/App.jsx: {}
hacker-stories/src/App.jsx: {}
hacker-stories/src/App.jsx: {}
hacker-stories/src/App.jsx: {}
hacker-stories/src/App.jsx: {}
hacker-stories/vite.config.js: {}
hacker-stories/src/App.jsx: {}
hacker-stories/src/App.jsx: Using EditorConfig core...
hacker-stories/src/App.jsx: {}
hacker-stories/src/check.svg: {}
hacker-stories/src/check.svg: Using EditorConfig core...
hacker-stories/src/check.svg: {}
hacker-stories/src/App.css: {}
hacker-stories/src/App.css: Using EditorConfig core...
hacker-stories/src/App.css: {}
hacker-stories/src/App.jsx: {}
hacker-stories/src/App.jsx: Using EditorConfig core...
hacker-stories/src/App.jsx: Using EditorConfig core...
hacker-stories/src/App.jsx: {}
hacker-stories/src/App.css: {}
hacker-stories/src/App.css: {}
hacker-stories/src/App.jsx: {}
hacker-stories/src/App.jsx: Using EditorConfig core...
hacker-stories/src/App.jsx: {}
hacker-stories/src/App.jsx: {}
hacker-stories/src/App.css: {}
hacker-stories/src/App.css: Using EditorConfig core...
hacker-stories/src/App.css: {}
hacker-stories/src/App.jsx: {}
hacker-stories/src/App.jsx: Using EditorConfig core...
hacker-stories/src/App.jsx: {}
hacker-stories/vite.config.js: {}
hacker-stories/vite.config.js: Using EditorConfig core...
hacker-stories/vite.config.js: Using EditorConfig core...
hacker-stories/vite.config.js: {}
hacker-stories/vite.config.js: {}
hacker-stories/vite.config.js: {}
hacker-stories/src/App.jsx: {}
hacker-stories/src/check.svg: {}
hacker-stories/src/App.jsx: {}
hacker-stories/src/App.css: {}
hacker-stories/src/App.jsx: {}
hacker-stories/src/App.jsx: {}
hacker-stories/vite.config.js: {}
hacker-stories/vite.config.js: Using EditorConfig core...
hacker-stories/vite.config.js: {}
hacker-stories/src/main.jsx: {}
hacker-stories/src/main.jsx: Using EditorConfig core...
hacker-stories/src/index.css: {}
hacker-stories/src/index.css: {}
hacker-stories/src/index.css: {}
hacker-stories/src/main.jsx: {}
hacker-stories/src/index.css: {}
hacker-stories/vite.config.js: {}
hacker-stories/src/index.css: {}
hacker-stories/src/App.jsx: {}
hacker-stories/src/App.jsx: Using EditorConfig core...
hacker-stories/src/App.jsx: Using EditorConfig core...
hacker-stories/src/App.jsx: Using EditorConfig core...
hacker-stories/src/App.jsx: Using EditorConfig core...
hacker-stories/src/App.jsx: Using EditorConfig core...
hacker-stories/src/App.jsx: Using EditorConfig core...
hacker-stories/src/App.jsx: {}
hacker-stories/src/index.css: {}
hacker-stories/src/index.css: {}
hacker-stories/src/App.jsx: {}
hacker-stories/src/App.jsx: Using EditorConfig core...
hacker-stories/package.json: {}
hacker-stories/vite.config.js: {}
hacker-stories/vite.config.js: {}
hacker-stories/src/App.jsx: {}
hacker-stories/src/App.jsx: Using EditorConfig core...
hacker-stories/src/App.jsx: Using EditorConfig core...
hacker-stories/src/App.jsx: Using EditorConfig core...
hacker-stories/src/App.jsx: {}
hacker-stories/src/App.jsx: {}
hacker-stories/src/App.jsx: Using EditorConfig core...
hacker-stories/src/App.jsx: {}
hacker-stories/src/App.jsx: {}
hacker-stories/src/App.jsx: {}
hacker-stories/src/App.jsx: Using EditorConfig core...
hacker-stories/src/App.jsx: {}
hacker-stories/src/App.jsx: {}
hacker-stories/src/App.jsx: {}
hacker-stories/src/App.jsx: Using EditorConfig core...
hacker-stories/src/App.jsx: Using EditorConfig core...
hacker-stories/src/App.jsx: Using EditorConfig core...
hacker-stories/src/App.jsx: Using EditorConfig core...
hacker-stories/src/App.jsx: Using EditorConfig core...
hacker-stories/src/App.jsx: Using EditorConfig core...
hacker-stories/src/App.jsx: Using EditorConfig core...
hacker-stories/src/App.jsx: Using EditorConfig core...
hacker-stories/src/App.jsx: Using EditorConfig core...
hacker-stories/src/App.jsx: Using EditorConfig core...
hacker-stories/src/App.jsx: Using EditorConfig core...
hacker-stories/src/App.jsx: {}
hacker-stories/src/App.jsx: Using EditorConfig core...
hacker-stories/src/App.jsx: Using EditorConfig core...
hacker-stories/src/App.jsx: Using EditorConfig core...
hacker-stories/src/App.jsx: Using EditorConfig core...
hacker-stories/src/App.jsx: {}
hacker-stories/src/App.jsx: {}
hacker-stories/package.json: {}
hacker-stories/src/check.svg: {}
hacker-stories/src/check.svg: {}
hacker-stories/src/check.svg: {}
hacker-stories/src/check.svg: {}
hacker-stories/src/check.svg: {}
hacker-stories/src/check.svg: {}
hacker-stories/src/App.jsx: {}
hacker-stories/src/App.jsx: {}
hacker-stories/src/App.jsx: {}
hacker-stories/src/App.jsx: Using EditorConfig core...
hacker-stories/src/App.jsx: {}
hacker-stories/src/App.jsx: {}
hacker-stories/src/App.jsx: {}
hacker-stories/src/App.jsx: {}
hacker-stories/src/App.jsx: {}
hacker-stories/src/App.jsx: Using EditorConfig core...
hacker-stories/src/App.jsx: {}
hacker-stories/src/App.jsx: Using EditorConfig core...
hacker-stories/src/App.jsx: Using EditorConfig core...
hacker-stories/src/App.jsx: {}
hacker-stories/src/App.jsx: Using EditorConfig core...
hacker-stories/src/App.jsx: Using EditorConfig core...
hacker-stories/src/App.jsx: {}
hacker-stories/src/App.jsx: {}
hacker-stories/src/App.jsx: Using EditorConfig core...
hacker-stories/src/App.jsx: Using EditorConfig core...
hacker-stories/src/App.jsx: {}
hacker-stories/src/App.jsx: Using EditorConfig core...
hacker-stories/src/App.jsx: {}
hacker-stories/src/App.jsx: Using EditorConfig core...
hacker-stories/src/App.jsx: {}
hacker-stories/src/App.jsx: Using EditorConfig core...
hacker-stories/src/App.jsx: {}
hacker-stories/src/App.jsx: Using EditorConfig core...
hacker-stories/src/App.jsx: {}
hacker-stories/src/App.jsx: Using EditorConfig core...
hacker-stories/src/App.jsx: Using EditorConfig core...
hacker-stories/src/App.jsx: Using EditorConfig core...
hacker-stories/src/App.jsx: Using EditorConfig core...
hacker-stories/src/App.jsx: Using EditorConfig core...
hacker-stories/src/App.jsx: Using EditorConfig core...
hacker-stories/src/App.jsx: Using EditorConfig core...
hacker-stories/src/App.jsx: Using EditorConfig core...
