2024-11-15 04:22:19.308 [info] Extension host with pid 3043 started
2024-11-15 04:22:19.338 [info] Lock '/home/penurajeshitsd/.codeoss/data/User/workspaceStorage/65e53f53/vscode.lock': Lock acquired.
2024-11-15 04:22:19.764 [info] ExtensionService#_doActivateExtension vscode.typescript-language-features, startup: false, activationEvent: 'onLanguage:javascriptreact'
2024-11-15 04:22:19.766 [info] ExtensionService#_doActivateExtension vscode.emmet, startup: false, activationEvent: 'onLanguage'
2024-11-15 04:22:20.881 [info] ExtensionService#_doActivateExtension vscode.git-base, startup: true, activationEvent: '*', root cause: vscode.git
2024-11-15 04:22:20.901 [info] ExtensionService#_doActivateExtension vscode.npm, startup: true, activationEvent: 'workspaceContains:package.json'
2024-11-15 04:22:21.164 [info] ExtensionService#_doActivateExtension vscode.git, startup: true, activationEvent: '*'
2024-11-15 04:22:21.164 [info] ExtensionService#_doActivateExtension vscode.github, startup: true, activationEvent: '*'
2024-11-15 04:22:22.466 [info] ExtensionService#_doActivateExtension redhat.fabric8-analytics, startup: true, activationEvent: 'workspaceContains:**/package.json,**/pom.xml,**/go.mod,**/requirements.txt'
2024-11-15 04:22:23.732 [info] Eager extensions activated
2024-11-15 04:22:23.732 [info] ExtensionService#_doActivateExtension EditorConfig.EditorConfig, startup: false, activationEvent: 'onStartupFinished'
2024-11-15 04:22:23.749 [info] ExtensionService#_doActivateExtension google.cloud-shell, startup: false, activationEvent: 'onStartupFinished'
2024-11-15 04:22:23.750 [info] ExtensionService#_doActivateExtension googlecloudtools.cloudcode, startup: false, activationEvent: 'onStartupFinished'
2024-11-15 04:22:23.751 [info] ExtensionService#_doActivateExtension vscode.debug-auto-launch, startup: false, activationEvent: 'onStartupFinished'
2024-11-15 04:22:23.751 [info] ExtensionService#_doActivateExtension vscode.merge-conflict, startup: false, activationEvent: 'onStartupFinished'
2024-11-15 04:22:30.366 [info] ExtensionService#_doActivateExtension vscode.json-language-features, startup: false, activationEvent: 'onLanguage:jsonc'
2024-11-15 04:22:30.992 [info] ExtensionService#_doActivateExtension vscode.github-authentication, startup: false, activationEvent: 'onAuthenticationRequest:github'
2024-11-15 04:23:55.198 [info] ExtensionService#_doActivateExtension vscode.simple-browser, startup: false, activationEvent: 'onOpenExternalUri:https'
2024-11-15 07:40:19.884 [error] [vscode.typescript-language-features] provider FAILED
2024-11-15 07:40:19.904 [error] Error: <semantic> TypeScript Server Error (5.4.5)
Debug Failure. Token and statement should start at the same point. {"statementKind":"ReturnStatement","tokenKind":"CloseBraceToken","errorCode":7027,"start":692,"length":19}
Error: Debug Failure. Token and statement should start at the same point. {"statementKind":"ReturnStatement","tokenKind":"CloseBraceToken","errorCode":7027,"start":692,"length":19}
    at doChange27 (/google/devshell/editor/code-oss-for-cloud-shell/extensions/node_modules/typescript/lib/tsserver.js:155650:11)
    at /google/devshell/editor/code-oss-for-cloud-shell/extensions/node_modules/typescript/lib/tsserver.js:155633:79
    at _ChangeTracker.with (/google/devshell/editor/code-oss-for-cloud-shell/extensions/node_modules/typescript/lib/tsserver.js:170624:5)
    at Object.getCodeActions (/google/devshell/editor/code-oss-for-cloud-shell/extensions/node_modules/typescript/lib/tsserver.js:155633:62)
    at /google/devshell/editor/code-oss-for-cloud-shell/extensions/node_modules/typescript/lib/tsserver.js:148588:46
    at flatMap (/google/devshell/editor/code-oss-for-cloud-shell/extensions/node_modules/typescript/lib/tsserver.js:2609:17)
    at Object.getFixes (/google/devshell/editor/code-oss-for-cloud-shell/extensions/node_modules/typescript/lib/tsserver.js:148588:10)
    at /google/devshell/editor/code-oss-for-cloud-shell/extensions/node_modules/typescript/lib/tsserver.js:146859:33
    at flatMap (/google/devshell/editor/code-oss-for-cloud-shell/extensions/node_modules/typescript/lib/tsserver.js:2609:17)
    at Object.getCodeFixesAtPosition (/google/devshell/editor/code-oss-for-cloud-shell/extensions/node_modules/typescript/lib/tsserver.js:146857:12)
    at IpcIOSession.getCodeFixes (/google/devshell/editor/code-oss-for-cloud-shell/extensions/node_modules/typescript/lib/tsserver.js:187265:50)
    at getCodeFixes (/google/devshell/editor/code-oss-for-cloud-shell/extensions/node_modules/typescript/lib/tsserver.js:185371:43)
    at /google/devshell/editor/code-oss-for-cloud-shell/extensions/node_modules/typescript/lib/tsserver.js:187569:69
    at IpcIOSession.executeWithRequestId (/google/devshell/editor/code-oss-for-cloud-shell/extensions/node_modules/typescript/lib/tsserver.js:187561:14)
    at IpcIOSession.executeCommand (/google/devshell/editor/code-oss-for-cloud-shell/extensions/node_modules/typescript/lib/tsserver.js:187569:29)
    at IpcIOSession.onMessage (/google/devshell/editor/code-oss-for-cloud-shell/extensions/node_modules/typescript/lib/tsserver.js:187611:51)
    at process.<anonymous> (/google/devshell/editor/code-oss-for-cloud-shell/extensions/node_modules/typescript/lib/tsserver.js:189220:14)
    at process.emit (node:events:517:28)
    at emit (node:internal/child_process:944:14)
    at process.processTicksAndRejections (node:internal/process/task_queues:83:21)
    at Function.create (/google/devshell/editor/code-oss-for-cloud-shell/extensions/typescript-language-features/dist/extension.js:1:227906)
    at v.dispatchResponse (/google/devshell/editor/code-oss-for-cloud-shell/extensions/typescript-language-features/dist/extension.js:1:221876)
    at v.dispatchMessage (/google/devshell/editor/code-oss-for-cloud-shell/extensions/typescript-language-features/dist/extension.js:1:220720)
    at ChildProcess.<anonymous> (/google/devshell/editor/code-oss-for-cloud-shell/extensions/typescript-language-features/dist/extension.js:1:220213)
    at ChildProcess.emit (node:events:517:28)
    at emit (node:internal/child_process:944:14)
    at processTicksAndRejections (node:internal/process/task_queues:83:21)
2024-11-15 10:41:17.771 [info] ExtensionService#_doActivateExtension vscode.css-language-features, startup: false, activationEvent: 'onLanguage:css'
2024-11-15 11:36:47.734 [info] Extension host terminating: renderer disconnected for too long (2)
2024-11-15 11:36:47.741 [info] Lock '/home/penurajeshitsd/.codeoss/data/User/workspaceStorage/65e53f53/vscode.lock': Marking the lockfile as scheduled to be released in 6000 ms.
2024-11-15 11:36:47.986 [error] Canceled: Canceled
    at new L (/google/devshell/editor/code-oss-for-cloud-shell/out/vs/workbench/api/node/extensionHostProcess.js:143:47131)
    at c.U (/google/devshell/editor/code-oss-for-cloud-shell/out/vs/workbench/api/node/extensionHostProcess.js:150:5542)
    at Proxy.F.<computed>.z.charCodeAt.F.<computed> (/google/devshell/editor/code-oss-for-cloud-shell/out/vs/workbench/api/node/extensionHostProcess.js:150:2993)
    at r.g (/google/devshell/editor/code-oss-for-cloud-shell/out/vs/workbench/api/node/extensionHostProcess.js:153:188926)
    at r.executeCommand (/google/devshell/editor/code-oss-for-cloud-shell/out/vs/workbench/api/node/extensionHostProcess.js:153:188364)
    at k.registerCommand.description (/google/devshell/editor/code-oss-for-cloud-shell/out/vs/workbench/api/node/extensionHostProcess.js:153:187688)
    at r.h (/google/devshell/editor/code-oss-for-cloud-shell/out/vs/workbench/api/node/extensionHostProcess.js:153:189465)
    at r.g (/google/devshell/editor/code-oss-for-cloud-shell/out/vs/workbench/api/node/extensionHostProcess.js:153:188457)
    at r.executeCommand (/google/devshell/editor/code-oss-for-cloud-shell/out/vs/workbench/api/node/extensionHostProcess.js:153:188364)
    at Object.executeCommand (/google/devshell/editor/code-oss-for-cloud-shell/out/vs/workbench/api/node/extensionHostProcess.js:163:22673)
    at a.O [as value] (/google/devshell/editor/code-oss-for-cloud-shell/extensions/git/dist/main.js:2:167800)
    at o.y (/google/devshell/editor/code-oss-for-cloud-shell/out/vs/workbench/api/node/extensionHostProcess.js:82:660)
    at o.z (/google/devshell/editor/code-oss-for-cloud-shell/out/vs/workbench/api/node/extensionHostProcess.js:82:730)
    at o.fire (/google/devshell/editor/code-oss-for-cloud-shell/out/vs/workbench/api/node/extensionHostProcess.js:82:946)
    at Object.p [as dispose] (/google/devshell/editor/code-oss-for-cloud-shell/extensions/git/dist/main.js:2:186884)
    at /google/devshell/editor/code-oss-for-cloud-shell/extensions/git/dist/main.js:2:192922
    at Array.forEach (<anonymous>)
    at f.dispose (/google/devshell/editor/code-oss-for-cloud-shell/extensions/git/dist/main.js:2:192908)
    at h.<anonymous> (/google/devshell/editor/code-oss-for-cloud-shell/out/vs/workbench/api/node/extensionHostProcess.js:151:3955)
    at h.dispose (/google/devshell/editor/code-oss-for-cloud-shell/out/vs/workbench/api/node/extensionHostProcess.js:151:4052)
    at h.<anonymous> (/google/devshell/editor/code-oss-for-cloud-shell/extensions/git/dist/main.js:2:170057)
    at h.dispose (/google/devshell/editor/code-oss-for-cloud-shell/out/vs/workbench/api/node/extensionHostProcess.js:151:4052)
    at a (/google/devshell/editor/code-oss-for-cloud-shell/out/vs/workbench/api/node/extensionHostProcess.js:30:744)
    at f.eb (/google/devshell/editor/code-oss-for-cloud-shell/out/vs/workbench/api/node/extensionHostProcess.js:159:9975)
    at /google/devshell/editor/code-oss-for-cloud-shell/out/vs/workbench/api/node/extensionHostProcess.js:159:7824
    at Array.map (<anonymous>)
    at f.$ (/google/devshell/editor/code-oss-for-cloud-shell/out/vs/workbench/api/node/extensionHostProcess.js:159:7811)
    at f.terminate (/google/devshell/editor/code-oss-for-cloud-shell/out/vs/workbench/api/node/extensionHostProcess.js:159:8085)
    at a.terminate (/google/devshell/editor/code-oss-for-cloud-shell/out/vs/workbench/api/node/extensionHostProcess.js:163:1513)
    at t (/google/devshell/editor/code-oss-for-cloud-shell/out/vs/workbench/api/node/extensionHostProcess.js:176:9922)
    at T.a (/google/devshell/editor/code-oss-for-cloud-shell/out/vs/workbench/api/node/extensionHostProcess.js:176:6715)
    at T.h (/google/devshell/editor/code-oss-for-cloud-shell/out/vs/workbench/api/node/extensionHostProcess.js:99:20709)
    at listOnTimeout (node:internal/timers:569:17)
    at processTimers (node:internal/timers:512:7) setContext undefined
2024-11-15 11:36:48.003 [error] Canceled: Canceled
    at new L (/google/devshell/editor/code-oss-for-cloud-shell/out/vs/workbench/api/node/extensionHostProcess.js:143:47131)
    at c.U (/google/devshell/editor/code-oss-for-cloud-shell/out/vs/workbench/api/node/extensionHostProcess.js:150:5542)
    at Proxy.F.<computed>.z.charCodeAt.F.<computed> (/google/devshell/editor/code-oss-for-cloud-shell/out/vs/workbench/api/node/extensionHostProcess.js:150:2993)
    at r.g (/google/devshell/editor/code-oss-for-cloud-shell/out/vs/workbench/api/node/extensionHostProcess.js:153:188926)
    at r.executeCommand (/google/devshell/editor/code-oss-for-cloud-shell/out/vs/workbench/api/node/extensionHostProcess.js:153:188364)
    at k.registerCommand.description (/google/devshell/editor/code-oss-for-cloud-shell/out/vs/workbench/api/node/extensionHostProcess.js:153:187688)
    at r.h (/google/devshell/editor/code-oss-for-cloud-shell/out/vs/workbench/api/node/extensionHostProcess.js:153:189465)
    at r.g (/google/devshell/editor/code-oss-for-cloud-shell/out/vs/workbench/api/node/extensionHostProcess.js:153:188457)
    at r.executeCommand (/google/devshell/editor/code-oss-for-cloud-shell/out/vs/workbench/api/node/extensionHostProcess.js:153:188364)
    at Object.executeCommand (/google/devshell/editor/code-oss-for-cloud-shell/out/vs/workbench/api/node/extensionHostProcess.js:163:22673)
    at a.VscodeDevShareProvider.set hasGitHubRepositories [as hasGitHubRepositories] (/google/devshell/editor/code-oss-for-cloud-shell/extensions/github/dist/extension.js:2:25681)
    at /google/devshell/editor/code-oss-for-cloud-shell/extensions/github/dist/extension.js:2:26640
    at a.value (/google/devshell/editor/code-oss-for-cloud-shell/extensions/git/dist/main.js:2:273373)
    at o.y (/google/devshell/editor/code-oss-for-cloud-shell/out/vs/workbench/api/node/extensionHostProcess.js:82:660)
    at o.z (/google/devshell/editor/code-oss-for-cloud-shell/out/vs/workbench/api/node/extensionHostProcess.js:82:730)
    at o.fire (/google/devshell/editor/code-oss-for-cloud-shell/out/vs/workbench/api/node/extensionHostProcess.js:82:946)
    at Object.p [as dispose] (/google/devshell/editor/code-oss-for-cloud-shell/extensions/git/dist/main.js:2:186884)
    at /google/devshell/editor/code-oss-for-cloud-shell/extensions/git/dist/main.js:2:192922
    at Array.forEach (<anonymous>)
    at f.dispose (/google/devshell/editor/code-oss-for-cloud-shell/extensions/git/dist/main.js:2:192908)
    at h.<anonymous> (/google/devshell/editor/code-oss-for-cloud-shell/out/vs/workbench/api/node/extensionHostProcess.js:151:3955)
    at h.dispose (/google/devshell/editor/code-oss-for-cloud-shell/out/vs/workbench/api/node/extensionHostProcess.js:151:4052)
    at h.<anonymous> (/google/devshell/editor/code-oss-for-cloud-shell/extensions/git/dist/main.js:2:170057)
    at h.dispose (/google/devshell/editor/code-oss-for-cloud-shell/out/vs/workbench/api/node/extensionHostProcess.js:151:4052)
    at a (/google/devshell/editor/code-oss-for-cloud-shell/out/vs/workbench/api/node/extensionHostProcess.js:30:744)
    at f.eb (/google/devshell/editor/code-oss-for-cloud-shell/out/vs/workbench/api/node/extensionHostProcess.js:159:9975)
    at /google/devshell/editor/code-oss-for-cloud-shell/out/vs/workbench/api/node/extensionHostProcess.js:159:7824
    at Array.map (<anonymous>)
    at f.$ (/google/devshell/editor/code-oss-for-cloud-shell/out/vs/workbench/api/node/extensionHostProcess.js:159:7811)
    at f.terminate (/google/devshell/editor/code-oss-for-cloud-shell/out/vs/workbench/api/node/extensionHostProcess.js:159:8085)
    at a.terminate (/google/devshell/editor/code-oss-for-cloud-shell/out/vs/workbench/api/node/extensionHostProcess.js:163:1513)
    at t (/google/devshell/editor/code-oss-for-cloud-shell/out/vs/workbench/api/node/extensionHostProcess.js:176:9922)
    at T.a (/google/devshell/editor/code-oss-for-cloud-shell/out/vs/workbench/api/node/extensionHostProcess.js:176:6715)
    at T.h (/google/devshell/editor/code-oss-for-cloud-shell/out/vs/workbench/api/node/extensionHostProcess.js:99:20709)
    at listOnTimeout (node:internal/timers:569:17)
    at processTimers (node:internal/timers:512:7) setContext undefined
2024-11-15 11:36:48.107 [info] Extension host with pid 3043 exiting with code 0
