0 verbose cli /usr/local/nvm/versions/node/v22.11.0/bin/node /usr/local/nvm/versions/node/v22.11.0/bin/npm
1 info using npm@10.9.0
2 info using node@v22.11.0
3 silly config load:file:/usr/local/nvm/versions/node/v22.11.0/lib/node_modules/npm/npmrc
4 silly config load:file:/home/penurajeshitsd/react_18/hacker-stories/.npmrc
5 silly config load:file:/home/penurajeshitsd/.npmrc
6 silly config load:file:/usr/local/nvm/versions/node/v22.11.0/etc/npmrc
7 verbose title npm install vite-plugin-svgr
8 verbose argv "install" "vite-plugin-svgr" "--save-dev"
9 verbose logfile logs-max:10 dir:/home/penurajeshitsd/.npm/_logs/2024-11-15T11_38_58_124Z-
10 verbose logfile /home/penurajeshitsd/.npm/_logs/2024-11-15T11_38_58_124Z-debug-0.log
11 silly logfile start cleaning logs, removing 1 files
12 silly logfile done cleaning log files
13 silly packumentCache heap:2197815296 maxSize:549453824 maxEntrySize:274726912
14 silly idealTree buildDeps
15 silly fetch manifest vite-plugin-svgr@*
16 silly packumentCache full:https://registry.npmjs.org/vite-plugin-svgr cache-miss
17 http fetch GET 200 https://registry.npmjs.org/vite-plugin-svgr 932ms (cache miss)
18 silly packumentCache full:https://registry.npmjs.org/vite-plugin-svgr set size:undefined disposed:false
19 silly fetch manifest vite@^5.4.10
20 silly packumentCache full:https://registry.npmjs.org/vite cache-miss
21 http fetch GET 200 https://registry.npmjs.org/vite 1311ms (cache miss)
22 silly packumentCache full:https://registry.npmjs.org/vite set size:undefined disposed:false
23 silly fetch manifest @types/node@^18.0.0 || >=20.0.0
24 silly packumentCache full:https://registry.npmjs.org/@types%2fnode cache-miss
25 http fetch GET 200 https://registry.npmjs.org/@types%2fnode 311ms (cache revalidated)
26 silly packumentCache full:https://registry.npmjs.org/@types%2fnode set size:9376506 disposed:false
27 silly fetch manifest less@*
28 silly packumentCache full:https://registry.npmjs.org/less cache-miss
29 http fetch GET 200 https://registry.npmjs.org/less 63ms (cache miss)
30 silly packumentCache full:https://registry.npmjs.org/less set size:undefined disposed:false
31 silly fetch manifest lightningcss@^1.21.0
32 silly packumentCache full:https://registry.npmjs.org/lightningcss cache-miss
33 http fetch GET 200 https://registry.npmjs.org/lightningcss 61ms (cache miss)
34 silly packumentCache full:https://registry.npmjs.org/lightningcss set size:undefined disposed:false
35 silly fetch manifest sass@*
36 silly packumentCache full:https://registry.npmjs.org/sass cache-miss
37 http fetch GET 200 https://registry.npmjs.org/sass 66ms (cache miss)
38 silly packumentCache full:https://registry.npmjs.org/sass set size:undefined disposed:false
39 silly fetch manifest sass-embedded@*
40 silly packumentCache full:https://registry.npmjs.org/sass-embedded cache-miss
41 http fetch GET 200 https://registry.npmjs.org/sass-embedded 69ms (cache miss)
42 silly packumentCache full:https://registry.npmjs.org/sass-embedded set size:undefined disposed:false
43 silly fetch manifest stylus@*
44 silly packumentCache full:https://registry.npmjs.org/stylus cache-miss
45 http fetch GET 200 https://registry.npmjs.org/stylus 54ms (cache miss)
46 silly packumentCache full:https://registry.npmjs.org/stylus set size:undefined disposed:false
47 silly fetch manifest sugarss@*
48 silly packumentCache full:https://registry.npmjs.org/sugarss cache-miss
49 http fetch GET 200 https://registry.npmjs.org/sugarss 44ms (cache miss)
50 silly packumentCache full:https://registry.npmjs.org/sugarss set size:undefined disposed:false
51 silly fetch manifest postcss@^8.3.3
52 silly packumentCache full:https://registry.npmjs.org/postcss cache-miss
53 http fetch GET 200 https://registry.npmjs.org/postcss 6ms (cache hit)
54 silly packumentCache full:https://registry.npmjs.org/postcss set size:675229 disposed:false
55 silly fetch manifest terser@^5.4.0
56 silly packumentCache full:https://registry.npmjs.org/terser cache-miss
57 http fetch GET 200 https://registry.npmjs.org/terser 80ms (cache miss)
58 silly packumentCache full:https://registry.npmjs.org/terser set size:undefined disposed:false
59 silly placeDep ROOT vite-plugin-svgr@4.3.0 OK for: hacker-stories@0.0.0 want: *
60 silly fetch manifest @rollup/pluginutils@^5.1.3
61 silly packumentCache full:https://registry.npmjs.org/@rollup%2fpluginutils cache-miss
62 http fetch GET 200 https://registry.npmjs.org/@rollup%2fpluginutils 74ms (cache miss)
63 silly packumentCache full:https://registry.npmjs.org/@rollup%2fpluginutils set size:undefined disposed:false
64 silly fetch manifest @svgr/core@^8.1.0
65 silly packumentCache full:https://registry.npmjs.org/@svgr%2fcore cache-miss
66 http fetch GET 200 https://registry.npmjs.org/@svgr%2fcore 75ms (cache miss)
67 silly packumentCache full:https://registry.npmjs.org/@svgr%2fcore set size:undefined disposed:false
68 silly fetch manifest @svgr/plugin-jsx@^8.1.0
69 silly packumentCache full:https://registry.npmjs.org/@svgr%2fplugin-jsx cache-miss
70 http fetch GET 200 https://registry.npmjs.org/@svgr%2fplugin-jsx 104ms (cache miss)
71 silly packumentCache full:https://registry.npmjs.org/@svgr%2fplugin-jsx set size:undefined disposed:false
72 silly fetch manifest rollup@^1.20.0||^2.0.0||^3.0.0||^4.0.0
73 silly packumentCache full:https://registry.npmjs.org/rollup cache-miss
74 http fetch GET 200 https://registry.npmjs.org/rollup 230ms (cache miss)
75 silly packumentCache full:https://registry.npmjs.org/rollup set size:undefined disposed:false
76 silly placeDep node_modules/vite-plugin-svgr @rollup/pluginutils@5.1.3 OK for: vite-plugin-svgr@4.3.0 want: ^5.1.3
77 silly placeDep ROOT @svgr/core@8.1.0 OK for: vite-plugin-svgr@4.3.0 want: ^8.1.0
78 silly placeDep ROOT @svgr/plugin-jsx@8.1.0 OK for: vite-plugin-svgr@4.3.0 want: ^8.1.0
79 silly fetch manifest picomatch@^4.0.2
80 silly packumentCache full:https://registry.npmjs.org/picomatch cache-miss
81 http fetch GET 200 https://registry.npmjs.org/picomatch 63ms (cache miss)
82 silly packumentCache full:https://registry.npmjs.org/picomatch set size:undefined disposed:false
83 silly fetch manifest @svgr/babel-preset@8.1.0
84 silly packumentCache full:https://registry.npmjs.org/@svgr%2fbabel-preset cache-miss
85 http fetch GET 200 https://registry.npmjs.org/@svgr%2fbabel-preset 80ms (cache miss)
86 silly packumentCache full:https://registry.npmjs.org/@svgr%2fbabel-preset set size:undefined disposed:false
87 silly fetch manifest camelcase@^6.2.0
88 silly packumentCache full:https://registry.npmjs.org/camelcase cache-miss
89 http fetch GET 200 https://registry.npmjs.org/camelcase 44ms (cache miss)
90 silly packumentCache full:https://registry.npmjs.org/camelcase set size:undefined disposed:false
91 silly fetch manifest cosmiconfig@^8.1.3
92 silly packumentCache full:https://registry.npmjs.org/cosmiconfig cache-miss
93 http fetch GET 200 https://registry.npmjs.org/cosmiconfig 91ms (cache miss)
94 silly packumentCache full:https://registry.npmjs.org/cosmiconfig set size:undefined disposed:false
95 silly fetch manifest snake-case@^3.0.4
96 silly packumentCache full:https://registry.npmjs.org/snake-case cache-miss
97 http fetch GET 200 https://registry.npmjs.org/snake-case 52ms (cache miss)
98 silly packumentCache full:https://registry.npmjs.org/snake-case set size:undefined disposed:false
99 silly fetch manifest @svgr/hast-util-to-babel-ast@8.0.0
100 silly packumentCache full:https://registry.npmjs.org/@svgr%2fhast-util-to-babel-ast cache-miss
101 http fetch GET 200 https://registry.npmjs.org/@svgr%2fhast-util-to-babel-ast 96ms (cache miss)
102 silly packumentCache full:https://registry.npmjs.org/@svgr%2fhast-util-to-babel-ast set size:undefined disposed:false
103 silly fetch manifest svg-parser@^2.0.4
104 silly packumentCache full:https://registry.npmjs.org/svg-parser cache-miss
105 http fetch GET 200 https://registry.npmjs.org/svg-parser 56ms (cache miss)
106 silly packumentCache full:https://registry.npmjs.org/svg-parser set size:undefined disposed:false
107 silly fetch manifest @babel/core@^7.21.3
108 silly packumentCache full:https://registry.npmjs.org/@babel%2fcore cache-miss
109 http fetch GET 200 https://registry.npmjs.org/@babel%2fcore 71ms (cache miss)
110 silly packumentCache full:https://registry.npmjs.org/@babel%2fcore set size:undefined disposed:false
111 silly fetch manifest typescript@>=4.9.5
112 silly packumentCache full:https://registry.npmjs.org/typescript cache-miss
113 http fetch GET 200 https://registry.npmjs.org/typescript 329ms (cache miss)
114 silly packumentCache full:https://registry.npmjs.org/typescript set size:undefined disposed:false
115 silly placeDep ROOT @svgr/babel-preset@8.1.0 OK for: @svgr/core@8.1.0 want: 8.1.0
116 silly placeDep ROOT camelcase@6.3.0 OK for: @svgr/core@8.1.0 want: ^6.2.0
117 silly placeDep ROOT cosmiconfig@8.3.6 OK for: @svgr/core@8.1.0 want: ^8.1.3
118 silly placeDep ROOT snake-case@3.0.4 OK for: @svgr/core@8.1.0 want: ^3.0.4
119 silly fetch manifest @svgr/babel-plugin-add-jsx-attribute@8.0.0
120 silly packumentCache full:https://registry.npmjs.org/@svgr%2fbabel-plugin-add-jsx-attribute cache-miss
121 http fetch GET 200 https://registry.npmjs.org/@svgr%2fbabel-plugin-add-jsx-attribute 65ms (cache miss)
122 silly packumentCache full:https://registry.npmjs.org/@svgr%2fbabel-plugin-add-jsx-attribute set size:undefined disposed:false
123 silly fetch manifest @svgr/babel-plugin-remove-jsx-attribute@8.0.0
124 silly packumentCache full:https://registry.npmjs.org/@svgr%2fbabel-plugin-remove-jsx-attribute cache-miss
125 http fetch GET 200 https://registry.npmjs.org/@svgr%2fbabel-plugin-remove-jsx-attribute 276ms (cache miss)
126 silly packumentCache full:https://registry.npmjs.org/@svgr%2fbabel-plugin-remove-jsx-attribute set size:undefined disposed:false
127 silly fetch manifest @svgr/babel-plugin-remove-jsx-empty-expression@8.0.0
128 silly packumentCache full:https://registry.npmjs.org/@svgr%2fbabel-plugin-remove-jsx-empty-expression cache-miss
129 http fetch GET 200 https://registry.npmjs.org/@svgr%2fbabel-plugin-remove-jsx-empty-expression 247ms (cache miss)
130 silly packumentCache full:https://registry.npmjs.org/@svgr%2fbabel-plugin-remove-jsx-empty-expression set size:undefined disposed:false
131 silly fetch manifest @svgr/babel-plugin-replace-jsx-attribute-value@8.0.0
132 silly packumentCache full:https://registry.npmjs.org/@svgr%2fbabel-plugin-replace-jsx-attribute-value cache-miss
133 http fetch GET 200 https://registry.npmjs.org/@svgr%2fbabel-plugin-replace-jsx-attribute-value 253ms (cache miss)
134 silly packumentCache full:https://registry.npmjs.org/@svgr%2fbabel-plugin-replace-jsx-attribute-value set size:undefined disposed:false
135 silly fetch manifest @svgr/babel-plugin-svg-dynamic-title@8.0.0
136 silly packumentCache full:https://registry.npmjs.org/@svgr%2fbabel-plugin-svg-dynamic-title cache-miss
137 http fetch GET 200 https://registry.npmjs.org/@svgr%2fbabel-plugin-svg-dynamic-title 237ms (cache miss)
138 silly packumentCache full:https://registry.npmjs.org/@svgr%2fbabel-plugin-svg-dynamic-title set size:undefined disposed:false
139 silly fetch manifest @svgr/babel-plugin-svg-em-dimensions@8.0.0
140 silly packumentCache full:https://registry.npmjs.org/@svgr%2fbabel-plugin-svg-em-dimensions cache-miss
141 http fetch GET 200 https://registry.npmjs.org/@svgr%2fbabel-plugin-svg-em-dimensions 249ms (cache miss)
142 silly packumentCache full:https://registry.npmjs.org/@svgr%2fbabel-plugin-svg-em-dimensions set size:undefined disposed:false
143 silly fetch manifest @svgr/babel-plugin-transform-react-native-svg@8.1.0
144 silly packumentCache full:https://registry.npmjs.org/@svgr%2fbabel-plugin-transform-react-native-svg cache-miss
145 http fetch GET 200 https://registry.npmjs.org/@svgr%2fbabel-plugin-transform-react-native-svg 246ms (cache miss)
146 silly packumentCache full:https://registry.npmjs.org/@svgr%2fbabel-plugin-transform-react-native-svg set size:undefined disposed:false
147 silly fetch manifest @svgr/babel-plugin-transform-svg-component@8.0.0
148 silly packumentCache full:https://registry.npmjs.org/@svgr%2fbabel-plugin-transform-svg-component cache-miss
149 http fetch GET 200 https://registry.npmjs.org/@svgr%2fbabel-plugin-transform-svg-component 72ms (cache miss)
150 silly packumentCache full:https://registry.npmjs.org/@svgr%2fbabel-plugin-transform-svg-component set size:undefined disposed:false
151 silly fetch manifest parse-json@^5.2.0
152 silly packumentCache full:https://registry.npmjs.org/parse-json cache-miss
153 http fetch GET 200 https://registry.npmjs.org/parse-json 44ms (cache miss)
154 silly packumentCache full:https://registry.npmjs.org/parse-json set size:undefined disposed:false
155 silly fetch manifest path-type@^4.0.0
156 silly packumentCache full:https://registry.npmjs.org/path-type cache-miss
157 http fetch GET 200 https://registry.npmjs.org/path-type 38ms (cache miss)
158 silly packumentCache full:https://registry.npmjs.org/path-type set size:undefined disposed:false
159 silly fetch manifest dot-case@^3.0.4
160 silly packumentCache full:https://registry.npmjs.org/dot-case cache-miss
161 http fetch GET 200 https://registry.npmjs.org/dot-case 39ms (cache miss)
162 silly packumentCache full:https://registry.npmjs.org/dot-case set size:undefined disposed:false
163 silly fetch manifest @babel/core@^7.0.0-0
164 silly packumentCache full:https://registry.npmjs.org/@babel%2fcore cache-miss
165 http fetch GET 200 https://registry.npmjs.org/@babel%2fcore 5ms (cache hit)
166 silly packumentCache full:https://registry.npmjs.org/@babel%2fcore set size:672875 disposed:false
167 silly placeDep ROOT @svgr/babel-plugin-add-jsx-attribute@8.0.0 OK for: @svgr/babel-preset@8.1.0 want: 8.0.0
168 silly placeDep ROOT @svgr/babel-plugin-remove-jsx-attribute@8.0.0 OK for: @svgr/babel-preset@8.1.0 want: 8.0.0
169 silly placeDep ROOT @svgr/babel-plugin-remove-jsx-empty-expression@8.0.0 OK for: @svgr/babel-preset@8.1.0 want: 8.0.0
170 silly placeDep ROOT @svgr/babel-plugin-replace-jsx-attribute-value@8.0.0 OK for: @svgr/babel-preset@8.1.0 want: 8.0.0
171 silly placeDep ROOT @svgr/babel-plugin-svg-dynamic-title@8.0.0 OK for: @svgr/babel-preset@8.1.0 want: 8.0.0
172 silly placeDep ROOT @svgr/babel-plugin-svg-em-dimensions@8.0.0 OK for: @svgr/babel-preset@8.1.0 want: 8.0.0
173 silly placeDep ROOT @svgr/babel-plugin-transform-react-native-svg@8.1.0 OK for: @svgr/babel-preset@8.1.0 want: 8.1.0
174 silly placeDep ROOT @svgr/babel-plugin-transform-svg-component@8.0.0 OK for: @svgr/babel-preset@8.1.0 want: 8.0.0
175 silly placeDep ROOT @svgr/hast-util-to-babel-ast@8.0.0 OK for: @svgr/plugin-jsx@8.1.0 want: 8.0.0
176 silly placeDep ROOT svg-parser@2.0.4 OK for: @svgr/plugin-jsx@8.1.0 want: ^2.0.4
177 silly fetch manifest entities@^4.4.0
178 silly packumentCache full:https://registry.npmjs.org/entities cache-miss
179 http fetch GET 200 https://registry.npmjs.org/entities 35ms (cache miss)
180 silly packumentCache full:https://registry.npmjs.org/entities set size:undefined disposed:false
181 silly placeDep ROOT entities@4.5.0 OK for: @svgr/hast-util-to-babel-ast@8.0.0 want: ^4.4.0
182 silly placeDep ROOT parse-json@5.2.0 OK for: cosmiconfig@8.3.6 want: ^5.2.0
183 silly placeDep ROOT path-type@4.0.0 OK for: cosmiconfig@8.3.6 want: ^4.0.0
184 silly fetch manifest error-ex@^1.3.1
185 silly packumentCache full:https://registry.npmjs.org/error-ex cache-miss
186 http fetch GET 200 https://registry.npmjs.org/error-ex 54ms (cache miss)
187 silly packumentCache full:https://registry.npmjs.org/error-ex set size:undefined disposed:false
188 silly fetch manifest json-parse-even-better-errors@^2.3.0
189 silly packumentCache full:https://registry.npmjs.org/json-parse-even-better-errors cache-miss
190 http fetch GET 200 https://registry.npmjs.org/json-parse-even-better-errors 38ms (cache miss)
191 silly packumentCache full:https://registry.npmjs.org/json-parse-even-better-errors set size:undefined disposed:false
192 silly fetch manifest lines-and-columns@^1.1.6
193 silly packumentCache full:https://registry.npmjs.org/lines-and-columns cache-miss
194 http fetch GET 200 https://registry.npmjs.org/lines-and-columns 36ms (cache miss)
195 silly packumentCache full:https://registry.npmjs.org/lines-and-columns set size:undefined disposed:false
196 silly placeDep ROOT error-ex@1.3.2 OK for: parse-json@5.2.0 want: ^1.3.1
197 silly placeDep ROOT json-parse-even-better-errors@2.3.1 OK for: parse-json@5.2.0 want: ^2.3.0
198 silly placeDep ROOT lines-and-columns@1.2.4 OK for: parse-json@5.2.0 want: ^1.1.6
199 silly fetch manifest is-arrayish@^0.2.1
200 silly packumentCache full:https://registry.npmjs.org/is-arrayish cache-miss
201 http fetch GET 200 https://registry.npmjs.org/is-arrayish 33ms (cache miss)
202 silly packumentCache full:https://registry.npmjs.org/is-arrayish set size:undefined disposed:false
203 silly placeDep ROOT is-arrayish@0.2.1 OK for: error-ex@1.3.2 want: ^0.2.1
204 silly placeDep ROOT dot-case@3.0.4 OK for: snake-case@3.0.4 want: ^3.0.4
205 silly fetch manifest no-case@^3.0.4
206 silly packumentCache full:https://registry.npmjs.org/no-case cache-miss
207 http fetch GET 200 https://registry.npmjs.org/no-case 40ms (cache miss)
208 silly packumentCache full:https://registry.npmjs.org/no-case set size:undefined disposed:false
209 silly placeDep ROOT no-case@3.0.4 OK for: dot-case@3.0.4 want: ^3.0.4
210 silly fetch manifest lower-case@^2.0.2
211 silly packumentCache full:https://registry.npmjs.org/lower-case cache-miss
212 http fetch GET 200 https://registry.npmjs.org/lower-case 38ms (cache miss)
213 silly packumentCache full:https://registry.npmjs.org/lower-case set size:undefined disposed:false
214 silly placeDep ROOT lower-case@2.0.2 OK for: no-case@3.0.4 want: ^2.0.2
215 silly placeDep node_modules/vite-plugin-svgr picomatch@4.0.2 OK for: @rollup/pluginutils@5.1.3 want: ^4.0.2
216 silly reify moves {}
217 silly audit bulk request {
217 silly audit   '@ampproject/remapping': [ '2.3.0' ],
217 silly audit   '@babel/code-frame': [ '7.26.2' ],
217 silly audit   '@babel/compat-data': [ '7.26.2' ],
217 silly audit   '@babel/core': [ '7.26.0' ],
217 silly audit   '@babel/generator': [ '7.26.2' ],
217 silly audit   '@babel/helper-compilation-targets': [ '7.25.9' ],
217 silly audit   '@babel/helper-module-imports': [ '7.25.9' ],
217 silly audit   '@babel/helper-module-transforms': [ '7.26.0' ],
217 silly audit   '@babel/helper-plugin-utils': [ '7.25.9' ],
217 silly audit   '@babel/helper-string-parser': [ '7.25.9' ],
217 silly audit   '@babel/helper-validator-identifier': [ '7.25.9' ],
217 silly audit   '@babel/helper-validator-option': [ '7.25.9' ],
217 silly audit   '@babel/helpers': [ '7.26.0' ],
217 silly audit   '@babel/parser': [ '7.26.2' ],
217 silly audit   '@babel/plugin-transform-react-jsx-self': [ '7.25.9' ],
217 silly audit   '@babel/plugin-transform-react-jsx-source': [ '7.25.9' ],
217 silly audit   '@babel/template': [ '7.25.9' ],
217 silly audit   '@babel/traverse': [ '7.25.9' ],
217 silly audit   globals: [ '11.12.0', '14.0.0', '15.12.0' ],
217 silly audit   '@babel/types': [ '7.26.0' ],
217 silly audit   '@emotion/is-prop-valid': [ '1.2.2' ],
217 silly audit   '@emotion/memoize': [ '0.8.1' ],
217 silly audit   '@emotion/unitless': [ '0.8.1' ],
217 silly audit   '@esbuild/aix-ppc64': [ '0.21.5' ],
217 silly audit   '@esbuild/android-arm': [ '0.21.5' ],
217 silly audit   '@esbuild/android-arm64': [ '0.21.5' ],
217 silly audit   '@esbuild/android-x64': [ '0.21.5' ],
217 silly audit   '@esbuild/darwin-arm64': [ '0.21.5' ],
217 silly audit   '@esbuild/darwin-x64': [ '0.21.5' ],
217 silly audit   '@esbuild/freebsd-arm64': [ '0.21.5' ],
217 silly audit   '@esbuild/freebsd-x64': [ '0.21.5' ],
217 silly audit   '@esbuild/linux-arm': [ '0.21.5' ],
217 silly audit   '@esbuild/linux-arm64': [ '0.21.5' ],
217 silly audit   '@esbuild/linux-ia32': [ '0.21.5' ],
217 silly audit   '@esbuild/linux-loong64': [ '0.21.5' ],
217 silly audit   '@esbuild/linux-mips64el': [ '0.21.5' ],
217 silly audit   '@esbuild/linux-ppc64': [ '0.21.5' ],
217 silly audit   '@esbuild/linux-riscv64': [ '0.21.5' ],
217 silly audit   '@esbuild/linux-s390x': [ '0.21.5' ],
217 silly audit   '@esbuild/linux-x64': [ '0.21.5' ],
217 silly audit   '@esbuild/netbsd-x64': [ '0.21.5' ],
217 silly audit   '@esbuild/openbsd-x64': [ '0.21.5' ],
217 silly audit   '@esbuild/sunos-x64': [ '0.21.5' ],
217 silly audit   '@esbuild/win32-arm64': [ '0.21.5' ],
217 silly audit   '@esbuild/win32-ia32': [ '0.21.5' ],
217 silly audit   '@esbuild/win32-x64': [ '0.21.5' ],
217 silly audit   '@eslint-community/eslint-utils': [ '4.4.1' ],
217 silly audit   'eslint-visitor-keys': [ '3.4.3', '4.2.0' ],
217 silly audit   '@eslint-community/regexpp': [ '4.12.1' ],
217 silly audit   '@eslint/config-array': [ '0.18.0' ],
217 silly audit   '@eslint/core': [ '0.7.0' ],
217 silly audit   '@eslint/eslintrc': [ '3.1.0' ],
217 silly audit   '@eslint/js': [ '9.14.0' ],
217 silly audit   '@eslint/object-schema': [ '2.1.4' ],
217 silly audit   '@eslint/plugin-kit': [ '0.2.2' ],
217 silly audit   '@humanfs/core': [ '0.19.1' ],
217 silly audit   '@humanfs/node': [ '0.16.6' ],
217 silly audit   '@humanwhocodes/retry': [ '0.3.1', '0.4.1' ],
217 silly audit   '@humanwhocodes/module-importer': [ '1.0.1' ],
217 silly audit   '@jridgewell/gen-mapping': [ '0.3.5' ],
217 silly audit   '@jridgewell/resolve-uri': [ '3.1.2' ],
217 silly audit   '@jridgewell/set-array': [ '1.2.1' ],
217 silly audit   '@jridgewell/sourcemap-codec': [ '1.5.0' ],
217 silly audit   '@jridgewell/trace-mapping': [ '0.3.25' ],
217 silly audit   '@rollup/pluginutils': [ '4.2.1', '5.1.3' ],
217 silly audit   '@rollup/rollup-android-arm-eabi': [ '4.26.0' ],
217 silly audit   '@rollup/rollup-android-arm64': [ '4.26.0' ],
217 silly audit   '@rollup/rollup-darwin-arm64': [ '4.26.0' ],
217 silly audit   '@rollup/rollup-darwin-x64': [ '4.26.0' ],
217 silly audit   '@rollup/rollup-freebsd-arm64': [ '4.26.0' ],
217 silly audit   '@rollup/rollup-freebsd-x64': [ '4.26.0' ],
217 silly audit   '@rollup/rollup-linux-arm-gnueabihf': [ '4.26.0' ],
217 silly audit   '@rollup/rollup-linux-arm-musleabihf': [ '4.26.0' ],
217 silly audit   '@rollup/rollup-linux-arm64-gnu': [ '4.26.0' ],
217 silly audit   '@rollup/rollup-linux-arm64-musl': [ '4.26.0' ],
217 silly audit   '@rollup/rollup-linux-powerpc64le-gnu': [ '4.26.0' ],
217 silly audit   '@rollup/rollup-linux-riscv64-gnu': [ '4.26.0' ],
217 silly audit   '@rollup/rollup-linux-s390x-gnu': [ '4.26.0' ],
217 silly audit   '@rollup/rollup-linux-x64-gnu': [ '4.26.0' ],
217 silly audit   '@rollup/rollup-linux-x64-musl': [ '4.26.0' ],
217 silly audit   '@rollup/rollup-win32-arm64-msvc': [ '4.26.0' ],
217 silly audit   '@rollup/rollup-win32-ia32-msvc': [ '4.26.0' ],
217 silly audit   '@rollup/rollup-win32-x64-msvc': [ '4.26.0' ],
217 silly audit   '@types/babel__core': [ '7.20.5' ],
217 silly audit   '@types/babel__generator': [ '7.6.8' ],
217 silly audit   '@types/babel__template': [ '7.4.4' ],
217 silly audit   '@types/babel__traverse': [ '7.20.6' ],
217 silly audit   '@types/eslint': [ '8.56.12' ],
217 silly audit   '@types/estree': [ '1.0.6' ],
217 silly audit   '@types/json-schema': [ '7.0.15' ],
217 silly audit   '@types/prop-types': [ '15.7.13' ],
217 silly audit   '@types/react': [ '18.3.12' ],
217 silly audit   '@types/react-dom': [ '18.3.1' ],
217 silly audit   '@types/stylis': [ '4.2.5' ],
217 silly audit   '@vitejs/plugin-react': [ '4.3.3' ],
217 silly audit   acorn: [ '8.14.0' ],
217 silly audit   'acorn-jsx': [ '5.3.2' ],
217 silly audit   ajv: [ '6.12.6' ],
217 silly audit   'ansi-styles': [ '4.3.0' ],
217 silly audit   argparse: [ '2.0.1' ],
217 silly audit   'array-buffer-byte-length': [ '1.0.1' ],
217 silly audit   'array-includes': [ '3.1.8' ],
217 silly audit   'array.prototype.findlast': [ '1.2.5' ],
217 silly audit   'array.prototype.flat': [ '1.3.2' ],
217 silly audit   'array.prototype.flatmap': [ '1.3.2' ],
217 silly audit   'array.prototype.tosorted': [ '1.1.4' ],
217 silly audit   'arraybuffer.prototype.slice': [ '1.0.3' ],
217 silly audit   asynckit: [ '0.4.0' ],
217 silly audit   'available-typed-arrays': [ '1.0.7' ],
217 silly audit   axios: [ '1.7.7' ],
217 silly audit   'balanced-match': [ '1.0.2' ],
217 silly audit   'brace-expansion': [ '1.1.11' ],
217 silly audit   browserslist: [ '4.24.2' ],
217 silly audit   'call-bind': [ '1.0.7' ],
217 silly audit   callsites: [ '3.1.0' ],
217 silly audit   camelize: [ '1.0.1' ],
217 silly audit   'caniuse-lite': [ '1.0.30001680' ],
217 silly audit   chalk: [ '4.1.2' ],
217 silly audit   'color-convert': [ '2.0.1' ],
217 silly audit   'color-name': [ '1.1.4' ],
217 silly audit   'combined-stream': [ '1.0.8' ],
217 silly audit   'concat-map': [ '0.0.1' ],
217 silly audit   'convert-source-map': [ '2.0.0' ],
217 silly audit   'cross-spawn': [ '7.0.5' ],
217 silly audit   'css-color-keywords': [ '1.0.0' ],
217 silly audit   'css-to-react-native': [ '3.2.0' ],
217 silly audit   csstype: [ '3.1.3' ],
217 silly audit   'data-view-buffer': [ '1.0.1' ],
217 silly audit   'data-view-byte-length': [ '1.0.1' ],
217 silly audit   'data-view-byte-offset': [ '1.0.0' ],
217 silly audit   debug: [ '4.3.7' ],
217 silly audit   'deep-is': [ '0.1.4' ],
217 silly audit   'define-data-property': [ '1.1.4' ],
217 silly audit   'define-properties': [ '1.2.1' ],
217 silly audit   'delayed-stream': [ '1.0.0' ],
217 silly audit   doctrine: [ '2.1.0' ],
217 silly audit   'electron-to-chromium': [ '1.5.57' ],
217 silly audit   'es-abstract': [ '1.23.4' ],
217 silly audit   'es-define-property': [ '1.0.0' ],
217 silly audit   'es-errors': [ '1.3.0' ],
217 silly audit   'es-iterator-helpers': [ '1.2.0' ],
217 silly audit   'es-object-atoms': [ '1.0.0' ],
217 silly audit   'es-set-tostringtag': [ '2.0.3' ],
217 silly audit   'es-shim-unscopables': [ '1.0.2' ],
217 silly audit   'es-to-primitive': [ '1.2.1' ],
217 silly audit   esbuild: [ '0.21.5' ],
217 silly audit   escalade: [ '3.2.0' ],
217 silly audit   'escape-string-regexp': [ '4.0.0' ],
217 silly audit   eslint: [ '9.14.0' ],
217 silly audit   'eslint-plugin-react': [ '7.37.2' ],
217 silly audit   'eslint-plugin-react-hooks': [ '5.0.0' ],
217 silly audit   'eslint-plugin-react-refresh': [ '0.4.14' ],
217 silly audit   'eslint-scope': [ '8.2.0' ],
217 silly audit   espree: [ '10.3.0' ],
217 silly audit   esquery: [ '1.6.0' ],
217 silly audit   esrecurse: [ '4.3.0' ],
217 silly audit   estraverse: [ '5.3.0' ],
217 silly audit   'estree-walker': [ '2.0.2' ],
217 silly audit   esutils: [ '2.0.3' ],
217 silly audit   'fast-deep-equal': [ '3.1.3' ],
217 silly audit   'fast-json-stable-stringify': [ '2.1.0' ],
217 silly audit   'fast-levenshtein': [ '2.0.6' ],
217 silly audit   'file-entry-cache': [ '8.0.0' ],
217 silly audit   'find-up': [ '5.0.0' ],
217 silly audit   'flat-cache': [ '4.0.1' ],
217 silly audit   flatted: [ '3.3.1' ],
217 silly audit   'follow-redirects': [ '1.15.9' ],
217 silly audit   'for-each': [ '0.3.3' ],
217 silly audit   'form-data': [ '4.0.1' ],
217 silly audit   fsevents: [ '2.3.3' ],
217 silly audit   'function-bind': [ '1.1.2' ],
217 silly audit   'function.prototype.name': [ '1.1.6' ],
217 silly audit   'functions-have-names': [ '1.2.3' ],
217 silly audit   gensync: [ '1.0.0-beta.2' ],
217 silly audit   'get-intrinsic': [ '1.2.4' ],
217 silly audit   'get-symbol-description': [ '1.0.2' ],
217 silly audit   'glob-parent': [ '6.0.2' ],
217 silly audit   globalthis: [ '1.0.4' ],
217 silly audit   gopd: [ '1.0.1' ],
217 silly audit   'has-bigints': [ '1.0.2' ],
217 silly audit   'has-flag': [ '4.0.0' ],
217 silly audit   'has-property-descriptors': [ '1.0.2' ],
217 silly audit   'has-proto': [ '1.0.3' ],
217 silly audit   'has-symbols': [ '1.0.3' ],
217 silly audit   'has-tostringtag': [ '1.0.2' ],
217 silly audit   hasown: [ '2.0.2' ],
217 silly audit   ignore: [ '5.3.2' ],
217 silly audit   'import-fresh': [ '3.3.0' ],
217 silly audit   imurmurhash: [ '0.1.4' ],
217 silly audit   'internal-slot': [ '1.0.7' ],
217 silly audit   'is-array-buffer': [ '3.0.4' ],
217 silly audit   'is-async-function': [ '2.0.0' ],
217 silly audit   'is-bigint': [ '1.0.4' ],
217 silly audit   'is-boolean-object': [ '1.1.2' ],
217 silly audit   'is-callable': [ '1.2.7' ],
217 silly audit   'is-core-module': [ '2.15.1' ],
217 silly audit   'is-data-view': [ '1.0.1' ],
217 silly audit   'is-date-object': [ '1.0.5' ],
217 silly audit   'is-extglob': [ '2.1.1' ],
217 silly audit   'is-finalizationregistry': [ '1.0.2' ],
217 silly audit   'is-generator-function': [ '1.0.10' ],
217 silly audit   'is-glob': [ '4.0.3' ],
217 silly audit   'is-map': [ '2.0.3' ],
217 silly audit   'is-negative-zero': [ '2.0.3' ],
217 silly audit   'is-number-object': [ '1.0.7' ],
217 silly audit   'is-regex': [ '1.1.4' ],
217 silly audit   'is-set': [ '2.0.3' ],
217 silly audit   'is-shared-array-buffer': [ '1.0.3' ],
217 silly audit   'is-string': [ '1.0.7' ],
217 silly audit   'is-symbol': [ '1.0.4' ],
217 silly audit   'is-typed-array': [ '1.1.13' ],
217 silly audit   'is-weakmap': [ '2.0.2' ],
217 silly audit   'is-weakref': [ '1.0.2' ],
217 silly audit   'is-weakset': [ '2.0.3' ],
217 silly audit   isarray: [ '2.0.5' ],
217 silly audit   isexe: [ '2.0.0' ],
217 silly audit   'iterator.prototype': [ '1.1.3' ],
217 silly audit   'js-tokens': [ '4.0.0' ],
217 silly audit   'js-yaml': [ '4.1.0' ],
217 silly audit   jsesc: [ '3.0.2' ],
217 silly audit   'json-buffer': [ '3.0.1' ],
217 silly audit   'json-schema-traverse': [ '0.4.1' ],
217 silly audit   'json-stable-stringify-without-jsonify': [ '1.0.1' ],
217 silly audit   json5: [ '2.2.3' ],
217 silly audit   'jsx-ast-utils': [ '3.3.5' ],
217 silly audit   keyv: [ '4.5.4' ],
217 silly audit   levn: [ '0.4.1' ],
217 silly audit   'locate-path': [ '6.0.0' ],
217 silly audit   'lodash.merge': [ '4.6.2' ],
217 silly audit   'loose-envify': [ '1.4.0' ],
217 silly audit   'lru-cache': [ '5.1.1' ],
217 silly audit   'mime-db': [ '1.52.0' ],
217 silly audit   'mime-types': [ '2.1.35' ],
217 silly audit   minimatch: [ '3.1.2' ],
217 silly audit   ms: [ '2.1.3' ],
217 silly audit   nanoid: [ '3.3.7' ],
217 silly audit   'natural-compare': [ '1.4.0' ],
217 silly audit   'node-releases': [ '2.0.18' ],
217 silly audit   'object-assign': [ '4.1.1' ],
217 silly audit   'object-inspect': [ '1.13.3' ],
217 silly audit   'object-keys': [ '1.1.1' ],
217 silly audit   'object.assign': [ '4.1.5' ],
217 silly audit   'object.entries': [ '1.1.8' ],
217 silly audit   'object.fromentries': [ '2.0.8' ],
217 silly audit   'object.values': [ '1.2.0' ],
217 silly audit   optionator: [ '0.9.4' ],
217 silly audit   'p-limit': [ '3.1.0' ],
217 silly audit   'p-locate': [ '5.0.0' ],
217 silly audit   'parent-module': [ '1.0.1' ],
217 silly audit   'path-exists': [ '4.0.0' ],
217 silly audit   'path-key': [ '3.1.1' ],
217 silly audit   'path-parse': [ '1.0.7' ],
217 silly audit   picocolors: [ '1.1.1' ],
217 silly audit   picomatch: [ '2.3.1', '4.0.2' ],
217 silly audit   'possible-typed-array-names': [ '1.0.0' ],
217 silly audit   postcss: [ '8.4.49', '8.4.38' ],
217 silly audit   'postcss-value-parser': [ '4.2.0' ],
217 silly audit   'prelude-ls': [ '1.2.1' ],
217 silly audit   'prop-types': [ '15.8.1' ],
217 silly audit   'proxy-from-env': [ '1.1.0' ],
217 silly audit   punycode: [ '2.3.1' ],
217 silly audit   react: [ '18.3.1' ],
217 silly audit   'react-dom': [ '18.3.1' ],
217 silly audit   'react-is': [ '16.13.1' ],
217 silly audit   'react-refresh': [ '0.14.2' ],
217 silly audit   'reflect.getprototypeof': [ '1.0.6' ],
217 silly audit   'regexp.prototype.flags': [ '1.5.3' ],
217 silly audit   resolve: [ '2.0.0-next.5' ],
217 silly audit   'resolve-from': [ '4.0.0' ],
217 silly audit   rollup: [ '4.26.0', '2.79.2' ],
217 silly audit   'safe-array-concat': [ '1.1.2' ],
217 silly audit   'safe-regex-test': [ '1.0.3' ],
217 silly audit   scheduler: [ '0.23.2' ],
217 silly audit   semver: [ '6.3.1' ],
217 silly audit   'set-function-length': [ '1.2.2' ],
217 silly audit   'set-function-name': [ '2.0.2' ],
217 silly audit   shallowequal: [ '1.1.0' ],
217 silly audit   'shebang-command': [ '2.0.0' ],
217 silly audit   'shebang-regex': [ '3.0.0' ],
217 silly audit   'side-channel': [ '1.0.6' ],
217 silly audit   'source-map-js': [ '1.2.1' ],
217 silly audit   'string.prototype.matchall': [ '4.0.11' ],
217 silly audit   'string.prototype.repeat': [ '1.0.0' ],
217 silly audit   'string.prototype.trim': [ '1.2.9' ],
217 silly audit   'string.prototype.trimend': [ '1.0.8' ],
217 silly audit   'string.prototype.trimstart': [ '1.0.8' ],
217 silly audit   'strip-json-comments': [ '3.1.1' ],
217 silly audit   'styled-components': [ '6.1.13' ],
217 silly audit   stylis: [ '4.3.2' ],
217 silly audit   'supports-color': [ '7.2.0' ],
217 silly audit   'supports-preserve-symlinks-flag': [ '1.0.0' ],
217 silly audit   'text-table': [ '0.2.0' ],
217 silly audit   tslib: [ '2.6.2' ],
217 silly audit   'type-check': [ '0.4.0' ],
217 silly audit   'typed-array-buffer': [ '1.0.2' ],
217 silly audit   'typed-array-byte-length': [ '1.0.1' ],
217 silly audit   'typed-array-byte-offset': [ '1.0.2' ],
217 silly audit   'typed-array-length': [ '1.0.6' ],
217 silly audit   'unbox-primitive': [ '1.0.2' ],
217 silly audit   'update-browserslist-db': [ '1.1.1' ],
217 silly audit   'uri-js': [ '4.4.1' ],
217 silly audit   vite: [ '5.4.11' ],
217 silly audit   'vite-plugin-eslint': [ '1.8.1' ],
217 silly audit   which: [ '2.0.2' ],
217 silly audit   'which-boxed-primitive': [ '1.0.2' ],
217 silly audit   'which-builtin-type': [ '1.1.4' ],
217 silly audit   'which-collection': [ '1.0.2' ],
217 silly audit   'which-typed-array': [ '1.1.15' ],
217 silly audit   'word-wrap': [ '1.2.5' ],
217 silly audit   yallist: [ '3.1.1' ],
217 silly audit   'yocto-queue': [ '0.1.0' ],
217 silly audit   'vite-plugin-svgr': [ '4.3.0' ],
217 silly audit   '@svgr/core': [ '8.1.0' ],
217 silly audit   '@svgr/plugin-jsx': [ '8.1.0' ],
217 silly audit   '@svgr/babel-preset': [ '8.1.0' ],
217 silly audit   camelcase: [ '6.3.0' ],
217 silly audit   cosmiconfig: [ '8.3.6' ],
217 silly audit   'snake-case': [ '3.0.4' ],
217 silly audit   '@svgr/babel-plugin-add-jsx-attribute': [ '8.0.0' ],
217 silly audit   '@svgr/babel-plugin-remove-jsx-attribute': [ '8.0.0' ],
217 silly audit   '@svgr/babel-plugin-remove-jsx-empty-expression': [ '8.0.0' ],
217 silly audit   '@svgr/babel-plugin-replace-jsx-attribute-value': [ '8.0.0' ],
217 silly audit   '@svgr/babel-plugin-svg-dynamic-title': [ '8.0.0' ],
217 silly audit   '@svgr/babel-plugin-svg-em-dimensions': [ '8.0.0' ],
217 silly audit   '@svgr/babel-plugin-transform-react-native-svg': [ '8.1.0' ],
217 silly audit   '@svgr/babel-plugin-transform-svg-component': [ '8.0.0' ],
217 silly audit   '@svgr/hast-util-to-babel-ast': [ '8.0.0' ],
217 silly audit   'svg-parser': [ '2.0.4' ],
217 silly audit   entities: [ '4.5.0' ],
217 silly audit   'parse-json': [ '5.2.0' ],
217 silly audit   'path-type': [ '4.0.0' ],
217 silly audit   'error-ex': [ '1.3.2' ],
217 silly audit   'json-parse-even-better-errors': [ '2.3.1' ],
217 silly audit   'lines-and-columns': [ '1.2.4' ],
217 silly audit   'is-arrayish': [ '0.2.1' ],
217 silly audit   'dot-case': [ '3.0.4' ],
217 silly audit   'no-case': [ '3.0.4' ],
217 silly audit   'lower-case': [ '2.0.2' ]
217 silly audit }
218 verbose reify failed optional dependency /home/penurajeshitsd/react_18/hacker-stories/node_modules/fsevents
219 silly reify mark deleted [
219 silly reify   '/home/penurajeshitsd/react_18/hacker-stories/node_modules/fsevents'
219 silly reify ]
220 verbose reify failed optional dependency /home/penurajeshitsd/react_18/hacker-stories/node_modules/@rollup/rollup-win32-x64-msvc
221 silly reify mark deleted [
221 silly reify   '/home/penurajeshitsd/react_18/hacker-stories/node_modules/@rollup/rollup-win32-x64-msvc'
221 silly reify ]
222 verbose reify failed optional dependency /home/penurajeshitsd/react_18/hacker-stories/node_modules/@rollup/rollup-win32-ia32-msvc
223 silly reify mark deleted [
223 silly reify   '/home/penurajeshitsd/react_18/hacker-stories/node_modules/@rollup/rollup-win32-ia32-msvc'
223 silly reify ]
224 verbose reify failed optional dependency /home/penurajeshitsd/react_18/hacker-stories/node_modules/@rollup/rollup-win32-arm64-msvc
225 silly reify mark deleted [
225 silly reify   '/home/penurajeshitsd/react_18/hacker-stories/node_modules/@rollup/rollup-win32-arm64-msvc'
225 silly reify ]
226 verbose reify failed optional dependency /home/penurajeshitsd/react_18/hacker-stories/node_modules/@rollup/rollup-linux-s390x-gnu
227 silly reify mark deleted [
227 silly reify   '/home/penurajeshitsd/react_18/hacker-stories/node_modules/@rollup/rollup-linux-s390x-gnu'
227 silly reify ]
228 verbose reify failed optional dependency /home/penurajeshitsd/react_18/hacker-stories/node_modules/@rollup/rollup-linux-riscv64-gnu
229 silly reify mark deleted [
229 silly reify   '/home/penurajeshitsd/react_18/hacker-stories/node_modules/@rollup/rollup-linux-riscv64-gnu'
229 silly reify ]
230 verbose reify failed optional dependency /home/penurajeshitsd/react_18/hacker-stories/node_modules/@rollup/rollup-linux-powerpc64le-gnu
231 silly reify mark deleted [
231 silly reify   '/home/penurajeshitsd/react_18/hacker-stories/node_modules/@rollup/rollup-linux-powerpc64le-gnu'
231 silly reify ]
232 verbose reify failed optional dependency /home/penurajeshitsd/react_18/hacker-stories/node_modules/@rollup/rollup-linux-arm64-musl
233 silly reify mark deleted [
233 silly reify   '/home/penurajeshitsd/react_18/hacker-stories/node_modules/@rollup/rollup-linux-arm64-musl'
233 silly reify ]
234 verbose reify failed optional dependency /home/penurajeshitsd/react_18/hacker-stories/node_modules/@rollup/rollup-linux-arm64-gnu
235 silly reify mark deleted [
235 silly reify   '/home/penurajeshitsd/react_18/hacker-stories/node_modules/@rollup/rollup-linux-arm64-gnu'
235 silly reify ]
236 verbose reify failed optional dependency /home/penurajeshitsd/react_18/hacker-stories/node_modules/@rollup/rollup-linux-arm-musleabihf
237 silly reify mark deleted [
237 silly reify   '/home/penurajeshitsd/react_18/hacker-stories/node_modules/@rollup/rollup-linux-arm-musleabihf'
237 silly reify ]
238 verbose reify failed optional dependency /home/penurajeshitsd/react_18/hacker-stories/node_modules/@rollup/rollup-linux-arm-gnueabihf
239 silly reify mark deleted [
239 silly reify   '/home/penurajeshitsd/react_18/hacker-stories/node_modules/@rollup/rollup-linux-arm-gnueabihf'
239 silly reify ]
240 verbose reify failed optional dependency /home/penurajeshitsd/react_18/hacker-stories/node_modules/@rollup/rollup-freebsd-x64
241 silly reify mark deleted [
241 silly reify   '/home/penurajeshitsd/react_18/hacker-stories/node_modules/@rollup/rollup-freebsd-x64'
241 silly reify ]
242 verbose reify failed optional dependency /home/penurajeshitsd/react_18/hacker-stories/node_modules/@rollup/rollup-freebsd-arm64
243 silly reify mark deleted [
243 silly reify   '/home/penurajeshitsd/react_18/hacker-stories/node_modules/@rollup/rollup-freebsd-arm64'
243 silly reify ]
244 verbose reify failed optional dependency /home/penurajeshitsd/react_18/hacker-stories/node_modules/@rollup/rollup-darwin-x64
245 silly reify mark deleted [
245 silly reify   '/home/penurajeshitsd/react_18/hacker-stories/node_modules/@rollup/rollup-darwin-x64'
245 silly reify ]
246 verbose reify failed optional dependency /home/penurajeshitsd/react_18/hacker-stories/node_modules/@rollup/rollup-darwin-arm64
247 silly reify mark deleted [
247 silly reify   '/home/penurajeshitsd/react_18/hacker-stories/node_modules/@rollup/rollup-darwin-arm64'
247 silly reify ]
248 verbose reify failed optional dependency /home/penurajeshitsd/react_18/hacker-stories/node_modules/@rollup/rollup-android-arm64
249 silly reify mark deleted [
249 silly reify   '/home/penurajeshitsd/react_18/hacker-stories/node_modules/@rollup/rollup-android-arm64'
249 silly reify ]
250 verbose reify failed optional dependency /home/penurajeshitsd/react_18/hacker-stories/node_modules/@rollup/rollup-android-arm-eabi
251 silly reify mark deleted [
251 silly reify   '/home/penurajeshitsd/react_18/hacker-stories/node_modules/@rollup/rollup-android-arm-eabi'
251 silly reify ]
252 verbose reify failed optional dependency /home/penurajeshitsd/react_18/hacker-stories/node_modules/@esbuild/win32-x64
253 silly reify mark deleted [
253 silly reify   '/home/penurajeshitsd/react_18/hacker-stories/node_modules/@esbuild/win32-x64'
253 silly reify ]
254 verbose reify failed optional dependency /home/penurajeshitsd/react_18/hacker-stories/node_modules/@esbuild/win32-ia32
255 silly reify mark deleted [
255 silly reify   '/home/penurajeshitsd/react_18/hacker-stories/node_modules/@esbuild/win32-ia32'
255 silly reify ]
256 verbose reify failed optional dependency /home/penurajeshitsd/react_18/hacker-stories/node_modules/@esbuild/win32-arm64
257 silly reify mark deleted [
257 silly reify   '/home/penurajeshitsd/react_18/hacker-stories/node_modules/@esbuild/win32-arm64'
257 silly reify ]
258 verbose reify failed optional dependency /home/penurajeshitsd/react_18/hacker-stories/node_modules/@esbuild/sunos-x64
259 silly reify mark deleted [
259 silly reify   '/home/penurajeshitsd/react_18/hacker-stories/node_modules/@esbuild/sunos-x64'
259 silly reify ]
260 verbose reify failed optional dependency /home/penurajeshitsd/react_18/hacker-stories/node_modules/@esbuild/openbsd-x64
261 silly reify mark deleted [
261 silly reify   '/home/penurajeshitsd/react_18/hacker-stories/node_modules/@esbuild/openbsd-x64'
261 silly reify ]
262 verbose reify failed optional dependency /home/penurajeshitsd/react_18/hacker-stories/node_modules/@esbuild/netbsd-x64
263 silly reify mark deleted [
263 silly reify   '/home/penurajeshitsd/react_18/hacker-stories/node_modules/@esbuild/netbsd-x64'
263 silly reify ]
264 verbose reify failed optional dependency /home/penurajeshitsd/react_18/hacker-stories/node_modules/@esbuild/linux-s390x
265 silly reify mark deleted [
265 silly reify   '/home/penurajeshitsd/react_18/hacker-stories/node_modules/@esbuild/linux-s390x'
265 silly reify ]
266 verbose reify failed optional dependency /home/penurajeshitsd/react_18/hacker-stories/node_modules/@esbuild/linux-riscv64
267 silly reify mark deleted [
267 silly reify   '/home/penurajeshitsd/react_18/hacker-stories/node_modules/@esbuild/linux-riscv64'
267 silly reify ]
268 verbose reify failed optional dependency /home/penurajeshitsd/react_18/hacker-stories/node_modules/@esbuild/linux-ppc64
269 silly reify mark deleted [
269 silly reify   '/home/penurajeshitsd/react_18/hacker-stories/node_modules/@esbuild/linux-ppc64'
269 silly reify ]
270 verbose reify failed optional dependency /home/penurajeshitsd/react_18/hacker-stories/node_modules/@esbuild/linux-mips64el
271 silly reify mark deleted [
271 silly reify   '/home/penurajeshitsd/react_18/hacker-stories/node_modules/@esbuild/linux-mips64el'
271 silly reify ]
272 verbose reify failed optional dependency /home/penurajeshitsd/react_18/hacker-stories/node_modules/@esbuild/linux-loong64
273 silly reify mark deleted [
273 silly reify   '/home/penurajeshitsd/react_18/hacker-stories/node_modules/@esbuild/linux-loong64'
273 silly reify ]
274 verbose reify failed optional dependency /home/penurajeshitsd/react_18/hacker-stories/node_modules/@esbuild/linux-ia32
275 silly reify mark deleted [
275 silly reify   '/home/penurajeshitsd/react_18/hacker-stories/node_modules/@esbuild/linux-ia32'
275 silly reify ]
276 verbose reify failed optional dependency /home/penurajeshitsd/react_18/hacker-stories/node_modules/@esbuild/linux-arm64
277 silly reify mark deleted [
277 silly reify   '/home/penurajeshitsd/react_18/hacker-stories/node_modules/@esbuild/linux-arm64'
277 silly reify ]
278 verbose reify failed optional dependency /home/penurajeshitsd/react_18/hacker-stories/node_modules/@esbuild/linux-arm
279 silly reify mark deleted [
279 silly reify   '/home/penurajeshitsd/react_18/hacker-stories/node_modules/@esbuild/linux-arm'
279 silly reify ]
280 verbose reify failed optional dependency /home/penurajeshitsd/react_18/hacker-stories/node_modules/@esbuild/freebsd-x64
281 silly reify mark deleted [
281 silly reify   '/home/penurajeshitsd/react_18/hacker-stories/node_modules/@esbuild/freebsd-x64'
281 silly reify ]
282 verbose reify failed optional dependency /home/penurajeshitsd/react_18/hacker-stories/node_modules/@esbuild/freebsd-arm64
283 silly reify mark deleted [
283 silly reify   '/home/penurajeshitsd/react_18/hacker-stories/node_modules/@esbuild/freebsd-arm64'
283 silly reify ]
284 verbose reify failed optional dependency /home/penurajeshitsd/react_18/hacker-stories/node_modules/@esbuild/darwin-x64
285 silly reify mark deleted [
285 silly reify   '/home/penurajeshitsd/react_18/hacker-stories/node_modules/@esbuild/darwin-x64'
285 silly reify ]
286 verbose reify failed optional dependency /home/penurajeshitsd/react_18/hacker-stories/node_modules/@esbuild/darwin-arm64
287 silly reify mark deleted [
287 silly reify   '/home/penurajeshitsd/react_18/hacker-stories/node_modules/@esbuild/darwin-arm64'
287 silly reify ]
288 verbose reify failed optional dependency /home/penurajeshitsd/react_18/hacker-stories/node_modules/@esbuild/android-x64
289 silly reify mark deleted [
289 silly reify   '/home/penurajeshitsd/react_18/hacker-stories/node_modules/@esbuild/android-x64'
289 silly reify ]
290 verbose reify failed optional dependency /home/penurajeshitsd/react_18/hacker-stories/node_modules/@esbuild/android-arm64
291 silly reify mark deleted [
291 silly reify   '/home/penurajeshitsd/react_18/hacker-stories/node_modules/@esbuild/android-arm64'
291 silly reify ]
292 verbose reify failed optional dependency /home/penurajeshitsd/react_18/hacker-stories/node_modules/@esbuild/android-arm
293 silly reify mark deleted [
293 silly reify   '/home/penurajeshitsd/react_18/hacker-stories/node_modules/@esbuild/android-arm'
293 silly reify ]
294 verbose reify failed optional dependency /home/penurajeshitsd/react_18/hacker-stories/node_modules/@esbuild/aix-ppc64
295 silly reify mark deleted [
295 silly reify   '/home/penurajeshitsd/react_18/hacker-stories/node_modules/@esbuild/aix-ppc64'
295 silly reify ]
296 silly tarball no local data for lower-case@https://registry.npmjs.org/lower-case/-/lower-case-2.0.2.tgz. Extracting by manifest.
297 silly tarball no local data for no-case@https://registry.npmjs.org/no-case/-/no-case-3.0.4.tgz. Extracting by manifest.
298 silly tarball no local data for dot-case@https://registry.npmjs.org/dot-case/-/dot-case-3.0.4.tgz. Extracting by manifest.
299 silly tarball no local data for is-arrayish@https://registry.npmjs.org/is-arrayish/-/is-arrayish-0.2.1.tgz. Extracting by manifest.
300 silly tarball no local data for lines-and-columns@https://registry.npmjs.org/lines-and-columns/-/lines-and-columns-1.2.4.tgz. Extracting by manifest.
301 silly tarball no local data for json-parse-even-better-errors@https://registry.npmjs.org/json-parse-even-better-errors/-/json-parse-even-better-errors-2.3.1.tgz. Extracting by manifest.
302 silly tarball no local data for error-ex@https://registry.npmjs.org/error-ex/-/error-ex-1.3.2.tgz. Extracting by manifest.
303 silly tarball no local data for path-type@https://registry.npmjs.org/path-type/-/path-type-4.0.0.tgz. Extracting by manifest.
304 silly tarball no local data for parse-json@https://registry.npmjs.org/parse-json/-/parse-json-5.2.0.tgz. Extracting by manifest.
305 silly tarball no local data for entities@https://registry.npmjs.org/entities/-/entities-4.5.0.tgz. Extracting by manifest.
306 silly tarball no local data for svg-parser@https://registry.npmjs.org/svg-parser/-/svg-parser-2.0.4.tgz. Extracting by manifest.
307 silly tarball no local data for @svgr/hast-util-to-babel-ast@https://registry.npmjs.org/@svgr/hast-util-to-babel-ast/-/hast-util-to-babel-ast-8.0.0.tgz. Extracting by manifest.
308 silly tarball no local data for @svgr/babel-plugin-transform-svg-component@https://registry.npmjs.org/@svgr/babel-plugin-transform-svg-component/-/babel-plugin-transform-svg-component-8.0.0.tgz. Extracting by manifest.
309 silly tarball no local data for @svgr/babel-plugin-transform-react-native-svg@https://registry.npmjs.org/@svgr/babel-plugin-transform-react-native-svg/-/babel-plugin-transform-react-native-svg-8.1.0.tgz. Extracting by manifest.
310 silly tarball no local data for @svgr/babel-plugin-svg-em-dimensions@https://registry.npmjs.org/@svgr/babel-plugin-svg-em-dimensions/-/babel-plugin-svg-em-dimensions-8.0.0.tgz. Extracting by manifest.
311 silly tarball no local data for @svgr/babel-plugin-svg-dynamic-title@https://registry.npmjs.org/@svgr/babel-plugin-svg-dynamic-title/-/babel-plugin-svg-dynamic-title-8.0.0.tgz. Extracting by manifest.
312 silly tarball no local data for @svgr/babel-plugin-replace-jsx-attribute-value@https://registry.npmjs.org/@svgr/babel-plugin-replace-jsx-attribute-value/-/babel-plugin-replace-jsx-attribute-value-8.0.0.tgz. Extracting by manifest.
313 silly tarball no local data for @svgr/babel-plugin-remove-jsx-empty-expression@https://registry.npmjs.org/@svgr/babel-plugin-remove-jsx-empty-expression/-/babel-plugin-remove-jsx-empty-expression-8.0.0.tgz. Extracting by manifest.
314 silly tarball no local data for @svgr/babel-plugin-remove-jsx-attribute@https://registry.npmjs.org/@svgr/babel-plugin-remove-jsx-attribute/-/babel-plugin-remove-jsx-attribute-8.0.0.tgz. Extracting by manifest.
315 silly tarball no local data for @svgr/babel-plugin-add-jsx-attribute@https://registry.npmjs.org/@svgr/babel-plugin-add-jsx-attribute/-/babel-plugin-add-jsx-attribute-8.0.0.tgz. Extracting by manifest.
316 silly tarball no local data for snake-case@https://registry.npmjs.org/snake-case/-/snake-case-3.0.4.tgz. Extracting by manifest.
317 silly tarball no local data for cosmiconfig@https://registry.npmjs.org/cosmiconfig/-/cosmiconfig-8.3.6.tgz. Extracting by manifest.
318 silly tarball no local data for camelcase@https://registry.npmjs.org/camelcase/-/camelcase-6.3.0.tgz. Extracting by manifest.
319 silly tarball no local data for @svgr/babel-preset@https://registry.npmjs.org/@svgr/babel-preset/-/babel-preset-8.1.0.tgz. Extracting by manifest.
320 silly tarball no local data for @svgr/plugin-jsx@https://registry.npmjs.org/@svgr/plugin-jsx/-/plugin-jsx-8.1.0.tgz. Extracting by manifest.
321 silly tarball no local data for @svgr/core@https://registry.npmjs.org/@svgr/core/-/core-8.1.0.tgz. Extracting by manifest.
322 silly tarball no local data for vite-plugin-svgr@https://registry.npmjs.org/vite-plugin-svgr/-/vite-plugin-svgr-4.3.0.tgz. Extracting by manifest.
323 silly tarball no local data for picomatch@https://registry.npmjs.org/picomatch/-/picomatch-4.0.2.tgz. Extracting by manifest.
324 silly tarball no local data for @rollup/pluginutils@https://registry.npmjs.org/@rollup/pluginutils/-/pluginutils-5.1.3.tgz. Extracting by manifest.
325 http fetch POST 200 https://registry.npmjs.org/-/npm/v1/security/advisories/bulk 414ms
326 silly audit report {}
327 http fetch GET 200 https://registry.npmjs.org/is-arrayish/-/is-arrayish-0.2.1.tgz 319ms (cache miss)
328 http fetch GET 200 https://registry.npmjs.org/json-parse-even-better-errors/-/json-parse-even-better-errors-2.3.1.tgz 327ms (cache miss)
329 http fetch GET 200 https://registry.npmjs.org/dot-case/-/dot-case-3.0.4.tgz 338ms (cache miss)
330 http fetch GET 200 https://registry.npmjs.org/lower-case/-/lower-case-2.0.2.tgz 347ms (cache miss)
331 http fetch GET 200 https://registry.npmjs.org/lines-and-columns/-/lines-and-columns-1.2.4.tgz 347ms (cache miss)
332 http fetch GET 200 https://registry.npmjs.org/error-ex/-/error-ex-1.3.2.tgz 351ms (cache miss)
333 http fetch GET 200 https://registry.npmjs.org/parse-json/-/parse-json-5.2.0.tgz 351ms (cache miss)
334 http fetch GET 200 https://registry.npmjs.org/@svgr/babel-plugin-transform-svg-component/-/babel-plugin-transform-svg-component-8.0.0.tgz 354ms (cache miss)
335 http fetch GET 200 https://registry.npmjs.org/@svgr/babel-plugin-transform-react-native-svg/-/babel-plugin-transform-react-native-svg-8.1.0.tgz 354ms (cache miss)
336 http fetch GET 200 https://registry.npmjs.org/@svgr/babel-plugin-remove-jsx-empty-expression/-/babel-plugin-remove-jsx-empty-expression-8.0.0.tgz 358ms (cache miss)
337 http fetch GET 200 https://registry.npmjs.org/path-type/-/path-type-4.0.0.tgz 370ms (cache miss)
338 http fetch GET 200 https://registry.npmjs.org/@svgr/babel-plugin-svg-em-dimensions/-/babel-plugin-svg-em-dimensions-8.0.0.tgz 366ms (cache miss)
339 http fetch GET 200 https://registry.npmjs.org/@svgr/babel-plugin-replace-jsx-attribute-value/-/babel-plugin-replace-jsx-attribute-value-8.0.0.tgz 365ms (cache miss)
340 http fetch GET 200 https://registry.npmjs.org/camelcase/-/camelcase-6.3.0.tgz 369ms (cache miss)
341 http fetch GET 200 https://registry.npmjs.org/@svgr/babel-plugin-add-jsx-attribute/-/babel-plugin-add-jsx-attribute-8.0.0.tgz 372ms (cache miss)
342 http fetch GET 200 https://registry.npmjs.org/@svgr/babel-plugin-remove-jsx-attribute/-/babel-plugin-remove-jsx-attribute-8.0.0.tgz 374ms (cache miss)
343 http fetch GET 200 https://registry.npmjs.org/snake-case/-/snake-case-3.0.4.tgz 374ms (cache miss)
344 http fetch GET 200 https://registry.npmjs.org/@svgr/babel-plugin-svg-dynamic-title/-/babel-plugin-svg-dynamic-title-8.0.0.tgz 381ms (cache miss)
345 http fetch GET 200 https://registry.npmjs.org/@svgr/babel-preset/-/babel-preset-8.1.0.tgz 390ms (cache miss)
346 http fetch GET 200 https://registry.npmjs.org/svg-parser/-/svg-parser-2.0.4.tgz 399ms (cache miss)
347 http fetch GET 200 https://registry.npmjs.org/@svgr/core/-/core-8.1.0.tgz 392ms (cache miss)
348 http fetch GET 200 https://registry.npmjs.org/@svgr/hast-util-to-babel-ast/-/hast-util-to-babel-ast-8.0.0.tgz 403ms (cache miss)
349 http fetch GET 200 https://registry.npmjs.org/no-case/-/no-case-3.0.4.tgz 410ms (cache miss)
350 http fetch GET 200 https://registry.npmjs.org/vite-plugin-svgr/-/vite-plugin-svgr-4.3.0.tgz 396ms (cache miss)
351 http fetch GET 200 https://registry.npmjs.org/@rollup/pluginutils/-/pluginutils-5.1.3.tgz 416ms (cache miss)
352 http fetch GET 200 https://registry.npmjs.org/picomatch/-/picomatch-4.0.2.tgz 422ms (cache miss)
353 http fetch GET 200 https://registry.npmjs.org/@svgr/plugin-jsx/-/plugin-jsx-8.1.0.tgz 429ms (cache miss)
354 http fetch GET 200 https://registry.npmjs.org/cosmiconfig/-/cosmiconfig-8.3.6.tgz 437ms (cache miss)
355 http fetch GET 200 https://registry.npmjs.org/entities/-/entities-4.5.0.tgz 466ms (cache miss)
356 silly ADD node_modules/lower-case
357 silly ADD node_modules/no-case
358 silly ADD node_modules/dot-case
359 silly ADD node_modules/is-arrayish
360 silly ADD node_modules/lines-and-columns
361 silly ADD node_modules/json-parse-even-better-errors
362 silly ADD node_modules/error-ex
363 silly ADD node_modules/path-type
364 silly ADD node_modules/parse-json
365 silly ADD node_modules/entities
366 silly ADD node_modules/svg-parser
367 silly ADD node_modules/@svgr/hast-util-to-babel-ast
368 silly ADD node_modules/@svgr/babel-plugin-transform-svg-component
369 silly ADD node_modules/@svgr/babel-plugin-transform-react-native-svg
370 silly ADD node_modules/@svgr/babel-plugin-svg-em-dimensions
371 silly ADD node_modules/@svgr/babel-plugin-svg-dynamic-title
372 silly ADD node_modules/@svgr/babel-plugin-replace-jsx-attribute-value
373 silly ADD node_modules/@svgr/babel-plugin-remove-jsx-empty-expression
374 silly ADD node_modules/@svgr/babel-plugin-remove-jsx-attribute
375 silly ADD node_modules/@svgr/babel-plugin-add-jsx-attribute
376 silly ADD node_modules/snake-case
377 silly ADD node_modules/cosmiconfig
378 silly ADD node_modules/camelcase
379 silly ADD node_modules/@svgr/babel-preset
380 silly ADD node_modules/@svgr/plugin-jsx
381 silly ADD node_modules/@svgr/core
382 silly ADD node_modules/vite-plugin-svgr
383 silly ADD node_modules/vite-plugin-svgr/node_modules/picomatch
384 silly ADD node_modules/vite-plugin-svgr/node_modules/@rollup/pluginutils
385 silly ADD
386 silly ADD
387 silly ADD
388 silly ADD
389 silly ADD
390 silly ADD
391 silly ADD
392 silly ADD
393 silly ADD
394 silly ADD
395 silly ADD
396 silly ADD
397 silly ADD
398 silly ADD
399 silly ADD
400 silly ADD
401 silly ADD
402 silly ADD
403 silly ADD
404 silly ADD
405 silly ADD
406 silly ADD
407 silly ADD
408 silly ADD
409 silly ADD
410 silly ADD
411 silly ADD
412 silly ADD
413 silly ADD
414 silly ADD
415 silly ADD
416 silly ADD
417 silly ADD
418 silly ADD
419 silly ADD
420 silly ADD
421 silly ADD
422 silly ADD
423 silly ADD
424 verbose cwd /home/penurajeshitsd/react_18/hacker-stories
425 verbose os Linux 6.1.112+
426 verbose node v22.11.0
427 verbose npm  v10.9.0
428 verbose exit 0
429 info ok
