0 verbose cli /usr/local/nvm/versions/node/v22.11.0/bin/node /usr/local/nvm/versions/node/v22.11.0/bin/npm
1 info using npm@10.9.0
2 info using node@v22.11.0
3 silly config load:file:/usr/local/nvm/versions/node/v22.11.0/lib/node_modules/npm/npmrc
4 silly config load:file:/home/penurajeshitsd/.cache/typescript/5.4/.npmrc
5 silly config load:file:/home/penurajeshitsd/.npmrc
6 silly config load:file:/usr/local/nvm/versions/node/v22.11.0/etc/npmrc
7 verbose title npm install @types/node@ts5.4
8 verbose argv "install" "--ignore-scripts" "@types/node@ts5.4" "--save-dev" "--user-agent" "typesInstaller/5.4.5"
9 verbose logfile logs-max:10 dir:/home/penurajeshitsd/.npm/_logs/2024-11-14T07_43_48_746Z-
10 verbose logfile /home/penurajeshitsd/.npm/_logs/2024-11-14T07_43_48_746Z-debug-0.log
11 silly logfile done cleaning log files
12 silly packumentCache heap:2197815296 maxSize:549453824 maxEntrySize:274726912
13 silly packumentCache corgi:https://registry.npmjs.org/@types%2fnode cache-miss
14 http fetch GET 200 https://registry.npmjs.org/@types%2fnode 578ms (cache miss)
15 silly packumentCache corgi:https://registry.npmjs.org/@types%2fnode set size:undefined disposed:false
16 silly idealTree buildDeps
17 silly fetch manifest @types/node@22.9.0
18 silly packumentCache full:https://registry.npmjs.org/@types%2fnode cache-miss
19 http fetch GET 200 https://registry.npmjs.org/@types%2fnode 709ms (cache miss)
20 silly packumentCache full:https://registry.npmjs.org/@types%2fnode set size:undefined disposed:false
21 silly placeDep ROOT @types/node@22.9.0 OK for:  want: 22.9.0
22 silly fetch manifest undici-types@~6.19.8
23 silly packumentCache full:https://registry.npmjs.org/undici-types cache-miss
24 http fetch GET 200 https://registry.npmjs.org/undici-types 70ms (cache miss)
25 silly packumentCache full:https://registry.npmjs.org/undici-types set size:undefined disposed:false
26 silly placeDep ROOT undici-types@6.19.8 OK for: @types/node@22.9.0 want: ~6.19.8
27 silly reify moves {}
28 silly audit bulk request {
28 silly audit   '@types/prop-types': [ '15.7.13' ],
28 silly audit   '@types/react': [ '18.3.12' ],
28 silly audit   '@types/react-dom': [ '18.3.1' ],
28 silly audit   csstype: [ '3.1.3' ],
28 silly audit   'types-registry': [ '0.1.694' ],
28 silly audit   '@types/node': [ '22.9.0' ],
28 silly audit   'undici-types': [ '6.19.8' ]
28 silly audit }
29 silly tarball no local data for undici-types@https://registry.npmjs.org/undici-types/-/undici-types-6.19.8.tgz. Extracting by manifest.
30 silly tarball no local data for @types/node@https://registry.npmjs.org/@types/node/-/node-22.9.0.tgz. Extracting by manifest.
31 http fetch GET 200 https://registry.npmjs.org/undici-types/-/undici-types-6.19.8.tgz 96ms (cache miss)
32 http fetch GET 200 https://registry.npmjs.org/@types/node/-/node-22.9.0.tgz 174ms (cache miss)
33 http fetch POST 200 https://registry.npmjs.org/-/npm/v1/security/advisories/bulk 213ms
34 silly audit report {}
35 silly ADD node_modules/undici-types
36 silly ADD node_modules/@types/node
37 verbose cwd /home/penurajeshitsd/.cache/typescript/5.4
38 verbose os Linux 6.1.112+
39 verbose node v22.11.0
40 verbose npm  v10.9.0
41 verbose exit 0
42 info ok
