0 verbose cli /usr/local/nvm/versions/node/v22.11.0/bin/node /usr/local/nvm/versions/node/v22.11.0/bin/npm
1 info using npm@10.9.0
2 info using node@v22.11.0
3 silly config load:file:/usr/local/nvm/versions/node/v22.11.0/lib/node_modules/npm/npmrc
4 silly config load:file:/tmp/exhort_jiOFs2/.npmrc
5 silly config load:file:/home/penurajeshitsd/.npmrc
6 silly config load:file:/tmp/exhort_jiOFs2/etc/npmrc
7 verbose title npm i
8 verbose argv "i" "--package-lock-only" "--prefix" "/tmp/exhort_jiOFs2"
9 verbose logfile logs-max:10 dir:/home/penurajeshitsd/.npm/_logs/2024-11-14T07_43_01_040Z-
10 verbose logfile /home/penurajeshitsd/.npm/_logs/2024-11-14T07_43_01_040Z-debug-0.log
11 silly logfile done cleaning log files
12 silly packumentCache heap:2197815296 maxSize:549453824 maxEntrySize:274726912
13 silly idealTree buildDeps
14 silly fetch manifest block-stream@*
15 silly packumentCache full:https://registry.npmjs.org/block-stream cache-miss
16 http fetch GET 200 https://registry.npmjs.org/block-stream 168ms (cache miss)
17 silly packumentCache full:https://registry.npmjs.org/block-stream set size:undefined disposed:false
18 silly fetch manifest fstream@^1.0.12
19 silly packumentCache full:https://registry.npmjs.org/fstream cache-miss
20 http fetch GET 200 https://registry.npmjs.org/fstream 64ms (cache miss)
21 silly packumentCache full:https://registry.npmjs.org/fstream set size:undefined disposed:false
22 silly fetch manifest inherits@2
23 silly packumentCache full:https://registry.npmjs.org/inherits cache-miss
24 http fetch GET 200 https://registry.npmjs.org/inherits 54ms (cache miss)
25 silly packumentCache full:https://registry.npmjs.org/inherits set size:undefined disposed:false
26 silly fetch manifest graceful-fs@^4.1.2
27 silly packumentCache full:https://registry.npmjs.org/graceful-fs cache-miss
28 http fetch GET 200 https://registry.npmjs.org/graceful-fs 57ms (cache miss)
29 silly packumentCache full:https://registry.npmjs.org/graceful-fs set size:undefined disposed:false
30 silly fetch manifest rimraf@1.x
31 silly packumentCache full:https://registry.npmjs.org/rimraf cache-miss
32 http fetch GET 200 https://registry.npmjs.org/rimraf 48ms (cache miss)
33 silly packumentCache full:https://registry.npmjs.org/rimraf set size:undefined disposed:false
34 silly fetch manifest tap@0.x
35 silly packumentCache full:https://registry.npmjs.org/tap cache-miss
36 http fetch GET 200 https://registry.npmjs.org/tap 96ms (cache miss)
37 silly packumentCache full:https://registry.npmjs.org/tap set size:undefined disposed:false
38 silly fetch manifest mkdirp@^0.5.0
39 silly packumentCache full:https://registry.npmjs.org/mkdirp cache-miss
40 http fetch GET 200 https://registry.npmjs.org/mkdirp 59ms (cache miss)
41 silly packumentCache full:https://registry.npmjs.org/mkdirp set size:undefined disposed:false
42 silly placeDep ROOT block-stream@0.0.9 OK for: tar@2.2.2 want: *
43 silly placeDep ROOT fstream@1.0.12 OK for: tar@2.2.2 want: ^1.0.12
44 silly placeDep ROOT graceful-fs@4.2.11 OK for: tar@2.2.2 want: ^4.1.2
45 silly placeDep ROOT inherits@2.0.4 OK for: tar@2.2.2 want: 2
46 silly placeDep ROOT mkdirp@0.5.6 OK for: tar@2.2.2 want: ^0.5.0
47 silly placeDep ROOT rimraf@1.0.9 OK for: tar@2.2.2 want: 1.x
48 silly placeDep ROOT tap@0.7.1 OK for: tar@2.2.2 want: 0.x
49 silly fetch manifest inherits@~2.0.0
50 silly packumentCache full:https://registry.npmjs.org/inherits cache-miss
51 http fetch GET 200 https://registry.npmjs.org/inherits 9ms (cache hit)
52 silly packumentCache full:https://registry.npmjs.org/inherits set size:12925 disposed:false
53 silly fetch manifest mkdirp@>=0.5 0
54 silly packumentCache full:https://registry.npmjs.org/mkdirp cache-miss
55 http fetch GET 200 https://registry.npmjs.org/mkdirp 7ms (cache hit)
56 silly packumentCache full:https://registry.npmjs.org/mkdirp set size:116455 disposed:false
57 silly fetch manifest rimraf@2
58 silly packumentCache full:https://registry.npmjs.org/rimraf cache-miss
59 http fetch GET 200 https://registry.npmjs.org/rimraf 7ms (cache hit)
60 silly packumentCache full:https://registry.npmjs.org/rimraf set size:191579 disposed:false
61 silly fetch manifest minimist@^1.2.6
62 silly packumentCache full:https://registry.npmjs.org/minimist cache-miss
63 http fetch GET 200 https://registry.npmjs.org/minimist 65ms (cache miss)
64 silly packumentCache full:https://registry.npmjs.org/minimist set size:undefined disposed:false
65 silly fetch manifest glob@^4.3.5
66 silly packumentCache full:https://registry.npmjs.org/glob cache-miss
67 http fetch GET 200 https://registry.npmjs.org/glob 51ms (cache miss)
68 silly packumentCache full:https://registry.npmjs.org/glob set size:undefined disposed:false
69 silly fetch manifest nopt@^3.0.1
70 silly packumentCache full:https://registry.npmjs.org/nopt cache-miss
71 http fetch GET 200 https://registry.npmjs.org/nopt 67ms (cache miss)
72 silly packumentCache full:https://registry.npmjs.org/nopt set size:undefined disposed:false
73 silly fetch manifest slide@*
74 silly packumentCache full:https://registry.npmjs.org/slide cache-miss
75 http fetch GET 200 https://registry.npmjs.org/slide 72ms (cache miss)
76 silly packumentCache full:https://registry.npmjs.org/slide set size:undefined disposed:false
77 silly fetch manifest difflet@~0.2.0
78 silly packumentCache full:https://registry.npmjs.org/difflet cache-miss
79 http fetch GET 200 https://registry.npmjs.org/difflet 722ms (cache miss)
80 silly packumentCache full:https://registry.npmjs.org/difflet set size:undefined disposed:false
81 silly fetch manifest yamlish@*
82 silly packumentCache full:https://registry.npmjs.org/yamlish cache-miss
83 http fetch GET 200 https://registry.npmjs.org/yamlish 705ms (cache miss)
84 silly packumentCache full:https://registry.npmjs.org/yamlish set size:undefined disposed:false
85 silly fetch manifest deep-equal@^1.0.0
86 silly packumentCache full:https://registry.npmjs.org/deep-equal cache-miss
87 http fetch GET 200 https://registry.npmjs.org/deep-equal 65ms (cache miss)
88 silly packumentCache full:https://registry.npmjs.org/deep-equal set size:undefined disposed:false
89 silly fetch manifest runforcover@~0.0.2
90 silly packumentCache full:https://registry.npmjs.org/runforcover cache-miss
91 http fetch GET 200 https://registry.npmjs.org/runforcover 743ms (cache miss)
92 silly packumentCache full:https://registry.npmjs.org/runforcover set size:undefined disposed:false
93 silly fetch manifest buffer-equal@~0.0.0
94 silly packumentCache full:https://registry.npmjs.org/buffer-equal cache-miss
95 http fetch GET 200 https://registry.npmjs.org/buffer-equal 46ms (cache miss)
96 silly packumentCache full:https://registry.npmjs.org/buffer-equal set size:undefined disposed:false
97 silly placeDep node_modules/fstream rimraf@2.7.1 OK for: fstream@1.0.12 want: 2
98 silly fetch manifest glob@^7.1.3
99 silly packumentCache full:https://registry.npmjs.org/glob cache-miss
100 http fetch GET 200 https://registry.npmjs.org/glob 5ms (cache hit)
101 silly packumentCache full:https://registry.npmjs.org/glob set size:430869 disposed:false
102 silly placeDep ROOT minimist@1.2.8 OK for: mkdirp@0.5.6 want: ^1.2.6
103 silly placeDep ROOT buffer-equal@0.0.2 OK for: tap@0.7.1 want: ~0.0.0
104 silly placeDep ROOT deep-equal@1.1.2 OK for: tap@0.7.1 want: ^1.0.0
105 silly placeDep ROOT difflet@0.2.6 OK for: tap@0.7.1 want: ~0.2.0
106 silly placeDep ROOT glob@4.5.3 OK for: tap@0.7.1 want: ^4.3.5
107 silly placeDep ROOT nopt@3.0.6 OK for: tap@0.7.1 want: ^3.0.1
108 silly placeDep ROOT runforcover@0.0.2 OK for: tap@0.7.1 want: ~0.0.2
109 silly placeDep ROOT slide@1.1.6 OK for: tap@0.7.1 want: *
110 silly placeDep ROOT yamlish@0.0.7 OK for: tap@0.7.1 want: *
111 silly fetch manifest is-arguments@^1.1.1
112 silly packumentCache full:https://registry.npmjs.org/is-arguments cache-miss
113 http fetch GET 200 https://registry.npmjs.org/is-arguments 48ms (cache miss)
114 silly packumentCache full:https://registry.npmjs.org/is-arguments set size:undefined disposed:false
115 silly fetch manifest is-date-object@^1.0.5
116 silly packumentCache full:https://registry.npmjs.org/is-date-object cache-miss
117 http fetch GET 200 https://registry.npmjs.org/is-date-object 59ms (cache miss)
118 silly packumentCache full:https://registry.npmjs.org/is-date-object set size:undefined disposed:false
119 silly fetch manifest is-regex@^1.1.4
120 silly packumentCache full:https://registry.npmjs.org/is-regex cache-miss
121 http fetch GET 200 https://registry.npmjs.org/is-regex 42ms (cache miss)
122 silly packumentCache full:https://registry.npmjs.org/is-regex set size:undefined disposed:false
123 silly fetch manifest object-is@^1.1.5
124 silly packumentCache full:https://registry.npmjs.org/object-is cache-miss
125 http fetch GET 200 https://registry.npmjs.org/object-is 66ms (cache miss)
126 silly packumentCache full:https://registry.npmjs.org/object-is set size:undefined disposed:false
127 silly fetch manifest object-keys@^1.1.1
128 silly packumentCache full:https://registry.npmjs.org/object-keys cache-miss
129 http fetch GET 200 https://registry.npmjs.org/object-keys 49ms (cache miss)
130 silly packumentCache full:https://registry.npmjs.org/object-keys set size:undefined disposed:false
131 silly fetch manifest regexp.prototype.flags@^1.5.1
132 silly packumentCache full:https://registry.npmjs.org/regexp.prototype.flags cache-miss
133 http fetch GET 200 https://registry.npmjs.org/regexp.prototype.flags 50ms (cache miss)
134 silly packumentCache full:https://registry.npmjs.org/regexp.prototype.flags set size:undefined disposed:false
135 silly fetch manifest traverse@0.6.x
136 silly packumentCache full:https://registry.npmjs.org/traverse cache-miss
137 http fetch GET 200 https://registry.npmjs.org/traverse 41ms (cache miss)
138 silly packumentCache full:https://registry.npmjs.org/traverse set size:undefined disposed:false
139 silly fetch manifest charm@0.1.x
140 silly packumentCache full:https://registry.npmjs.org/charm cache-miss
141 http fetch GET 200 https://registry.npmjs.org/charm 40ms (cache miss)
142 silly packumentCache full:https://registry.npmjs.org/charm set size:undefined disposed:false
143 silly fetch manifest deep-is@0.1.x
144 silly packumentCache full:https://registry.npmjs.org/deep-is cache-miss
145 http fetch GET 200 https://registry.npmjs.org/deep-is 35ms (cache miss)
146 silly packumentCache full:https://registry.npmjs.org/deep-is set size:undefined disposed:false
147 silly fetch manifest once@^1.3.0
148 silly packumentCache full:https://registry.npmjs.org/once cache-miss
149 http fetch GET 200 https://registry.npmjs.org/once 36ms (cache miss)
150 silly packumentCache full:https://registry.npmjs.org/once set size:undefined disposed:false
151 silly fetch manifest inflight@^1.0.4
152 silly packumentCache full:https://registry.npmjs.org/inflight cache-miss
153 http fetch GET 200 https://registry.npmjs.org/inflight 35ms (cache miss)
154 silly packumentCache full:https://registry.npmjs.org/inflight set size:undefined disposed:false
155 silly fetch manifest minimatch@^2.0.1
156 silly packumentCache full:https://registry.npmjs.org/minimatch cache-miss
157 http fetch GET 200 https://registry.npmjs.org/minimatch 41ms (cache miss)
158 silly packumentCache full:https://registry.npmjs.org/minimatch set size:undefined disposed:false
159 silly fetch manifest abbrev@1
160 silly packumentCache full:https://registry.npmjs.org/abbrev cache-miss
161 http fetch GET 200 https://registry.npmjs.org/abbrev 50ms (cache miss)
162 silly packumentCache full:https://registry.npmjs.org/abbrev set size:undefined disposed:false
163 silly fetch manifest bunker@0.1.X
164 silly packumentCache full:https://registry.npmjs.org/bunker cache-miss
165 http fetch GET 200 https://registry.npmjs.org/bunker 693ms (cache miss)
166 silly packumentCache full:https://registry.npmjs.org/bunker set size:undefined disposed:false
167 silly placeDep ROOT is-arguments@1.1.1 OK for: deep-equal@1.1.2 want: ^1.1.1
168 silly placeDep ROOT is-date-object@1.0.5 OK for: deep-equal@1.1.2 want: ^1.0.5
169 silly placeDep ROOT is-regex@1.1.4 OK for: deep-equal@1.1.2 want: ^1.1.4
170 silly placeDep ROOT object-is@1.1.6 OK for: deep-equal@1.1.2 want: ^1.1.5
171 silly placeDep ROOT object-keys@1.1.1 OK for: deep-equal@1.1.2 want: ^1.1.1
172 silly placeDep ROOT regexp.prototype.flags@1.5.3 OK for: deep-equal@1.1.2 want: ^1.5.1
173 silly fetch manifest call-bind@^1.0.2
174 silly packumentCache full:https://registry.npmjs.org/call-bind cache-miss
175 http fetch GET 200 https://registry.npmjs.org/call-bind 80ms (cache miss)
176 silly packumentCache full:https://registry.npmjs.org/call-bind set size:undefined disposed:false
177 silly fetch manifest has-tostringtag@^1.0.0
178 silly packumentCache full:https://registry.npmjs.org/has-tostringtag cache-miss
179 http fetch GET 200 https://registry.npmjs.org/has-tostringtag 51ms (cache miss)
180 silly packumentCache full:https://registry.npmjs.org/has-tostringtag set size:undefined disposed:false
181 silly fetch manifest call-bind@^1.0.7
182 silly packumentCache full:https://registry.npmjs.org/call-bind cache-miss
183 http fetch GET 200 https://registry.npmjs.org/call-bind 15ms (cache hit)
184 silly packumentCache full:https://registry.npmjs.org/call-bind set size:27182 disposed:false
185 silly fetch manifest define-properties@^1.2.1
186 silly packumentCache full:https://registry.npmjs.org/define-properties cache-miss
187 http fetch GET 200 https://registry.npmjs.org/define-properties 59ms (cache miss)
188 silly packumentCache full:https://registry.npmjs.org/define-properties set size:undefined disposed:false
189 silly fetch manifest es-errors@^1.3.0
190 silly packumentCache full:https://registry.npmjs.org/es-errors cache-miss
191 http fetch GET 200 https://registry.npmjs.org/es-errors 55ms (cache miss)
192 silly packumentCache full:https://registry.npmjs.org/es-errors set size:undefined disposed:false
193 silly fetch manifest set-function-name@^2.0.2
194 silly packumentCache full:https://registry.npmjs.org/set-function-name cache-miss
195 http fetch GET 200 https://registry.npmjs.org/set-function-name 41ms (cache miss)
196 silly packumentCache full:https://registry.npmjs.org/set-function-name set size:undefined disposed:false
197 silly placeDep ROOT charm@0.1.2 OK for: difflet@0.2.6 want: 0.1.x
198 silly placeDep ROOT deep-is@0.1.4 OK for: difflet@0.2.6 want: 0.1.x
199 silly placeDep ROOT traverse@0.6.10 OK for: difflet@0.2.6 want: 0.6.x
200 silly fetch manifest gopd@^1.0.1
201 silly packumentCache full:https://registry.npmjs.org/gopd cache-miss
202 http fetch GET 200 https://registry.npmjs.org/gopd 44ms (cache miss)
203 silly packumentCache full:https://registry.npmjs.org/gopd set size:undefined disposed:false
204 silly fetch manifest typedarray.prototype.slice@^1.0.3
205 silly packumentCache full:https://registry.npmjs.org/typedarray.prototype.slice cache-miss
206 http fetch GET 200 https://registry.npmjs.org/typedarray.prototype.slice 40ms (cache miss)
207 silly packumentCache full:https://registry.npmjs.org/typedarray.prototype.slice set size:undefined disposed:false
208 silly fetch manifest which-typed-array@^1.1.15
209 silly packumentCache full:https://registry.npmjs.org/which-typed-array cache-miss
210 http fetch GET 200 https://registry.npmjs.org/which-typed-array 54ms (cache miss)
211 silly packumentCache full:https://registry.npmjs.org/which-typed-array set size:undefined disposed:false
212 silly placeDep ROOT inflight@1.0.6 OK for: glob@4.5.3 want: ^1.0.4
213 silly placeDep ROOT minimatch@2.0.10 OK for: glob@4.5.3 want: ^2.0.1
214 silly placeDep ROOT once@1.4.0 OK for: glob@4.5.3 want: ^1.3.0
215 silly fetch manifest wrappy@1
216 silly packumentCache full:https://registry.npmjs.org/wrappy cache-miss
217 http fetch GET 200 https://registry.npmjs.org/wrappy 48ms (cache miss)
218 silly packumentCache full:https://registry.npmjs.org/wrappy set size:undefined disposed:false
219 silly fetch manifest brace-expansion@^1.0.0
220 silly packumentCache full:https://registry.npmjs.org/brace-expansion cache-miss
221 http fetch GET 200 https://registry.npmjs.org/brace-expansion 51ms (cache miss)
222 silly packumentCache full:https://registry.npmjs.org/brace-expansion set size:undefined disposed:false
223 silly placeDep ROOT wrappy@1.0.2 OK for: inflight@1.0.6 want: 1
224 silly placeDep ROOT call-bind@1.0.7 OK for: is-arguments@1.1.1 want: ^1.0.2
225 silly placeDep ROOT has-tostringtag@1.0.2 OK for: is-arguments@1.1.1 want: ^1.0.0
226 silly fetch manifest es-define-property@^1.0.0
227 silly packumentCache full:https://registry.npmjs.org/es-define-property cache-miss
228 http fetch GET 200 https://registry.npmjs.org/es-define-property 60ms (cache miss)
229 silly packumentCache full:https://registry.npmjs.org/es-define-property set size:undefined disposed:false
230 silly fetch manifest function-bind@^1.1.2
231 silly packumentCache full:https://registry.npmjs.org/function-bind cache-miss
232 http fetch GET 200 https://registry.npmjs.org/function-bind 61ms (cache miss)
233 silly packumentCache full:https://registry.npmjs.org/function-bind set size:undefined disposed:false
234 silly fetch manifest get-intrinsic@^1.2.4
235 silly packumentCache full:https://registry.npmjs.org/get-intrinsic cache-miss
236 http fetch GET 200 https://registry.npmjs.org/get-intrinsic 45ms (cache miss)
237 silly packumentCache full:https://registry.npmjs.org/get-intrinsic set size:undefined disposed:false
238 silly fetch manifest set-function-length@^1.2.1
239 silly packumentCache full:https://registry.npmjs.org/set-function-length cache-miss
240 http fetch GET 200 https://registry.npmjs.org/set-function-length 60ms (cache miss)
241 silly packumentCache full:https://registry.npmjs.org/set-function-length set size:undefined disposed:false
242 silly fetch manifest has-symbols@^1.0.3
243 silly packumentCache full:https://registry.npmjs.org/has-symbols cache-miss
244 http fetch GET 200 https://registry.npmjs.org/has-symbols 43ms (cache miss)
245 silly packumentCache full:https://registry.npmjs.org/has-symbols set size:undefined disposed:false
246 silly placeDep ROOT es-define-property@1.0.0 OK for: call-bind@1.0.7 want: ^1.0.0
247 silly placeDep ROOT es-errors@1.3.0 OK for: call-bind@1.0.7 want: ^1.3.0
248 silly placeDep ROOT function-bind@1.1.2 OK for: call-bind@1.0.7 want: ^1.1.2
249 silly placeDep ROOT get-intrinsic@1.2.4 OK for: call-bind@1.0.7 want: ^1.2.4
250 silly placeDep ROOT set-function-length@1.2.2 OK for: call-bind@1.0.7 want: ^1.2.1
251 silly fetch manifest has-proto@^1.0.1
252 silly packumentCache full:https://registry.npmjs.org/has-proto cache-miss
253 http fetch GET 200 https://registry.npmjs.org/has-proto 45ms (cache miss)
254 silly packumentCache full:https://registry.npmjs.org/has-proto set size:undefined disposed:false
255 silly fetch manifest hasown@^2.0.0
256 silly packumentCache full:https://registry.npmjs.org/hasown cache-miss
257 http fetch GET 200 https://registry.npmjs.org/hasown 59ms (cache miss)
258 silly packumentCache full:https://registry.npmjs.org/hasown set size:undefined disposed:false
259 silly fetch manifest define-data-property@^1.1.4
260 silly packumentCache full:https://registry.npmjs.org/define-data-property cache-miss
261 http fetch GET 200 https://registry.npmjs.org/define-data-property 58ms (cache miss)
262 silly packumentCache full:https://registry.npmjs.org/define-data-property set size:undefined disposed:false
263 silly fetch manifest has-property-descriptors@^1.0.2
264 silly packumentCache full:https://registry.npmjs.org/has-property-descriptors cache-miss
265 http fetch GET 200 https://registry.npmjs.org/has-property-descriptors 43ms (cache miss)
266 silly packumentCache full:https://registry.npmjs.org/has-property-descriptors set size:undefined disposed:false
267 silly placeDep ROOT has-proto@1.0.3 OK for: get-intrinsic@1.2.4 want: ^1.0.1
268 silly placeDep ROOT has-symbols@1.0.3 OK for: get-intrinsic@1.2.4 want: ^1.0.3
269 silly placeDep ROOT hasown@2.0.2 OK for: get-intrinsic@1.2.4 want: ^2.0.0
270 silly placeDep ROOT brace-expansion@1.1.11 OK for: minimatch@2.0.10 want: ^1.0.0
271 silly fetch manifest balanced-match@^1.0.0
272 silly packumentCache full:https://registry.npmjs.org/balanced-match cache-miss
273 http fetch GET 200 https://registry.npmjs.org/balanced-match 36ms (cache miss)
274 silly packumentCache full:https://registry.npmjs.org/balanced-match set size:undefined disposed:false
275 silly fetch manifest concat-map@0.0.1
276 silly packumentCache full:https://registry.npmjs.org/concat-map cache-miss
277 http fetch GET 200 https://registry.npmjs.org/concat-map 37ms (cache miss)
278 silly packumentCache full:https://registry.npmjs.org/concat-map set size:undefined disposed:false
279 silly placeDep ROOT balanced-match@1.0.2 OK for: brace-expansion@1.1.11 want: ^1.0.0
280 silly placeDep ROOT concat-map@0.0.1 OK for: brace-expansion@1.1.11 want: 0.0.1
281 silly placeDep ROOT abbrev@1.1.1 OK for: nopt@3.0.6 want: 1
282 silly placeDep ROOT define-properties@1.2.1 OK for: object-is@1.1.6 want: ^1.2.1
283 silly fetch manifest define-data-property@^1.0.1
284 silly packumentCache full:https://registry.npmjs.org/define-data-property cache-miss
285 http fetch GET 200 https://registry.npmjs.org/define-data-property 11ms (cache hit)
286 silly packumentCache full:https://registry.npmjs.org/define-data-property set size:28048 disposed:false
287 silly fetch manifest has-property-descriptors@^1.0.0
288 silly packumentCache full:https://registry.npmjs.org/has-property-descriptors cache-miss
289 http fetch GET 200 https://registry.npmjs.org/has-property-descriptors 9ms (cache hit)
290 silly packumentCache full:https://registry.npmjs.org/has-property-descriptors set size:12452 disposed:false
291 silly placeDep ROOT define-data-property@1.1.4 OK for: define-properties@1.2.1 want: ^1.0.1
292 silly placeDep ROOT has-property-descriptors@1.0.2 OK for: define-properties@1.2.1 want: ^1.0.0
293 silly placeDep ROOT gopd@1.0.1 OK for: define-data-property@1.1.4 want: ^1.0.1
294 silly placeDep ROOT set-function-name@2.0.2 OK for: regexp.prototype.flags@1.5.3 want: ^2.0.2
295 silly fetch manifest functions-have-names@^1.2.3
296 silly packumentCache full:https://registry.npmjs.org/functions-have-names cache-miss
297 http fetch GET 200 https://registry.npmjs.org/functions-have-names 51ms (cache miss)
298 silly packumentCache full:https://registry.npmjs.org/functions-have-names set size:undefined disposed:false
299 silly placeDep ROOT bunker@0.1.2 OK for: runforcover@0.0.2 want: 0.1.X
300 silly fetch manifest burrito@>=0.2.5 <0.3
301 silly packumentCache full:https://registry.npmjs.org/burrito cache-miss
302 http fetch GET 200 https://registry.npmjs.org/burrito 731ms (cache miss)
303 silly packumentCache full:https://registry.npmjs.org/burrito set size:undefined disposed:false
304 silly placeDep ROOT burrito@0.2.12 OK for: bunker@0.1.2 want: >=0.2.5 <0.3
305 silly fetch manifest traverse@~0.5.1
306 silly packumentCache full:https://registry.npmjs.org/traverse cache-miss
307 http fetch GET 200 https://registry.npmjs.org/traverse 10ms (cache hit)
308 silly packumentCache full:https://registry.npmjs.org/traverse set size:55576 disposed:false
309 silly fetch manifest uglify-js@~1.1.1
310 silly packumentCache full:https://registry.npmjs.org/uglify-js cache-miss
311 http fetch GET 200 https://registry.npmjs.org/uglify-js 74ms (cache miss)
312 silly packumentCache full:https://registry.npmjs.org/uglify-js set size:undefined disposed:false
313 silly placeDep node_modules/burrito traverse@0.5.2 OK for: burrito@0.2.12 want: ~0.5.1
314 silly placeDep ROOT uglify-js@1.1.1 OK for: burrito@0.2.12 want: ~1.1.1
315 silly placeDep ROOT functions-have-names@1.2.3 OK for: set-function-name@2.0.2 want: ^1.2.3
316 silly placeDep ROOT typedarray.prototype.slice@1.0.3 OK for: traverse@0.6.10 want: ^1.0.3
317 silly placeDep ROOT which-typed-array@1.1.15 OK for: traverse@0.6.10 want: ^1.1.15
318 silly fetch manifest es-abstract@^1.23.0
319 silly packumentCache full:https://registry.npmjs.org/es-abstract cache-miss
320 http fetch GET 200 https://registry.npmjs.org/es-abstract 61ms (cache miss)
321 silly packumentCache full:https://registry.npmjs.org/es-abstract set size:undefined disposed:false
322 silly fetch manifest typed-array-buffer@^1.0.2
323 silly packumentCache full:https://registry.npmjs.org/typed-array-buffer cache-miss
324 http fetch GET 200 https://registry.npmjs.org/typed-array-buffer 53ms (cache miss)
325 silly packumentCache full:https://registry.npmjs.org/typed-array-buffer set size:undefined disposed:false
326 silly fetch manifest typed-array-byte-offset@^1.0.2
327 silly packumentCache full:https://registry.npmjs.org/typed-array-byte-offset cache-miss
328 http fetch GET 200 https://registry.npmjs.org/typed-array-byte-offset 45ms (cache miss)
329 silly packumentCache full:https://registry.npmjs.org/typed-array-byte-offset set size:undefined disposed:false
330 silly fetch manifest available-typed-arrays@^1.0.7
331 silly packumentCache full:https://registry.npmjs.org/available-typed-arrays cache-miss
332 http fetch GET 200 https://registry.npmjs.org/available-typed-arrays 62ms (cache miss)
333 silly packumentCache full:https://registry.npmjs.org/available-typed-arrays set size:undefined disposed:false
334 silly fetch manifest for-each@^0.3.3
335 silly packumentCache full:https://registry.npmjs.org/for-each cache-miss
336 http fetch GET 200 https://registry.npmjs.org/for-each 51ms (cache miss)
337 silly packumentCache full:https://registry.npmjs.org/for-each set size:undefined disposed:false
338 silly placeDep ROOT es-abstract@1.23.4 OK for: typedarray.prototype.slice@1.0.3 want: ^1.23.0
339 silly placeDep ROOT typed-array-buffer@1.0.2 OK for: typedarray.prototype.slice@1.0.3 want: ^1.0.2
340 silly placeDep ROOT typed-array-byte-offset@1.0.2 OK for: typedarray.prototype.slice@1.0.3 want: ^1.0.2
341 silly fetch manifest array-buffer-byte-length@^1.0.1
342 silly packumentCache full:https://registry.npmjs.org/array-buffer-byte-length cache-miss
343 http fetch GET 200 https://registry.npmjs.org/array-buffer-byte-length 59ms (cache miss)
344 silly packumentCache full:https://registry.npmjs.org/array-buffer-byte-length set size:undefined disposed:false
345 silly fetch manifest arraybuffer.prototype.slice@^1.0.3
346 silly packumentCache full:https://registry.npmjs.org/arraybuffer.prototype.slice cache-miss
347 http fetch GET 200 https://registry.npmjs.org/arraybuffer.prototype.slice 47ms (cache miss)
348 silly packumentCache full:https://registry.npmjs.org/arraybuffer.prototype.slice set size:undefined disposed:false
349 silly fetch manifest data-view-buffer@^1.0.1
350 silly packumentCache full:https://registry.npmjs.org/data-view-buffer cache-miss
351 http fetch GET 200 https://registry.npmjs.org/data-view-buffer 41ms (cache miss)
352 silly packumentCache full:https://registry.npmjs.org/data-view-buffer set size:undefined disposed:false
353 silly fetch manifest data-view-byte-length@^1.0.1
354 silly packumentCache full:https://registry.npmjs.org/data-view-byte-length cache-miss
355 http fetch GET 200 https://registry.npmjs.org/data-view-byte-length 51ms (cache miss)
356 silly packumentCache full:https://registry.npmjs.org/data-view-byte-length set size:undefined disposed:false
357 silly fetch manifest data-view-byte-offset@^1.0.0
358 silly packumentCache full:https://registry.npmjs.org/data-view-byte-offset cache-miss
359 http fetch GET 200 https://registry.npmjs.org/data-view-byte-offset 50ms (cache miss)
360 silly packumentCache full:https://registry.npmjs.org/data-view-byte-offset set size:undefined disposed:false
361 silly fetch manifest es-object-atoms@^1.0.0
362 silly packumentCache full:https://registry.npmjs.org/es-object-atoms cache-miss
363 http fetch GET 200 https://registry.npmjs.org/es-object-atoms 50ms (cache miss)
364 silly packumentCache full:https://registry.npmjs.org/es-object-atoms set size:undefined disposed:false
365 silly fetch manifest es-set-tostringtag@^2.0.3
366 silly packumentCache full:https://registry.npmjs.org/es-set-tostringtag cache-miss
367 http fetch GET 200 https://registry.npmjs.org/es-set-tostringtag 44ms (cache miss)
368 silly packumentCache full:https://registry.npmjs.org/es-set-tostringtag set size:undefined disposed:false
369 silly fetch manifest es-to-primitive@^1.2.1
370 silly packumentCache full:https://registry.npmjs.org/es-to-primitive cache-miss
371 http fetch GET 200 https://registry.npmjs.org/es-to-primitive 61ms (cache miss)
372 silly packumentCache full:https://registry.npmjs.org/es-to-primitive set size:undefined disposed:false
373 silly fetch manifest function.prototype.name@^1.1.6
374 silly packumentCache full:https://registry.npmjs.org/function.prototype.name cache-miss
375 http fetch GET 200 https://registry.npmjs.org/function.prototype.name 42ms (cache miss)
376 silly packumentCache full:https://registry.npmjs.org/function.prototype.name set size:undefined disposed:false
377 silly fetch manifest get-symbol-description@^1.0.2
378 silly packumentCache full:https://registry.npmjs.org/get-symbol-description cache-miss
379 http fetch GET 200 https://registry.npmjs.org/get-symbol-description 40ms (cache miss)
380 silly packumentCache full:https://registry.npmjs.org/get-symbol-description set size:undefined disposed:false
381 silly fetch manifest globalthis@^1.0.4
382 silly packumentCache full:https://registry.npmjs.org/globalthis cache-miss
383 http fetch GET 200 https://registry.npmjs.org/globalthis 39ms (cache miss)
384 silly packumentCache full:https://registry.npmjs.org/globalthis set size:undefined disposed:false
385 silly fetch manifest internal-slot@^1.0.7
386 silly packumentCache full:https://registry.npmjs.org/internal-slot cache-miss
387 http fetch GET 200 https://registry.npmjs.org/internal-slot 50ms (cache miss)
388 silly packumentCache full:https://registry.npmjs.org/internal-slot set size:undefined disposed:false
389 silly fetch manifest is-array-buffer@^3.0.4
390 silly packumentCache full:https://registry.npmjs.org/is-array-buffer cache-miss
391 http fetch GET 200 https://registry.npmjs.org/is-array-buffer 715ms (cache miss)
392 silly packumentCache full:https://registry.npmjs.org/is-array-buffer set size:undefined disposed:false
393 silly fetch manifest is-callable@^1.2.7
394 silly packumentCache full:https://registry.npmjs.org/is-callable cache-miss
395 http fetch GET 200 https://registry.npmjs.org/is-callable 60ms (cache miss)
396 silly packumentCache full:https://registry.npmjs.org/is-callable set size:undefined disposed:false
397 silly fetch manifest is-data-view@^1.0.1
398 silly packumentCache full:https://registry.npmjs.org/is-data-view cache-miss
399 http fetch GET 200 https://registry.npmjs.org/is-data-view 61ms (cache miss)
400 silly packumentCache full:https://registry.npmjs.org/is-data-view set size:undefined disposed:false
401 silly fetch manifest is-negative-zero@^2.0.3
402 silly packumentCache full:https://registry.npmjs.org/is-negative-zero cache-miss
403 http fetch GET 200 https://registry.npmjs.org/is-negative-zero 41ms (cache miss)
404 silly packumentCache full:https://registry.npmjs.org/is-negative-zero set size:undefined disposed:false
405 silly fetch manifest is-shared-array-buffer@^1.0.3
406 silly packumentCache full:https://registry.npmjs.org/is-shared-array-buffer cache-miss
407 http fetch GET 200 https://registry.npmjs.org/is-shared-array-buffer 50ms (cache miss)
408 silly packumentCache full:https://registry.npmjs.org/is-shared-array-buffer set size:undefined disposed:false
409 silly fetch manifest is-string@^1.0.7
410 silly packumentCache full:https://registry.npmjs.org/is-string cache-miss
411 http fetch GET 200 https://registry.npmjs.org/is-string 50ms (cache miss)
412 silly packumentCache full:https://registry.npmjs.org/is-string set size:undefined disposed:false
413 silly fetch manifest is-typed-array@^1.1.13
414 silly packumentCache full:https://registry.npmjs.org/is-typed-array cache-miss
415 http fetch GET 200 https://registry.npmjs.org/is-typed-array 48ms (cache miss)
416 silly packumentCache full:https://registry.npmjs.org/is-typed-array set size:undefined disposed:false
417 silly fetch manifest is-weakref@^1.0.2
418 silly packumentCache full:https://registry.npmjs.org/is-weakref cache-miss
419 http fetch GET 200 https://registry.npmjs.org/is-weakref 49ms (cache miss)
420 silly packumentCache full:https://registry.npmjs.org/is-weakref set size:undefined disposed:false
421 silly fetch manifest object-inspect@^1.13.3
422 silly packumentCache full:https://registry.npmjs.org/object-inspect cache-miss
423 http fetch GET 200 https://registry.npmjs.org/object-inspect 46ms (cache miss)
424 silly packumentCache full:https://registry.npmjs.org/object-inspect set size:undefined disposed:false
425 silly fetch manifest object.assign@^4.1.5
426 silly packumentCache full:https://registry.npmjs.org/object.assign cache-miss
427 http fetch GET 200 https://registry.npmjs.org/object.assign 59ms (cache miss)
428 silly packumentCache full:https://registry.npmjs.org/object.assign set size:undefined disposed:false
429 silly fetch manifest safe-array-concat@^1.1.2
430 silly packumentCache full:https://registry.npmjs.org/safe-array-concat cache-miss
431 http fetch GET 200 https://registry.npmjs.org/safe-array-concat 49ms (cache miss)
432 silly packumentCache full:https://registry.npmjs.org/safe-array-concat set size:undefined disposed:false
433 silly fetch manifest safe-regex-test@^1.0.3
434 silly packumentCache full:https://registry.npmjs.org/safe-regex-test cache-miss
435 http fetch GET 200 https://registry.npmjs.org/safe-regex-test 66ms (cache miss)
436 silly packumentCache full:https://registry.npmjs.org/safe-regex-test set size:undefined disposed:false
437 silly fetch manifest string.prototype.trim@^1.2.9
438 silly packumentCache full:https://registry.npmjs.org/string.prototype.trim cache-miss
439 http fetch GET 200 https://registry.npmjs.org/string.prototype.trim 55ms (cache miss)
440 silly packumentCache full:https://registry.npmjs.org/string.prototype.trim set size:undefined disposed:false
441 silly fetch manifest string.prototype.trimend@^1.0.8
442 silly packumentCache full:https://registry.npmjs.org/string.prototype.trimend cache-miss
443 http fetch GET 200 https://registry.npmjs.org/string.prototype.trimend 43ms (cache miss)
444 silly packumentCache full:https://registry.npmjs.org/string.prototype.trimend set size:undefined disposed:false
445 silly fetch manifest string.prototype.trimstart@^1.0.8
446 silly packumentCache full:https://registry.npmjs.org/string.prototype.trimstart cache-miss
447 http fetch GET 200 https://registry.npmjs.org/string.prototype.trimstart 43ms (cache miss)
448 silly packumentCache full:https://registry.npmjs.org/string.prototype.trimstart set size:undefined disposed:false
449 silly fetch manifest typed-array-byte-length@^1.0.1
450 silly packumentCache full:https://registry.npmjs.org/typed-array-byte-length cache-miss
451 http fetch GET 200 https://registry.npmjs.org/typed-array-byte-length 60ms (cache miss)
452 silly packumentCache full:https://registry.npmjs.org/typed-array-byte-length set size:undefined disposed:false
453 silly fetch manifest typed-array-length@^1.0.6
454 silly packumentCache full:https://registry.npmjs.org/typed-array-length cache-miss
455 http fetch GET 200 https://registry.npmjs.org/typed-array-length 39ms (cache miss)
456 silly packumentCache full:https://registry.npmjs.org/typed-array-length set size:undefined disposed:false
457 silly fetch manifest unbox-primitive@^1.0.2
458 silly packumentCache full:https://registry.npmjs.org/unbox-primitive cache-miss
459 http fetch GET 200 https://registry.npmjs.org/unbox-primitive 54ms (cache miss)
460 silly packumentCache full:https://registry.npmjs.org/unbox-primitive set size:undefined disposed:false
461 silly placeDep ROOT array-buffer-byte-length@1.0.1 OK for: es-abstract@1.23.4 want: ^1.0.1
462 silly placeDep ROOT arraybuffer.prototype.slice@1.0.3 OK for: es-abstract@1.23.4 want: ^1.0.3
463 silly placeDep ROOT available-typed-arrays@1.0.7 OK for: es-abstract@1.23.4 want: ^1.0.7
464 silly placeDep ROOT data-view-buffer@1.0.1 OK for: es-abstract@1.23.4 want: ^1.0.1
465 silly placeDep ROOT data-view-byte-length@1.0.1 OK for: es-abstract@1.23.4 want: ^1.0.1
466 silly placeDep ROOT data-view-byte-offset@1.0.0 OK for: es-abstract@1.23.4 want: ^1.0.0
467 silly placeDep ROOT es-object-atoms@1.0.0 OK for: es-abstract@1.23.4 want: ^1.0.0
468 silly placeDep ROOT es-set-tostringtag@2.0.3 OK for: es-abstract@1.23.4 want: ^2.0.3
469 silly placeDep ROOT es-to-primitive@1.2.1 OK for: es-abstract@1.23.4 want: ^1.2.1
470 silly placeDep ROOT function.prototype.name@1.1.6 OK for: es-abstract@1.23.4 want: ^1.1.6
471 silly placeDep ROOT get-symbol-description@1.0.2 OK for: es-abstract@1.23.4 want: ^1.0.2
472 silly placeDep ROOT globalthis@1.0.4 OK for: es-abstract@1.23.4 want: ^1.0.4
473 silly placeDep ROOT internal-slot@1.0.7 OK for: es-abstract@1.23.4 want: ^1.0.7
474 silly placeDep ROOT is-array-buffer@3.0.4 OK for: es-abstract@1.23.4 want: ^3.0.4
475 silly placeDep ROOT is-callable@1.2.7 OK for: es-abstract@1.23.4 want: ^1.2.7
476 silly placeDep ROOT is-data-view@1.0.1 OK for: es-abstract@1.23.4 want: ^1.0.1
477 silly placeDep ROOT is-negative-zero@2.0.3 OK for: es-abstract@1.23.4 want: ^2.0.3
478 silly placeDep ROOT is-shared-array-buffer@1.0.3 OK for: es-abstract@1.23.4 want: ^1.0.3
479 silly placeDep ROOT is-string@1.0.7 OK for: es-abstract@1.23.4 want: ^1.0.7
480 silly placeDep ROOT is-typed-array@1.1.13 OK for: es-abstract@1.23.4 want: ^1.1.13
481 silly placeDep ROOT is-weakref@1.0.2 OK for: es-abstract@1.23.4 want: ^1.0.2
482 silly placeDep ROOT object-inspect@1.13.3 OK for: es-abstract@1.23.4 want: ^1.13.3
483 silly placeDep ROOT object.assign@4.1.5 OK for: es-abstract@1.23.4 want: ^4.1.5
484 silly placeDep ROOT safe-array-concat@1.1.2 OK for: es-abstract@1.23.4 want: ^1.1.2
485 silly placeDep ROOT safe-regex-test@1.0.3 OK for: es-abstract@1.23.4 want: ^1.0.3
486 silly placeDep ROOT string.prototype.trim@1.2.9 OK for: es-abstract@1.23.4 want: ^1.2.9
487 silly placeDep ROOT string.prototype.trimend@1.0.8 OK for: es-abstract@1.23.4 want: ^1.0.8
488 silly placeDep ROOT string.prototype.trimstart@1.0.8 OK for: es-abstract@1.23.4 want: ^1.0.8
489 silly placeDep ROOT typed-array-byte-length@1.0.1 OK for: es-abstract@1.23.4 want: ^1.0.1
490 silly placeDep ROOT typed-array-length@1.0.6 OK for: es-abstract@1.23.4 want: ^1.0.6
491 silly placeDep ROOT unbox-primitive@1.0.2 OK for: es-abstract@1.23.4 want: ^1.0.2
492 silly fetch manifest is-shared-array-buffer@^1.0.2
493 silly packumentCache full:https://registry.npmjs.org/is-shared-array-buffer cache-miss
494 http fetch GET 200 https://registry.npmjs.org/is-shared-array-buffer 7ms (cache hit)
495 silly packumentCache full:https://registry.npmjs.org/is-shared-array-buffer set size:16750 disposed:false
496 silly fetch manifest possible-typed-array-names@^1.0.0
497 silly packumentCache full:https://registry.npmjs.org/possible-typed-array-names cache-miss
498 http fetch GET 200 https://registry.npmjs.org/possible-typed-array-names 51ms (cache miss)
499 silly packumentCache full:https://registry.npmjs.org/possible-typed-array-names set size:undefined disposed:false
500 silly fetch manifest is-callable@^1.1.4
501 silly packumentCache full:https://registry.npmjs.org/is-callable cache-miss
502 http fetch GET 200 https://registry.npmjs.org/is-callable 12ms (cache hit)
503 silly packumentCache full:https://registry.npmjs.org/is-callable set size:66606 disposed:false
504 silly fetch manifest is-symbol@^1.0.2
505 silly packumentCache full:https://registry.npmjs.org/is-symbol cache-miss
506 http fetch GET 200 https://registry.npmjs.org/is-symbol 49ms (cache miss)
507 silly packumentCache full:https://registry.npmjs.org/is-symbol set size:undefined disposed:false
508 silly fetch manifest side-channel@^1.0.4
509 silly packumentCache full:https://registry.npmjs.org/side-channel cache-miss
510 http fetch GET 200 https://registry.npmjs.org/side-channel 54ms (cache miss)
511 silly packumentCache full:https://registry.npmjs.org/side-channel set size:undefined disposed:false
512 silly fetch manifest isarray@^2.0.5
513 silly packumentCache full:https://registry.npmjs.org/isarray cache-miss
514 http fetch GET 200 https://registry.npmjs.org/isarray 64ms (cache miss)
515 silly packumentCache full:https://registry.npmjs.org/isarray set size:undefined disposed:false
516 silly fetch manifest has-bigints@^1.0.2
517 silly packumentCache full:https://registry.npmjs.org/has-bigints cache-miss
518 http fetch GET 200 https://registry.npmjs.org/has-bigints 59ms (cache miss)
519 silly packumentCache full:https://registry.npmjs.org/has-bigints set size:undefined disposed:false
520 silly fetch manifest which-boxed-primitive@^1.0.2
521 silly packumentCache full:https://registry.npmjs.org/which-boxed-primitive cache-miss
522 http fetch GET 200 https://registry.npmjs.org/which-boxed-primitive 74ms (cache miss)
523 silly packumentCache full:https://registry.npmjs.org/which-boxed-primitive set size:undefined disposed:false
524 silly placeDep ROOT possible-typed-array-names@1.0.0 OK for: available-typed-arrays@1.0.7 want: ^1.0.0
525 silly placeDep ROOT is-symbol@1.0.4 OK for: es-to-primitive@1.2.1 want: ^1.0.2
526 silly placeDep ROOT side-channel@1.0.6 OK for: internal-slot@1.0.7 want: ^1.0.4
527 silly placeDep ROOT isarray@2.0.5 OK for: safe-array-concat@1.1.2 want: ^2.0.5
528 silly placeDep ROOT for-each@0.3.3 OK for: typed-array-byte-length@1.0.1 want: ^0.3.3
529 silly placeDep ROOT has-bigints@1.0.2 OK for: unbox-primitive@1.0.2 want: ^1.0.2
530 silly placeDep ROOT which-boxed-primitive@1.0.2 OK for: unbox-primitive@1.0.2 want: ^1.0.2
531 silly fetch manifest is-bigint@^1.0.1
532 silly packumentCache full:https://registry.npmjs.org/is-bigint cache-miss
533 http fetch GET 200 https://registry.npmjs.org/is-bigint 51ms (cache miss)
534 silly packumentCache full:https://registry.npmjs.org/is-bigint set size:undefined disposed:false
535 silly fetch manifest is-boolean-object@^1.1.0
536 silly packumentCache full:https://registry.npmjs.org/is-boolean-object cache-miss
537 http fetch GET 200 https://registry.npmjs.org/is-boolean-object 54ms (cache miss)
538 silly packumentCache full:https://registry.npmjs.org/is-boolean-object set size:undefined disposed:false
539 silly fetch manifest is-number-object@^1.0.4
540 silly packumentCache full:https://registry.npmjs.org/is-number-object cache-miss
541 http fetch GET 200 https://registry.npmjs.org/is-number-object 50ms (cache miss)
542 silly packumentCache full:https://registry.npmjs.org/is-number-object set size:undefined disposed:false
543 silly placeDep ROOT is-bigint@1.0.4 OK for: which-boxed-primitive@1.0.2 want: ^1.0.1
544 silly placeDep ROOT is-boolean-object@1.1.2 OK for: which-boxed-primitive@1.0.2 want: ^1.1.0
545 silly placeDep ROOT is-number-object@1.0.7 OK for: which-boxed-primitive@1.0.2 want: ^1.0.4
546 silly placeDep node_modules/fstream glob@7.2.3 OK for: rimraf@2.7.1 want: ^7.1.3
547 silly fetch manifest minimatch@^3.1.1
548 silly packumentCache full:https://registry.npmjs.org/minimatch cache-miss
549 http fetch GET 200 https://registry.npmjs.org/minimatch 18ms (cache hit)
550 silly packumentCache full:https://registry.npmjs.org/minimatch set size:398328 disposed:false
551 silly fetch manifest fs.realpath@^1.0.0
552 silly packumentCache full:https://registry.npmjs.org/fs.realpath cache-miss
553 http fetch GET 200 https://registry.npmjs.org/fs.realpath 40ms (cache miss)
554 silly packumentCache full:https://registry.npmjs.org/fs.realpath set size:undefined disposed:false
555 silly fetch manifest path-is-absolute@^1.0.0
556 silly packumentCache full:https://registry.npmjs.org/path-is-absolute cache-miss
557 http fetch GET 200 https://registry.npmjs.org/path-is-absolute 41ms (cache miss)
558 silly packumentCache full:https://registry.npmjs.org/path-is-absolute set size:undefined disposed:false
559 silly placeDep ROOT fs.realpath@1.0.0 OK for: glob@7.2.3 want: ^1.0.0
560 silly placeDep node_modules/fstream minimatch@3.1.2 OK for: glob@7.2.3 want: ^3.1.1
561 silly placeDep ROOT path-is-absolute@1.0.1 OK for: glob@7.2.3 want: ^1.0.0
562 silly audit bulk request {
562 silly audit   'block-stream': [ '0.0.9' ],
562 silly audit   fstream: [ '1.0.12' ],
562 silly audit   'graceful-fs': [ '4.2.11' ],
562 silly audit   inherits: [ '2.0.4' ],
562 silly audit   mkdirp: [ '0.5.6' ],
562 silly audit   rimraf: [ '1.0.9', '2.7.1' ],
562 silly audit   tap: [ '0.7.1' ],
562 silly audit   minimist: [ '1.2.8' ],
562 silly audit   'buffer-equal': [ '0.0.2' ],
562 silly audit   'deep-equal': [ '1.1.2' ],
562 silly audit   difflet: [ '0.2.6' ],
562 silly audit   glob: [ '4.5.3', '7.2.3' ],
562 silly audit   nopt: [ '3.0.6' ],
562 silly audit   runforcover: [ '0.0.2' ],
562 silly audit   slide: [ '1.1.6' ],
562 silly audit   yamlish: [ '0.0.7' ],
562 silly audit   'is-arguments': [ '1.1.1' ],
562 silly audit   'is-date-object': [ '1.0.5' ],
562 silly audit   'is-regex': [ '1.1.4' ],
562 silly audit   'object-is': [ '1.1.6' ],
562 silly audit   'object-keys': [ '1.1.1' ],
562 silly audit   'regexp.prototype.flags': [ '1.5.3' ],
562 silly audit   charm: [ '0.1.2' ],
562 silly audit   'deep-is': [ '0.1.4' ],
562 silly audit   traverse: [ '0.6.10', '0.5.2' ],
562 silly audit   inflight: [ '1.0.6' ],
562 silly audit   minimatch: [ '2.0.10', '3.1.2' ],
562 silly audit   once: [ '1.4.0' ],
562 silly audit   wrappy: [ '1.0.2' ],
562 silly audit   'call-bind': [ '1.0.7' ],
562 silly audit   'has-tostringtag': [ '1.0.2' ],
562 silly audit   'es-define-property': [ '1.0.0' ],
562 silly audit   'es-errors': [ '1.3.0' ],
562 silly audit   'function-bind': [ '1.1.2' ],
562 silly audit   'get-intrinsic': [ '1.2.4' ],
562 silly audit   'set-function-length': [ '1.2.2' ],
562 silly audit   'has-proto': [ '1.0.3' ],
562 silly audit   'has-symbols': [ '1.0.3' ],
562 silly audit   hasown: [ '2.0.2' ],
562 silly audit   'brace-expansion': [ '1.1.11' ],
562 silly audit   'balanced-match': [ '1.0.2' ],
562 silly audit   'concat-map': [ '0.0.1' ],
562 silly audit   abbrev: [ '1.1.1' ],
562 silly audit   'define-properties': [ '1.2.1' ],
562 silly audit   'define-data-property': [ '1.1.4' ],
562 silly audit   'has-property-descriptors': [ '1.0.2' ],
562 silly audit   gopd: [ '1.0.1' ],
562 silly audit   'set-function-name': [ '2.0.2' ],
562 silly audit   bunker: [ '0.1.2' ],
562 silly audit   burrito: [ '0.2.12' ],
562 silly audit   'uglify-js': [ '1.1.1' ],
562 silly audit   'functions-have-names': [ '1.2.3' ],
562 silly audit   'typedarray.prototype.slice': [ '1.0.3' ],
562 silly audit   'which-typed-array': [ '1.1.15' ],
562 silly audit   'es-abstract': [ '1.23.4' ],
562 silly audit   'typed-array-buffer': [ '1.0.2' ],
562 silly audit   'typed-array-byte-offset': [ '1.0.2' ],
562 silly audit   'array-buffer-byte-length': [ '1.0.1' ],
562 silly audit   'arraybuffer.prototype.slice': [ '1.0.3' ],
562 silly audit   'available-typed-arrays': [ '1.0.7' ],
562 silly audit   'data-view-buffer': [ '1.0.1' ],
562 silly audit   'data-view-byte-length': [ '1.0.1' ],
562 silly audit   'data-view-byte-offset': [ '1.0.0' ],
562 silly audit   'es-object-atoms': [ '1.0.0' ],
562 silly audit   'es-set-tostringtag': [ '2.0.3' ],
562 silly audit   'es-to-primitive': [ '1.2.1' ],
562 silly audit   'function.prototype.name': [ '1.1.6' ],
562 silly audit   'get-symbol-description': [ '1.0.2' ],
562 silly audit   globalthis: [ '1.0.4' ],
562 silly audit   'internal-slot': [ '1.0.7' ],
562 silly audit   'is-array-buffer': [ '3.0.4' ],
562 silly audit   'is-callable': [ '1.2.7' ],
562 silly audit   'is-data-view': [ '1.0.1' ],
562 silly audit   'is-negative-zero': [ '2.0.3' ],
562 silly audit   'is-shared-array-buffer': [ '1.0.3' ],
562 silly audit   'is-string': [ '1.0.7' ],
562 silly audit   'is-typed-array': [ '1.1.13' ],
562 silly audit   'is-weakref': [ '1.0.2' ],
562 silly audit   'object-inspect': [ '1.13.3' ],
562 silly audit   'object.assign': [ '4.1.5' ],
562 silly audit   'safe-array-concat': [ '1.1.2' ],
562 silly audit   'safe-regex-test': [ '1.0.3' ],
562 silly audit   'string.prototype.trim': [ '1.2.9' ],
562 silly audit   'string.prototype.trimend': [ '1.0.8' ],
562 silly audit   'string.prototype.trimstart': [ '1.0.8' ],
562 silly audit   'typed-array-byte-length': [ '1.0.1' ],
562 silly audit   'typed-array-length': [ '1.0.6' ],
562 silly audit   'unbox-primitive': [ '1.0.2' ],
562 silly audit   'possible-typed-array-names': [ '1.0.0' ],
562 silly audit   'is-symbol': [ '1.0.4' ],
562 silly audit   'side-channel': [ '1.0.6' ],
562 silly audit   isarray: [ '2.0.5' ],
562 silly audit   'for-each': [ '0.3.3' ],
562 silly audit   'has-bigints': [ '1.0.2' ],
562 silly audit   'which-boxed-primitive': [ '1.0.2' ],
562 silly audit   'is-bigint': [ '1.0.4' ],
562 silly audit   'is-boolean-object': [ '1.1.2' ],
562 silly audit   'is-number-object': [ '1.0.7' ],
562 silly audit   'fs.realpath': [ '1.0.0' ],
562 silly audit   'path-is-absolute': [ '1.0.1' ]
562 silly audit }
563 http fetch POST 200 https://registry.npmjs.org/-/npm/v1/security/advisories/bulk 380ms
564 silly audit report {
564 silly audit report   minimatch: [
564 silly audit report     {
564 silly audit report       id: 1093710,
564 silly audit report       url: 'https://github.com/advisories/GHSA-hxm2-r34f-qmc5',
564 silly audit report       title: 'Regular Expression Denial of Service in minimatch',
564 silly audit report       severity: 'high',
564 silly audit report       vulnerable_versions: '<3.0.2',
564 silly audit report       cwe: [Array],
564 silly audit report       cvss: [Object]
564 silly audit report     },
564 silly audit report     {
564 silly audit report       id: 1096485,
564 silly audit report       url: 'https://github.com/advisories/GHSA-f8q6-p94x-37v3',
564 silly audit report       title: 'minimatch ReDoS vulnerability',
564 silly audit report       severity: 'high',
564 silly audit report       vulnerable_versions: '<3.0.5',
564 silly audit report       cwe: [Array],
564 silly audit report       cvss: [Object]
564 silly audit report     }
564 silly audit report   ],
564 silly audit report   'uglify-js': [
564 silly audit report     {
564 silly audit report       id: 1091686,
564 silly audit report       url: 'https://github.com/advisories/GHSA-c9f4-xj24-8jqx',
564 silly audit report       title: 'Regular Expression Denial of Service in uglify-js',
564 silly audit report       severity: 'high',
564 silly audit report       vulnerable_versions: '<2.6.0',
564 silly audit report       cwe: [Array],
564 silly audit report       cvss: [Object]
564 silly audit report     },
564 silly audit report     {
564 silly audit report       id: 1091710,
564 silly audit report       url: 'https://github.com/advisories/GHSA-34r7-q49f-h37c',
564 silly audit report       title: 'Incorrect Handling of Non-Boolean Comparisons During Minification in uglify-js',
564 silly audit report       severity: 'critical',
564 silly audit report       vulnerable_versions: '<2.4.24',
564 silly audit report       cwe: [Array],
564 silly audit report       cvss: [Object]
564 silly audit report     }
564 silly audit report   ]
564 silly audit report }
565 silly packumentCache corgi:https://registry.npmjs.org/minimatch cache-miss
566 silly packumentCache corgi:https://registry.npmjs.org/uglify-js cache-miss
567 http fetch GET 200 https://registry.npmjs.org/minimatch 64ms (cache miss)
568 silly packumentCache corgi:https://registry.npmjs.org/minimatch set size:undefined disposed:false
569 http fetch GET 200 https://registry.npmjs.org/uglify-js 162ms (cache miss)
570 silly packumentCache corgi:https://registry.npmjs.org/uglify-js set size:undefined disposed:false
571 silly packumentCache corgi:https://registry.npmjs.org/glob cache-miss
572 http fetch GET 200 https://registry.npmjs.org/glob 62ms (cache miss)
573 silly packumentCache corgi:https://registry.npmjs.org/glob set size:undefined disposed:false
574 silly packumentCache corgi:https://registry.npmjs.org/burrito cache-miss
575 http fetch GET 200 https://registry.npmjs.org/burrito 737ms (cache miss)
576 silly packumentCache corgi:https://registry.npmjs.org/burrito set size:undefined disposed:false
577 silly packumentCache corgi:https://registry.npmjs.org/tap cache-miss
578 http fetch GET 200 https://registry.npmjs.org/tap 110ms (cache miss)
579 silly packumentCache corgi:https://registry.npmjs.org/tap set size:undefined disposed:false
580 silly packumentCache corgi:https://registry.npmjs.org/bunker cache-miss
581 http fetch GET 200 https://registry.npmjs.org/bunker 680ms (cache miss)
582 silly packumentCache corgi:https://registry.npmjs.org/bunker set size:undefined disposed:false
583 silly packumentCache corgi:https://registry.npmjs.org/runforcover cache-miss
584 http fetch GET 200 https://registry.npmjs.org/runforcover 708ms (cache miss)
585 silly packumentCache corgi:https://registry.npmjs.org/runforcover set size:undefined disposed:false
586 verbose cwd /home/penurajeshitsd/react_18
587 verbose os Linux 6.1.112+
588 verbose node v22.11.0
589 verbose npm  v10.9.0
590 verbose exit 0
591 info ok
