0 verbose cli /usr/local/nvm/versions/node/v22.11.0/bin/node /usr/local/nvm/versions/node/v22.11.0/bin/npm
1 info using npm@10.9.0
2 info using node@v22.11.0
3 silly config load:file:/usr/local/nvm/versions/node/v22.11.0/lib/node_modules/npm/npmrc
4 silly config load:file:/home/penurajeshitsd/.cache/typescript/5.4/.npmrc
5 silly config load:file:/home/penurajeshitsd/.npmrc
6 silly config load:file:/usr/local/nvm/versions/node/v22.11.0/etc/npmrc
7 verbose title npm install @types/picomatch@ts5.4
8 verbose argv "install" "--ignore-scripts" "@types/picomatch@ts5.4" "--save-dev" "--user-agent" "typesInstaller/5.4.5"
9 verbose logfile logs-max:10 dir:/home/penurajeshitsd/.npm/_logs/2024-11-14T08_15_07_858Z-
10 verbose logfile /home/penurajeshitsd/.npm/_logs/2024-11-14T08_15_07_858Z-debug-0.log
11 silly logfile start cleaning logs, removing 1 files
12 silly packumentCache heap:2197815296 maxSize:549453824 maxEntrySize:274726912
13 silly logfile done cleaning log files
14 silly packumentCache corgi:https://registry.npmjs.org/@types%2fpicomatch cache-miss
15 http fetch GET 200 https://registry.npmjs.org/@types%2fpicomatch 183ms (cache miss)
16 silly packumentCache corgi:https://registry.npmjs.org/@types%2fpicomatch set size:undefined disposed:false
17 silly idealTree buildDeps
18 silly fetch manifest @types/picomatch@3.0.1
19 silly packumentCache full:https://registry.npmjs.org/@types%2fpicomatch cache-miss
20 http fetch GET 200 https://registry.npmjs.org/@types%2fpicomatch 112ms (cache miss)
21 silly packumentCache full:https://registry.npmjs.org/@types%2fpicomatch set size:undefined disposed:false
22 silly placeDep ROOT @types/picomatch@3.0.1 OK for:  want: 3.0.1
23 silly reify moves {}
24 silly audit bulk request {
24 silly audit   '@types/node': [ '22.9.0' ],
24 silly audit   '@types/prop-types': [ '15.7.13' ],
24 silly audit   '@types/react': [ '18.3.12' ],
24 silly audit   '@types/react-dom': [ '18.3.1' ],
24 silly audit   csstype: [ '3.1.3' ],
24 silly audit   'types-registry': [ '0.1.694' ],
24 silly audit   'undici-types': [ '6.19.8' ],
24 silly audit   '@types/picomatch': [ '3.0.1' ]
24 silly audit }
25 silly tarball no local data for @types/picomatch@https://registry.npmjs.org/@types/picomatch/-/picomatch-3.0.1.tgz. Extracting by manifest.
26 http fetch GET 200 https://registry.npmjs.org/@types/picomatch/-/picomatch-3.0.1.tgz 120ms (cache miss)
27 http fetch POST 200 https://registry.npmjs.org/-/npm/v1/security/advisories/bulk 264ms
28 silly audit report {}
29 silly ADD node_modules/@types/picomatch
30 verbose cwd /home/penurajeshitsd/.cache/typescript/5.4
31 verbose os Linux 6.1.112+
32 verbose node v22.11.0
33 verbose npm  v10.9.0
34 verbose exit 0
35 info ok
