0 verbose cli /usr/local/nvm/versions/node/v22.11.0/bin/node /usr/local/nvm/versions/node/v22.11.0/bin/npm
1 info using npm@10.9.0
2 info using node@v22.11.0
3 silly config load:file:/usr/local/nvm/versions/node/v22.11.0/lib/node_modules/npm/npmrc
4 silly config load:file:/home/penurajeshitsd/react_18/hacker-stories/.npmrc
5 silly config load:file:/home/penurajeshitsd/.npmrc
6 silly config load:file:/usr/local/nvm/versions/node/v22.11.0/etc/npmrc
7 verbose title npm install axios
8 verbose argv "install" "axios"
9 verbose logfile logs-max:10 dir:/home/penurajeshitsd/.npm/_logs/2024-11-15T09_01_29_851Z-
10 verbose logfile /home/penurajeshitsd/.npm/_logs/2024-11-15T09_01_29_851Z-debug-0.log
11 silly logfile start cleaning logs, removing 1 files
12 silly packumentCache heap:2197815296 maxSize:549453824 maxEntrySize:274726912
13 silly logfile done cleaning log files
14 silly idealTree buildDeps
15 silly fetch manifest axios@*
16 silly packumentCache full:https://registry.npmjs.org/axios cache-miss
17 http fetch GET 200 https://registry.npmjs.org/axios 192ms (cache miss)
18 silly packumentCache full:https://registry.npmjs.org/axios set size:undefined disposed:false
19 silly placeDep ROOT axios@1.7.7 OK for: hacker-stories@0.0.0 want: *
20 silly fetch manifest form-data@^4.0.0
21 silly packumentCache full:https://registry.npmjs.org/form-data cache-miss
22 http fetch GET 200 https://registry.npmjs.org/form-data 39ms (cache miss)
23 silly packumentCache full:https://registry.npmjs.org/form-data set size:undefined disposed:false
24 silly fetch manifest proxy-from-env@^1.1.0
25 silly packumentCache full:https://registry.npmjs.org/proxy-from-env cache-miss
26 http fetch GET 200 https://registry.npmjs.org/proxy-from-env 30ms (cache miss)
27 silly packumentCache full:https://registry.npmjs.org/proxy-from-env set size:undefined disposed:false
28 silly fetch manifest follow-redirects@^1.15.6
29 silly packumentCache full:https://registry.npmjs.org/follow-redirects cache-miss
30 http fetch GET 200 https://registry.npmjs.org/follow-redirects 36ms (cache miss)
31 silly packumentCache full:https://registry.npmjs.org/follow-redirects set size:undefined disposed:false
32 silly placeDep ROOT follow-redirects@1.15.9 OK for: axios@1.7.7 want: ^1.15.6
33 silly placeDep ROOT form-data@4.0.1 OK for: axios@1.7.7 want: ^4.0.0
34 silly placeDep ROOT proxy-from-env@1.1.0 OK for: axios@1.7.7 want: ^1.1.0
35 silly fetch manifest asynckit@^0.4.0
36 silly packumentCache full:https://registry.npmjs.org/asynckit cache-miss
37 http fetch GET 200 https://registry.npmjs.org/asynckit 30ms (cache miss)
38 silly packumentCache full:https://registry.npmjs.org/asynckit set size:undefined disposed:false
39 silly fetch manifest combined-stream@^1.0.8
40 silly packumentCache full:https://registry.npmjs.org/combined-stream cache-miss
41 http fetch GET 200 https://registry.npmjs.org/combined-stream 28ms (cache miss)
42 silly packumentCache full:https://registry.npmjs.org/combined-stream set size:undefined disposed:false
43 silly fetch manifest mime-types@^2.1.12
44 silly packumentCache full:https://registry.npmjs.org/mime-types cache-miss
45 http fetch GET 200 https://registry.npmjs.org/mime-types 30ms (cache miss)
46 silly packumentCache full:https://registry.npmjs.org/mime-types set size:undefined disposed:false
47 silly placeDep ROOT asynckit@0.4.0 OK for: form-data@4.0.1 want: ^0.4.0
48 silly placeDep ROOT combined-stream@1.0.8 OK for: form-data@4.0.1 want: ^1.0.8
49 silly placeDep ROOT mime-types@2.1.35 OK for: form-data@4.0.1 want: ^2.1.12
50 silly fetch manifest delayed-stream@~1.0.0
51 silly packumentCache full:https://registry.npmjs.org/delayed-stream cache-miss
52 http fetch GET 200 https://registry.npmjs.org/delayed-stream 29ms (cache miss)
53 silly packumentCache full:https://registry.npmjs.org/delayed-stream set size:undefined disposed:false
54 silly fetch manifest mime-db@1.52.0
55 silly packumentCache full:https://registry.npmjs.org/mime-db cache-miss
56 http fetch GET 200 https://registry.npmjs.org/mime-db 40ms (cache miss)
57 silly packumentCache full:https://registry.npmjs.org/mime-db set size:undefined disposed:false
58 silly placeDep ROOT delayed-stream@1.0.0 OK for: combined-stream@1.0.8 want: ~1.0.0
59 silly placeDep ROOT mime-db@1.52.0 OK for: mime-types@2.1.35 want: 1.52.0
60 silly reify moves {}
61 silly audit bulk request {
61 silly audit   '@ampproject/remapping': [ '2.3.0' ],
61 silly audit   '@babel/code-frame': [ '7.26.2' ],
61 silly audit   '@babel/compat-data': [ '7.26.2' ],
61 silly audit   '@babel/core': [ '7.26.0' ],
61 silly audit   '@babel/generator': [ '7.26.2' ],
61 silly audit   '@babel/helper-compilation-targets': [ '7.25.9' ],
61 silly audit   '@babel/helper-module-imports': [ '7.25.9' ],
61 silly audit   '@babel/helper-module-transforms': [ '7.26.0' ],
61 silly audit   '@babel/helper-plugin-utils': [ '7.25.9' ],
61 silly audit   '@babel/helper-string-parser': [ '7.25.9' ],
61 silly audit   '@babel/helper-validator-identifier': [ '7.25.9' ],
61 silly audit   '@babel/helper-validator-option': [ '7.25.9' ],
61 silly audit   '@babel/helpers': [ '7.26.0' ],
61 silly audit   '@babel/parser': [ '7.26.2' ],
61 silly audit   '@babel/plugin-transform-react-jsx-self': [ '7.25.9' ],
61 silly audit   '@babel/plugin-transform-react-jsx-source': [ '7.25.9' ],
61 silly audit   '@babel/template': [ '7.25.9' ],
61 silly audit   '@babel/traverse': [ '7.25.9' ],
61 silly audit   globals: [ '11.12.0', '14.0.0', '15.12.0' ],
61 silly audit   '@babel/types': [ '7.26.0' ],
61 silly audit   '@esbuild/aix-ppc64': [ '0.21.5' ],
61 silly audit   '@esbuild/android-arm': [ '0.21.5' ],
61 silly audit   '@esbuild/android-arm64': [ '0.21.5' ],
61 silly audit   '@esbuild/android-x64': [ '0.21.5' ],
61 silly audit   '@esbuild/darwin-arm64': [ '0.21.5' ],
61 silly audit   '@esbuild/darwin-x64': [ '0.21.5' ],
61 silly audit   '@esbuild/freebsd-arm64': [ '0.21.5' ],
61 silly audit   '@esbuild/freebsd-x64': [ '0.21.5' ],
61 silly audit   '@esbuild/linux-arm': [ '0.21.5' ],
61 silly audit   '@esbuild/linux-arm64': [ '0.21.5' ],
61 silly audit   '@esbuild/linux-ia32': [ '0.21.5' ],
61 silly audit   '@esbuild/linux-loong64': [ '0.21.5' ],
61 silly audit   '@esbuild/linux-mips64el': [ '0.21.5' ],
61 silly audit   '@esbuild/linux-ppc64': [ '0.21.5' ],
61 silly audit   '@esbuild/linux-riscv64': [ '0.21.5' ],
61 silly audit   '@esbuild/linux-s390x': [ '0.21.5' ],
61 silly audit   '@esbuild/linux-x64': [ '0.21.5' ],
61 silly audit   '@esbuild/netbsd-x64': [ '0.21.5' ],
61 silly audit   '@esbuild/openbsd-x64': [ '0.21.5' ],
61 silly audit   '@esbuild/sunos-x64': [ '0.21.5' ],
61 silly audit   '@esbuild/win32-arm64': [ '0.21.5' ],
61 silly audit   '@esbuild/win32-ia32': [ '0.21.5' ],
61 silly audit   '@esbuild/win32-x64': [ '0.21.5' ],
61 silly audit   '@eslint-community/eslint-utils': [ '4.4.1' ],
61 silly audit   'eslint-visitor-keys': [ '3.4.3', '4.2.0' ],
61 silly audit   '@eslint-community/regexpp': [ '4.12.1' ],
61 silly audit   '@eslint/config-array': [ '0.18.0' ],
61 silly audit   '@eslint/core': [ '0.7.0' ],
61 silly audit   '@eslint/eslintrc': [ '3.1.0' ],
61 silly audit   '@eslint/js': [ '9.14.0' ],
61 silly audit   '@eslint/object-schema': [ '2.1.4' ],
61 silly audit   '@eslint/plugin-kit': [ '0.2.2' ],
61 silly audit   '@humanfs/core': [ '0.19.1' ],
61 silly audit   '@humanfs/node': [ '0.16.6' ],
61 silly audit   '@humanwhocodes/retry': [ '0.3.1', '0.4.1' ],
61 silly audit   '@humanwhocodes/module-importer': [ '1.0.1' ],
61 silly audit   '@jridgewell/gen-mapping': [ '0.3.5' ],
61 silly audit   '@jridgewell/resolve-uri': [ '3.1.2' ],
61 silly audit   '@jridgewell/set-array': [ '1.2.1' ],
61 silly audit   '@jridgewell/sourcemap-codec': [ '1.5.0' ],
61 silly audit   '@jridgewell/trace-mapping': [ '0.3.25' ],
61 silly audit   '@rollup/pluginutils': [ '4.2.1' ],
61 silly audit   '@rollup/rollup-android-arm-eabi': [ '4.26.0' ],
61 silly audit   '@rollup/rollup-android-arm64': [ '4.26.0' ],
61 silly audit   '@rollup/rollup-darwin-arm64': [ '4.26.0' ],
61 silly audit   '@rollup/rollup-darwin-x64': [ '4.26.0' ],
61 silly audit   '@rollup/rollup-freebsd-arm64': [ '4.26.0' ],
61 silly audit   '@rollup/rollup-freebsd-x64': [ '4.26.0' ],
61 silly audit   '@rollup/rollup-linux-arm-gnueabihf': [ '4.26.0' ],
61 silly audit   '@rollup/rollup-linux-arm-musleabihf': [ '4.26.0' ],
61 silly audit   '@rollup/rollup-linux-arm64-gnu': [ '4.26.0' ],
61 silly audit   '@rollup/rollup-linux-arm64-musl': [ '4.26.0' ],
61 silly audit   '@rollup/rollup-linux-powerpc64le-gnu': [ '4.26.0' ],
61 silly audit   '@rollup/rollup-linux-riscv64-gnu': [ '4.26.0' ],
61 silly audit   '@rollup/rollup-linux-s390x-gnu': [ '4.26.0' ],
61 silly audit   '@rollup/rollup-linux-x64-gnu': [ '4.26.0' ],
61 silly audit   '@rollup/rollup-linux-x64-musl': [ '4.26.0' ],
61 silly audit   '@rollup/rollup-win32-arm64-msvc': [ '4.26.0' ],
61 silly audit   '@rollup/rollup-win32-ia32-msvc': [ '4.26.0' ],
61 silly audit   '@rollup/rollup-win32-x64-msvc': [ '4.26.0' ],
61 silly audit   '@types/babel__core': [ '7.20.5' ],
61 silly audit   '@types/babel__generator': [ '7.6.8' ],
61 silly audit   '@types/babel__template': [ '7.4.4' ],
61 silly audit   '@types/babel__traverse': [ '7.20.6' ],
61 silly audit   '@types/eslint': [ '8.56.12' ],
61 silly audit   '@types/estree': [ '1.0.6' ],
61 silly audit   '@types/json-schema': [ '7.0.15' ],
61 silly audit   '@types/prop-types': [ '15.7.13' ],
61 silly audit   '@types/react': [ '18.3.12' ],
61 silly audit   '@types/react-dom': [ '18.3.1' ],
61 silly audit   '@vitejs/plugin-react': [ '4.3.3' ],
61 silly audit   acorn: [ '8.14.0' ],
61 silly audit   'acorn-jsx': [ '5.3.2' ],
61 silly audit   ajv: [ '6.12.6' ],
61 silly audit   'ansi-styles': [ '4.3.0' ],
61 silly audit   argparse: [ '2.0.1' ],
61 silly audit   'array-buffer-byte-length': [ '1.0.1' ],
61 silly audit   'array-includes': [ '3.1.8' ],
61 silly audit   'array.prototype.findlast': [ '1.2.5' ],
61 silly audit   'array.prototype.flat': [ '1.3.2' ],
61 silly audit   'array.prototype.flatmap': [ '1.3.2' ],
61 silly audit   'array.prototype.tosorted': [ '1.1.4' ],
61 silly audit   'arraybuffer.prototype.slice': [ '1.0.3' ],
61 silly audit   'available-typed-arrays': [ '1.0.7' ],
61 silly audit   'balanced-match': [ '1.0.2' ],
61 silly audit   'brace-expansion': [ '1.1.11' ],
61 silly audit   browserslist: [ '4.24.2' ],
61 silly audit   'call-bind': [ '1.0.7' ],
61 silly audit   callsites: [ '3.1.0' ],
61 silly audit   'caniuse-lite': [ '1.0.30001680' ],
61 silly audit   chalk: [ '4.1.2' ],
61 silly audit   'color-convert': [ '2.0.1' ],
61 silly audit   'color-name': [ '1.1.4' ],
61 silly audit   'concat-map': [ '0.0.1' ],
61 silly audit   'convert-source-map': [ '2.0.0' ],
61 silly audit   'cross-spawn': [ '7.0.5' ],
61 silly audit   csstype: [ '3.1.3' ],
61 silly audit   'data-view-buffer': [ '1.0.1' ],
61 silly audit   'data-view-byte-length': [ '1.0.1' ],
61 silly audit   'data-view-byte-offset': [ '1.0.0' ],
61 silly audit   debug: [ '4.3.7' ],
61 silly audit   'deep-is': [ '0.1.4' ],
61 silly audit   'define-data-property': [ '1.1.4' ],
61 silly audit   'define-properties': [ '1.2.1' ],
61 silly audit   doctrine: [ '2.1.0' ],
61 silly audit   'electron-to-chromium': [ '1.5.57' ],
61 silly audit   'es-abstract': [ '1.23.4' ],
61 silly audit   'es-define-property': [ '1.0.0' ],
61 silly audit   'es-errors': [ '1.3.0' ],
61 silly audit   'es-iterator-helpers': [ '1.2.0' ],
61 silly audit   'es-object-atoms': [ '1.0.0' ],
61 silly audit   'es-set-tostringtag': [ '2.0.3' ],
61 silly audit   'es-shim-unscopables': [ '1.0.2' ],
61 silly audit   'es-to-primitive': [ '1.2.1' ],
61 silly audit   esbuild: [ '0.21.5' ],
61 silly audit   escalade: [ '3.2.0' ],
61 silly audit   'escape-string-regexp': [ '4.0.0' ],
61 silly audit   eslint: [ '9.14.0' ],
61 silly audit   'eslint-plugin-react': [ '7.37.2' ],
61 silly audit   'eslint-plugin-react-hooks': [ '5.0.0' ],
61 silly audit   'eslint-plugin-react-refresh': [ '0.4.14' ],
61 silly audit   'eslint-scope': [ '8.2.0' ],
61 silly audit   espree: [ '10.3.0' ],
61 silly audit   esquery: [ '1.6.0' ],
61 silly audit   esrecurse: [ '4.3.0' ],
61 silly audit   estraverse: [ '5.3.0' ],
61 silly audit   'estree-walker': [ '2.0.2' ],
61 silly audit   esutils: [ '2.0.3' ],
61 silly audit   'fast-deep-equal': [ '3.1.3' ],
61 silly audit   'fast-json-stable-stringify': [ '2.1.0' ],
61 silly audit   'fast-levenshtein': [ '2.0.6' ],
61 silly audit   'file-entry-cache': [ '8.0.0' ],
61 silly audit   'find-up': [ '5.0.0' ],
61 silly audit   'flat-cache': [ '4.0.1' ],
61 silly audit   flatted: [ '3.3.1' ],
61 silly audit   'for-each': [ '0.3.3' ],
61 silly audit   fsevents: [ '2.3.3' ],
61 silly audit   'function-bind': [ '1.1.2' ],
61 silly audit   'function.prototype.name': [ '1.1.6' ],
61 silly audit   'functions-have-names': [ '1.2.3' ],
61 silly audit   gensync: [ '1.0.0-beta.2' ],
61 silly audit   'get-intrinsic': [ '1.2.4' ],
61 silly audit   'get-symbol-description': [ '1.0.2' ],
61 silly audit   'glob-parent': [ '6.0.2' ],
61 silly audit   globalthis: [ '1.0.4' ],
61 silly audit   gopd: [ '1.0.1' ],
61 silly audit   'has-bigints': [ '1.0.2' ],
61 silly audit   'has-flag': [ '4.0.0' ],
61 silly audit   'has-property-descriptors': [ '1.0.2' ],
61 silly audit   'has-proto': [ '1.0.3' ],
61 silly audit   'has-symbols': [ '1.0.3' ],
61 silly audit   'has-tostringtag': [ '1.0.2' ],
61 silly audit   hasown: [ '2.0.2' ],
61 silly audit   ignore: [ '5.3.2' ],
61 silly audit   'import-fresh': [ '3.3.0' ],
61 silly audit   imurmurhash: [ '0.1.4' ],
61 silly audit   'internal-slot': [ '1.0.7' ],
61 silly audit   'is-array-buffer': [ '3.0.4' ],
61 silly audit   'is-async-function': [ '2.0.0' ],
61 silly audit   'is-bigint': [ '1.0.4' ],
61 silly audit   'is-boolean-object': [ '1.1.2' ],
61 silly audit   'is-callable': [ '1.2.7' ],
61 silly audit   'is-core-module': [ '2.15.1' ],
61 silly audit   'is-data-view': [ '1.0.1' ],
61 silly audit   'is-date-object': [ '1.0.5' ],
61 silly audit   'is-extglob': [ '2.1.1' ],
61 silly audit   'is-finalizationregistry': [ '1.0.2' ],
61 silly audit   'is-generator-function': [ '1.0.10' ],
61 silly audit   'is-glob': [ '4.0.3' ],
61 silly audit   'is-map': [ '2.0.3' ],
61 silly audit   'is-negative-zero': [ '2.0.3' ],
61 silly audit   'is-number-object': [ '1.0.7' ],
61 silly audit   'is-regex': [ '1.1.4' ],
61 silly audit   'is-set': [ '2.0.3' ],
61 silly audit   'is-shared-array-buffer': [ '1.0.3' ],
61 silly audit   'is-string': [ '1.0.7' ],
61 silly audit   'is-symbol': [ '1.0.4' ],
61 silly audit   'is-typed-array': [ '1.1.13' ],
61 silly audit   'is-weakmap': [ '2.0.2' ],
61 silly audit   'is-weakref': [ '1.0.2' ],
61 silly audit   'is-weakset': [ '2.0.3' ],
61 silly audit   isarray: [ '2.0.5' ],
61 silly audit   isexe: [ '2.0.0' ],
61 silly audit   'iterator.prototype': [ '1.1.3' ],
61 silly audit   'js-tokens': [ '4.0.0' ],
61 silly audit   'js-yaml': [ '4.1.0' ],
61 silly audit   jsesc: [ '3.0.2' ],
61 silly audit   'json-buffer': [ '3.0.1' ],
61 silly audit   'json-schema-traverse': [ '0.4.1' ],
61 silly audit   'json-stable-stringify-without-jsonify': [ '1.0.1' ],
61 silly audit   json5: [ '2.2.3' ],
61 silly audit   'jsx-ast-utils': [ '3.3.5' ],
61 silly audit   keyv: [ '4.5.4' ],
61 silly audit   levn: [ '0.4.1' ],
61 silly audit   'locate-path': [ '6.0.0' ],
61 silly audit   'lodash.merge': [ '4.6.2' ],
61 silly audit   'loose-envify': [ '1.4.0' ],
61 silly audit   'lru-cache': [ '5.1.1' ],
61 silly audit   minimatch: [ '3.1.2' ],
61 silly audit   ms: [ '2.1.3' ],
61 silly audit   nanoid: [ '3.3.7' ],
61 silly audit   'natural-compare': [ '1.4.0' ],
61 silly audit   'node-releases': [ '2.0.18' ],
61 silly audit   'object-assign': [ '4.1.1' ],
61 silly audit   'object-inspect': [ '1.13.3' ],
61 silly audit   'object-keys': [ '1.1.1' ],
61 silly audit   'object.assign': [ '4.1.5' ],
61 silly audit   'object.entries': [ '1.1.8' ],
61 silly audit   'object.fromentries': [ '2.0.8' ],
61 silly audit   'object.values': [ '1.2.0' ],
61 silly audit   optionator: [ '0.9.4' ],
61 silly audit   'p-limit': [ '3.1.0' ],
61 silly audit   'p-locate': [ '5.0.0' ],
61 silly audit   'parent-module': [ '1.0.1' ],
61 silly audit   'path-exists': [ '4.0.0' ],
61 silly audit   'path-key': [ '3.1.1' ],
61 silly audit   'path-parse': [ '1.0.7' ],
61 silly audit   picocolors: [ '1.1.1' ],
61 silly audit   picomatch: [ '2.3.1' ],
61 silly audit   'possible-typed-array-names': [ '1.0.0' ],
61 silly audit   postcss: [ '8.4.49' ],
61 silly audit   'prelude-ls': [ '1.2.1' ],
61 silly audit   'prop-types': [ '15.8.1' ],
61 silly audit   punycode: [ '2.3.1' ],
61 silly audit   react: [ '18.3.1' ],
61 silly audit   'react-dom': [ '18.3.1' ],
61 silly audit   'react-is': [ '16.13.1' ],
61 silly audit   'react-refresh': [ '0.14.2' ],
61 silly audit   'reflect.getprototypeof': [ '1.0.6' ],
61 silly audit   'regexp.prototype.flags': [ '1.5.3' ],
61 silly audit   resolve: [ '2.0.0-next.5' ],
61 silly audit   'resolve-from': [ '4.0.0' ],
61 silly audit   rollup: [ '4.26.0', '2.79.2' ],
61 silly audit   'safe-array-concat': [ '1.1.2' ],
61 silly audit   'safe-regex-test': [ '1.0.3' ],
61 silly audit   scheduler: [ '0.23.2' ],
61 silly audit   semver: [ '6.3.1' ],
61 silly audit   'set-function-length': [ '1.2.2' ],
61 silly audit   'set-function-name': [ '2.0.2' ],
61 silly audit   'shebang-command': [ '2.0.0' ],
61 silly audit   'shebang-regex': [ '3.0.0' ],
61 silly audit   'side-channel': [ '1.0.6' ],
61 silly audit   'source-map-js': [ '1.2.1' ],
61 silly audit   'string.prototype.matchall': [ '4.0.11' ],
61 silly audit   'string.prototype.repeat': [ '1.0.0' ],
61 silly audit   'string.prototype.trim': [ '1.2.9' ],
61 silly audit   'string.prototype.trimend': [ '1.0.8' ],
61 silly audit   'string.prototype.trimstart': [ '1.0.8' ],
61 silly audit   'strip-json-comments': [ '3.1.1' ],
61 silly audit   'supports-color': [ '7.2.0' ],
61 silly audit   'supports-preserve-symlinks-flag': [ '1.0.0' ],
61 silly audit   'text-table': [ '0.2.0' ],
61 silly audit   'type-check': [ '0.4.0' ],
61 silly audit   'typed-array-buffer': [ '1.0.2' ],
61 silly audit   'typed-array-byte-length': [ '1.0.1' ],
61 silly audit   'typed-array-byte-offset': [ '1.0.2' ],
61 silly audit   'typed-array-length': [ '1.0.6' ],
61 silly audit   'unbox-primitive': [ '1.0.2' ],
61 silly audit   'update-browserslist-db': [ '1.1.1' ],
61 silly audit   'uri-js': [ '4.4.1' ],
61 silly audit   vite: [ '5.4.11' ],
61 silly audit   'vite-plugin-eslint': [ '1.8.1' ],
61 silly audit   which: [ '2.0.2' ],
61 silly audit   'which-boxed-primitive': [ '1.0.2' ],
61 silly audit   'which-builtin-type': [ '1.1.4' ],
61 silly audit   'which-collection': [ '1.0.2' ],
61 silly audit   'which-typed-array': [ '1.1.15' ],
61 silly audit   'word-wrap': [ '1.2.5' ],
61 silly audit   yallist: [ '3.1.1' ],
61 silly audit   'yocto-queue': [ '0.1.0' ],
61 silly audit   axios: [ '1.7.7' ],
61 silly audit   'follow-redirects': [ '1.15.9' ],
61 silly audit   'form-data': [ '4.0.1' ],
61 silly audit   'proxy-from-env': [ '1.1.0' ],
61 silly audit   asynckit: [ '0.4.0' ],
61 silly audit   'combined-stream': [ '1.0.8' ],
61 silly audit   'mime-types': [ '2.1.35' ],
61 silly audit   'delayed-stream': [ '1.0.0' ],
61 silly audit   'mime-db': [ '1.52.0' ]
61 silly audit }
62 verbose reify failed optional dependency /home/penurajeshitsd/react_18/hacker-stories/node_modules/fsevents
63 silly reify mark deleted [
63 silly reify   '/home/penurajeshitsd/react_18/hacker-stories/node_modules/fsevents'
63 silly reify ]
64 verbose reify failed optional dependency /home/penurajeshitsd/react_18/hacker-stories/node_modules/@rollup/rollup-win32-x64-msvc
65 silly reify mark deleted [
65 silly reify   '/home/penurajeshitsd/react_18/hacker-stories/node_modules/@rollup/rollup-win32-x64-msvc'
65 silly reify ]
66 verbose reify failed optional dependency /home/penurajeshitsd/react_18/hacker-stories/node_modules/@rollup/rollup-win32-ia32-msvc
67 silly reify mark deleted [
67 silly reify   '/home/penurajeshitsd/react_18/hacker-stories/node_modules/@rollup/rollup-win32-ia32-msvc'
67 silly reify ]
68 verbose reify failed optional dependency /home/penurajeshitsd/react_18/hacker-stories/node_modules/@rollup/rollup-win32-arm64-msvc
69 silly reify mark deleted [
69 silly reify   '/home/penurajeshitsd/react_18/hacker-stories/node_modules/@rollup/rollup-win32-arm64-msvc'
69 silly reify ]
70 verbose reify failed optional dependency /home/penurajeshitsd/react_18/hacker-stories/node_modules/@rollup/rollup-linux-s390x-gnu
71 silly reify mark deleted [
71 silly reify   '/home/penurajeshitsd/react_18/hacker-stories/node_modules/@rollup/rollup-linux-s390x-gnu'
71 silly reify ]
72 verbose reify failed optional dependency /home/penurajeshitsd/react_18/hacker-stories/node_modules/@rollup/rollup-linux-riscv64-gnu
73 silly reify mark deleted [
73 silly reify   '/home/penurajeshitsd/react_18/hacker-stories/node_modules/@rollup/rollup-linux-riscv64-gnu'
73 silly reify ]
74 verbose reify failed optional dependency /home/penurajeshitsd/react_18/hacker-stories/node_modules/@rollup/rollup-linux-powerpc64le-gnu
75 silly reify mark deleted [
75 silly reify   '/home/penurajeshitsd/react_18/hacker-stories/node_modules/@rollup/rollup-linux-powerpc64le-gnu'
75 silly reify ]
76 verbose reify failed optional dependency /home/penurajeshitsd/react_18/hacker-stories/node_modules/@rollup/rollup-linux-arm64-musl
77 silly reify mark deleted [
77 silly reify   '/home/penurajeshitsd/react_18/hacker-stories/node_modules/@rollup/rollup-linux-arm64-musl'
77 silly reify ]
78 verbose reify failed optional dependency /home/penurajeshitsd/react_18/hacker-stories/node_modules/@rollup/rollup-linux-arm64-gnu
79 silly reify mark deleted [
79 silly reify   '/home/penurajeshitsd/react_18/hacker-stories/node_modules/@rollup/rollup-linux-arm64-gnu'
79 silly reify ]
80 verbose reify failed optional dependency /home/penurajeshitsd/react_18/hacker-stories/node_modules/@rollup/rollup-linux-arm-musleabihf
81 silly reify mark deleted [
81 silly reify   '/home/penurajeshitsd/react_18/hacker-stories/node_modules/@rollup/rollup-linux-arm-musleabihf'
81 silly reify ]
82 verbose reify failed optional dependency /home/penurajeshitsd/react_18/hacker-stories/node_modules/@rollup/rollup-linux-arm-gnueabihf
83 silly reify mark deleted [
83 silly reify   '/home/penurajeshitsd/react_18/hacker-stories/node_modules/@rollup/rollup-linux-arm-gnueabihf'
83 silly reify ]
84 verbose reify failed optional dependency /home/penurajeshitsd/react_18/hacker-stories/node_modules/@rollup/rollup-freebsd-x64
85 silly reify mark deleted [
85 silly reify   '/home/penurajeshitsd/react_18/hacker-stories/node_modules/@rollup/rollup-freebsd-x64'
85 silly reify ]
86 verbose reify failed optional dependency /home/penurajeshitsd/react_18/hacker-stories/node_modules/@rollup/rollup-freebsd-arm64
87 silly reify mark deleted [
87 silly reify   '/home/penurajeshitsd/react_18/hacker-stories/node_modules/@rollup/rollup-freebsd-arm64'
87 silly reify ]
88 verbose reify failed optional dependency /home/penurajeshitsd/react_18/hacker-stories/node_modules/@rollup/rollup-darwin-x64
89 silly reify mark deleted [
89 silly reify   '/home/penurajeshitsd/react_18/hacker-stories/node_modules/@rollup/rollup-darwin-x64'
89 silly reify ]
90 verbose reify failed optional dependency /home/penurajeshitsd/react_18/hacker-stories/node_modules/@rollup/rollup-darwin-arm64
91 silly reify mark deleted [
91 silly reify   '/home/penurajeshitsd/react_18/hacker-stories/node_modules/@rollup/rollup-darwin-arm64'
91 silly reify ]
92 verbose reify failed optional dependency /home/penurajeshitsd/react_18/hacker-stories/node_modules/@rollup/rollup-android-arm64
93 silly reify mark deleted [
93 silly reify   '/home/penurajeshitsd/react_18/hacker-stories/node_modules/@rollup/rollup-android-arm64'
93 silly reify ]
94 verbose reify failed optional dependency /home/penurajeshitsd/react_18/hacker-stories/node_modules/@rollup/rollup-android-arm-eabi
95 silly reify mark deleted [
95 silly reify   '/home/penurajeshitsd/react_18/hacker-stories/node_modules/@rollup/rollup-android-arm-eabi'
95 silly reify ]
96 verbose reify failed optional dependency /home/penurajeshitsd/react_18/hacker-stories/node_modules/@esbuild/win32-x64
97 silly reify mark deleted [
97 silly reify   '/home/penurajeshitsd/react_18/hacker-stories/node_modules/@esbuild/win32-x64'
97 silly reify ]
98 verbose reify failed optional dependency /home/penurajeshitsd/react_18/hacker-stories/node_modules/@esbuild/win32-ia32
99 silly reify mark deleted [
99 silly reify   '/home/penurajeshitsd/react_18/hacker-stories/node_modules/@esbuild/win32-ia32'
99 silly reify ]
100 verbose reify failed optional dependency /home/penurajeshitsd/react_18/hacker-stories/node_modules/@esbuild/win32-arm64
101 silly reify mark deleted [
101 silly reify   '/home/penurajeshitsd/react_18/hacker-stories/node_modules/@esbuild/win32-arm64'
101 silly reify ]
102 verbose reify failed optional dependency /home/penurajeshitsd/react_18/hacker-stories/node_modules/@esbuild/sunos-x64
103 silly reify mark deleted [
103 silly reify   '/home/penurajeshitsd/react_18/hacker-stories/node_modules/@esbuild/sunos-x64'
103 silly reify ]
104 verbose reify failed optional dependency /home/penurajeshitsd/react_18/hacker-stories/node_modules/@esbuild/openbsd-x64
105 silly reify mark deleted [
105 silly reify   '/home/penurajeshitsd/react_18/hacker-stories/node_modules/@esbuild/openbsd-x64'
105 silly reify ]
106 verbose reify failed optional dependency /home/penurajeshitsd/react_18/hacker-stories/node_modules/@esbuild/netbsd-x64
107 silly reify mark deleted [
107 silly reify   '/home/penurajeshitsd/react_18/hacker-stories/node_modules/@esbuild/netbsd-x64'
107 silly reify ]
108 verbose reify failed optional dependency /home/penurajeshitsd/react_18/hacker-stories/node_modules/@esbuild/linux-s390x
109 silly reify mark deleted [
109 silly reify   '/home/penurajeshitsd/react_18/hacker-stories/node_modules/@esbuild/linux-s390x'
109 silly reify ]
110 verbose reify failed optional dependency /home/penurajeshitsd/react_18/hacker-stories/node_modules/@esbuild/linux-riscv64
111 silly reify mark deleted [
111 silly reify   '/home/penurajeshitsd/react_18/hacker-stories/node_modules/@esbuild/linux-riscv64'
111 silly reify ]
112 verbose reify failed optional dependency /home/penurajeshitsd/react_18/hacker-stories/node_modules/@esbuild/linux-ppc64
113 silly reify mark deleted [
113 silly reify   '/home/penurajeshitsd/react_18/hacker-stories/node_modules/@esbuild/linux-ppc64'
113 silly reify ]
114 verbose reify failed optional dependency /home/penurajeshitsd/react_18/hacker-stories/node_modules/@esbuild/linux-mips64el
115 silly reify mark deleted [
115 silly reify   '/home/penurajeshitsd/react_18/hacker-stories/node_modules/@esbuild/linux-mips64el'
115 silly reify ]
116 verbose reify failed optional dependency /home/penurajeshitsd/react_18/hacker-stories/node_modules/@esbuild/linux-loong64
117 silly reify mark deleted [
117 silly reify   '/home/penurajeshitsd/react_18/hacker-stories/node_modules/@esbuild/linux-loong64'
117 silly reify ]
118 verbose reify failed optional dependency /home/penurajeshitsd/react_18/hacker-stories/node_modules/@esbuild/linux-ia32
119 silly reify mark deleted [
119 silly reify   '/home/penurajeshitsd/react_18/hacker-stories/node_modules/@esbuild/linux-ia32'
119 silly reify ]
120 verbose reify failed optional dependency /home/penurajeshitsd/react_18/hacker-stories/node_modules/@esbuild/linux-arm64
121 silly reify mark deleted [
121 silly reify   '/home/penurajeshitsd/react_18/hacker-stories/node_modules/@esbuild/linux-arm64'
121 silly reify ]
122 verbose reify failed optional dependency /home/penurajeshitsd/react_18/hacker-stories/node_modules/@esbuild/linux-arm
123 silly reify mark deleted [
123 silly reify   '/home/penurajeshitsd/react_18/hacker-stories/node_modules/@esbuild/linux-arm'
123 silly reify ]
124 verbose reify failed optional dependency /home/penurajeshitsd/react_18/hacker-stories/node_modules/@esbuild/freebsd-x64
125 silly reify mark deleted [
125 silly reify   '/home/penurajeshitsd/react_18/hacker-stories/node_modules/@esbuild/freebsd-x64'
125 silly reify ]
126 verbose reify failed optional dependency /home/penurajeshitsd/react_18/hacker-stories/node_modules/@esbuild/freebsd-arm64
127 silly reify mark deleted [
127 silly reify   '/home/penurajeshitsd/react_18/hacker-stories/node_modules/@esbuild/freebsd-arm64'
127 silly reify ]
128 verbose reify failed optional dependency /home/penurajeshitsd/react_18/hacker-stories/node_modules/@esbuild/darwin-x64
129 silly reify mark deleted [
129 silly reify   '/home/penurajeshitsd/react_18/hacker-stories/node_modules/@esbuild/darwin-x64'
129 silly reify ]
130 verbose reify failed optional dependency /home/penurajeshitsd/react_18/hacker-stories/node_modules/@esbuild/darwin-arm64
131 silly reify mark deleted [
131 silly reify   '/home/penurajeshitsd/react_18/hacker-stories/node_modules/@esbuild/darwin-arm64'
131 silly reify ]
132 verbose reify failed optional dependency /home/penurajeshitsd/react_18/hacker-stories/node_modules/@esbuild/android-x64
133 silly reify mark deleted [
133 silly reify   '/home/penurajeshitsd/react_18/hacker-stories/node_modules/@esbuild/android-x64'
133 silly reify ]
134 verbose reify failed optional dependency /home/penurajeshitsd/react_18/hacker-stories/node_modules/@esbuild/android-arm64
135 silly reify mark deleted [
135 silly reify   '/home/penurajeshitsd/react_18/hacker-stories/node_modules/@esbuild/android-arm64'
135 silly reify ]
136 verbose reify failed optional dependency /home/penurajeshitsd/react_18/hacker-stories/node_modules/@esbuild/android-arm
137 silly reify mark deleted [
137 silly reify   '/home/penurajeshitsd/react_18/hacker-stories/node_modules/@esbuild/android-arm'
137 silly reify ]
138 verbose reify failed optional dependency /home/penurajeshitsd/react_18/hacker-stories/node_modules/@esbuild/aix-ppc64
139 silly reify mark deleted [
139 silly reify   '/home/penurajeshitsd/react_18/hacker-stories/node_modules/@esbuild/aix-ppc64'
139 silly reify ]
140 silly tarball no local data for mime-db@https://registry.npmjs.org/mime-db/-/mime-db-1.52.0.tgz. Extracting by manifest.
141 silly tarball no local data for delayed-stream@https://registry.npmjs.org/delayed-stream/-/delayed-stream-1.0.0.tgz. Extracting by manifest.
142 silly tarball no local data for mime-types@https://registry.npmjs.org/mime-types/-/mime-types-2.1.35.tgz. Extracting by manifest.
143 silly tarball no local data for asynckit@https://registry.npmjs.org/asynckit/-/asynckit-0.4.0.tgz. Extracting by manifest.
144 silly tarball no local data for combined-stream@https://registry.npmjs.org/combined-stream/-/combined-stream-1.0.8.tgz. Extracting by manifest.
145 silly tarball no local data for proxy-from-env@https://registry.npmjs.org/proxy-from-env/-/proxy-from-env-1.1.0.tgz. Extracting by manifest.
146 silly tarball no local data for form-data@https://registry.npmjs.org/form-data/-/form-data-4.0.1.tgz. Extracting by manifest.
147 silly tarball no local data for follow-redirects@https://registry.npmjs.org/follow-redirects/-/follow-redirects-1.15.9.tgz. Extracting by manifest.
148 silly tarball no local data for axios@https://registry.npmjs.org/axios/-/axios-1.7.7.tgz. Extracting by manifest.
149 http fetch GET 200 https://registry.npmjs.org/combined-stream/-/combined-stream-1.0.8.tgz 196ms (cache miss)
150 http fetch GET 200 https://registry.npmjs.org/delayed-stream/-/delayed-stream-1.0.0.tgz 200ms (cache miss)
151 http fetch POST 200 https://registry.npmjs.org/-/npm/v1/security/advisories/bulk 380ms
152 silly audit report {}
153 http fetch GET 200 https://registry.npmjs.org/mime-types/-/mime-types-2.1.35.tgz 207ms (cache miss)
154 http fetch GET 200 https://registry.npmjs.org/proxy-from-env/-/proxy-from-env-1.1.0.tgz 207ms (cache miss)
155 http fetch GET 200 https://registry.npmjs.org/form-data/-/form-data-4.0.1.tgz 217ms (cache miss)
156 http fetch GET 200 https://registry.npmjs.org/follow-redirects/-/follow-redirects-1.15.9.tgz 218ms (cache miss)
157 http fetch GET 200 https://registry.npmjs.org/asynckit/-/asynckit-0.4.0.tgz 226ms (cache miss)
158 http fetch GET 200 https://registry.npmjs.org/mime-db/-/mime-db-1.52.0.tgz 236ms (cache miss)
159 http fetch GET 200 https://registry.npmjs.org/axios/-/axios-1.7.7.tgz 360ms (cache miss)
160 silly ADD node_modules/mime-db
161 silly ADD node_modules/delayed-stream
162 silly ADD node_modules/mime-types
163 silly ADD node_modules/combined-stream
164 silly ADD node_modules/asynckit
165 silly ADD node_modules/proxy-from-env
166 silly ADD node_modules/form-data
167 silly ADD node_modules/follow-redirects
168 silly ADD node_modules/axios
169 silly ADD
170 silly ADD
171 silly ADD
172 silly ADD
173 silly ADD
174 silly ADD
175 silly ADD
176 silly ADD
177 silly ADD
178 silly ADD
179 silly ADD
180 silly ADD
181 silly ADD
182 silly ADD
183 silly ADD
184 silly ADD
185 silly ADD
186 silly ADD
187 silly ADD
188 silly ADD
189 silly ADD
190 silly ADD
191 silly ADD
192 silly ADD
193 silly ADD
194 silly ADD
195 silly ADD
196 silly ADD
197 silly ADD
198 silly ADD
199 silly ADD
200 silly ADD
201 silly ADD
202 silly ADD
203 silly ADD
204 silly ADD
205 silly ADD
206 silly ADD
207 silly ADD
208 verbose cwd /home/penurajeshitsd/react_18/hacker-stories
209 verbose os Linux 6.1.112+
210 verbose node v22.11.0
211 verbose npm  v10.9.0
212 verbose exit 0
213 info ok
