0 verbose cli /usr/local/nvm/versions/node/v22.11.0/bin/node /usr/local/nvm/versions/node/v22.11.0/bin/npm
1 info using npm@10.9.0
2 info using node@v22.11.0
3 silly config load:file:/usr/local/nvm/versions/node/v22.11.0/lib/node_modules/npm/npmrc
4 silly config load:file:/home/penurajeshitsd/.cache/typescript/5.4/.npmrc
5 silly config load:file:/home/penurajeshitsd/.npmrc
6 silly config load:file:/usr/local/nvm/versions/node/v22.11.0/etc/npmrc
7 verbose title npm install @types/react@ts5.4 @types/react-dom@ts5.4
8 verbose argv "install" "--ignore-scripts" "@types/react@ts5.4" "@types/react-dom@ts5.4" "--save-dev" "--user-agent" "typesInstaller/5.4.5"
9 verbose logfile logs-max:10 dir:/home/penurajeshitsd/.npm/_logs/2024-11-14T07_43_44_745Z-
10 verbose logfile /home/penurajeshitsd/.npm/_logs/2024-11-14T07_43_44_745Z-debug-0.log
11 silly logfile done cleaning log files
12 silly packumentCache heap:2197815296 maxSize:549453824 maxEntrySize:274726912
13 silly packumentCache corgi:https://registry.npmjs.org/@types%2freact cache-miss
14 silly packumentCache corgi:https://registry.npmjs.org/@types%2freact-dom cache-miss
15 http fetch GET 200 https://registry.npmjs.org/@types%2freact-dom 271ms (cache miss)
16 silly packumentCache corgi:https://registry.npmjs.org/@types%2freact-dom set size:undefined disposed:false
17 http fetch GET 200 https://registry.npmjs.org/@types%2freact 291ms (cache miss)
18 silly packumentCache corgi:https://registry.npmjs.org/@types%2freact set size:undefined disposed:false
19 silly idealTree buildDeps
20 silly fetch manifest @types/react-dom@18.3.1
21 silly packumentCache full:https://registry.npmjs.org/@types%2freact-dom cache-miss
22 http fetch GET 200 https://registry.npmjs.org/@types%2freact-dom 74ms (cache miss)
23 silly packumentCache full:https://registry.npmjs.org/@types%2freact-dom set size:undefined disposed:false
24 silly fetch manifest @types/react@18.3.12
25 silly packumentCache full:https://registry.npmjs.org/@types%2freact cache-miss
26 http fetch GET 200 https://registry.npmjs.org/@types%2freact 143ms (cache miss)
27 silly packumentCache full:https://registry.npmjs.org/@types%2freact set size:undefined disposed:false
28 silly placeDep ROOT @types/react@18.3.12 OK for:  want: 18.3.12
29 silly placeDep ROOT @types/react-dom@18.3.1 OK for:  want: 18.3.1
30 silly fetch manifest csstype@^3.0.2
31 silly packumentCache full:https://registry.npmjs.org/csstype cache-miss
32 http fetch GET 200 https://registry.npmjs.org/csstype 46ms (cache miss)
33 silly packumentCache full:https://registry.npmjs.org/csstype set size:undefined disposed:false
34 silly fetch manifest @types/prop-types@*
35 silly packumentCache full:https://registry.npmjs.org/@types%2fprop-types cache-miss
36 http fetch GET 200 https://registry.npmjs.org/@types%2fprop-types 79ms (cache miss)
37 silly packumentCache full:https://registry.npmjs.org/@types%2fprop-types set size:undefined disposed:false
38 silly placeDep ROOT @types/prop-types@15.7.13 OK for: @types/react@18.3.12 want: *
39 silly placeDep ROOT csstype@3.1.3 OK for: @types/react@18.3.12 want: ^3.0.2
40 silly reify moves {}
41 silly audit bulk request {
41 silly audit   'types-registry': [ '0.1.694' ],
41 silly audit   '@types/react': [ '18.3.12' ],
41 silly audit   '@types/react-dom': [ '18.3.1' ],
41 silly audit   '@types/prop-types': [ '15.7.13' ],
41 silly audit   csstype: [ '3.1.3' ]
41 silly audit }
42 silly tarball no local data for csstype@https://registry.npmjs.org/csstype/-/csstype-3.1.3.tgz. Extracting by manifest.
43 silly tarball no local data for @types/prop-types@https://registry.npmjs.org/@types/prop-types/-/prop-types-15.7.13.tgz. Extracting by manifest.
44 silly tarball no local data for @types/react-dom@https://registry.npmjs.org/@types/react-dom/-/react-dom-18.3.1.tgz. Extracting by manifest.
45 silly tarball no local data for @types/react@https://registry.npmjs.org/@types/react/-/react-18.3.12.tgz. Extracting by manifest.
46 http fetch GET 200 https://registry.npmjs.org/@types/prop-types/-/prop-types-15.7.13.tgz 140ms (cache miss)
47 http fetch GET 200 https://registry.npmjs.org/@types/react-dom/-/react-dom-18.3.1.tgz 148ms (cache miss)
48 http fetch GET 200 https://registry.npmjs.org/csstype/-/csstype-3.1.3.tgz 186ms (cache miss)
49 http fetch POST 200 https://registry.npmjs.org/-/npm/v1/security/advisories/bulk 203ms
50 silly audit report {}
51 http fetch GET 200 https://registry.npmjs.org/@types/react/-/react-18.3.12.tgz 194ms (cache miss)
52 silly ADD node_modules/csstype
53 silly ADD node_modules/@types/prop-types
54 silly ADD node_modules/@types/react-dom
55 silly ADD node_modules/@types/react
56 verbose cwd /home/penurajeshitsd/.cache/typescript/5.4
57 verbose os Linux 6.1.112+
58 verbose node v22.11.0
59 verbose npm  v10.9.0
60 verbose exit 0
61 info ok
