0 verbose cli /usr/local/nvm/versions/node/v22.11.0/bin/node /usr/local/nvm/versions/node/v22.11.0/bin/npm
1 info using npm@10.9.0
2 info using node@v22.11.0
3 silly config load:file:/usr/local/nvm/versions/node/v22.11.0/lib/node_modules/npm/npmrc
4 silly config load:file:/home/penurajeshitsd/react_18/hacker-stories/.npmrc
5 silly config load:file:/home/penurajeshitsd/.npmrc
6 silly config load:file:/usr/local/nvm/versions/node/v22.11.0/etc/npmrc
7 verbose title npm install styled-components
8 verbose argv "install" "styled-components"
9 verbose logfile logs-max:10 dir:/home/penurajeshitsd/.npm/_logs/2024-11-15T11_34_50_766Z-
10 verbose logfile /home/penurajeshitsd/.npm/_logs/2024-11-15T11_34_50_766Z-debug-0.log
11 silly logfile start cleaning logs, removing 1 files
12 silly logfile done cleaning log files
13 silly packumentCache heap:2197815296 maxSize:549453824 maxEntrySize:274726912
14 silly idealTree buildDeps
15 silly fetch manifest styled-components@*
16 silly packumentCache full:https://registry.npmjs.org/styled-components cache-miss
17 http fetch GET 200 https://registry.npmjs.org/styled-components 1004ms (cache miss)
18 silly packumentCache full:https://registry.npmjs.org/styled-components set size:undefined disposed:false
19 silly fetch manifest react@^18.3.1
20 silly packumentCache full:https://registry.npmjs.org/react cache-miss
21 http fetch GET 200 https://registry.npmjs.org/react 185ms (cache miss)
22 silly packumentCache full:https://registry.npmjs.org/react set size:undefined disposed:false
23 silly fetch manifest react-dom@^18.3.1
24 silly packumentCache full:https://registry.npmjs.org/react-dom cache-miss
25 http fetch GET 200 https://registry.npmjs.org/react-dom 208ms (cache miss)
26 silly packumentCache full:https://registry.npmjs.org/react-dom set size:undefined disposed:false
27 silly placeDep ROOT styled-components@6.1.13 OK for: hacker-stories@0.0.0 want: *
28 silly fetch manifest @emotion/is-prop-valid@1.2.2
29 silly packumentCache full:https://registry.npmjs.org/@emotion%2fis-prop-valid cache-miss
30 http fetch GET 200 https://registry.npmjs.org/@emotion%2fis-prop-valid 63ms (cache miss)
31 silly packumentCache full:https://registry.npmjs.org/@emotion%2fis-prop-valid set size:undefined disposed:false
32 silly fetch manifest @emotion/unitless@0.8.1
33 silly packumentCache full:https://registry.npmjs.org/@emotion%2funitless cache-miss
34 http fetch GET 200 https://registry.npmjs.org/@emotion%2funitless 78ms (cache miss)
35 silly packumentCache full:https://registry.npmjs.org/@emotion%2funitless set size:undefined disposed:false
36 silly fetch manifest @types/stylis@4.2.5
37 silly packumentCache full:https://registry.npmjs.org/@types%2fstylis cache-miss
38 http fetch GET 200 https://registry.npmjs.org/@types%2fstylis 74ms (cache miss)
39 silly packumentCache full:https://registry.npmjs.org/@types%2fstylis set size:undefined disposed:false
40 silly fetch manifest css-to-react-native@3.2.0
41 silly packumentCache full:https://registry.npmjs.org/css-to-react-native cache-miss
42 http fetch GET 200 https://registry.npmjs.org/css-to-react-native 37ms (cache miss)
43 silly packumentCache full:https://registry.npmjs.org/css-to-react-native set size:undefined disposed:false
44 silly fetch manifest postcss@8.4.38
45 silly packumentCache full:https://registry.npmjs.org/postcss cache-miss
46 http fetch GET 200 https://registry.npmjs.org/postcss 66ms (cache miss)
47 silly packumentCache full:https://registry.npmjs.org/postcss set size:undefined disposed:false
48 silly fetch manifest shallowequal@1.1.0
49 silly packumentCache full:https://registry.npmjs.org/shallowequal cache-miss
50 http fetch GET 200 https://registry.npmjs.org/shallowequal 64ms (cache miss)
51 silly packumentCache full:https://registry.npmjs.org/shallowequal set size:undefined disposed:false
52 silly fetch manifest stylis@4.3.2
53 silly packumentCache full:https://registry.npmjs.org/stylis cache-miss
54 http fetch GET 200 https://registry.npmjs.org/stylis 51ms (cache miss)
55 silly packumentCache full:https://registry.npmjs.org/stylis set size:undefined disposed:false
56 silly fetch manifest tslib@2.6.2
57 silly packumentCache full:https://registry.npmjs.org/tslib cache-miss
58 http fetch GET 200 https://registry.npmjs.org/tslib 62ms (cache miss)
59 silly packumentCache full:https://registry.npmjs.org/tslib set size:undefined disposed:false
60 silly placeDep ROOT @emotion/is-prop-valid@1.2.2 OK for: styled-components@6.1.13 want: 1.2.2
61 silly placeDep ROOT @emotion/unitless@0.8.1 OK for: styled-components@6.1.13 want: 0.8.1
62 silly placeDep ROOT @types/stylis@4.2.5 OK for: styled-components@6.1.13 want: 4.2.5
63 silly placeDep ROOT css-to-react-native@3.2.0 OK for: styled-components@6.1.13 want: 3.2.0
64 silly placeDep node_modules/styled-components postcss@8.4.38 OK for: styled-components@6.1.13 want: 8.4.38
65 silly placeDep ROOT shallowequal@1.1.0 OK for: styled-components@6.1.13 want: 1.1.0
66 silly placeDep ROOT stylis@4.3.2 OK for: styled-components@6.1.13 want: 4.3.2
67 silly placeDep ROOT tslib@2.6.2 OK for: styled-components@6.1.13 want: 2.6.2
68 silly fetch manifest @emotion/memoize@^0.8.1
69 silly packumentCache full:https://registry.npmjs.org/@emotion%2fmemoize cache-miss
70 http fetch GET 200 https://registry.npmjs.org/@emotion%2fmemoize 299ms (cache miss)
71 silly packumentCache full:https://registry.npmjs.org/@emotion%2fmemoize set size:undefined disposed:false
72 silly fetch manifest camelize@^1.0.0
73 silly packumentCache full:https://registry.npmjs.org/camelize cache-miss
74 http fetch GET 200 https://registry.npmjs.org/camelize 57ms (cache miss)
75 silly packumentCache full:https://registry.npmjs.org/camelize set size:undefined disposed:false
76 silly fetch manifest css-color-keywords@^1.0.0
77 silly packumentCache full:https://registry.npmjs.org/css-color-keywords cache-miss
78 http fetch GET 200 https://registry.npmjs.org/css-color-keywords 52ms (cache miss)
79 silly packumentCache full:https://registry.npmjs.org/css-color-keywords set size:undefined disposed:false
80 silly fetch manifest postcss-value-parser@^4.0.2
81 silly packumentCache full:https://registry.npmjs.org/postcss-value-parser cache-miss
82 http fetch GET 200 https://registry.npmjs.org/postcss-value-parser 56ms (cache miss)
83 silly packumentCache full:https://registry.npmjs.org/postcss-value-parser set size:undefined disposed:false
84 silly placeDep ROOT @emotion/memoize@0.8.1 OK for: @emotion/is-prop-valid@1.2.2 want: ^0.8.1
85 silly placeDep ROOT camelize@1.0.1 OK for: css-to-react-native@3.2.0 want: ^1.0.0
86 silly placeDep ROOT css-color-keywords@1.0.0 OK for: css-to-react-native@3.2.0 want: ^1.0.0
87 silly placeDep ROOT postcss-value-parser@4.2.0 OK for: css-to-react-native@3.2.0 want: ^4.0.2
88 silly reify moves {}
89 silly audit bulk request {
89 silly audit   '@ampproject/remapping': [ '2.3.0' ],
89 silly audit   '@babel/code-frame': [ '7.26.2' ],
89 silly audit   '@babel/compat-data': [ '7.26.2' ],
89 silly audit   '@babel/core': [ '7.26.0' ],
89 silly audit   '@babel/generator': [ '7.26.2' ],
89 silly audit   '@babel/helper-compilation-targets': [ '7.25.9' ],
89 silly audit   '@babel/helper-module-imports': [ '7.25.9' ],
89 silly audit   '@babel/helper-module-transforms': [ '7.26.0' ],
89 silly audit   '@babel/helper-plugin-utils': [ '7.25.9' ],
89 silly audit   '@babel/helper-string-parser': [ '7.25.9' ],
89 silly audit   '@babel/helper-validator-identifier': [ '7.25.9' ],
89 silly audit   '@babel/helper-validator-option': [ '7.25.9' ],
89 silly audit   '@babel/helpers': [ '7.26.0' ],
89 silly audit   '@babel/parser': [ '7.26.2' ],
89 silly audit   '@babel/plugin-transform-react-jsx-self': [ '7.25.9' ],
89 silly audit   '@babel/plugin-transform-react-jsx-source': [ '7.25.9' ],
89 silly audit   '@babel/template': [ '7.25.9' ],
89 silly audit   '@babel/traverse': [ '7.25.9' ],
89 silly audit   globals: [ '11.12.0', '14.0.0', '15.12.0' ],
89 silly audit   '@babel/types': [ '7.26.0' ],
89 silly audit   '@esbuild/aix-ppc64': [ '0.21.5' ],
89 silly audit   '@esbuild/android-arm': [ '0.21.5' ],
89 silly audit   '@esbuild/android-arm64': [ '0.21.5' ],
89 silly audit   '@esbuild/android-x64': [ '0.21.5' ],
89 silly audit   '@esbuild/darwin-arm64': [ '0.21.5' ],
89 silly audit   '@esbuild/darwin-x64': [ '0.21.5' ],
89 silly audit   '@esbuild/freebsd-arm64': [ '0.21.5' ],
89 silly audit   '@esbuild/freebsd-x64': [ '0.21.5' ],
89 silly audit   '@esbuild/linux-arm': [ '0.21.5' ],
89 silly audit   '@esbuild/linux-arm64': [ '0.21.5' ],
89 silly audit   '@esbuild/linux-ia32': [ '0.21.5' ],
89 silly audit   '@esbuild/linux-loong64': [ '0.21.5' ],
89 silly audit   '@esbuild/linux-mips64el': [ '0.21.5' ],
89 silly audit   '@esbuild/linux-ppc64': [ '0.21.5' ],
89 silly audit   '@esbuild/linux-riscv64': [ '0.21.5' ],
89 silly audit   '@esbuild/linux-s390x': [ '0.21.5' ],
89 silly audit   '@esbuild/linux-x64': [ '0.21.5' ],
89 silly audit   '@esbuild/netbsd-x64': [ '0.21.5' ],
89 silly audit   '@esbuild/openbsd-x64': [ '0.21.5' ],
89 silly audit   '@esbuild/sunos-x64': [ '0.21.5' ],
89 silly audit   '@esbuild/win32-arm64': [ '0.21.5' ],
89 silly audit   '@esbuild/win32-ia32': [ '0.21.5' ],
89 silly audit   '@esbuild/win32-x64': [ '0.21.5' ],
89 silly audit   '@eslint-community/eslint-utils': [ '4.4.1' ],
89 silly audit   'eslint-visitor-keys': [ '3.4.3', '4.2.0' ],
89 silly audit   '@eslint-community/regexpp': [ '4.12.1' ],
89 silly audit   '@eslint/config-array': [ '0.18.0' ],
89 silly audit   '@eslint/core': [ '0.7.0' ],
89 silly audit   '@eslint/eslintrc': [ '3.1.0' ],
89 silly audit   '@eslint/js': [ '9.14.0' ],
89 silly audit   '@eslint/object-schema': [ '2.1.4' ],
89 silly audit   '@eslint/plugin-kit': [ '0.2.2' ],
89 silly audit   '@humanfs/core': [ '0.19.1' ],
89 silly audit   '@humanfs/node': [ '0.16.6' ],
89 silly audit   '@humanwhocodes/retry': [ '0.3.1', '0.4.1' ],
89 silly audit   '@humanwhocodes/module-importer': [ '1.0.1' ],
89 silly audit   '@jridgewell/gen-mapping': [ '0.3.5' ],
89 silly audit   '@jridgewell/resolve-uri': [ '3.1.2' ],
89 silly audit   '@jridgewell/set-array': [ '1.2.1' ],
89 silly audit   '@jridgewell/sourcemap-codec': [ '1.5.0' ],
89 silly audit   '@jridgewell/trace-mapping': [ '0.3.25' ],
89 silly audit   '@rollup/pluginutils': [ '4.2.1' ],
89 silly audit   '@rollup/rollup-android-arm-eabi': [ '4.26.0' ],
89 silly audit   '@rollup/rollup-android-arm64': [ '4.26.0' ],
89 silly audit   '@rollup/rollup-darwin-arm64': [ '4.26.0' ],
89 silly audit   '@rollup/rollup-darwin-x64': [ '4.26.0' ],
89 silly audit   '@rollup/rollup-freebsd-arm64': [ '4.26.0' ],
89 silly audit   '@rollup/rollup-freebsd-x64': [ '4.26.0' ],
89 silly audit   '@rollup/rollup-linux-arm-gnueabihf': [ '4.26.0' ],
89 silly audit   '@rollup/rollup-linux-arm-musleabihf': [ '4.26.0' ],
89 silly audit   '@rollup/rollup-linux-arm64-gnu': [ '4.26.0' ],
89 silly audit   '@rollup/rollup-linux-arm64-musl': [ '4.26.0' ],
89 silly audit   '@rollup/rollup-linux-powerpc64le-gnu': [ '4.26.0' ],
89 silly audit   '@rollup/rollup-linux-riscv64-gnu': [ '4.26.0' ],
89 silly audit   '@rollup/rollup-linux-s390x-gnu': [ '4.26.0' ],
89 silly audit   '@rollup/rollup-linux-x64-gnu': [ '4.26.0' ],
89 silly audit   '@rollup/rollup-linux-x64-musl': [ '4.26.0' ],
89 silly audit   '@rollup/rollup-win32-arm64-msvc': [ '4.26.0' ],
89 silly audit   '@rollup/rollup-win32-ia32-msvc': [ '4.26.0' ],
89 silly audit   '@rollup/rollup-win32-x64-msvc': [ '4.26.0' ],
89 silly audit   '@types/babel__core': [ '7.20.5' ],
89 silly audit   '@types/babel__generator': [ '7.6.8' ],
89 silly audit   '@types/babel__template': [ '7.4.4' ],
89 silly audit   '@types/babel__traverse': [ '7.20.6' ],
89 silly audit   '@types/eslint': [ '8.56.12' ],
89 silly audit   '@types/estree': [ '1.0.6' ],
89 silly audit   '@types/json-schema': [ '7.0.15' ],
89 silly audit   '@types/prop-types': [ '15.7.13' ],
89 silly audit   '@types/react': [ '18.3.12' ],
89 silly audit   '@types/react-dom': [ '18.3.1' ],
89 silly audit   '@vitejs/plugin-react': [ '4.3.3' ],
89 silly audit   acorn: [ '8.14.0' ],
89 silly audit   'acorn-jsx': [ '5.3.2' ],
89 silly audit   ajv: [ '6.12.6' ],
89 silly audit   'ansi-styles': [ '4.3.0' ],
89 silly audit   argparse: [ '2.0.1' ],
89 silly audit   'array-buffer-byte-length': [ '1.0.1' ],
89 silly audit   'array-includes': [ '3.1.8' ],
89 silly audit   'array.prototype.findlast': [ '1.2.5' ],
89 silly audit   'array.prototype.flat': [ '1.3.2' ],
89 silly audit   'array.prototype.flatmap': [ '1.3.2' ],
89 silly audit   'array.prototype.tosorted': [ '1.1.4' ],
89 silly audit   'arraybuffer.prototype.slice': [ '1.0.3' ],
89 silly audit   asynckit: [ '0.4.0' ],
89 silly audit   'available-typed-arrays': [ '1.0.7' ],
89 silly audit   axios: [ '1.7.7' ],
89 silly audit   'balanced-match': [ '1.0.2' ],
89 silly audit   'brace-expansion': [ '1.1.11' ],
89 silly audit   browserslist: [ '4.24.2' ],
89 silly audit   'call-bind': [ '1.0.7' ],
89 silly audit   callsites: [ '3.1.0' ],
89 silly audit   'caniuse-lite': [ '1.0.30001680' ],
89 silly audit   chalk: [ '4.1.2' ],
89 silly audit   'color-convert': [ '2.0.1' ],
89 silly audit   'color-name': [ '1.1.4' ],
89 silly audit   'combined-stream': [ '1.0.8' ],
89 silly audit   'concat-map': [ '0.0.1' ],
89 silly audit   'convert-source-map': [ '2.0.0' ],
89 silly audit   'cross-spawn': [ '7.0.5' ],
89 silly audit   csstype: [ '3.1.3' ],
89 silly audit   'data-view-buffer': [ '1.0.1' ],
89 silly audit   'data-view-byte-length': [ '1.0.1' ],
89 silly audit   'data-view-byte-offset': [ '1.0.0' ],
89 silly audit   debug: [ '4.3.7' ],
89 silly audit   'deep-is': [ '0.1.4' ],
89 silly audit   'define-data-property': [ '1.1.4' ],
89 silly audit   'define-properties': [ '1.2.1' ],
89 silly audit   'delayed-stream': [ '1.0.0' ],
89 silly audit   doctrine: [ '2.1.0' ],
89 silly audit   'electron-to-chromium': [ '1.5.57' ],
89 silly audit   'es-abstract': [ '1.23.4' ],
89 silly audit   'es-define-property': [ '1.0.0' ],
89 silly audit   'es-errors': [ '1.3.0' ],
89 silly audit   'es-iterator-helpers': [ '1.2.0' ],
89 silly audit   'es-object-atoms': [ '1.0.0' ],
89 silly audit   'es-set-tostringtag': [ '2.0.3' ],
89 silly audit   'es-shim-unscopables': [ '1.0.2' ],
89 silly audit   'es-to-primitive': [ '1.2.1' ],
89 silly audit   esbuild: [ '0.21.5' ],
89 silly audit   escalade: [ '3.2.0' ],
89 silly audit   'escape-string-regexp': [ '4.0.0' ],
89 silly audit   eslint: [ '9.14.0' ],
89 silly audit   'eslint-plugin-react': [ '7.37.2' ],
89 silly audit   'eslint-plugin-react-hooks': [ '5.0.0' ],
89 silly audit   'eslint-plugin-react-refresh': [ '0.4.14' ],
89 silly audit   'eslint-scope': [ '8.2.0' ],
89 silly audit   espree: [ '10.3.0' ],
89 silly audit   esquery: [ '1.6.0' ],
89 silly audit   esrecurse: [ '4.3.0' ],
89 silly audit   estraverse: [ '5.3.0' ],
89 silly audit   'estree-walker': [ '2.0.2' ],
89 silly audit   esutils: [ '2.0.3' ],
89 silly audit   'fast-deep-equal': [ '3.1.3' ],
89 silly audit   'fast-json-stable-stringify': [ '2.1.0' ],
89 silly audit   'fast-levenshtein': [ '2.0.6' ],
89 silly audit   'file-entry-cache': [ '8.0.0' ],
89 silly audit   'find-up': [ '5.0.0' ],
89 silly audit   'flat-cache': [ '4.0.1' ],
89 silly audit   flatted: [ '3.3.1' ],
89 silly audit   'follow-redirects': [ '1.15.9' ],
89 silly audit   'for-each': [ '0.3.3' ],
89 silly audit   'form-data': [ '4.0.1' ],
89 silly audit   fsevents: [ '2.3.3' ],
89 silly audit   'function-bind': [ '1.1.2' ],
89 silly audit   'function.prototype.name': [ '1.1.6' ],
89 silly audit   'functions-have-names': [ '1.2.3' ],
89 silly audit   gensync: [ '1.0.0-beta.2' ],
89 silly audit   'get-intrinsic': [ '1.2.4' ],
89 silly audit   'get-symbol-description': [ '1.0.2' ],
89 silly audit   'glob-parent': [ '6.0.2' ],
89 silly audit   globalthis: [ '1.0.4' ],
89 silly audit   gopd: [ '1.0.1' ],
89 silly audit   'has-bigints': [ '1.0.2' ],
89 silly audit   'has-flag': [ '4.0.0' ],
89 silly audit   'has-property-descriptors': [ '1.0.2' ],
89 silly audit   'has-proto': [ '1.0.3' ],
89 silly audit   'has-symbols': [ '1.0.3' ],
89 silly audit   'has-tostringtag': [ '1.0.2' ],
89 silly audit   hasown: [ '2.0.2' ],
89 silly audit   ignore: [ '5.3.2' ],
89 silly audit   'import-fresh': [ '3.3.0' ],
89 silly audit   imurmurhash: [ '0.1.4' ],
89 silly audit   'internal-slot': [ '1.0.7' ],
89 silly audit   'is-array-buffer': [ '3.0.4' ],
89 silly audit   'is-async-function': [ '2.0.0' ],
89 silly audit   'is-bigint': [ '1.0.4' ],
89 silly audit   'is-boolean-object': [ '1.1.2' ],
89 silly audit   'is-callable': [ '1.2.7' ],
89 silly audit   'is-core-module': [ '2.15.1' ],
89 silly audit   'is-data-view': [ '1.0.1' ],
89 silly audit   'is-date-object': [ '1.0.5' ],
89 silly audit   'is-extglob': [ '2.1.1' ],
89 silly audit   'is-finalizationregistry': [ '1.0.2' ],
89 silly audit   'is-generator-function': [ '1.0.10' ],
89 silly audit   'is-glob': [ '4.0.3' ],
89 silly audit   'is-map': [ '2.0.3' ],
89 silly audit   'is-negative-zero': [ '2.0.3' ],
89 silly audit   'is-number-object': [ '1.0.7' ],
89 silly audit   'is-regex': [ '1.1.4' ],
89 silly audit   'is-set': [ '2.0.3' ],
89 silly audit   'is-shared-array-buffer': [ '1.0.3' ],
89 silly audit   'is-string': [ '1.0.7' ],
89 silly audit   'is-symbol': [ '1.0.4' ],
89 silly audit   'is-typed-array': [ '1.1.13' ],
89 silly audit   'is-weakmap': [ '2.0.2' ],
89 silly audit   'is-weakref': [ '1.0.2' ],
89 silly audit   'is-weakset': [ '2.0.3' ],
89 silly audit   isarray: [ '2.0.5' ],
89 silly audit   isexe: [ '2.0.0' ],
89 silly audit   'iterator.prototype': [ '1.1.3' ],
89 silly audit   'js-tokens': [ '4.0.0' ],
89 silly audit   'js-yaml': [ '4.1.0' ],
89 silly audit   jsesc: [ '3.0.2' ],
89 silly audit   'json-buffer': [ '3.0.1' ],
89 silly audit   'json-schema-traverse': [ '0.4.1' ],
89 silly audit   'json-stable-stringify-without-jsonify': [ '1.0.1' ],
89 silly audit   json5: [ '2.2.3' ],
89 silly audit   'jsx-ast-utils': [ '3.3.5' ],
89 silly audit   keyv: [ '4.5.4' ],
89 silly audit   levn: [ '0.4.1' ],
89 silly audit   'locate-path': [ '6.0.0' ],
89 silly audit   'lodash.merge': [ '4.6.2' ],
89 silly audit   'loose-envify': [ '1.4.0' ],
89 silly audit   'lru-cache': [ '5.1.1' ],
89 silly audit   'mime-db': [ '1.52.0' ],
89 silly audit   'mime-types': [ '2.1.35' ],
89 silly audit   minimatch: [ '3.1.2' ],
89 silly audit   ms: [ '2.1.3' ],
89 silly audit   nanoid: [ '3.3.7' ],
89 silly audit   'natural-compare': [ '1.4.0' ],
89 silly audit   'node-releases': [ '2.0.18' ],
89 silly audit   'object-assign': [ '4.1.1' ],
89 silly audit   'object-inspect': [ '1.13.3' ],
89 silly audit   'object-keys': [ '1.1.1' ],
89 silly audit   'object.assign': [ '4.1.5' ],
89 silly audit   'object.entries': [ '1.1.8' ],
89 silly audit   'object.fromentries': [ '2.0.8' ],
89 silly audit   'object.values': [ '1.2.0' ],
89 silly audit   optionator: [ '0.9.4' ],
89 silly audit   'p-limit': [ '3.1.0' ],
89 silly audit   'p-locate': [ '5.0.0' ],
89 silly audit   'parent-module': [ '1.0.1' ],
89 silly audit   'path-exists': [ '4.0.0' ],
89 silly audit   'path-key': [ '3.1.1' ],
89 silly audit   'path-parse': [ '1.0.7' ],
89 silly audit   picocolors: [ '1.1.1' ],
89 silly audit   picomatch: [ '2.3.1' ],
89 silly audit   'possible-typed-array-names': [ '1.0.0' ],
89 silly audit   postcss: [ '8.4.49', '8.4.38' ],
89 silly audit   'prelude-ls': [ '1.2.1' ],
89 silly audit   'prop-types': [ '15.8.1' ],
89 silly audit   'proxy-from-env': [ '1.1.0' ],
89 silly audit   punycode: [ '2.3.1' ],
89 silly audit   react: [ '18.3.1' ],
89 silly audit   'react-dom': [ '18.3.1' ],
89 silly audit   'react-is': [ '16.13.1' ],
89 silly audit   'react-refresh': [ '0.14.2' ],
89 silly audit   'reflect.getprototypeof': [ '1.0.6' ],
89 silly audit   'regexp.prototype.flags': [ '1.5.3' ],
89 silly audit   resolve: [ '2.0.0-next.5' ],
89 silly audit   'resolve-from': [ '4.0.0' ],
89 silly audit   rollup: [ '4.26.0', '2.79.2' ],
89 silly audit   'safe-array-concat': [ '1.1.2' ],
89 silly audit   'safe-regex-test': [ '1.0.3' ],
89 silly audit   scheduler: [ '0.23.2' ],
89 silly audit   semver: [ '6.3.1' ],
89 silly audit   'set-function-length': [ '1.2.2' ],
89 silly audit   'set-function-name': [ '2.0.2' ],
89 silly audit   'shebang-command': [ '2.0.0' ],
89 silly audit   'shebang-regex': [ '3.0.0' ],
89 silly audit   'side-channel': [ '1.0.6' ],
89 silly audit   'source-map-js': [ '1.2.1' ],
89 silly audit   'string.prototype.matchall': [ '4.0.11' ],
89 silly audit   'string.prototype.repeat': [ '1.0.0' ],
89 silly audit   'string.prototype.trim': [ '1.2.9' ],
89 silly audit   'string.prototype.trimend': [ '1.0.8' ],
89 silly audit   'string.prototype.trimstart': [ '1.0.8' ],
89 silly audit   'strip-json-comments': [ '3.1.1' ],
89 silly audit   'supports-color': [ '7.2.0' ],
89 silly audit   'supports-preserve-symlinks-flag': [ '1.0.0' ],
89 silly audit   'text-table': [ '0.2.0' ],
89 silly audit   'type-check': [ '0.4.0' ],
89 silly audit   'typed-array-buffer': [ '1.0.2' ],
89 silly audit   'typed-array-byte-length': [ '1.0.1' ],
89 silly audit   'typed-array-byte-offset': [ '1.0.2' ],
89 silly audit   'typed-array-length': [ '1.0.6' ],
89 silly audit   'unbox-primitive': [ '1.0.2' ],
89 silly audit   'update-browserslist-db': [ '1.1.1' ],
89 silly audit   'uri-js': [ '4.4.1' ],
89 silly audit   vite: [ '5.4.11' ],
89 silly audit   'vite-plugin-eslint': [ '1.8.1' ],
89 silly audit   which: [ '2.0.2' ],
89 silly audit   'which-boxed-primitive': [ '1.0.2' ],
89 silly audit   'which-builtin-type': [ '1.1.4' ],
89 silly audit   'which-collection': [ '1.0.2' ],
89 silly audit   'which-typed-array': [ '1.1.15' ],
89 silly audit   'word-wrap': [ '1.2.5' ],
89 silly audit   yallist: [ '3.1.1' ],
89 silly audit   'yocto-queue': [ '0.1.0' ],
89 silly audit   'styled-components': [ '6.1.13' ],
89 silly audit   '@emotion/is-prop-valid': [ '1.2.2' ],
89 silly audit   '@emotion/unitless': [ '0.8.1' ],
89 silly audit   '@types/stylis': [ '4.2.5' ],
89 silly audit   'css-to-react-native': [ '3.2.0' ],
89 silly audit   shallowequal: [ '1.1.0' ],
89 silly audit   stylis: [ '4.3.2' ],
89 silly audit   tslib: [ '2.6.2' ],
89 silly audit   '@emotion/memoize': [ '0.8.1' ],
89 silly audit   camelize: [ '1.0.1' ],
89 silly audit   'css-color-keywords': [ '1.0.0' ],
89 silly audit   'postcss-value-parser': [ '4.2.0' ]
89 silly audit }
90 verbose reify failed optional dependency /home/penurajeshitsd/react_18/hacker-stories/node_modules/fsevents
91 silly reify mark deleted [
91 silly reify   '/home/penurajeshitsd/react_18/hacker-stories/node_modules/fsevents'
91 silly reify ]
92 verbose reify failed optional dependency /home/penurajeshitsd/react_18/hacker-stories/node_modules/@rollup/rollup-win32-x64-msvc
93 silly reify mark deleted [
93 silly reify   '/home/penurajeshitsd/react_18/hacker-stories/node_modules/@rollup/rollup-win32-x64-msvc'
93 silly reify ]
94 verbose reify failed optional dependency /home/penurajeshitsd/react_18/hacker-stories/node_modules/@rollup/rollup-win32-ia32-msvc
95 silly reify mark deleted [
95 silly reify   '/home/penurajeshitsd/react_18/hacker-stories/node_modules/@rollup/rollup-win32-ia32-msvc'
95 silly reify ]
96 verbose reify failed optional dependency /home/penurajeshitsd/react_18/hacker-stories/node_modules/@rollup/rollup-win32-arm64-msvc
97 silly reify mark deleted [
97 silly reify   '/home/penurajeshitsd/react_18/hacker-stories/node_modules/@rollup/rollup-win32-arm64-msvc'
97 silly reify ]
98 verbose reify failed optional dependency /home/penurajeshitsd/react_18/hacker-stories/node_modules/@rollup/rollup-linux-s390x-gnu
99 silly reify mark deleted [
99 silly reify   '/home/penurajeshitsd/react_18/hacker-stories/node_modules/@rollup/rollup-linux-s390x-gnu'
99 silly reify ]
100 verbose reify failed optional dependency /home/penurajeshitsd/react_18/hacker-stories/node_modules/@rollup/rollup-linux-riscv64-gnu
101 silly reify mark deleted [
101 silly reify   '/home/penurajeshitsd/react_18/hacker-stories/node_modules/@rollup/rollup-linux-riscv64-gnu'
101 silly reify ]
102 verbose reify failed optional dependency /home/penurajeshitsd/react_18/hacker-stories/node_modules/@rollup/rollup-linux-powerpc64le-gnu
103 silly reify mark deleted [
103 silly reify   '/home/penurajeshitsd/react_18/hacker-stories/node_modules/@rollup/rollup-linux-powerpc64le-gnu'
103 silly reify ]
104 verbose reify failed optional dependency /home/penurajeshitsd/react_18/hacker-stories/node_modules/@rollup/rollup-linux-arm64-musl
105 silly reify mark deleted [
105 silly reify   '/home/penurajeshitsd/react_18/hacker-stories/node_modules/@rollup/rollup-linux-arm64-musl'
105 silly reify ]
106 verbose reify failed optional dependency /home/penurajeshitsd/react_18/hacker-stories/node_modules/@rollup/rollup-linux-arm64-gnu
107 silly reify mark deleted [
107 silly reify   '/home/penurajeshitsd/react_18/hacker-stories/node_modules/@rollup/rollup-linux-arm64-gnu'
107 silly reify ]
108 verbose reify failed optional dependency /home/penurajeshitsd/react_18/hacker-stories/node_modules/@rollup/rollup-linux-arm-musleabihf
109 silly reify mark deleted [
109 silly reify   '/home/penurajeshitsd/react_18/hacker-stories/node_modules/@rollup/rollup-linux-arm-musleabihf'
109 silly reify ]
110 verbose reify failed optional dependency /home/penurajeshitsd/react_18/hacker-stories/node_modules/@rollup/rollup-linux-arm-gnueabihf
111 silly reify mark deleted [
111 silly reify   '/home/penurajeshitsd/react_18/hacker-stories/node_modules/@rollup/rollup-linux-arm-gnueabihf'
111 silly reify ]
112 verbose reify failed optional dependency /home/penurajeshitsd/react_18/hacker-stories/node_modules/@rollup/rollup-freebsd-x64
113 silly reify mark deleted [
113 silly reify   '/home/penurajeshitsd/react_18/hacker-stories/node_modules/@rollup/rollup-freebsd-x64'
113 silly reify ]
114 verbose reify failed optional dependency /home/penurajeshitsd/react_18/hacker-stories/node_modules/@rollup/rollup-freebsd-arm64
115 silly reify mark deleted [
115 silly reify   '/home/penurajeshitsd/react_18/hacker-stories/node_modules/@rollup/rollup-freebsd-arm64'
115 silly reify ]
116 verbose reify failed optional dependency /home/penurajeshitsd/react_18/hacker-stories/node_modules/@rollup/rollup-darwin-x64
117 silly reify mark deleted [
117 silly reify   '/home/penurajeshitsd/react_18/hacker-stories/node_modules/@rollup/rollup-darwin-x64'
117 silly reify ]
118 verbose reify failed optional dependency /home/penurajeshitsd/react_18/hacker-stories/node_modules/@rollup/rollup-darwin-arm64
119 silly reify mark deleted [
119 silly reify   '/home/penurajeshitsd/react_18/hacker-stories/node_modules/@rollup/rollup-darwin-arm64'
119 silly reify ]
120 verbose reify failed optional dependency /home/penurajeshitsd/react_18/hacker-stories/node_modules/@rollup/rollup-android-arm64
121 silly reify mark deleted [
121 silly reify   '/home/penurajeshitsd/react_18/hacker-stories/node_modules/@rollup/rollup-android-arm64'
121 silly reify ]
122 verbose reify failed optional dependency /home/penurajeshitsd/react_18/hacker-stories/node_modules/@rollup/rollup-android-arm-eabi
123 silly reify mark deleted [
123 silly reify   '/home/penurajeshitsd/react_18/hacker-stories/node_modules/@rollup/rollup-android-arm-eabi'
123 silly reify ]
124 verbose reify failed optional dependency /home/penurajeshitsd/react_18/hacker-stories/node_modules/@esbuild/win32-x64
125 silly reify mark deleted [
125 silly reify   '/home/penurajeshitsd/react_18/hacker-stories/node_modules/@esbuild/win32-x64'
125 silly reify ]
126 verbose reify failed optional dependency /home/penurajeshitsd/react_18/hacker-stories/node_modules/@esbuild/win32-ia32
127 silly reify mark deleted [
127 silly reify   '/home/penurajeshitsd/react_18/hacker-stories/node_modules/@esbuild/win32-ia32'
127 silly reify ]
128 verbose reify failed optional dependency /home/penurajeshitsd/react_18/hacker-stories/node_modules/@esbuild/win32-arm64
129 silly reify mark deleted [
129 silly reify   '/home/penurajeshitsd/react_18/hacker-stories/node_modules/@esbuild/win32-arm64'
129 silly reify ]
130 verbose reify failed optional dependency /home/penurajeshitsd/react_18/hacker-stories/node_modules/@esbuild/sunos-x64
131 silly reify mark deleted [
131 silly reify   '/home/penurajeshitsd/react_18/hacker-stories/node_modules/@esbuild/sunos-x64'
131 silly reify ]
132 verbose reify failed optional dependency /home/penurajeshitsd/react_18/hacker-stories/node_modules/@esbuild/openbsd-x64
133 silly reify mark deleted [
133 silly reify   '/home/penurajeshitsd/react_18/hacker-stories/node_modules/@esbuild/openbsd-x64'
133 silly reify ]
134 verbose reify failed optional dependency /home/penurajeshitsd/react_18/hacker-stories/node_modules/@esbuild/netbsd-x64
135 silly reify mark deleted [
135 silly reify   '/home/penurajeshitsd/react_18/hacker-stories/node_modules/@esbuild/netbsd-x64'
135 silly reify ]
136 verbose reify failed optional dependency /home/penurajeshitsd/react_18/hacker-stories/node_modules/@esbuild/linux-s390x
137 silly reify mark deleted [
137 silly reify   '/home/penurajeshitsd/react_18/hacker-stories/node_modules/@esbuild/linux-s390x'
137 silly reify ]
138 verbose reify failed optional dependency /home/penurajeshitsd/react_18/hacker-stories/node_modules/@esbuild/linux-riscv64
139 silly reify mark deleted [
139 silly reify   '/home/penurajeshitsd/react_18/hacker-stories/node_modules/@esbuild/linux-riscv64'
139 silly reify ]
140 verbose reify failed optional dependency /home/penurajeshitsd/react_18/hacker-stories/node_modules/@esbuild/linux-ppc64
141 silly reify mark deleted [
141 silly reify   '/home/penurajeshitsd/react_18/hacker-stories/node_modules/@esbuild/linux-ppc64'
141 silly reify ]
142 verbose reify failed optional dependency /home/penurajeshitsd/react_18/hacker-stories/node_modules/@esbuild/linux-mips64el
143 silly reify mark deleted [
143 silly reify   '/home/penurajeshitsd/react_18/hacker-stories/node_modules/@esbuild/linux-mips64el'
143 silly reify ]
144 verbose reify failed optional dependency /home/penurajeshitsd/react_18/hacker-stories/node_modules/@esbuild/linux-loong64
145 silly reify mark deleted [
145 silly reify   '/home/penurajeshitsd/react_18/hacker-stories/node_modules/@esbuild/linux-loong64'
145 silly reify ]
146 verbose reify failed optional dependency /home/penurajeshitsd/react_18/hacker-stories/node_modules/@esbuild/linux-ia32
147 silly reify mark deleted [
147 silly reify   '/home/penurajeshitsd/react_18/hacker-stories/node_modules/@esbuild/linux-ia32'
147 silly reify ]
148 verbose reify failed optional dependency /home/penurajeshitsd/react_18/hacker-stories/node_modules/@esbuild/linux-arm64
149 silly reify mark deleted [
149 silly reify   '/home/penurajeshitsd/react_18/hacker-stories/node_modules/@esbuild/linux-arm64'
149 silly reify ]
150 verbose reify failed optional dependency /home/penurajeshitsd/react_18/hacker-stories/node_modules/@esbuild/linux-arm
151 silly reify mark deleted [
151 silly reify   '/home/penurajeshitsd/react_18/hacker-stories/node_modules/@esbuild/linux-arm'
151 silly reify ]
152 verbose reify failed optional dependency /home/penurajeshitsd/react_18/hacker-stories/node_modules/@esbuild/freebsd-x64
153 silly reify mark deleted [
153 silly reify   '/home/penurajeshitsd/react_18/hacker-stories/node_modules/@esbuild/freebsd-x64'
153 silly reify ]
154 verbose reify failed optional dependency /home/penurajeshitsd/react_18/hacker-stories/node_modules/@esbuild/freebsd-arm64
155 silly reify mark deleted [
155 silly reify   '/home/penurajeshitsd/react_18/hacker-stories/node_modules/@esbuild/freebsd-arm64'
155 silly reify ]
156 verbose reify failed optional dependency /home/penurajeshitsd/react_18/hacker-stories/node_modules/@esbuild/darwin-x64
157 silly reify mark deleted [
157 silly reify   '/home/penurajeshitsd/react_18/hacker-stories/node_modules/@esbuild/darwin-x64'
157 silly reify ]
158 verbose reify failed optional dependency /home/penurajeshitsd/react_18/hacker-stories/node_modules/@esbuild/darwin-arm64
159 silly reify mark deleted [
159 silly reify   '/home/penurajeshitsd/react_18/hacker-stories/node_modules/@esbuild/darwin-arm64'
159 silly reify ]
160 verbose reify failed optional dependency /home/penurajeshitsd/react_18/hacker-stories/node_modules/@esbuild/android-x64
161 silly reify mark deleted [
161 silly reify   '/home/penurajeshitsd/react_18/hacker-stories/node_modules/@esbuild/android-x64'
161 silly reify ]
162 verbose reify failed optional dependency /home/penurajeshitsd/react_18/hacker-stories/node_modules/@esbuild/android-arm64
163 silly reify mark deleted [
163 silly reify   '/home/penurajeshitsd/react_18/hacker-stories/node_modules/@esbuild/android-arm64'
163 silly reify ]
164 verbose reify failed optional dependency /home/penurajeshitsd/react_18/hacker-stories/node_modules/@esbuild/android-arm
165 silly reify mark deleted [
165 silly reify   '/home/penurajeshitsd/react_18/hacker-stories/node_modules/@esbuild/android-arm'
165 silly reify ]
166 verbose reify failed optional dependency /home/penurajeshitsd/react_18/hacker-stories/node_modules/@esbuild/aix-ppc64
167 silly reify mark deleted [
167 silly reify   '/home/penurajeshitsd/react_18/hacker-stories/node_modules/@esbuild/aix-ppc64'
167 silly reify ]
168 silly tarball no local data for postcss-value-parser@https://registry.npmjs.org/postcss-value-parser/-/postcss-value-parser-4.2.0.tgz. Extracting by manifest.
169 silly tarball no local data for css-color-keywords@https://registry.npmjs.org/css-color-keywords/-/css-color-keywords-1.0.0.tgz. Extracting by manifest.
170 silly tarball no local data for camelize@https://registry.npmjs.org/camelize/-/camelize-1.0.1.tgz. Extracting by manifest.
171 silly tarball no local data for @emotion/memoize@https://registry.npmjs.org/@emotion/memoize/-/memoize-0.8.1.tgz. Extracting by manifest.
172 silly tarball no local data for tslib@https://registry.npmjs.org/tslib/-/tslib-2.6.2.tgz. Extracting by manifest.
173 silly tarball no local data for stylis@https://registry.npmjs.org/stylis/-/stylis-4.3.2.tgz. Extracting by manifest.
174 silly tarball no local data for shallowequal@https://registry.npmjs.org/shallowequal/-/shallowequal-1.1.0.tgz. Extracting by manifest.
175 silly tarball no local data for css-to-react-native@https://registry.npmjs.org/css-to-react-native/-/css-to-react-native-3.2.0.tgz. Extracting by manifest.
176 silly tarball no local data for @types/stylis@https://registry.npmjs.org/@types/stylis/-/stylis-4.2.5.tgz. Extracting by manifest.
177 silly tarball no local data for @emotion/unitless@https://registry.npmjs.org/@emotion/unitless/-/unitless-0.8.1.tgz. Extracting by manifest.
178 silly tarball no local data for @emotion/is-prop-valid@https://registry.npmjs.org/@emotion/is-prop-valid/-/is-prop-valid-1.2.2.tgz. Extracting by manifest.
179 silly tarball no local data for styled-components@https://registry.npmjs.org/styled-components/-/styled-components-6.1.13.tgz. Extracting by manifest.
180 silly tarball no local data for postcss@https://registry.npmjs.org/postcss/-/postcss-8.4.38.tgz. Extracting by manifest.
181 http fetch POST 200 https://registry.npmjs.org/-/npm/v1/security/advisories/bulk 366ms
182 silly audit report {}
183 http fetch GET 200 https://registry.npmjs.org/css-color-keywords/-/css-color-keywords-1.0.0.tgz 214ms (cache miss)
184 http fetch GET 200 https://registry.npmjs.org/shallowequal/-/shallowequal-1.1.0.tgz 224ms (cache miss)
185 http fetch GET 200 https://registry.npmjs.org/@types/stylis/-/stylis-4.2.5.tgz 234ms (cache miss)
186 http fetch GET 200 https://registry.npmjs.org/camelize/-/camelize-1.0.1.tgz 250ms (cache miss)
187 http fetch GET 200 https://registry.npmjs.org/@emotion/unitless/-/unitless-0.8.1.tgz 256ms (cache miss)
188 http fetch GET 200 https://registry.npmjs.org/postcss-value-parser/-/postcss-value-parser-4.2.0.tgz 264ms (cache miss)
189 http fetch GET 200 https://registry.npmjs.org/@emotion/is-prop-valid/-/is-prop-valid-1.2.2.tgz 274ms (cache miss)
190 http fetch GET 200 https://registry.npmjs.org/tslib/-/tslib-2.6.2.tgz 290ms (cache miss)
191 http fetch GET 200 https://registry.npmjs.org/stylis/-/stylis-4.3.2.tgz 321ms (cache miss)
192 http fetch GET 200 https://registry.npmjs.org/css-to-react-native/-/css-to-react-native-3.2.0.tgz 332ms (cache miss)
193 http fetch GET 200 https://registry.npmjs.org/postcss/-/postcss-8.4.38.tgz 352ms (cache miss)
194 http fetch GET 200 https://registry.npmjs.org/styled-components/-/styled-components-6.1.13.tgz 443ms (cache miss)
195 http fetch GET 200 https://registry.npmjs.org/@emotion/memoize/-/memoize-0.8.1.tgz 814ms (cache miss)
196 silly ADD node_modules/postcss-value-parser
197 silly ADD node_modules/css-color-keywords
198 silly ADD node_modules/camelize
199 silly ADD node_modules/@emotion/memoize
200 silly ADD node_modules/tslib
201 silly ADD node_modules/stylis
202 silly ADD node_modules/shallowequal
203 silly ADD node_modules/css-to-react-native
204 silly ADD node_modules/@types/stylis
205 silly ADD node_modules/@emotion/unitless
206 silly ADD node_modules/@emotion/is-prop-valid
207 silly ADD node_modules/styled-components
208 silly ADD node_modules/styled-components/node_modules/postcss
209 silly ADD
210 silly ADD
211 silly ADD
212 silly ADD
213 silly ADD
214 silly ADD
215 silly ADD
216 silly ADD
217 silly ADD
218 silly ADD
219 silly ADD
220 silly ADD
221 silly ADD
222 silly ADD
223 silly ADD
224 silly ADD
225 silly ADD
226 silly ADD
227 silly ADD
228 silly ADD
229 silly ADD
230 silly ADD
231 silly ADD
232 silly ADD
233 silly ADD
234 silly ADD
235 silly ADD
236 silly ADD
237 silly ADD
238 silly ADD
239 silly ADD
240 silly ADD
241 silly ADD
242 silly ADD
243 silly ADD
244 silly ADD
245 silly ADD
246 silly ADD
247 silly ADD
248 verbose cwd /home/penurajeshitsd/react_18/hacker-stories
249 verbose os Linux 6.1.112+
250 verbose node v22.11.0
251 verbose npm  v10.9.0
252 verbose exit 0
253 info ok
