0 verbose cli /usr/local/nvm/versions/node/v22.11.0/bin/node /usr/local/nvm/versions/node/v22.11.0/bin/npm
1 info using npm@10.9.0
2 info using node@v22.11.0
3 silly config load:file:/usr/local/nvm/versions/node/v22.11.0/lib/node_modules/npm/npmrc
4 silly config load:file:/home/penurajeshitsd/.cache/typescript/5.4/.npmrc
5 silly config load:file:/home/penurajeshitsd/.npmrc
6 silly config load:file:/usr/local/nvm/versions/node/v22.11.0/etc/npmrc
7 verbose title npm install types-registry@latest
8 verbose argv "install" "--ignore-scripts" "types-registry@latest"
9 verbose logfile logs-max:10 dir:/home/penurajeshitsd/.npm/_logs/2024-11-14T07_43_39_717Z-
10 verbose logfile /home/penurajeshitsd/.npm/_logs/2024-11-14T07_43_39_717Z-debug-0.log
11 silly logfile done cleaning log files
12 silly packumentCache heap:2197815296 maxSize:549453824 maxEntrySize:274726912
13 silly packumentCache corgi:https://registry.npmjs.org/types-registry cache-miss
14 http fetch GET 200 https://registry.npmjs.org/types-registry 779ms (cache miss)
15 silly packumentCache corgi:https://registry.npmjs.org/types-registry set size:undefined disposed:false
16 silly idealTree buildDeps
17 silly fetch manifest types-registry@0.1.694
18 silly packumentCache full:https://registry.npmjs.org/types-registry cache-miss
19 http fetch GET 200 https://registry.npmjs.org/types-registry 223ms (cache miss)
20 silly packumentCache full:https://registry.npmjs.org/types-registry set size:undefined disposed:false
21 silly placeDep ROOT types-registry@0.1.694 OK for:  want: 0.1.694
22 silly reify mark retired [
22 silly reify   '/home/penurajeshitsd/.cache/typescript/5.4/node_modules/@types/prop-types'
22 silly reify ]
23 silly reify moves {
23 silly reify   '/home/penurajeshitsd/.cache/typescript/5.4/node_modules/@types/prop-types': '/home/penurajeshitsd/.cache/typescript/5.4/node_modules/@types/.prop-types-GlbDh9ZP'
23 silly reify }
24 silly audit bulk request { 'types-registry': [ '0.1.694' ] }
25 silly tarball no local data for types-registry@https://registry.npmjs.org/types-registry/-/types-registry-0.1.694.tgz. Extracting by manifest.
26 http fetch POST 200 https://registry.npmjs.org/-/npm/v1/security/advisories/bulk 246ms
27 silly audit report {}
28 http fetch GET 200 https://registry.npmjs.org/types-registry/-/types-registry-0.1.694.tgz 495ms (cache miss)
29 silly ADD node_modules/types-registry
30 silly REMOVE node_modules/@types/prop-types
31 verbose cwd /home/penurajeshitsd/.cache/typescript/5.4
32 verbose os Linux 6.1.112+
33 verbose node v22.11.0
34 verbose npm  v10.9.0
35 verbose exit 0
36 info ok
