2024-11-14 12:57:32.006 [info] Extension host with pid 2997 started
2024-11-14 12:57:32.061 [error] Error: EEXIST: file already exists, open '/home/penurajeshitsd/.codeoss/data/User/workspaceStorage/65e53f53/vscode.lock'
2024-11-14 12:57:32.075 [info] Lock '/home/penurajeshitsd/.codeoss/data/User/workspaceStorage/65e53f53/vscode.lock': Could not acquire lock, checking if the file is stale.
2024-11-14 12:57:32.077 [info] Lock '/home/penurajeshitsd/.codeoss/data/User/workspaceStorage/65e53f53/vscode.lock': The pid 3162 appears to be gone.
2024-11-14 12:57:32.077 [info] Lock '/home/penurajeshitsd/.codeoss/data/User/workspaceStorage/65e53f53/vscode.lock': Deleting a stale lock.
2024-11-14 12:57:32.085 [info] Lock '/home/penurajeshitsd/.codeoss/data/User/workspaceStorage/65e53f53/vscode.lock': Lock acquired.
2024-11-14 12:57:32.251 [info] ExtensionService#_doActivateExtension vscode.typescript-language-features, startup: false, activationEvent: 'onLanguage:javascriptreact'
2024-11-14 12:57:32.253 [info] ExtensionService#_doActivateExtension vscode.emmet, startup: false, activationEvent: 'onLanguage'
2024-11-14 12:57:33.113 [info] ExtensionService#_doActivateExtension vscode.git-base, startup: true, activationEvent: '*', root cause: vscode.git
2024-11-14 12:57:33.144 [info] ExtensionService#_doActivateExtension vscode.npm, startup: true, activationEvent: 'workspaceContains:package.json'
2024-11-14 12:57:34.122 [info] ExtensionService#_doActivateExtension vscode.git, startup: true, activationEvent: '*'
2024-11-14 12:57:34.123 [info] ExtensionService#_doActivateExtension vscode.github, startup: true, activationEvent: '*'
2024-11-14 12:57:35.161 [info] ExtensionService#_doActivateExtension redhat.fabric8-analytics, startup: true, activationEvent: 'workspaceContains:**/package.json,**/pom.xml,**/go.mod,**/requirements.txt'
2024-11-14 12:57:36.347 [info] Eager extensions activated
2024-11-14 12:57:36.347 [info] ExtensionService#_doActivateExtension EditorConfig.EditorConfig, startup: false, activationEvent: 'onStartupFinished'
2024-11-14 12:57:36.348 [info] ExtensionService#_doActivateExtension google.cloud-shell, startup: false, activationEvent: 'onStartupFinished'
2024-11-14 12:57:36.357 [info] ExtensionService#_doActivateExtension googlecloudtools.cloudcode, startup: false, activationEvent: 'onStartupFinished'
2024-11-14 12:57:36.358 [info] ExtensionService#_doActivateExtension vscode.debug-auto-launch, startup: false, activationEvent: 'onStartupFinished'
2024-11-14 12:57:36.358 [info] ExtensionService#_doActivateExtension vscode.merge-conflict, startup: false, activationEvent: 'onStartupFinished'
2024-11-14 12:57:42.355 [info] ExtensionService#_doActivateExtension vscode.json-language-features, startup: false, activationEvent: 'onLanguage:jsonc'
2024-11-14 12:57:43.040 [info] ExtensionService#_doActivateExtension vscode.github-authentication, startup: false, activationEvent: 'onAuthenticationRequest:github'
2024-11-14 13:00:57.331 [info] ExtensionService#_doActivateExtension vscode.simple-browser, startup: false, activationEvent: 'onOpenExternalUri:https'
