2024-11-14 12:57:35.832 [info] Log level: Info
2024-11-14 12:57:35.832 [info] Validating found git in: "git"
2024-11-14 12:57:35.832 [info] Using git "2.43.0" from "git"
2024-11-14 12:57:35.832 [info] > git rev-parse --show-toplevel [595ms]
2024-11-14 12:57:35.840 [info] > git rev-parse --git-dir --git-common-dir [14ms]
2024-11-14 12:57:35.915 [info] Open repository: /home/penurajeshitsd
2024-11-14 12:57:41.743 [info] > git config --get commit.template [5715ms]
2024-11-14 12:57:42.056 [info] > git fetch [6142ms]
2024-11-14 12:57:42.057 [info] Auto packing the repository in background for optimum performance.
See "git help gc" for manual housekeeping.
warning: The last gc run reported the following. Please correct the root cause
and remove .git/gc.log
Automatic cleanup will not be performed until the file is removed.

warning: There are too many unreachable loose objects; run 'git prune' to remove them.
2024-11-14 12:57:42.062 [info] > git rev-parse --show-toplevel [5966ms]
2024-11-14 12:57:42.223 [info] > git check-ignore -v -z --stdin [430ms]
2024-11-14 12:57:42.255 [info] > git rev-parse --show-toplevel [35ms]
2024-11-14 12:57:42.263 [info] > git config --get commit.template [97ms]
2024-11-14 12:57:42.267 [info] > git for-each-ref --format=%(refname)%00%(upstream:short)%00%(objectname)%00%(upstream:track)%00%(upstream:remotename)%00%(upstream:remoteref) refs/heads/props refs/remotes/props [159ms]
2024-11-14 12:57:42.587 [info] > git check-ignore -v -z --stdin [44ms]
2024-11-14 12:57:42.604 [info] > git rev-parse --show-toplevel [268ms]
2024-11-14 12:57:42.723 [info] > git for-each-ref --format=%(refname)%00%(upstream:short)%00%(objectname)%00%(upstream:track)%00%(upstream:remotename)%00%(upstream:remoteref) refs/heads/props refs/remotes/props [157ms]
2024-11-14 12:57:42.742 [info] > git show --textconv :react_18/hacker-stories/src/App.jsx [82ms]
2024-11-14 12:57:42.743 [info] > git ls-files --stage -- /home/penurajeshitsd/react_18/hacker-stories/src/App.jsx [33ms]
2024-11-14 12:57:43.190 [info] > git config --get commit.template [172ms]
2024-11-14 12:57:43.190 [info] > git cat-file -s c7a6e8f7ea4890d12faa0127c7d9abc77ef49288 [423ms]
2024-11-14 12:57:43.599 [info] > git for-each-ref --format=%(refname)%00%(upstream:short)%00%(objectname)%00%(upstream:track)%00%(upstream:remotename)%00%(upstream:remoteref) refs/heads/props refs/remotes/props [380ms]
2024-11-14 12:57:43.611 [info] > git ls-files --stage -- /home/penurajeshitsd/react_18/hacker-stories/src/App.jsx [31ms]
2024-11-14 12:57:44.025 [info] > git cat-file -s c7a6e8f7ea4890d12faa0127c7d9abc77ef49288 [289ms]
2024-11-14 12:58:17.854 [info] > git status -z -uall [34019ms]
2024-11-14 12:58:17.910 [info] > git merge-base refs/heads/props refs/remotes/react-18/props [24ms]
2024-11-14 12:58:17.945 [info] > git rev-list --count --left-right refs/heads/props...refs/remotes/react-18/props [5ms]
2024-11-14 12:58:18.000 [info] > git diff --name-status -z --diff-filter=ADMR 2fb9b6aafd1ae4a3bba3586af82e447f7fcb8451...refs/remotes/react-18/props [35ms]
2024-11-14 12:58:20.360 [info] > git config --get commit.template [4ms]
2024-11-14 12:58:20.382 [info] > git for-each-ref --format=%(refname)%00%(upstream:short)%00%(objectname)%00%(upstream:track)%00%(upstream:remotename)%00%(upstream:remoteref) refs/heads/props refs/remotes/props [2ms]
2024-11-14 12:58:20.589 [info] > git status -z -uall [188ms]
2024-11-14 12:58:25.639 [info] > git config --get commit.template [22ms]
2024-11-14 12:58:25.641 [info] > git for-each-ref --format=%(refname)%00%(upstream:short)%00%(objectname)%00%(upstream:track)%00%(upstream:remotename)%00%(upstream:remoteref) refs/heads/props refs/remotes/props [3ms]
2024-11-14 12:58:25.839 [info] > git status -z -uall [178ms]
2024-11-14 12:58:30.895 [info] > git config --get commit.template [28ms]
2024-11-14 12:58:30.897 [info] > git for-each-ref --format=%(refname)%00%(upstream:short)%00%(objectname)%00%(upstream:track)%00%(upstream:remotename)%00%(upstream:remoteref) refs/heads/props refs/remotes/props [3ms]
2024-11-14 12:58:31.101 [info] > git status -z -uall [179ms]
2024-11-14 12:58:36.150 [info] > git config --get commit.template [23ms]
2024-11-14 12:58:36.152 [info] > git for-each-ref --format=%(refname)%00%(upstream:short)%00%(objectname)%00%(upstream:track)%00%(upstream:remotename)%00%(upstream:remoteref) refs/heads/props refs/remotes/props [4ms]
2024-11-14 12:58:36.354 [info] > git status -z -uall [181ms]
2024-11-14 12:58:41.404 [info] > git config --get commit.template [23ms]
2024-11-14 12:58:41.406 [info] > git for-each-ref --format=%(refname)%00%(upstream:short)%00%(objectname)%00%(upstream:track)%00%(upstream:remotename)%00%(upstream:remoteref) refs/heads/props refs/remotes/props [3ms]
2024-11-14 12:58:41.607 [info] > git status -z -uall [174ms]
2024-11-14 12:58:46.658 [info] > git config --get commit.template [22ms]
2024-11-14 12:58:46.660 [info] > git for-each-ref --format=%(refname)%00%(upstream:short)%00%(objectname)%00%(upstream:track)%00%(upstream:remotename)%00%(upstream:remoteref) refs/heads/props refs/remotes/props [3ms]
2024-11-14 12:58:47.435 [info] > git status -z -uall [755ms]
2024-11-14 12:58:52.491 [info] > git config --get commit.template [23ms]
2024-11-14 12:58:52.492 [info] > git for-each-ref --format=%(refname)%00%(upstream:short)%00%(objectname)%00%(upstream:track)%00%(upstream:remotename)%00%(upstream:remoteref) refs/heads/props refs/remotes/props [4ms]
2024-11-14 12:58:52.691 [info] > git status -z -uall [177ms]
2024-11-14 12:59:31.009 [info] > git config --get commit.template [3ms]
2024-11-14 12:59:31.030 [info] > git for-each-ref --format=%(refname)%00%(upstream:short)%00%(objectname)%00%(upstream:track)%00%(upstream:remotename)%00%(upstream:remoteref) refs/heads/props refs/remotes/props [4ms]
2024-11-14 12:59:31.445 [info] > git status -z -uall [381ms]
2024-11-14 12:59:36.495 [info] > git config --get commit.template [21ms]
2024-11-14 12:59:36.496 [info] > git for-each-ref --format=%(refname)%00%(upstream:short)%00%(objectname)%00%(upstream:track)%00%(upstream:remotename)%00%(upstream:remoteref) refs/heads/props refs/remotes/props [3ms]
2024-11-14 12:59:36.794 [info] > git status -z -uall [278ms]
2024-11-14 12:59:41.848 [info] > git config --get commit.template [21ms]
2024-11-14 12:59:41.850 [info] > git for-each-ref --format=%(refname)%00%(upstream:short)%00%(objectname)%00%(upstream:track)%00%(upstream:remotename)%00%(upstream:remoteref) refs/heads/props refs/remotes/props [3ms]
2024-11-14 12:59:42.048 [info] > git status -z -uall [179ms]
2024-11-14 12:59:47.473 [info] > git config --get commit.template [21ms]
2024-11-14 12:59:47.474 [info] > git for-each-ref --format=%(refname)%00%(upstream:short)%00%(objectname)%00%(upstream:track)%00%(upstream:remotename)%00%(upstream:remoteref) refs/heads/props refs/remotes/props [3ms]
2024-11-14 12:59:47.676 [info] > git status -z -uall [184ms]
2024-11-14 12:59:52.722 [info] > git config --get commit.template [21ms]
2024-11-14 12:59:52.723 [info] > git for-each-ref --format=%(refname)%00%(upstream:short)%00%(objectname)%00%(upstream:track)%00%(upstream:remotename)%00%(upstream:remoteref) refs/heads/props refs/remotes/props [3ms]
2024-11-14 12:59:52.922 [info] > git status -z -uall [181ms]
2024-11-14 12:59:57.971 [info] > git config --get commit.template [21ms]
2024-11-14 12:59:57.972 [info] > git for-each-ref --format=%(refname)%00%(upstream:short)%00%(objectname)%00%(upstream:track)%00%(upstream:remotename)%00%(upstream:remoteref) refs/heads/props refs/remotes/props [3ms]
2024-11-14 12:59:58.174 [info] > git status -z -uall [182ms]
2024-11-14 13:00:03.235 [info] > git config --get commit.template [22ms]
2024-11-14 13:00:03.237 [info] > git for-each-ref --format=%(refname)%00%(upstream:short)%00%(objectname)%00%(upstream:track)%00%(upstream:remotename)%00%(upstream:remoteref) refs/heads/props refs/remotes/props [4ms]
2024-11-14 13:00:03.439 [info] > git status -z -uall [183ms]
2024-11-14 13:00:08.533 [info] > git config --get commit.template [30ms]
2024-11-14 13:00:08.534 [info] > git for-each-ref --format=%(refname)%00%(upstream:short)%00%(objectname)%00%(upstream:track)%00%(upstream:remotename)%00%(upstream:remoteref) refs/heads/props refs/remotes/props [4ms]
2024-11-14 13:00:08.796 [info] > git status -z -uall [243ms]
2024-11-14 13:00:13.857 [info] > git config --get commit.template [20ms]
2024-11-14 13:00:13.858 [info] > git for-each-ref --format=%(refname)%00%(upstream:short)%00%(objectname)%00%(upstream:track)%00%(upstream:remotename)%00%(upstream:remoteref) refs/heads/props refs/remotes/props [3ms]
2024-11-14 13:00:14.307 [info] > git status -z -uall [430ms]
2024-11-14 13:00:23.881 [info] > git config --get commit.template [3ms]
2024-11-14 13:00:23.904 [info] > git for-each-ref --format=%(refname)%00%(upstream:short)%00%(objectname)%00%(upstream:track)%00%(upstream:remotename)%00%(upstream:remoteref) refs/heads/props refs/remotes/props [3ms]
2024-11-14 13:00:24.112 [info] > git status -z -uall [189ms]
2024-11-14 13:00:29.169 [info] > git config --get commit.template [21ms]
2024-11-14 13:00:29.170 [info] > git for-each-ref --format=%(refname)%00%(upstream:short)%00%(objectname)%00%(upstream:track)%00%(upstream:remotename)%00%(upstream:remoteref) refs/heads/props refs/remotes/props [3ms]
2024-11-14 13:00:29.368 [info] > git status -z -uall [178ms]
2024-11-14 13:00:36.411 [info] > git config --get commit.template [21ms]
2024-11-14 13:00:36.412 [info] > git for-each-ref --format=%(refname)%00%(upstream:short)%00%(objectname)%00%(upstream:track)%00%(upstream:remotename)%00%(upstream:remoteref) refs/heads/props refs/remotes/props [3ms]
2024-11-14 13:00:36.613 [info] > git status -z -uall [182ms]
2024-11-14 13:00:41.661 [info] > git config --get commit.template [22ms]
2024-11-14 13:00:41.663 [info] > git for-each-ref --format=%(refname)%00%(upstream:short)%00%(objectname)%00%(upstream:track)%00%(upstream:remotename)%00%(upstream:remoteref) refs/heads/props refs/remotes/props [2ms]
2024-11-14 13:00:41.866 [info] > git status -z -uall [184ms]
2024-11-14 13:00:43.918 [info] > git fetch [702ms]
2024-11-14 13:00:43.919 [info] Auto packing the repository in background for optimum performance.
See "git help gc" for manual housekeeping.
warning: The last gc run reported the following. Please correct the root cause
and remove .git/gc.log
Automatic cleanup will not be performed until the file is removed.

warning: There are too many unreachable loose objects; run 'git prune' to remove them.
2024-11-14 13:00:43.961 [info] > git config --get commit.template [22ms]
2024-11-14 13:00:43.962 [info] > git for-each-ref --format=%(refname)%00%(upstream:short)%00%(objectname)%00%(upstream:track)%00%(upstream:remotename)%00%(upstream:remoteref) refs/heads/props refs/remotes/props [3ms]
2024-11-14 13:00:44.172 [info] > git status -z -uall [190ms]
2024-11-14 13:00:45.409 [info] > git ls-files --stage -- /home/penurajeshitsd/react_18/hacker-stories/src/App.jsx [3ms]
2024-11-14 13:00:45.431 [info] > git cat-file -s c7a6e8f7ea4890d12faa0127c7d9abc77ef49288 [2ms]
2024-11-14 13:00:45.512 [info] > git show --textconv :react_18/hacker-stories/src/App.jsx [3ms]
2024-11-14 13:00:46.896 [info] > git config --get commit.template [4ms]
2024-11-14 13:00:46.919 [info] > git for-each-ref --format=%(refname)%00%(upstream:short)%00%(objectname)%00%(upstream:track)%00%(upstream:remotename)%00%(upstream:remoteref) refs/heads/props refs/remotes/props [2ms]
2024-11-14 13:00:47.117 [info] > git status -z -uall [179ms]
2024-11-14 13:00:52.167 [info] > git config --get commit.template [24ms]
2024-11-14 13:00:52.168 [info] > git for-each-ref --format=%(refname)%00%(upstream:short)%00%(objectname)%00%(upstream:track)%00%(upstream:remotename)%00%(upstream:remoteref) refs/heads/props refs/remotes/props [3ms]
2024-11-14 13:00:52.370 [info] > git status -z -uall [183ms]
2024-11-14 13:00:57.399 [info] > git config --get commit.template [4ms]
2024-11-14 13:00:57.422 [info] > git for-each-ref --format=%(refname)%00%(upstream:short)%00%(objectname)%00%(upstream:track)%00%(upstream:remotename)%00%(upstream:remoteref) refs/heads/props refs/remotes/props [2ms]
2024-11-14 13:00:57.626 [info] > git status -z -uall [184ms]
2024-11-14 13:01:23.414 [info] > git config --get commit.template [20ms]
2024-11-14 13:01:23.416 [info] > git for-each-ref --format=%(refname)%00%(upstream:short)%00%(objectname)%00%(upstream:track)%00%(upstream:remotename)%00%(upstream:remoteref) refs/heads/props refs/remotes/props [2ms]
2024-11-14 13:01:23.617 [info] > git status -z -uall [181ms]
2024-11-14 13:01:28.663 [info] > git config --get commit.template [21ms]
2024-11-14 13:01:28.664 [info] > git for-each-ref --format=%(refname)%00%(upstream:short)%00%(objectname)%00%(upstream:track)%00%(upstream:remotename)%00%(upstream:remoteref) refs/heads/props refs/remotes/props [2ms]
2024-11-14 13:01:28.865 [info] > git status -z -uall [181ms]
2024-11-14 13:01:33.915 [info] > git config --get commit.template [20ms]
2024-11-14 13:01:33.916 [info] > git for-each-ref --format=%(refname)%00%(upstream:short)%00%(objectname)%00%(upstream:track)%00%(upstream:remotename)%00%(upstream:remoteref) refs/heads/props refs/remotes/props [3ms]
2024-11-14 13:01:34.115 [info] > git status -z -uall [179ms]
2024-11-14 13:01:39.162 [info] > git config --get commit.template [21ms]
2024-11-14 13:01:39.164 [info] > git for-each-ref --format=%(refname)%00%(upstream:short)%00%(objectname)%00%(upstream:track)%00%(upstream:remotename)%00%(upstream:remoteref) refs/heads/props refs/remotes/props [3ms]
2024-11-14 13:01:39.369 [info] > git status -z -uall [185ms]
2024-11-14 13:01:52.168 [info] > git config --get commit.template [20ms]
2024-11-14 13:01:52.169 [info] > git for-each-ref --format=%(refname)%00%(upstream:short)%00%(objectname)%00%(upstream:track)%00%(upstream:remotename)%00%(upstream:remoteref) refs/heads/props refs/remotes/props [2ms]
2024-11-14 13:01:52.373 [info] > git status -z -uall [184ms]
2024-11-14 13:01:57.433 [info] > git config --get commit.template [27ms]
2024-11-14 13:01:57.435 [info] > git for-each-ref --format=%(refname)%00%(upstream:short)%00%(objectname)%00%(upstream:track)%00%(upstream:remotename)%00%(upstream:remoteref) refs/heads/props refs/remotes/props [3ms]
2024-11-14 13:01:57.627 [info] > git merge-base refs/heads/props refs/remotes/react-18/props [8ms]
2024-11-14 13:01:57.669 [info] > git rev-list --count --left-right refs/heads/props...refs/remotes/react-18/props [6ms]
2024-11-14 13:01:57.674 [info] > git status -z -uall [217ms]
2024-11-14 13:01:59.073 [info] > git check-ignore -v -z --stdin [3ms]
2024-11-14 13:02:02.724 [info] > git config --get commit.template [21ms]
2024-11-14 13:02:02.726 [info] > git for-each-ref --format=%(refname)%00%(upstream:short)%00%(objectname)%00%(upstream:track)%00%(upstream:remotename)%00%(upstream:remoteref) refs/heads/props refs/remotes/props [2ms]
2024-11-14 13:02:02.932 [info] > git status -z -uall [187ms]
