2024-11-15 10:45:23.496 [info] Log level: Info
2024-11-15 10:45:23.496 [info] Validating found git in: "git"
2024-11-15 10:45:23.496 [info] Using git "2.43.0" from "git"
2024-11-15 10:45:23.496 [info] > git rev-parse --show-toplevel [2ms]
2024-11-15 10:45:23.496 [info] > git rev-parse --git-dir --git-common-dir [3ms]
2024-11-15 10:45:23.496 [info] Open repository: /home/penurajeshitsd
2024-11-15 10:45:23.496 [info] > git rev-parse --show-toplevel [21ms]
2024-11-15 10:45:23.496 [info] > git config --get commit.template [32ms]
2024-11-15 10:45:23.496 [info] > git rev-parse --show-toplevel [23ms]
2024-11-15 10:45:23.496 [info] > git for-each-ref --format=%(refname)%00%(upstream:short)%00%(objectname)%00%(upstream:track)%00%(upstream:remotename)%00%(upstream:remoteref) refs/heads/importants refs/remotes/importants [30ms]
2024-11-15 10:45:23.496 [info] > git rev-parse --show-toplevel [18ms]
2024-11-15 10:45:23.496 [info] > git status -z -uall [168ms]
2024-11-15 10:45:23.496 [info] > git merge-base refs/heads/importants refs/remotes/react-18/importants [22ms]
2024-11-15 10:45:23.496 [info] > git config --get commit.template [13ms]
2024-11-15 10:45:23.496 [info] > git rev-list --count --left-right refs/heads/importants...refs/remotes/react-18/importants [14ms]
2024-11-15 10:45:23.496 [info] > git for-each-ref --format=%(refname)%00%(upstream:short)%00%(objectname)%00%(upstream:track)%00%(upstream:remotename)%00%(upstream:remoteref) refs/heads/importants refs/remotes/importants [13ms]
2024-11-15 10:45:23.496 [info] > git diff --name-status -z --diff-filter=ADMR bdc54115c635d3d2e3d056d7ca3fab6f40b88a11...refs/remotes/react-18/importants [14ms]
2024-11-15 10:45:23.496 [info] > git status -z -uall [176ms]
2024-11-15 10:45:24.517 [info] > git check-ignore -v -z --stdin [7ms]
2024-11-15 10:45:25.028 [info] > git check-ignore -v -z --stdin [3ms]
2024-11-15 10:45:25.359 [info] > git show --textconv :react_18/hacker-stories/src/index.css [10ms]
2024-11-15 10:45:25.362 [info] > git ls-files --stage -- /home/penurajeshitsd/react_18/hacker-stories/src/index.css [3ms]
2024-11-15 10:45:25.371 [info] > git cat-file -s e69de29bb2d1d6434b8b29ae775ad8c2e48c5391 [2ms]
2024-11-15 10:45:33.363 [info] > git check-ignore -v -z --stdin [185ms]
2024-11-15 10:46:11.331 [info] > git config --get commit.template [34ms]
2024-11-15 10:46:11.375 [info] > git for-each-ref --format=%(refname)%00%(upstream:short)%00%(objectname)%00%(upstream:track)%00%(upstream:remotename)%00%(upstream:remoteref) refs/heads/importants refs/remotes/importants [3ms]
2024-11-15 10:46:11.578 [info] > git status -z -uall [171ms]
2024-11-15 10:46:11.931 [info] > git fetch [686ms]
2024-11-15 10:46:11.931 [info] Auto packing the repository in background for optimum performance.
See "git help gc" for manual housekeeping.
warning: The last gc run reported the following. Please correct the root cause
and remove .git/gc.log
Automatic cleanup will not be performed until the file is removed.

warning: There are too many unreachable loose objects; run 'git prune' to remove them.
2024-11-15 10:46:11.976 [info] > git config --get commit.template [22ms]
2024-11-15 10:46:11.977 [info] > git for-each-ref --format=%(refname)%00%(upstream:short)%00%(objectname)%00%(upstream:track)%00%(upstream:remotename)%00%(upstream:remoteref) refs/heads/importants refs/remotes/importants [4ms]
2024-11-15 10:46:12.163 [info] > git status -z -uall [166ms]
2024-11-15 10:46:13.538 [info] > git ls-files --stage -- /home/penurajeshitsd/react_18/hacker-stories/src/index.css [4ms]
2024-11-15 10:46:13.569 [info] > git cat-file -s e69de29bb2d1d6434b8b29ae775ad8c2e48c5391 [4ms]
2024-11-15 10:46:13.669 [info] > git show --textconv :react_18/hacker-stories/src/index.css [3ms]
2024-11-15 10:46:16.624 [info] > git config --get commit.template [20ms]
2024-11-15 10:46:16.624 [info] > git for-each-ref --format=%(refname)%00%(upstream:short)%00%(objectname)%00%(upstream:track)%00%(upstream:remotename)%00%(upstream:remoteref) refs/heads/importants refs/remotes/importants [3ms]
2024-11-15 10:46:16.799 [info] > git status -z -uall [156ms]
2024-11-15 10:46:21.857 [info] > git config --get commit.template [27ms]
2024-11-15 10:46:21.858 [info] > git for-each-ref --format=%(refname)%00%(upstream:short)%00%(objectname)%00%(upstream:track)%00%(upstream:remotename)%00%(upstream:remoteref) refs/heads/importants refs/remotes/importants [3ms]
2024-11-15 10:46:22.052 [info] > git status -z -uall [167ms]
2024-11-15 10:46:27.098 [info] > git config --get commit.template [20ms]
2024-11-15 10:46:27.099 [info] > git for-each-ref --format=%(refname)%00%(upstream:short)%00%(objectname)%00%(upstream:track)%00%(upstream:remotename)%00%(upstream:remoteref) refs/heads/importants refs/remotes/importants [3ms]
2024-11-15 10:46:27.284 [info] > git status -z -uall [167ms]
2024-11-15 10:46:32.355 [info] > git config --get commit.template [31ms]
2024-11-15 10:46:32.360 [info] > git for-each-ref --format=%(refname)%00%(upstream:short)%00%(objectname)%00%(upstream:track)%00%(upstream:remotename)%00%(upstream:remoteref) refs/heads/importants refs/remotes/importants [7ms]
2024-11-15 10:46:32.664 [info] > git status -z -uall [264ms]
2024-11-15 10:46:39.997 [info] > git config --get commit.template [20ms]
2024-11-15 10:46:39.999 [info] > git for-each-ref --format=%(refname)%00%(upstream:short)%00%(objectname)%00%(upstream:track)%00%(upstream:remotename)%00%(upstream:remoteref) refs/heads/importants refs/remotes/importants [3ms]
2024-11-15 10:46:40.222 [info] > git status -z -uall [205ms]
2024-11-15 10:46:45.283 [info] > git config --get commit.template [26ms]
2024-11-15 10:46:45.284 [info] > git for-each-ref --format=%(refname)%00%(upstream:short)%00%(objectname)%00%(upstream:track)%00%(upstream:remotename)%00%(upstream:remoteref) refs/heads/importants refs/remotes/importants [3ms]
2024-11-15 10:46:45.718 [info] > git status -z -uall [408ms]
2024-11-15 10:46:47.338 [info] > git show --textconv :react_18/hacker-stories/src/App.jsx [137ms]
2024-11-15 10:46:47.384 [info] > git ls-files --stage -- /home/penurajeshitsd/react_18/hacker-stories/src/App.jsx [61ms]
2024-11-15 10:46:47.463 [info] > git cat-file -s cec6e31f638ecf610e16abb43bd1d41d1467bcf0 [8ms]
2024-11-15 10:46:50.880 [info] > git config --get commit.template [74ms]
2024-11-15 10:46:50.897 [info] > git for-each-ref --format=%(refname)%00%(upstream:short)%00%(objectname)%00%(upstream:track)%00%(upstream:remotename)%00%(upstream:remoteref) refs/heads/importants refs/remotes/importants [23ms]
2024-11-15 10:46:51.609 [info] > git status -z -uall [661ms]
2024-11-15 10:46:56.693 [info] > git config --get commit.template [40ms]
2024-11-15 10:46:56.702 [info] > git for-each-ref --format=%(refname)%00%(upstream:short)%00%(objectname)%00%(upstream:track)%00%(upstream:remotename)%00%(upstream:remoteref) refs/heads/importants refs/remotes/importants [14ms]
2024-11-15 10:46:57.106 [info] > git status -z -uall [298ms]
2024-11-15 10:47:02.137 [info] > git config --get commit.template [5ms]
2024-11-15 10:47:02.159 [info] > git for-each-ref --format=%(refname)%00%(upstream:short)%00%(objectname)%00%(upstream:track)%00%(upstream:remotename)%00%(upstream:remoteref) refs/heads/importants refs/remotes/importants [3ms]
2024-11-15 10:47:02.406 [info] > git status -z -uall [229ms]
2024-11-15 10:47:17.137 [info] > git config --get commit.template [3ms]
2024-11-15 10:47:17.165 [info] > git for-each-ref --format=%(refname)%00%(upstream:short)%00%(objectname)%00%(upstream:track)%00%(upstream:remotename)%00%(upstream:remoteref) refs/heads/importants refs/remotes/importants [3ms]
2024-11-15 10:47:17.364 [info] > git status -z -uall [172ms]
2024-11-15 10:47:19.451 [info] > git show --textconv :react_18/hacker-stories/src/App.css [31ms]
2024-11-15 10:47:19.454 [info] > git ls-files --stage -- /home/penurajeshitsd/react_18/hacker-stories/src/App.css [6ms]
2024-11-15 10:47:19.480 [info] > git cat-file -s e69de29bb2d1d6434b8b29ae775ad8c2e48c5391 [4ms]
2024-11-15 10:48:57.201 [info] > git config --get commit.template [2ms]
2024-11-15 10:48:57.223 [info] > git for-each-ref --format=%(refname)%00%(upstream:short)%00%(objectname)%00%(upstream:track)%00%(upstream:remotename)%00%(upstream:remoteref) refs/heads/importants refs/remotes/importants [3ms]
2024-11-15 10:48:57.412 [info] > git status -z -uall [171ms]
2024-11-15 10:49:12.795 [info] > git fetch [606ms]
2024-11-15 10:49:12.795 [info] Auto packing the repository in background for optimum performance.
See "git help gc" for manual housekeeping.
warning: The last gc run reported the following. Please correct the root cause
and remove .git/gc.log
Automatic cleanup will not be performed until the file is removed.

warning: There are too many unreachable loose objects; run 'git prune' to remove them.
2024-11-15 10:49:12.819 [info] > git config --get commit.template [4ms]
2024-11-15 10:49:12.841 [info] > git for-each-ref --format=%(refname)%00%(upstream:short)%00%(objectname)%00%(upstream:track)%00%(upstream:remotename)%00%(upstream:remoteref) refs/heads/importants refs/remotes/importants [2ms]
2024-11-15 10:49:13.023 [info] > git status -z -uall [162ms]
2024-11-15 10:49:13.153 [info] > git config --get commit.template [26ms]
2024-11-15 10:49:13.188 [info] > git for-each-ref --format=%(refname)%00%(upstream:short)%00%(objectname)%00%(upstream:track)%00%(upstream:remotename)%00%(upstream:remoteref) refs/heads/importants refs/remotes/importants [7ms]
2024-11-15 10:49:13.389 [info] > git status -z -uall [172ms]
2024-11-15 10:49:14.354 [info] > git ls-files --stage -- /home/penurajeshitsd/react_18/hacker-stories/src/App.css [3ms]
2024-11-15 10:49:14.382 [info] > git cat-file -s e69de29bb2d1d6434b8b29ae775ad8c2e48c5391 [3ms]
2024-11-15 10:49:14.478 [info] > git show --textconv :react_18/hacker-stories/src/App.css [4ms]
2024-11-15 10:49:40.111 [info] > git for-each-ref --format=%(refname)%00%(upstream:short)%00%(objectname)%00%(upstream:track)%00%(upstream:remotename)%00%(upstream:remoteref) refs/heads/importants refs/remotes/importants [5ms]
2024-11-15 10:49:40.113 [info] > git config --get commit.template [33ms]
2024-11-15 10:49:40.342 [info] > git status -z -uall [184ms]
2024-11-15 10:49:45.379 [info] > git config --get commit.template [3ms]
2024-11-15 10:49:45.408 [info] > git for-each-ref --format=%(refname)%00%(upstream:short)%00%(objectname)%00%(upstream:track)%00%(upstream:remotename)%00%(upstream:remoteref) refs/heads/importants refs/remotes/importants [2ms]
2024-11-15 10:49:45.600 [info] > git status -z -uall [167ms]
2024-11-15 10:49:57.132 [info] > git config --get commit.template [29ms]
2024-11-15 10:49:57.133 [info] > git for-each-ref --format=%(refname)%00%(upstream:short)%00%(objectname)%00%(upstream:track)%00%(upstream:remotename)%00%(upstream:remoteref) refs/heads/importants refs/remotes/importants [5ms]
2024-11-15 10:49:57.327 [info] > git status -z -uall [169ms]
2024-11-15 10:50:02.389 [info] > git config --get commit.template [28ms]
2024-11-15 10:50:02.390 [info] > git for-each-ref --format=%(refname)%00%(upstream:short)%00%(objectname)%00%(upstream:track)%00%(upstream:remotename)%00%(upstream:remoteref) refs/heads/importants refs/remotes/importants [3ms]
2024-11-15 10:50:02.590 [info] > git status -z -uall [174ms]
2024-11-15 10:50:12.102 [info] > git config --get commit.template [30ms]
2024-11-15 10:50:12.104 [info] > git for-each-ref --format=%(refname)%00%(upstream:short)%00%(objectname)%00%(upstream:track)%00%(upstream:remotename)%00%(upstream:remoteref) refs/heads/importants refs/remotes/importants [3ms]
2024-11-15 10:50:12.301 [info] > git status -z -uall [169ms]
2024-11-15 10:50:16.272 [info] > git show --textconv :react_18/hacker-stories/src/App.jsx [22ms]
2024-11-15 10:50:16.274 [info] > git ls-files --stage -- /home/penurajeshitsd/react_18/hacker-stories/src/App.jsx [4ms]
2024-11-15 10:50:16.294 [info] > git cat-file -s cec6e31f638ecf610e16abb43bd1d41d1467bcf0 [2ms]
2024-11-15 10:50:17.361 [info] > git config --get commit.template [28ms]
2024-11-15 10:50:17.362 [info] > git for-each-ref --format=%(refname)%00%(upstream:short)%00%(objectname)%00%(upstream:track)%00%(upstream:remotename)%00%(upstream:remoteref) refs/heads/importants refs/remotes/importants [3ms]
2024-11-15 10:50:17.557 [info] > git status -z -uall [167ms]
2024-11-15 10:50:21.369 [info] > git show --textconv :react_18/hacker-stories/src/App.css [29ms]
2024-11-15 10:50:21.371 [info] > git ls-files --stage -- /home/penurajeshitsd/react_18/hacker-stories/src/App.css [4ms]
2024-11-15 10:50:21.402 [info] > git cat-file -s e69de29bb2d1d6434b8b29ae775ad8c2e48c5391 [2ms]
2024-11-15 10:50:22.618 [info] > git config --get commit.template [29ms]
2024-11-15 10:50:22.620 [info] > git for-each-ref --format=%(refname)%00%(upstream:short)%00%(objectname)%00%(upstream:track)%00%(upstream:remotename)%00%(upstream:remoteref) refs/heads/importants refs/remotes/importants [3ms]
2024-11-15 10:50:22.818 [info] > git status -z -uall [172ms]
2024-11-15 10:50:30.235 [info] > git show --textconv :react_18/hacker-stories/src/App.jsx [44ms]
2024-11-15 10:50:30.237 [info] > git ls-files --stage -- /home/penurajeshitsd/react_18/hacker-stories/src/App.jsx [6ms]
2024-11-15 10:50:30.265 [info] > git cat-file -s cec6e31f638ecf610e16abb43bd1d41d1467bcf0 [3ms]
2024-11-15 10:50:39.735 [info] > git config --get commit.template [2ms]
2024-11-15 10:50:39.757 [info] > git for-each-ref --format=%(refname)%00%(upstream:short)%00%(objectname)%00%(upstream:track)%00%(upstream:remotename)%00%(upstream:remoteref) refs/heads/importants refs/remotes/importants [2ms]
2024-11-15 10:50:39.957 [info] > git status -z -uall [181ms]
2024-11-15 10:50:41.771 [info] > git show --textconv :react_18/hacker-stories/src/App.css [25ms]
2024-11-15 10:50:41.773 [info] > git ls-files --stage -- /home/penurajeshitsd/react_18/hacker-stories/src/App.css [5ms]
2024-11-15 10:50:41.794 [info] > git cat-file -s e69de29bb2d1d6434b8b29ae775ad8c2e48c5391 [2ms]
2024-11-15 10:51:01.623 [info] > git config --get commit.template [21ms]
2024-11-15 10:51:01.625 [info] > git for-each-ref --format=%(refname)%00%(upstream:short)%00%(objectname)%00%(upstream:track)%00%(upstream:remotename)%00%(upstream:remoteref) refs/heads/importants refs/remotes/importants [3ms]
2024-11-15 10:51:01.802 [info] > git status -z -uall [156ms]
2024-11-15 10:51:05.172 [info] > git show --textconv :react_18/hacker-stories/src/App.jsx [33ms]
2024-11-15 10:51:05.174 [info] > git ls-files --stage -- /home/penurajeshitsd/react_18/hacker-stories/src/App.jsx [6ms]
2024-11-15 10:51:05.202 [info] > git cat-file -s cec6e31f638ecf610e16abb43bd1d41d1467bcf0 [2ms]
2024-11-15 10:51:06.851 [info] > git config --get commit.template [22ms]
2024-11-15 10:51:06.853 [info] > git for-each-ref --format=%(refname)%00%(upstream:short)%00%(objectname)%00%(upstream:track)%00%(upstream:remotename)%00%(upstream:remoteref) refs/heads/importants refs/remotes/importants [3ms]
2024-11-15 10:51:07.027 [info] > git status -z -uall [155ms]
2024-11-15 10:51:35.242 [info] > git config --get commit.template [3ms]
2024-11-15 10:51:35.269 [info] > git for-each-ref --format=%(refname)%00%(upstream:short)%00%(objectname)%00%(upstream:track)%00%(upstream:remotename)%00%(upstream:remoteref) refs/heads/importants refs/remotes/importants [3ms]
2024-11-15 10:51:35.469 [info] > git status -z -uall [173ms]
2024-11-15 10:51:38.494 [info] > git show --textconv :react_18/hacker-stories/src/App.css [31ms]
2024-11-15 10:51:38.496 [info] > git ls-files --stage -- /home/penurajeshitsd/react_18/hacker-stories/src/App.css [4ms]
2024-11-15 10:51:38.525 [info] > git cat-file -s e69de29bb2d1d6434b8b29ae775ad8c2e48c5391 [3ms]
2024-11-15 10:51:40.514 [info] > git config --get commit.template [20ms]
2024-11-15 10:51:40.515 [info] > git for-each-ref --format=%(refname)%00%(upstream:short)%00%(objectname)%00%(upstream:track)%00%(upstream:remotename)%00%(upstream:remoteref) refs/heads/importants refs/remotes/importants [4ms]
2024-11-15 10:51:40.700 [info] > git status -z -uall [167ms]
2024-11-15 10:51:50.910 [info] > git config --get commit.template [2ms]
2024-11-15 10:51:50.939 [info] > git for-each-ref --format=%(refname)%00%(upstream:short)%00%(objectname)%00%(upstream:track)%00%(upstream:remotename)%00%(upstream:remoteref) refs/heads/importants refs/remotes/importants [3ms]
2024-11-15 10:51:51.136 [info] > git status -z -uall [171ms]
2024-11-15 10:52:12.867 [info] > git config --get commit.template [18ms]
2024-11-15 10:52:12.868 [info] > git for-each-ref --format=%(refname)%00%(upstream:short)%00%(objectname)%00%(upstream:track)%00%(upstream:remotename)%00%(upstream:remoteref) refs/heads/importants refs/remotes/importants [3ms]
2024-11-15 10:52:13.059 [info] > git status -z -uall [174ms]
2024-11-15 10:52:13.682 [info] > git fetch [602ms]
2024-11-15 10:52:13.682 [info] Auto packing the repository in background for optimum performance.
See "git help gc" for manual housekeeping.
warning: The last gc run reported the following. Please correct the root cause
and remove .git/gc.log
Automatic cleanup will not be performed until the file is removed.

warning: There are too many unreachable loose objects; run 'git prune' to remove them.
2024-11-15 10:52:13.736 [info] > git config --get commit.template [27ms]
2024-11-15 10:52:13.737 [info] > git for-each-ref --format=%(refname)%00%(upstream:short)%00%(objectname)%00%(upstream:track)%00%(upstream:remotename)%00%(upstream:remoteref) refs/heads/importants refs/remotes/importants [4ms]
2024-11-15 10:52:13.929 [info] > git status -z -uall [167ms]
2024-11-15 10:52:15.129 [info] > git show --textconv :react_18/hacker-stories/src/App.jsx [30ms]
2024-11-15 10:52:15.130 [info] > git ls-files --stage -- /home/penurajeshitsd/react_18/hacker-stories/src/App.jsx [2ms]
2024-11-15 10:52:15.158 [info] > git cat-file -s cec6e31f638ecf610e16abb43bd1d41d1467bcf0 [4ms]
2024-11-15 10:52:15.408 [info] > git ls-files --stage -- /home/penurajeshitsd/react_18/hacker-stories/src/App.jsx [2ms]
2024-11-15 10:52:15.428 [info] > git cat-file -s cec6e31f638ecf610e16abb43bd1d41d1467bcf0 [3ms]
2024-11-15 10:52:18.137 [info] > git config --get commit.template [29ms]
2024-11-15 10:52:18.138 [info] > git for-each-ref --format=%(refname)%00%(upstream:short)%00%(objectname)%00%(upstream:track)%00%(upstream:remotename)%00%(upstream:remoteref) refs/heads/importants refs/remotes/importants [3ms]
2024-11-15 10:52:18.330 [info] > git status -z -uall [166ms]
2024-11-15 10:52:23.389 [info] > git config --get commit.template [25ms]
2024-11-15 10:52:23.390 [info] > git for-each-ref --format=%(refname)%00%(upstream:short)%00%(objectname)%00%(upstream:track)%00%(upstream:remotename)%00%(upstream:remoteref) refs/heads/importants refs/remotes/importants [3ms]
2024-11-15 10:52:23.592 [info] > git status -z -uall [177ms]
2024-11-15 10:52:30.213 [info] > git config --get commit.template [24ms]
2024-11-15 10:52:30.214 [info] > git for-each-ref --format=%(refname)%00%(upstream:short)%00%(objectname)%00%(upstream:track)%00%(upstream:remotename)%00%(upstream:remoteref) refs/heads/importants refs/remotes/importants [4ms]
2024-11-15 10:52:30.400 [info] > git status -z -uall [167ms]
2024-11-15 10:52:35.458 [info] > git config --get commit.template [27ms]
2024-11-15 10:52:35.460 [info] > git for-each-ref --format=%(refname)%00%(upstream:short)%00%(objectname)%00%(upstream:track)%00%(upstream:remotename)%00%(upstream:remoteref) refs/heads/importants refs/remotes/importants [3ms]
2024-11-15 10:52:35.665 [info] > git status -z -uall [181ms]
2024-11-15 10:52:57.238 [info] > git config --get commit.template [9ms]
2024-11-15 10:52:57.259 [info] > git for-each-ref --format=%(refname)%00%(upstream:short)%00%(objectname)%00%(upstream:track)%00%(upstream:remotename)%00%(upstream:remoteref) refs/heads/importants refs/remotes/importants [3ms]
2024-11-15 10:52:57.470 [info] > git status -z -uall [192ms]
2024-11-15 10:53:12.039 [info] > git config --get commit.template [20ms]
2024-11-15 10:53:12.039 [info] > git for-each-ref --format=%(refname)%00%(upstream:short)%00%(objectname)%00%(upstream:track)%00%(upstream:remotename)%00%(upstream:remoteref) refs/heads/importants refs/remotes/importants [3ms]
2024-11-15 10:53:12.215 [info] > git status -z -uall [158ms]
2024-11-15 10:53:19.563 [info] > git config --get commit.template [19ms]
2024-11-15 10:53:19.564 [info] > git for-each-ref --format=%(refname)%00%(upstream:short)%00%(objectname)%00%(upstream:track)%00%(upstream:remotename)%00%(upstream:remoteref) refs/heads/importants refs/remotes/importants [3ms]
2024-11-15 10:53:19.739 [info] > git status -z -uall [155ms]
2024-11-15 10:53:25.274 [info] > git config --get commit.template [21ms]
2024-11-15 10:53:25.275 [info] > git for-each-ref --format=%(refname)%00%(upstream:short)%00%(objectname)%00%(upstream:track)%00%(upstream:remotename)%00%(upstream:remoteref) refs/heads/importants refs/remotes/importants [3ms]
2024-11-15 10:53:25.450 [info] > git status -z -uall [156ms]
2024-11-15 10:53:48.822 [info] > git config --get commit.template [28ms]
2024-11-15 10:53:48.824 [info] > git for-each-ref --format=%(refname)%00%(upstream:short)%00%(objectname)%00%(upstream:track)%00%(upstream:remotename)%00%(upstream:remoteref) refs/heads/importants refs/remotes/importants [3ms]
2024-11-15 10:53:49.022 [info] > git status -z -uall [170ms]
2024-11-15 10:53:56.520 [info] > git config --get commit.template [2ms]
2024-11-15 10:53:56.541 [info] > git for-each-ref --format=%(refname)%00%(upstream:short)%00%(objectname)%00%(upstream:track)%00%(upstream:remotename)%00%(upstream:remoteref) refs/heads/importants refs/remotes/importants [2ms]
2024-11-15 10:53:56.725 [info] > git status -z -uall [166ms]
2024-11-15 10:54:11.488 [info] > git config --get commit.template [3ms]
2024-11-15 10:54:11.507 [info] > git for-each-ref --format=%(refname)%00%(upstream:short)%00%(objectname)%00%(upstream:track)%00%(upstream:remotename)%00%(upstream:remoteref) refs/heads/importants refs/remotes/importants [2ms]
2024-11-15 10:54:11.680 [info] > git status -z -uall [155ms]
2024-11-15 10:54:19.550 [info] > git config --get commit.template [2ms]
2024-11-15 10:54:19.578 [info] > git for-each-ref --format=%(refname)%00%(upstream:short)%00%(objectname)%00%(upstream:track)%00%(upstream:remotename)%00%(upstream:remoteref) refs/heads/importants refs/remotes/importants [3ms]
2024-11-15 10:54:19.771 [info] > git status -z -uall [167ms]
2024-11-15 10:54:24.819 [info] > git config --get commit.template [22ms]
2024-11-15 10:54:24.820 [info] > git for-each-ref --format=%(refname)%00%(upstream:short)%00%(objectname)%00%(upstream:track)%00%(upstream:remotename)%00%(upstream:remoteref) refs/heads/importants refs/remotes/importants [5ms]
2024-11-15 10:54:25.119 [info] > git status -z -uall [273ms]
2024-11-15 10:54:44.740 [info] > git config --get commit.template [30ms]
2024-11-15 10:54:44.741 [info] > git for-each-ref --format=%(refname)%00%(upstream:short)%00%(objectname)%00%(upstream:track)%00%(upstream:remotename)%00%(upstream:remoteref) refs/heads/importants refs/remotes/importants [3ms]
2024-11-15 10:54:44.939 [info] > git status -z -uall [168ms]
2024-11-15 10:55:18.301 [info] > git config --get commit.template [35ms]
2024-11-15 10:55:18.306 [info] > git for-each-ref --format=%(refname)%00%(upstream:short)%00%(objectname)%00%(upstream:track)%00%(upstream:remotename)%00%(upstream:remoteref) refs/heads/importants refs/remotes/importants [6ms]
2024-11-15 10:55:18.518 [info] > git status -z -uall [180ms]
2024-11-15 10:55:18.864 [info] > git fetch [633ms]
2024-11-15 10:55:18.864 [info] Auto packing the repository in background for optimum performance.
See "git help gc" for manual housekeeping.
warning: The last gc run reported the following. Please correct the root cause
and remove .git/gc.log
Automatic cleanup will not be performed until the file is removed.

warning: There are too many unreachable loose objects; run 'git prune' to remove them.
2024-11-15 10:55:18.920 [info] > git config --get commit.template [29ms]
2024-11-15 10:55:18.921 [info] > git for-each-ref --format=%(refname)%00%(upstream:short)%00%(objectname)%00%(upstream:track)%00%(upstream:remotename)%00%(upstream:remoteref) refs/heads/importants refs/remotes/importants [3ms]
2024-11-15 10:55:19.130 [info] > git status -z -uall [180ms]
2024-11-15 10:55:20.580 [info] > git show --textconv :react_18/hacker-stories/src/App.css [30ms]
2024-11-15 10:55:20.582 [info] > git ls-files --stage -- /home/penurajeshitsd/react_18/hacker-stories/src/App.css [4ms]
2024-11-15 10:55:20.612 [info] > git cat-file -s e69de29bb2d1d6434b8b29ae775ad8c2e48c5391 [2ms]
2024-11-15 10:55:23.584 [info] > git config --get commit.template [30ms]
2024-11-15 10:55:23.586 [info] > git for-each-ref --format=%(refname)%00%(upstream:short)%00%(objectname)%00%(upstream:track)%00%(upstream:remotename)%00%(upstream:remoteref) refs/heads/importants refs/remotes/importants [4ms]
2024-11-15 10:55:23.991 [info] > git status -z -uall [374ms]
2024-11-15 10:55:47.212 [info] > git config --get commit.template [29ms]
2024-11-15 10:55:47.213 [info] > git for-each-ref --format=%(refname)%00%(upstream:short)%00%(objectname)%00%(upstream:track)%00%(upstream:remotename)%00%(upstream:remoteref) refs/heads/importants refs/remotes/importants [4ms]
2024-11-15 10:55:47.406 [info] > git status -z -uall [167ms]
2024-11-15 10:55:49.748 [info] > git show --textconv :react_18/hacker-stories/src/App.jsx [40ms]
2024-11-15 10:55:49.748 [info] > git ls-files --stage -- /home/penurajeshitsd/react_18/hacker-stories/src/App.jsx [9ms]
2024-11-15 10:55:49.776 [info] > git cat-file -s cec6e31f638ecf610e16abb43bd1d41d1467bcf0 [3ms]
2024-11-15 10:55:52.452 [info] > git config --get commit.template [20ms]
2024-11-15 10:55:52.454 [info] > git for-each-ref --format=%(refname)%00%(upstream:short)%00%(objectname)%00%(upstream:track)%00%(upstream:remotename)%00%(upstream:remoteref) refs/heads/importants refs/remotes/importants [2ms]
2024-11-15 10:55:52.639 [info] > git status -z -uall [166ms]
2024-11-15 10:55:53.569 [info] > git show --textconv :react_18/hacker-stories/src/App.css [21ms]
2024-11-15 10:55:53.570 [info] > git ls-files --stage -- /home/penurajeshitsd/react_18/hacker-stories/src/App.css [3ms]
2024-11-15 10:55:53.591 [info] > git cat-file -s e69de29bb2d1d6434b8b29ae775ad8c2e48c5391 [2ms]
2024-11-15 10:55:57.685 [info] > git config --get commit.template [21ms]
2024-11-15 10:55:57.686 [info] > git for-each-ref --format=%(refname)%00%(upstream:short)%00%(objectname)%00%(upstream:track)%00%(upstream:remotename)%00%(upstream:remoteref) refs/heads/importants refs/remotes/importants [2ms]
2024-11-15 10:55:57.866 [info] > git status -z -uall [161ms]
2024-11-15 10:56:03.707 [info] > git config --get commit.template [20ms]
2024-11-15 10:56:03.708 [info] > git for-each-ref --format=%(refname)%00%(upstream:short)%00%(objectname)%00%(upstream:track)%00%(upstream:remotename)%00%(upstream:remoteref) refs/heads/importants refs/remotes/importants [2ms]
2024-11-15 10:56:03.896 [info] > git status -z -uall [169ms]
2024-11-15 10:56:29.250 [info] > git config --get commit.template [30ms]
2024-11-15 10:56:29.251 [info] > git for-each-ref --format=%(refname)%00%(upstream:short)%00%(objectname)%00%(upstream:track)%00%(upstream:remotename)%00%(upstream:remoteref) refs/heads/importants refs/remotes/importants [3ms]
2024-11-15 10:56:29.453 [info] > git status -z -uall [172ms]
2024-11-15 10:57:09.531 [info] > git config --get commit.template [21ms]
2024-11-15 10:57:09.535 [info] > git for-each-ref --format=%(refname)%00%(upstream:short)%00%(objectname)%00%(upstream:track)%00%(upstream:remotename)%00%(upstream:remoteref) refs/heads/importants refs/remotes/importants [7ms]
2024-11-15 10:57:09.721 [info] > git status -z -uall [168ms]
2024-11-15 10:57:15.281 [info] > git config --get commit.template [3ms]
2024-11-15 10:57:15.310 [info] > git for-each-ref --format=%(refname)%00%(upstream:short)%00%(objectname)%00%(upstream:track)%00%(upstream:remotename)%00%(upstream:remoteref) refs/heads/importants refs/remotes/importants [3ms]
2024-11-15 10:57:15.505 [info] > git status -z -uall [170ms]
2024-11-15 10:57:20.563 [info] > git config --get commit.template [27ms]
2024-11-15 10:57:20.566 [info] > git for-each-ref --format=%(refname)%00%(upstream:short)%00%(objectname)%00%(upstream:track)%00%(upstream:remotename)%00%(upstream:remoteref) refs/heads/importants refs/remotes/importants [5ms]
2024-11-15 10:57:20.748 [info] > git status -z -uall [163ms]
2024-11-15 10:57:25.350 [info] > git check-ignore -v -z --stdin [57ms]
2024-11-15 10:57:25.351 [info] > git show --textconv :react_18/hacker-stories/src/App.module.css [30ms]
2024-11-15 10:57:25.354 [info] > git ls-files --stage -- /home/penurajeshitsd/react_18/hacker-stories/src/App.module.css [6ms]
2024-11-15 10:57:30.567 [info] > git config --get commit.template [3ms]
2024-11-15 10:57:30.597 [info] > git for-each-ref --format=%(refname)%00%(upstream:short)%00%(objectname)%00%(upstream:track)%00%(upstream:remotename)%00%(upstream:remoteref) refs/heads/importants refs/remotes/importants [3ms]
2024-11-15 10:57:30.793 [info] > git status -z -uall [171ms]
2024-11-15 10:57:41.079 [info] > git config --get commit.template [28ms]
2024-11-15 10:57:41.080 [info] > git for-each-ref --format=%(refname)%00%(upstream:short)%00%(objectname)%00%(upstream:track)%00%(upstream:remotename)%00%(upstream:remoteref) refs/heads/importants refs/remotes/importants [3ms]
2024-11-15 10:57:41.285 [info] > git status -z -uall [176ms]
2024-11-15 10:57:46.335 [info] > git config --get commit.template [21ms]
2024-11-15 10:57:46.335 [info] > git for-each-ref --format=%(refname)%00%(upstream:short)%00%(objectname)%00%(upstream:track)%00%(upstream:remotename)%00%(upstream:remoteref) refs/heads/importants refs/remotes/importants [2ms]
2024-11-15 10:57:46.519 [info] > git status -z -uall [165ms]
2024-11-15 10:58:10.364 [info] > git config --get commit.template [20ms]
2024-11-15 10:58:10.366 [info] > git for-each-ref --format=%(refname)%00%(upstream:short)%00%(objectname)%00%(upstream:track)%00%(upstream:remotename)%00%(upstream:remoteref) refs/heads/importants refs/remotes/importants [2ms]
2024-11-15 10:58:10.542 [info] > git status -z -uall [157ms]
2024-11-15 10:58:15.577 [info] > git config --get commit.template [3ms]
2024-11-15 10:58:15.607 [info] > git for-each-ref --format=%(refname)%00%(upstream:short)%00%(objectname)%00%(upstream:track)%00%(upstream:remotename)%00%(upstream:remoteref) refs/heads/importants refs/remotes/importants [3ms]
2024-11-15 10:58:15.798 [info] > git status -z -uall [165ms]
2024-11-15 10:58:19.775 [info] > git fetch [611ms]
2024-11-15 10:58:19.775 [info] Auto packing the repository in background for optimum performance.
See "git help gc" for manual housekeeping.
warning: The last gc run reported the following. Please correct the root cause
and remove .git/gc.log
Automatic cleanup will not be performed until the file is removed.

warning: There are too many unreachable loose objects; run 'git prune' to remove them.
2024-11-15 10:58:19.829 [info] > git config --get commit.template [27ms]
2024-11-15 10:58:19.830 [info] > git for-each-ref --format=%(refname)%00%(upstream:short)%00%(objectname)%00%(upstream:track)%00%(upstream:remotename)%00%(upstream:remoteref) refs/heads/importants refs/remotes/importants [3ms]
2024-11-15 10:58:20.024 [info] > git status -z -uall [167ms]
2024-11-15 10:58:20.847 [info] > git config --get commit.template [20ms]
2024-11-15 10:58:20.849 [info] > git for-each-ref --format=%(refname)%00%(upstream:short)%00%(objectname)%00%(upstream:track)%00%(upstream:remotename)%00%(upstream:remoteref) refs/heads/importants refs/remotes/importants [4ms]
2024-11-15 10:58:21.034 [info] > git status -z -uall [164ms]
2024-11-15 10:58:21.189 [info] > git ls-files --stage -- /home/penurajeshitsd/react_18/hacker-stories/src/App.module.css [3ms]
2024-11-15 10:58:21.325 [info] > git show --textconv :react_18/hacker-stories/src/App.module.css [3ms]
2024-11-15 10:58:26.085 [info] > git config --get commit.template [22ms]
2024-11-15 10:58:26.086 [info] > git for-each-ref --format=%(refname)%00%(upstream:short)%00%(objectname)%00%(upstream:track)%00%(upstream:remotename)%00%(upstream:remoteref) refs/heads/importants refs/remotes/importants [4ms]
2024-11-15 10:58:26.284 [info] > git status -z -uall [172ms]
2024-11-15 10:59:22.697 [info] > git config --get commit.template [2ms]
2024-11-15 10:59:22.719 [info] > git for-each-ref --format=%(refname)%00%(upstream:short)%00%(objectname)%00%(upstream:track)%00%(upstream:remotename)%00%(upstream:remoteref) refs/heads/importants refs/remotes/importants [3ms]
2024-11-15 10:59:22.923 [info] > git status -z -uall [185ms]
2024-11-15 10:59:27.974 [info] > git config --get commit.template [24ms]
2024-11-15 10:59:27.976 [info] > git for-each-ref --format=%(refname)%00%(upstream:short)%00%(objectname)%00%(upstream:track)%00%(upstream:remotename)%00%(upstream:remoteref) refs/heads/importants refs/remotes/importants [5ms]
2024-11-15 10:59:28.154 [info] > git status -z -uall [159ms]
2024-11-15 10:59:33.191 [info] > git config --get commit.template [4ms]
2024-11-15 10:59:33.221 [info] > git for-each-ref --format=%(refname)%00%(upstream:short)%00%(objectname)%00%(upstream:track)%00%(upstream:remotename)%00%(upstream:remoteref) refs/heads/importants refs/remotes/importants [4ms]
2024-11-15 10:59:33.417 [info] > git status -z -uall [170ms]
2024-11-15 10:59:47.272 [info] > git config --get commit.template [20ms]
2024-11-15 10:59:47.273 [info] > git for-each-ref --format=%(refname)%00%(upstream:short)%00%(objectname)%00%(upstream:track)%00%(upstream:remotename)%00%(upstream:remoteref) refs/heads/importants refs/remotes/importants [2ms]
2024-11-15 10:59:47.456 [info] > git status -z -uall [163ms]
2024-11-15 11:00:55.848 [info] > git config --get commit.template [20ms]
2024-11-15 11:00:55.849 [info] > git for-each-ref --format=%(refname)%00%(upstream:short)%00%(objectname)%00%(upstream:track)%00%(upstream:remotename)%00%(upstream:remoteref) refs/heads/importants refs/remotes/importants [4ms]
2024-11-15 11:00:56.023 [info] > git status -z -uall [154ms]
2024-11-15 11:00:58.060 [info] > git show --textconv :react_18/hacker-stories/src/App.css [24ms]
2024-11-15 11:00:58.062 [info] > git ls-files --stage -- /home/penurajeshitsd/react_18/hacker-stories/src/App.css [4ms]
2024-11-15 11:00:58.084 [info] > git cat-file -s e69de29bb2d1d6434b8b29ae775ad8c2e48c5391 [1ms]
2024-11-15 11:01:01.084 [info] > git config --get commit.template [30ms]
2024-11-15 11:01:01.085 [info] > git for-each-ref --format=%(refname)%00%(upstream:short)%00%(objectname)%00%(upstream:track)%00%(upstream:remotename)%00%(upstream:remoteref) refs/heads/importants refs/remotes/importants [3ms]
2024-11-15 11:01:01.281 [info] > git status -z -uall [168ms]
2024-11-15 11:01:18.898 [info] > git config --get commit.template [3ms]
2024-11-15 11:01:18.920 [info] > git for-each-ref --format=%(refname)%00%(upstream:short)%00%(objectname)%00%(upstream:track)%00%(upstream:remotename)%00%(upstream:remoteref) refs/heads/importants refs/remotes/importants [2ms]
2024-11-15 11:01:19.105 [info] > git status -z -uall [166ms]
2024-11-15 11:01:20.641 [info] > git fetch [591ms]
2024-11-15 11:01:20.641 [info] Auto packing the repository in background for optimum performance.
See "git help gc" for manual housekeeping.
warning: The last gc run reported the following. Please correct the root cause
and remove .git/gc.log
Automatic cleanup will not be performed until the file is removed.

warning: There are too many unreachable loose objects; run 'git prune' to remove them.
2024-11-15 11:01:20.683 [info] > git config --get commit.template [21ms]
2024-11-15 11:01:20.685 [info] > git for-each-ref --format=%(refname)%00%(upstream:short)%00%(objectname)%00%(upstream:track)%00%(upstream:remotename)%00%(upstream:remoteref) refs/heads/importants refs/remotes/importants [2ms]
2024-11-15 11:01:20.864 [info] > git status -z -uall [159ms]
2024-11-15 11:01:22.149 [info] > git ls-files --stage -- /home/penurajeshitsd/react_18/hacker-stories/src/App.css [2ms]
2024-11-15 11:01:22.174 [info] > git cat-file -s e69de29bb2d1d6434b8b29ae775ad8c2e48c5391 [4ms]
2024-11-15 11:01:22.295 [info] > git show --textconv :react_18/hacker-stories/src/App.css [6ms]
2024-11-15 11:01:34.123 [info] > git config --get commit.template [28ms]
2024-11-15 11:01:34.125 [info] > git for-each-ref --format=%(refname)%00%(upstream:short)%00%(objectname)%00%(upstream:track)%00%(upstream:remotename)%00%(upstream:remoteref) refs/heads/importants refs/remotes/importants [3ms]
2024-11-15 11:01:34.329 [info] > git status -z -uall [174ms]
2024-11-15 11:01:39.389 [info] > git config --get commit.template [28ms]
2024-11-15 11:01:39.390 [info] > git for-each-ref --format=%(refname)%00%(upstream:short)%00%(objectname)%00%(upstream:track)%00%(upstream:remotename)%00%(upstream:remoteref) refs/heads/importants refs/remotes/importants [3ms]
2024-11-15 11:01:39.588 [info] > git status -z -uall [172ms]
2024-11-15 11:01:43.486 [info] > git show --textconv :react_18/hacker-stories/src/App.jsx [29ms]
2024-11-15 11:01:43.488 [info] > git ls-files --stage -- /home/penurajeshitsd/react_18/hacker-stories/src/App.jsx [4ms]
2024-11-15 11:01:43.516 [info] > git cat-file -s cec6e31f638ecf610e16abb43bd1d41d1467bcf0 [2ms]
2024-11-15 11:01:50.794 [info] > git config --get commit.template [9ms]
2024-11-15 11:01:50.825 [info] > git for-each-ref --format=%(refname)%00%(upstream:short)%00%(objectname)%00%(upstream:track)%00%(upstream:remotename)%00%(upstream:remoteref) refs/heads/importants refs/remotes/importants [4ms]
2024-11-15 11:01:51.022 [info] > git status -z -uall [171ms]
2024-11-15 11:01:51.179 [info] > git show --textconv :react_18/hacker-stories/src/App.css [47ms]
2024-11-15 11:01:51.179 [info] > git ls-files --stage -- /home/penurajeshitsd/react_18/hacker-stories/src/App.css [19ms]
2024-11-15 11:01:51.213 [info] > git cat-file -s e69de29bb2d1d6434b8b29ae775ad8c2e48c5391 [7ms]
2024-11-15 11:01:56.072 [info] > git config --get commit.template [21ms]
2024-11-15 11:01:56.073 [info] > git for-each-ref --format=%(refname)%00%(upstream:short)%00%(objectname)%00%(upstream:track)%00%(upstream:remotename)%00%(upstream:remoteref) refs/heads/importants refs/remotes/importants [3ms]
2024-11-15 11:01:56.256 [info] > git status -z -uall [164ms]
2024-11-15 11:02:01.805 [info] > git config --get commit.template [26ms]
2024-11-15 11:02:01.807 [info] > git for-each-ref --format=%(refname)%00%(upstream:short)%00%(objectname)%00%(upstream:track)%00%(upstream:remotename)%00%(upstream:remoteref) refs/heads/importants refs/remotes/importants [10ms]
2024-11-15 11:02:01.993 [info] > git status -z -uall [165ms]
2024-11-15 11:02:02.191 [info] > git show --textconv :react_18/hacker-stories/src/App.jsx [29ms]
2024-11-15 11:02:02.194 [info] > git ls-files --stage -- /home/penurajeshitsd/react_18/hacker-stories/src/App.jsx [4ms]
2024-11-15 11:02:02.222 [info] > git cat-file -s cec6e31f638ecf610e16abb43bd1d41d1467bcf0 [3ms]
2024-11-15 11:02:49.512 [info] > git config --get commit.template [28ms]
2024-11-15 11:02:49.514 [info] > git for-each-ref --format=%(refname)%00%(upstream:short)%00%(objectname)%00%(upstream:track)%00%(upstream:remotename)%00%(upstream:remoteref) refs/heads/importants refs/remotes/importants [3ms]
2024-11-15 11:02:49.717 [info] > git status -z -uall [175ms]
2024-11-15 11:02:54.754 [info] > git config --get commit.template [4ms]
2024-11-15 11:02:54.790 [info] > git for-each-ref --format=%(refname)%00%(upstream:short)%00%(objectname)%00%(upstream:track)%00%(upstream:remotename)%00%(upstream:remoteref) refs/heads/importants refs/remotes/importants [3ms]
2024-11-15 11:02:54.987 [info] > git status -z -uall [169ms]
2024-11-15 11:03:01.068 [info] > git config --get commit.template [2ms]
2024-11-15 11:03:01.098 [info] > git for-each-ref --format=%(refname)%00%(upstream:short)%00%(objectname)%00%(upstream:track)%00%(upstream:remotename)%00%(upstream:remoteref) refs/heads/importants refs/remotes/importants [3ms]
2024-11-15 11:03:01.294 [info] > git status -z -uall [166ms]
2024-11-15 11:03:32.976 [info] > git config --get commit.template [4ms]
2024-11-15 11:03:33.006 [info] > git for-each-ref --format=%(refname)%00%(upstream:short)%00%(objectname)%00%(upstream:track)%00%(upstream:remotename)%00%(upstream:remoteref) refs/heads/importants refs/remotes/importants [4ms]
2024-11-15 11:03:33.202 [info] > git status -z -uall [169ms]
2024-11-15 11:03:38.249 [info] > git config --get commit.template [21ms]
2024-11-15 11:03:38.251 [info] > git for-each-ref --format=%(refname)%00%(upstream:short)%00%(objectname)%00%(upstream:track)%00%(upstream:remotename)%00%(upstream:remoteref) refs/heads/importants refs/remotes/importants [2ms]
2024-11-15 11:03:38.435 [info] > git status -z -uall [164ms]
2024-11-15 11:03:57.939 [info] > git config --get commit.template [28ms]
2024-11-15 11:03:57.940 [info] > git for-each-ref --format=%(refname)%00%(upstream:short)%00%(objectname)%00%(upstream:track)%00%(upstream:remotename)%00%(upstream:remoteref) refs/heads/importants refs/remotes/importants [3ms]
2024-11-15 11:03:58.136 [info] > git status -z -uall [170ms]
2024-11-15 11:04:15.846 [info] > git show --textconv :react_18/hacker-stories/src/App.css [22ms]
2024-11-15 11:04:15.848 [info] > git ls-files --stage -- /home/penurajeshitsd/react_18/hacker-stories/src/App.css [4ms]
2024-11-15 11:04:15.870 [info] > git cat-file -s e69de29bb2d1d6434b8b29ae775ad8c2e48c5391 [3ms]
2024-11-15 11:04:21.574 [info] > git fetch [685ms]
2024-11-15 11:04:21.574 [info] Auto packing the repository in background for optimum performance.
See "git help gc" for manual housekeeping.
warning: The last gc run reported the following. Please correct the root cause
and remove .git/gc.log
Automatic cleanup will not be performed until the file is removed.

warning: There are too many unreachable loose objects; run 'git prune' to remove them.
2024-11-15 11:04:21.614 [info] > git config --get commit.template [20ms]
2024-11-15 11:04:21.615 [info] > git for-each-ref --format=%(refname)%00%(upstream:short)%00%(objectname)%00%(upstream:track)%00%(upstream:remotename)%00%(upstream:remoteref) refs/heads/importants refs/remotes/importants [3ms]
2024-11-15 11:04:21.810 [info] > git status -z -uall [176ms]
2024-11-15 11:04:21.860 [info] > git config --get commit.template [20ms]
2024-11-15 11:04:21.861 [info] > git for-each-ref --format=%(refname)%00%(upstream:short)%00%(objectname)%00%(upstream:track)%00%(upstream:remotename)%00%(upstream:remoteref) refs/heads/importants refs/remotes/importants [3ms]
2024-11-15 11:04:22.049 [info] > git status -z -uall [169ms]
2024-11-15 11:04:22.993 [info] > git ls-files --stage -- /home/penurajeshitsd/react_18/hacker-stories/src/App.css [3ms]
2024-11-15 11:04:23.013 [info] > git cat-file -s e69de29bb2d1d6434b8b29ae775ad8c2e48c5391 [2ms]
2024-11-15 11:04:23.090 [info] > git show --textconv :react_18/hacker-stories/src/App.css [3ms]
2024-11-15 11:04:49.316 [info] > git config --get commit.template [21ms]
2024-11-15 11:04:49.317 [info] > git for-each-ref --format=%(refname)%00%(upstream:short)%00%(objectname)%00%(upstream:track)%00%(upstream:remotename)%00%(upstream:remoteref) refs/heads/importants refs/remotes/importants [2ms]
2024-11-15 11:04:49.497 [info] > git status -z -uall [161ms]
2024-11-15 11:05:22.021 [info] > git config --get commit.template [22ms]
2024-11-15 11:05:22.022 [info] > git for-each-ref --format=%(refname)%00%(upstream:short)%00%(objectname)%00%(upstream:track)%00%(upstream:remotename)%00%(upstream:remoteref) refs/heads/importants refs/remotes/importants [3ms]
2024-11-15 11:05:22.204 [info] > git status -z -uall [162ms]
2024-11-15 11:05:24.253 [info] > git show --textconv :react_18/hacker-stories/src/App.jsx [21ms]
2024-11-15 11:05:24.254 [info] > git ls-files --stage -- /home/penurajeshitsd/react_18/hacker-stories/src/App.jsx [3ms]
2024-11-15 11:05:24.276 [info] > git cat-file -s cec6e31f638ecf610e16abb43bd1d41d1467bcf0 [2ms]
2024-11-15 11:05:53.385 [info] > git config --get commit.template [20ms]
2024-11-15 11:05:53.387 [info] > git for-each-ref --format=%(refname)%00%(upstream:short)%00%(objectname)%00%(upstream:track)%00%(upstream:remotename)%00%(upstream:remoteref) refs/heads/importants refs/remotes/importants [2ms]
2024-11-15 11:05:53.562 [info] > git status -z -uall [157ms]
2024-11-15 11:05:58.624 [info] > git config --get commit.template [28ms]
2024-11-15 11:05:58.626 [info] > git for-each-ref --format=%(refname)%00%(upstream:short)%00%(objectname)%00%(upstream:track)%00%(upstream:remotename)%00%(upstream:remoteref) refs/heads/importants refs/remotes/importants [4ms]
2024-11-15 11:05:58.815 [info] > git status -z -uall [163ms]
2024-11-15 11:06:52.191 [info] > git config --get commit.template [21ms]
2024-11-15 11:06:52.192 [info] > git for-each-ref --format=%(refname)%00%(upstream:short)%00%(objectname)%00%(upstream:track)%00%(upstream:remotename)%00%(upstream:remoteref) refs/heads/importants refs/remotes/importants [3ms]
2024-11-15 11:06:52.367 [info] > git status -z -uall [156ms]
2024-11-15 11:07:09.638 [info] > git config --get commit.template [19ms]
2024-11-15 11:07:09.639 [info] > git for-each-ref --format=%(refname)%00%(upstream:short)%00%(objectname)%00%(upstream:track)%00%(upstream:remotename)%00%(upstream:remoteref) refs/heads/importants refs/remotes/importants [3ms]
2024-11-15 11:07:09.817 [info] > git status -z -uall [158ms]
2024-11-15 11:07:12.308 [info] > git show --textconv :react_18/hacker-stories/src/App.css [30ms]
2024-11-15 11:07:12.310 [info] > git ls-files --stage -- /home/penurajeshitsd/react_18/hacker-stories/src/App.css [4ms]
2024-11-15 11:07:12.338 [info] > git cat-file -s e69de29bb2d1d6434b8b29ae775ad8c2e48c5391 [3ms]
2024-11-15 11:07:14.877 [info] > git config --get commit.template [27ms]
2024-11-15 11:07:14.879 [info] > git for-each-ref --format=%(refname)%00%(upstream:short)%00%(objectname)%00%(upstream:track)%00%(upstream:remotename)%00%(upstream:remoteref) refs/heads/importants refs/remotes/importants [2ms]
2024-11-15 11:07:15.171 [info] > git status -z -uall [265ms]
2024-11-15 11:07:46.171 [info] > git config --get commit.template [31ms]
2024-11-15 11:07:46.176 [info] > git for-each-ref --format=%(refname)%00%(upstream:short)%00%(objectname)%00%(upstream:track)%00%(upstream:remotename)%00%(upstream:remoteref) refs/heads/importants refs/remotes/importants [6ms]
2024-11-15 11:07:46.376 [info] > git status -z -uall [171ms]
2024-11-15 11:07:46.726 [info] > git fetch [615ms]
2024-11-15 11:07:46.726 [info] Auto packing the repository in background for optimum performance.
See "git help gc" for manual housekeeping.
warning: The last gc run reported the following. Please correct the root cause
and remove .git/gc.log
Automatic cleanup will not be performed until the file is removed.

warning: There are too many unreachable loose objects; run 'git prune' to remove them.
2024-11-15 11:07:46.782 [info] > git config --get commit.template [29ms]
2024-11-15 11:07:46.783 [info] > git for-each-ref --format=%(refname)%00%(upstream:short)%00%(objectname)%00%(upstream:track)%00%(upstream:remotename)%00%(upstream:remoteref) refs/heads/importants refs/remotes/importants [3ms]
2024-11-15 11:07:46.982 [info] > git status -z -uall [172ms]
2024-11-15 11:07:48.182 [info] > git ls-files --stage -- /home/penurajeshitsd/react_18/hacker-stories/src/App.css [3ms]
2024-11-15 11:07:48.210 [info] > git cat-file -s e69de29bb2d1d6434b8b29ae775ad8c2e48c5391 [3ms]
2024-11-15 11:07:48.295 [info] > git show --textconv :react_18/hacker-stories/src/App.css [3ms]
2024-11-15 11:07:57.442 [info] > git config --get commit.template [21ms]
2024-11-15 11:07:57.442 [info] > git for-each-ref --format=%(refname)%00%(upstream:short)%00%(objectname)%00%(upstream:track)%00%(upstream:remotename)%00%(upstream:remoteref) refs/heads/importants refs/remotes/importants [2ms]
2024-11-15 11:07:57.632 [info] > git status -z -uall [169ms]
2024-11-15 11:08:00.686 [info] > git merge-base refs/heads/importants refs/remotes/react-18/importants [2ms]
2024-11-15 11:08:00.718 [info] > git rev-list --count --left-right refs/heads/importants...refs/remotes/react-18/importants [3ms]
2024-11-15 11:08:02.471 [info] > git check-ignore -v -z --stdin [3ms]
2024-11-15 11:08:02.678 [info] > git config --get commit.template [20ms]
2024-11-15 11:08:02.679 [info] > git for-each-ref --format=%(refname)%00%(upstream:short)%00%(objectname)%00%(upstream:track)%00%(upstream:remotename)%00%(upstream:remoteref) refs/heads/importants refs/remotes/importants [3ms]
2024-11-15 11:08:02.860 [info] > git status -z -uall [162ms]
2024-11-15 11:08:09.965 [info] > git add -A -- . [540ms]
2024-11-15 11:08:10.010 [info] > git -c user.useConfigOnly=true commit --quiet --allow-empty-message --file - [25ms]
2024-11-15 11:08:10.010 [info] warning: The last gc run reported the following. Please correct the root cause
and remove .git/gc.log
Automatic cleanup will not be performed until the file is removed.

warning: There are too many unreachable loose objects; run 'git prune' to remove them.
2024-11-15 11:08:10.031 [info] > git config --get commit.template [2ms]
2024-11-15 11:08:10.073 [info] > git config --get commit.template [21ms]
2024-11-15 11:08:10.075 [info] > git for-each-ref --format=%(refname)%00%(upstream:short)%00%(objectname)%00%(upstream:track)%00%(upstream:remotename)%00%(upstream:remoteref) refs/heads/importants refs/remotes/importants [3ms]
2024-11-15 11:08:10.300 [info] > git status -z -uall [207ms]
2024-11-15 11:08:10.352 [info] > git merge-base refs/heads/importants refs/remotes/react-18/importants [31ms]
2024-11-15 11:08:10.373 [info] > git config --get commit.template [24ms]
2024-11-15 11:08:10.393 [info] > git rev-list --count --left-right refs/heads/importants...refs/remotes/react-18/importants [21ms]
2024-11-15 11:08:10.416 [info] > git diff --name-status -z --diff-filter=ADMR bdc54115c635d3d2e3d056d7ca3fab6f40b88a11...refs/remotes/react-18/importants [4ms]
2024-11-15 11:08:10.417 [info] > git for-each-ref --format=%(refname)%00%(upstream:short)%00%(objectname)%00%(upstream:track)%00%(upstream:remotename)%00%(upstream:remoteref) refs/heads/importants refs/remotes/importants [26ms]
2024-11-15 11:08:10.557 [info] > git merge-base refs/heads/importants refs/remotes/react-18/importants [5ms]
2024-11-15 11:08:10.598 [info] > git rev-list --count --left-right refs/heads/importants...refs/remotes/react-18/importants [10ms]
2024-11-15 11:08:10.610 [info] > git status -z -uall [174ms]
2024-11-15 11:08:10.709 [info] > git for-each-ref --format=%(refname)%00%(upstream:short)%00%(objectname)%00%(upstream:track)%00%(upstream:remotename)%00%(upstream:remoteref) refs/heads/importants refs/remotes/importants [3ms]
2024-11-15 11:08:10.709 [info] > git config --get commit.template [23ms]
2024-11-15 11:08:10.883 [info] > git status -z -uall [154ms]
2024-11-15 11:08:11.388 [info] > git check-ignore -v -z --stdin [3ms]
2024-11-15 11:08:11.470 [info] > git ls-files --stage -- /home/penurajeshitsd/react_18/hacker-stories/src/App.css [2ms]
2024-11-15 11:08:11.490 [info] > git cat-file -s 12da489114df197d49bd25458c96acb1d4f75bdc [2ms]
2024-11-15 11:08:11.574 [info] > git show --textconv :react_18/hacker-stories/src/App.css [4ms]
2024-11-15 11:08:52.169 [info] > git push react-18 importants:importants [38300ms]
2024-11-15 11:08:52.169 [info] To https://github.com/rajhrajesh/basic-advanced.git
   bdc5411..290480a  importants -> importants
2024-11-15 11:08:52.228 [info] > git config --get commit.template [30ms]
2024-11-15 11:08:52.230 [info] > git for-each-ref --format=%(refname)%00%(upstream:short)%00%(objectname)%00%(upstream:track)%00%(upstream:remotename)%00%(upstream:remoteref) refs/heads/importants refs/remotes/importants [2ms]
2024-11-15 11:08:52.430 [info] > git status -z -uall [171ms]
2024-11-15 11:08:52.498 [info] > git merge-base refs/heads/importants refs/remotes/react-18/importants [38ms]
2024-11-15 11:08:52.530 [info] > git config --get commit.template [32ms]
2024-11-15 11:08:52.530 [info] > git rev-list --count --left-right refs/heads/importants...refs/remotes/react-18/importants [3ms]
2024-11-15 11:08:52.598 [info] > git diff --name-status -z --diff-filter=ADMR 290480a92a98f042ce7eac95afcdb37cbeaaa385...refs/remotes/react-18/importants [37ms]
2024-11-15 11:08:52.630 [info] > git for-each-ref --format=%(refname)%00%(upstream:short)%00%(objectname)%00%(upstream:track)%00%(upstream:remotename)%00%(upstream:remoteref) refs/heads/importants refs/remotes/importants [33ms]
2024-11-15 11:08:52.631 [info] > git merge-base refs/heads/importants refs/remotes/react-18/importants [4ms]
2024-11-15 11:08:52.692 [info] > git rev-list --count --left-right refs/heads/importants...refs/remotes/react-18/importants [31ms]
2024-11-15 11:08:52.860 [info] > git status -z -uall [170ms]
2024-11-15 11:08:53.597 [info] > git ls-files --stage -- /home/penurajeshitsd/react_18/hacker-stories/src/App.css [3ms]
2024-11-15 11:08:53.621 [info] > git cat-file -s 12da489114df197d49bd25458c96acb1d4f75bdc [3ms]
2024-11-15 11:08:53.705 [info] > git show --textconv :react_18/hacker-stories/src/App.css [4ms]
2024-11-15 11:09:43.551 [info] > git config --get commit.template [30ms]
2024-11-15 11:09:43.552 [info] > git for-each-ref --format=%(refname)%00%(upstream:short)%00%(objectname)%00%(upstream:track)%00%(upstream:remotename)%00%(upstream:remoteref) refs/heads/importants refs/remotes/importants [3ms]
2024-11-15 11:09:43.750 [info] > git status -z -uall [169ms]
2024-11-15 11:09:48.071 [info] > git show --textconv :react_18/hacker-stories/src/App.jsx [22ms]
2024-11-15 11:09:48.073 [info] > git ls-files --stage -- /home/penurajeshitsd/react_18/hacker-stories/src/App.jsx [3ms]
2024-11-15 11:09:48.095 [info] > git cat-file -s 80cf3b99da50bcba0f4f81b21b248bad0dd89a00 [2ms]
2024-11-15 11:09:48.797 [info] > git config --get commit.template [23ms]
2024-11-15 11:09:48.798 [info] > git for-each-ref --format=%(refname)%00%(upstream:short)%00%(objectname)%00%(upstream:track)%00%(upstream:remotename)%00%(upstream:remoteref) refs/heads/importants refs/remotes/importants [2ms]
2024-11-15 11:09:48.984 [info] > git status -z -uall [165ms]
2024-11-15 11:09:57.138 [info] > git config --get commit.template [21ms]
2024-11-15 11:09:57.139 [info] > git for-each-ref --format=%(refname)%00%(upstream:short)%00%(objectname)%00%(upstream:track)%00%(upstream:remotename)%00%(upstream:remoteref) refs/heads/importants refs/remotes/importants [3ms]
2024-11-15 11:09:57.312 [info] > git status -z -uall [153ms]
2024-11-15 11:10:13.148 [info] > git config --get commit.template [21ms]
2024-11-15 11:10:13.150 [info] > git for-each-ref --format=%(refname)%00%(upstream:short)%00%(objectname)%00%(upstream:track)%00%(upstream:remotename)%00%(upstream:remoteref) refs/heads/importants refs/remotes/importants [2ms]
2024-11-15 11:10:13.340 [info] > git status -z -uall [170ms]
2024-11-15 11:10:13.543 [info] > git show --textconv :react_18/hacker-stories/src/App.css [25ms]
2024-11-15 11:10:13.545 [info] > git ls-files --stage -- /home/penurajeshitsd/react_18/hacker-stories/src/App.css [7ms]
2024-11-15 11:10:13.566 [info] > git cat-file -s 12da489114df197d49bd25458c96acb1d4f75bdc [2ms]
2024-11-15 11:10:14.843 [info] > git show --textconv :react_18/hacker-stories/src/App.jsx [30ms]
2024-11-15 11:10:14.845 [info] > git ls-files --stage -- /home/penurajeshitsd/react_18/hacker-stories/src/App.jsx [4ms]
2024-11-15 11:10:14.877 [info] > git cat-file -s 80cf3b99da50bcba0f4f81b21b248bad0dd89a00 [3ms]
2024-11-15 11:10:32.354 [info] > git config --get commit.template [21ms]
2024-11-15 11:10:32.356 [info] > git for-each-ref --format=%(refname)%00%(upstream:short)%00%(objectname)%00%(upstream:track)%00%(upstream:remotename)%00%(upstream:remoteref) refs/heads/importants refs/remotes/importants [2ms]
2024-11-15 11:10:32.537 [info] > git status -z -uall [160ms]
2024-11-15 11:10:46.390 [info] > git config --get commit.template [2ms]
2024-11-15 11:10:46.420 [info] > git for-each-ref --format=%(refname)%00%(upstream:short)%00%(objectname)%00%(upstream:track)%00%(upstream:remotename)%00%(upstream:remoteref) refs/heads/importants refs/remotes/importants [3ms]
2024-11-15 11:10:46.617 [info] > git status -z -uall [170ms]
2024-11-15 11:10:47.614 [info] > git fetch [598ms]
2024-11-15 11:10:47.614 [info] Auto packing the repository in background for optimum performance.
See "git help gc" for manual housekeeping.
warning: The last gc run reported the following. Please correct the root cause
and remove .git/gc.log
Automatic cleanup will not be performed until the file is removed.

warning: There are too many unreachable loose objects; run 'git prune' to remove them.
2024-11-15 11:10:47.656 [info] > git config --get commit.template [21ms]
2024-11-15 11:10:47.657 [info] > git for-each-ref --format=%(refname)%00%(upstream:short)%00%(objectname)%00%(upstream:track)%00%(upstream:remotename)%00%(upstream:remoteref) refs/heads/importants refs/remotes/importants [2ms]
2024-11-15 11:10:47.841 [info] > git status -z -uall [162ms]
2024-11-15 11:10:48.953 [info] > git ls-files --stage -- /home/penurajeshitsd/react_18/hacker-stories/src/App.jsx [3ms]
2024-11-15 11:10:48.983 [info] > git cat-file -s 80cf3b99da50bcba0f4f81b21b248bad0dd89a00 [3ms]
2024-11-15 11:10:49.847 [info] > git show --textconv :react_18/hacker-stories/src/App.jsx [4ms]
2024-11-15 11:10:51.680 [info] > git config --get commit.template [30ms]
2024-11-15 11:10:51.682 [info] > git for-each-ref --format=%(refname)%00%(upstream:short)%00%(objectname)%00%(upstream:track)%00%(upstream:remotename)%00%(upstream:remoteref) refs/heads/importants refs/remotes/importants [3ms]
2024-11-15 11:10:51.877 [info] > git status -z -uall [167ms]
2024-11-15 11:10:57.234 [info] > git config --get commit.template [23ms]
2024-11-15 11:10:57.236 [info] > git for-each-ref --format=%(refname)%00%(upstream:short)%00%(objectname)%00%(upstream:track)%00%(upstream:remotename)%00%(upstream:remoteref) refs/heads/importants refs/remotes/importants [3ms]
2024-11-15 11:10:57.446 [info] > git status -z -uall [190ms]
2024-11-15 11:11:16.383 [info] > git config --get commit.template [31ms]
2024-11-15 11:11:16.384 [info] > git for-each-ref --format=%(refname)%00%(upstream:short)%00%(objectname)%00%(upstream:track)%00%(upstream:remotename)%00%(upstream:remoteref) refs/heads/importants refs/remotes/importants [3ms]
2024-11-15 11:11:16.586 [info] > git status -z -uall [170ms]
2024-11-15 11:11:22.818 [info] > git config --get commit.template [32ms]
2024-11-15 11:11:22.819 [info] > git for-each-ref --format=%(refname)%00%(upstream:short)%00%(objectname)%00%(upstream:track)%00%(upstream:remotename)%00%(upstream:remoteref) refs/heads/importants refs/remotes/importants [3ms]
2024-11-15 11:11:23.021 [info] > git status -z -uall [171ms]
2024-11-15 11:11:28.058 [info] > git config --get commit.template [3ms]
2024-11-15 11:11:28.089 [info] > git for-each-ref --format=%(refname)%00%(upstream:short)%00%(objectname)%00%(upstream:track)%00%(upstream:remotename)%00%(upstream:remoteref) refs/heads/importants refs/remotes/importants [3ms]
2024-11-15 11:11:28.289 [info] > git status -z -uall [170ms]
2024-11-15 11:11:33.350 [info] > git config --get commit.template [11ms]
2024-11-15 11:11:33.381 [info] > git for-each-ref --format=%(refname)%00%(upstream:short)%00%(objectname)%00%(upstream:track)%00%(upstream:remotename)%00%(upstream:remoteref) refs/heads/importants refs/remotes/importants [3ms]
2024-11-15 11:11:33.618 [info] > git status -z -uall [209ms]
2024-11-15 11:11:59.290 [info] > git config --get commit.template [32ms]
2024-11-15 11:11:59.291 [info] > git for-each-ref --format=%(refname)%00%(upstream:short)%00%(objectname)%00%(upstream:track)%00%(upstream:remotename)%00%(upstream:remoteref) refs/heads/importants refs/remotes/importants [3ms]
2024-11-15 11:11:59.493 [info] > git status -z -uall [167ms]
2024-11-15 11:12:04.564 [info] > git config --get commit.template [35ms]
2024-11-15 11:12:04.565 [info] > git for-each-ref --format=%(refname)%00%(upstream:short)%00%(objectname)%00%(upstream:track)%00%(upstream:remotename)%00%(upstream:remoteref) refs/heads/importants refs/remotes/importants [3ms]
2024-11-15 11:12:04.767 [info] > git status -z -uall [173ms]
2024-11-15 11:12:10.276 [info] > git config --get commit.template [4ms]
2024-11-15 11:12:10.299 [info] > git for-each-ref --format=%(refname)%00%(upstream:short)%00%(objectname)%00%(upstream:track)%00%(upstream:remotename)%00%(upstream:remoteref) refs/heads/importants refs/remotes/importants [2ms]
2024-11-15 11:12:10.501 [info] > git status -z -uall [181ms]
2024-11-15 11:12:17.542 [info] > git config --get commit.template [32ms]
2024-11-15 11:12:17.543 [info] > git for-each-ref --format=%(refname)%00%(upstream:short)%00%(objectname)%00%(upstream:track)%00%(upstream:remotename)%00%(upstream:remoteref) refs/heads/importants refs/remotes/importants [3ms]
2024-11-15 11:12:17.729 [info] > git status -z -uall [157ms]
2024-11-15 11:12:22.794 [info] > git config --get commit.template [30ms]
2024-11-15 11:12:22.795 [info] > git for-each-ref --format=%(refname)%00%(upstream:short)%00%(objectname)%00%(upstream:track)%00%(upstream:remotename)%00%(upstream:remoteref) refs/heads/importants refs/remotes/importants [3ms]
2024-11-15 11:12:22.990 [info] > git status -z -uall [166ms]
2024-11-15 11:12:28.021 [info] > git config --get commit.template [2ms]
2024-11-15 11:12:28.046 [info] > git for-each-ref --format=%(refname)%00%(upstream:short)%00%(objectname)%00%(upstream:track)%00%(upstream:remotename)%00%(upstream:remoteref) refs/heads/importants refs/remotes/importants [3ms]
2024-11-15 11:12:28.247 [info] > git status -z -uall [180ms]
2024-11-15 11:12:33.384 [info] > git config --get commit.template [57ms]
2024-11-15 11:12:33.385 [info] > git for-each-ref --format=%(refname)%00%(upstream:short)%00%(objectname)%00%(upstream:track)%00%(upstream:remotename)%00%(upstream:remoteref) refs/heads/importants refs/remotes/importants [6ms]
2024-11-15 11:12:33.628 [info] > git status -z -uall [203ms]
2024-11-15 11:12:40.862 [info] > git show --textconv :react_18/hacker-stories/src/App.module.css [68ms]
2024-11-15 11:12:40.878 [info] > git ls-files --stage -- /home/penurajeshitsd/react_18/hacker-stories/src/App.module.css [17ms]
2024-11-15 11:12:40.912 [info] > git cat-file -s a7c7a61a1848038085cd622c9208f947e8c2c966 [2ms]
2024-11-15 11:12:53.410 [info] > git config --get commit.template [3ms]
2024-11-15 11:12:53.433 [info] > git for-each-ref --format=%(refname)%00%(upstream:short)%00%(objectname)%00%(upstream:track)%00%(upstream:remotename)%00%(upstream:remoteref) refs/heads/importants refs/remotes/importants [3ms]
2024-11-15 11:12:53.622 [info] > git status -z -uall [166ms]
2024-11-15 11:12:58.185 [info] > git show --textconv :react_18/hacker-stories/src/App.jsx [34ms]
2024-11-15 11:12:58.187 [info] > git ls-files --stage -- /home/penurajeshitsd/react_18/hacker-stories/src/App.jsx [5ms]
2024-11-15 11:12:58.218 [info] > git cat-file -s 80cf3b99da50bcba0f4f81b21b248bad0dd89a00 [2ms]
2024-11-15 11:12:58.689 [info] > git config --get commit.template [34ms]
2024-11-15 11:12:58.690 [info] > git for-each-ref --format=%(refname)%00%(upstream:short)%00%(objectname)%00%(upstream:track)%00%(upstream:remotename)%00%(upstream:remoteref) refs/heads/importants refs/remotes/importants [5ms]
2024-11-15 11:12:58.882 [info] > git status -z -uall [163ms]
2024-11-15 11:13:03.945 [info] > git config --get commit.template [30ms]
2024-11-15 11:13:03.947 [info] > git for-each-ref --format=%(refname)%00%(upstream:short)%00%(objectname)%00%(upstream:track)%00%(upstream:remotename)%00%(upstream:remoteref) refs/heads/importants refs/remotes/importants [3ms]
2024-11-15 11:13:04.147 [info] > git status -z -uall [171ms]
2024-11-15 11:13:09.181 [info] > git config --get commit.template [3ms]
2024-11-15 11:13:09.205 [info] > git for-each-ref --format=%(refname)%00%(upstream:short)%00%(objectname)%00%(upstream:track)%00%(upstream:remotename)%00%(upstream:remoteref) refs/heads/importants refs/remotes/importants [3ms]
2024-11-15 11:13:09.423 [info] > git status -z -uall [196ms]
2024-11-15 11:13:14.450 [info] > git config --get commit.template [3ms]
2024-11-15 11:13:14.482 [info] > git for-each-ref --format=%(refname)%00%(upstream:short)%00%(objectname)%00%(upstream:track)%00%(upstream:remotename)%00%(upstream:remoteref) refs/heads/importants refs/remotes/importants [3ms]
2024-11-15 11:13:14.689 [info] > git status -z -uall [183ms]
2024-11-15 11:13:19.740 [info] > git config --get commit.template [24ms]
2024-11-15 11:13:19.741 [info] > git for-each-ref --format=%(refname)%00%(upstream:short)%00%(objectname)%00%(upstream:track)%00%(upstream:remotename)%00%(upstream:remoteref) refs/heads/importants refs/remotes/importants [3ms]
2024-11-15 11:13:19.913 [info] > git status -z -uall [151ms]
2024-11-15 11:13:26.399 [info] > git config --get commit.template [76ms]
2024-11-15 11:13:26.407 [info] > git for-each-ref --format=%(refname)%00%(upstream:short)%00%(objectname)%00%(upstream:track)%00%(upstream:remotename)%00%(upstream:remoteref) refs/heads/importants refs/remotes/importants [31ms]
2024-11-15 11:13:26.670 [info] > git status -z -uall [209ms]
2024-11-15 11:13:43.059 [info] > git config --get commit.template [34ms]
2024-11-15 11:13:43.059 [info] > git for-each-ref --format=%(refname)%00%(upstream:short)%00%(objectname)%00%(upstream:track)%00%(upstream:remotename)%00%(upstream:remoteref) refs/heads/importants refs/remotes/importants [5ms]
2024-11-15 11:13:43.304 [info] > git status -z -uall [213ms]
2024-11-15 11:13:48.483 [info] > git fetch [607ms]
2024-11-15 11:13:48.483 [info] Auto packing the repository in background for optimum performance.
See "git help gc" for manual housekeeping.
warning: The last gc run reported the following. Please correct the root cause
and remove .git/gc.log
Automatic cleanup will not be performed until the file is removed.

warning: There are too many unreachable loose objects; run 'git prune' to remove them.
2024-11-15 11:13:48.547 [info] > git config --get commit.template [33ms]
2024-11-15 11:13:48.548 [info] > git for-each-ref --format=%(refname)%00%(upstream:short)%00%(objectname)%00%(upstream:track)%00%(upstream:remotename)%00%(upstream:remoteref) refs/heads/importants refs/remotes/importants [5ms]
2024-11-15 11:13:48.747 [info] > git status -z -uall [168ms]
2024-11-15 11:13:48.815 [info] > git config --get commit.template [33ms]
2024-11-15 11:13:48.817 [info] > git for-each-ref --format=%(refname)%00%(upstream:short)%00%(objectname)%00%(upstream:track)%00%(upstream:remotename)%00%(upstream:remoteref) refs/heads/importants refs/remotes/importants [3ms]
2024-11-15 11:13:49.024 [info] > git status -z -uall [176ms]
2024-11-15 11:13:49.985 [info] > git ls-files --stage -- /home/penurajeshitsd/react_18/hacker-stories/src/App.jsx [4ms]
2024-11-15 11:13:50.018 [info] > git cat-file -s 80cf3b99da50bcba0f4f81b21b248bad0dd89a00 [3ms]
2024-11-15 11:13:50.438 [info] > git show --textconv :react_18/hacker-stories/src/App.jsx [3ms]
2024-11-15 11:13:54.201 [info] > git config --get commit.template [88ms]
2024-11-15 11:13:54.225 [info] > git for-each-ref --format=%(refname)%00%(upstream:short)%00%(objectname)%00%(upstream:track)%00%(upstream:remotename)%00%(upstream:remoteref) refs/heads/importants refs/remotes/importants [28ms]
2024-11-15 11:13:54.513 [info] > git status -z -uall [218ms]
2024-11-15 11:13:59.579 [info] > git config --get commit.template [32ms]
2024-11-15 11:13:59.581 [info] > git for-each-ref --format=%(refname)%00%(upstream:short)%00%(objectname)%00%(upstream:track)%00%(upstream:remotename)%00%(upstream:remoteref) refs/heads/importants refs/remotes/importants [4ms]
2024-11-15 11:13:59.787 [info] > git status -z -uall [172ms]
2024-11-15 11:14:29.453 [info] > git config --get commit.template [47ms]
2024-11-15 11:14:29.453 [info] > git for-each-ref --format=%(refname)%00%(upstream:short)%00%(objectname)%00%(upstream:track)%00%(upstream:remotename)%00%(upstream:remoteref) refs/heads/importants refs/remotes/importants [4ms]
2024-11-15 11:14:29.648 [info] > git status -z -uall [165ms]
2024-11-15 11:14:52.463 [info] > git config --get commit.template [25ms]
2024-11-15 11:14:52.464 [info] > git for-each-ref --format=%(refname)%00%(upstream:short)%00%(objectname)%00%(upstream:track)%00%(upstream:remotename)%00%(upstream:remoteref) refs/heads/importants refs/remotes/importants [3ms]
2024-11-15 11:14:52.653 [info] > git status -z -uall [166ms]
2024-11-15 11:15:23.726 [info] > git config --get commit.template [33ms]
2024-11-15 11:15:23.727 [info] > git for-each-ref --format=%(refname)%00%(upstream:short)%00%(objectname)%00%(upstream:track)%00%(upstream:remotename)%00%(upstream:remoteref) refs/heads/importants refs/remotes/importants [3ms]
2024-11-15 11:15:23.941 [info] > git status -z -uall [183ms]
2024-11-15 11:15:27.830 [info] > git show --textconv :react_18/hacker-stories/src/App.module.css [24ms]
2024-11-15 11:15:27.833 [info] > git ls-files --stage -- /home/penurajeshitsd/react_18/hacker-stories/src/App.module.css [6ms]
2024-11-15 11:15:27.856 [info] > git cat-file -s a7c7a61a1848038085cd622c9208f947e8c2c966 [2ms]
2024-11-15 11:15:28.994 [info] > git config --get commit.template [25ms]
2024-11-15 11:15:28.995 [info] > git for-each-ref --format=%(refname)%00%(upstream:short)%00%(objectname)%00%(upstream:track)%00%(upstream:remotename)%00%(upstream:remoteref) refs/heads/importants refs/remotes/importants [2ms]
2024-11-15 11:15:29.182 [info] > git status -z -uall [164ms]
2024-11-15 11:15:34.519 [info] > git config --get commit.template [31ms]
2024-11-15 11:15:34.521 [info] > git for-each-ref --format=%(refname)%00%(upstream:short)%00%(objectname)%00%(upstream:track)%00%(upstream:remotename)%00%(upstream:remoteref) refs/heads/importants refs/remotes/importants [4ms]
2024-11-15 11:15:34.720 [info] > git status -z -uall [171ms]
2024-11-15 11:15:44.861 [info] > git config --get commit.template [32ms]
2024-11-15 11:15:44.862 [info] > git for-each-ref --format=%(refname)%00%(upstream:short)%00%(objectname)%00%(upstream:track)%00%(upstream:remotename)%00%(upstream:remoteref) refs/heads/importants refs/remotes/importants [5ms]
2024-11-15 11:15:45.060 [info] > git status -z -uall [169ms]
2024-11-15 11:15:50.599 [info] > git config --get commit.template [24ms]
2024-11-15 11:15:50.600 [info] > git for-each-ref --format=%(refname)%00%(upstream:short)%00%(objectname)%00%(upstream:track)%00%(upstream:remotename)%00%(upstream:remoteref) refs/heads/importants refs/remotes/importants [2ms]
2024-11-15 11:15:50.784 [info] > git status -z -uall [162ms]
2024-11-15 11:15:52.511 [info] > git show --textconv :react_18/hacker-stories/src/App.jsx [24ms]
2024-11-15 11:15:52.513 [info] > git ls-files --stage -- /home/penurajeshitsd/react_18/hacker-stories/src/App.jsx [3ms]
2024-11-15 11:15:52.537 [info] > git cat-file -s 80cf3b99da50bcba0f4f81b21b248bad0dd89a00 [2ms]
2024-11-15 11:15:55.851 [info] > git config --get commit.template [30ms]
2024-11-15 11:15:55.853 [info] > git for-each-ref --format=%(refname)%00%(upstream:short)%00%(objectname)%00%(upstream:track)%00%(upstream:remotename)%00%(upstream:remoteref) refs/heads/importants refs/remotes/importants [3ms]
2024-11-15 11:15:56.047 [info] > git status -z -uall [166ms]
2024-11-15 11:16:01.115 [info] > git config --get commit.template [32ms]
2024-11-15 11:16:01.117 [info] > git for-each-ref --format=%(refname)%00%(upstream:short)%00%(objectname)%00%(upstream:track)%00%(upstream:remotename)%00%(upstream:remoteref) refs/heads/importants refs/remotes/importants [4ms]
2024-11-15 11:16:01.313 [info] > git status -z -uall [167ms]
2024-11-15 11:16:06.390 [info] > git config --get commit.template [32ms]
2024-11-15 11:16:06.391 [info] > git for-each-ref --format=%(refname)%00%(upstream:short)%00%(objectname)%00%(upstream:track)%00%(upstream:remotename)%00%(upstream:remoteref) refs/heads/importants refs/remotes/importants [6ms]
2024-11-15 11:16:06.598 [info] > git status -z -uall [182ms]
2024-11-15 11:16:11.728 [info] > git config --get commit.template [23ms]
2024-11-15 11:16:11.729 [info] > git for-each-ref --format=%(refname)%00%(upstream:short)%00%(objectname)%00%(upstream:track)%00%(upstream:remotename)%00%(upstream:remoteref) refs/heads/importants refs/remotes/importants [2ms]
2024-11-15 11:16:11.905 [info] > git status -z -uall [153ms]
2024-11-15 11:17:00.016 [info] > git config --get commit.template [44ms]
2024-11-15 11:17:00.021 [info] > git for-each-ref --format=%(refname)%00%(upstream:short)%00%(objectname)%00%(upstream:track)%00%(upstream:remotename)%00%(upstream:remoteref) refs/heads/importants refs/remotes/importants [7ms]
2024-11-15 11:17:00.271 [info] > git status -z -uall [215ms]
2024-11-15 11:17:00.529 [info] > git fetch [601ms]
2024-11-15 11:17:00.529 [info] Auto packing the repository in background for optimum performance.
See "git help gc" for manual housekeeping.
warning: The last gc run reported the following. Please correct the root cause
and remove .git/gc.log
Automatic cleanup will not be performed until the file is removed.

warning: There are too many unreachable loose objects; run 'git prune' to remove them.
2024-11-15 11:17:00.575 [info] > git config --get commit.template [24ms]
2024-11-15 11:17:00.577 [info] > git for-each-ref --format=%(refname)%00%(upstream:short)%00%(objectname)%00%(upstream:track)%00%(upstream:remotename)%00%(upstream:remoteref) refs/heads/importants refs/remotes/importants [2ms]
2024-11-15 11:17:00.756 [info] > git status -z -uall [158ms]
2024-11-15 11:17:03.553 [info] > git ls-files --stage -- /home/penurajeshitsd/react_18/hacker-stories/src/App.jsx [3ms]
2024-11-15 11:17:03.577 [info] > git cat-file -s 80cf3b99da50bcba0f4f81b21b248bad0dd89a00 [3ms]
2024-11-15 11:17:04.206 [info] > git show --textconv :react_18/hacker-stories/src/App.jsx [3ms]
2024-11-15 11:17:05.313 [info] > git config --get commit.template [2ms]
2024-11-15 11:17:05.363 [info] > git for-each-ref --format=%(refname)%00%(upstream:short)%00%(objectname)%00%(upstream:track)%00%(upstream:remotename)%00%(upstream:remoteref) refs/heads/importants refs/remotes/importants [7ms]
2024-11-15 11:17:05.582 [info] > git status -z -uall [174ms]
2024-11-15 11:17:13.213 [info] > git config --get commit.template [32ms]
2024-11-15 11:17:13.214 [info] > git for-each-ref --format=%(refname)%00%(upstream:short)%00%(objectname)%00%(upstream:track)%00%(upstream:remotename)%00%(upstream:remoteref) refs/heads/importants refs/remotes/importants [3ms]
2024-11-15 11:17:13.414 [info] > git status -z -uall [170ms]
2024-11-15 11:17:15.517 [info] > git show --textconv :react_18/hacker-stories/src/App.module.css [33ms]
2024-11-15 11:17:15.519 [info] > git ls-files --stage -- /home/penurajeshitsd/react_18/hacker-stories/src/App.module.css [4ms]
2024-11-15 11:17:15.551 [info] > git cat-file -s a7c7a61a1848038085cd622c9208f947e8c2c966 [3ms]
2024-11-15 11:17:18.452 [info] > git config --get commit.template [3ms]
2024-11-15 11:17:18.490 [info] > git for-each-ref --format=%(refname)%00%(upstream:short)%00%(objectname)%00%(upstream:track)%00%(upstream:remotename)%00%(upstream:remoteref) refs/heads/importants refs/remotes/importants [7ms]
2024-11-15 11:17:18.701 [info] > git status -z -uall [180ms]
2024-11-15 11:17:37.175 [info] > git config --get commit.template [22ms]
2024-11-15 11:17:37.176 [info] > git for-each-ref --format=%(refname)%00%(upstream:short)%00%(objectname)%00%(upstream:track)%00%(upstream:remotename)%00%(upstream:remoteref) refs/heads/importants refs/remotes/importants [2ms]
2024-11-15 11:17:37.361 [info] > git status -z -uall [162ms]
2024-11-15 11:17:54.287 [info] > git config --get commit.template [33ms]
2024-11-15 11:17:54.289 [info] > git for-each-ref --format=%(refname)%00%(upstream:short)%00%(objectname)%00%(upstream:track)%00%(upstream:remotename)%00%(upstream:remoteref) refs/heads/importants refs/remotes/importants [3ms]
2024-11-15 11:17:54.493 [info] > git status -z -uall [171ms]
2024-11-15 11:17:59.566 [info] > git config --get commit.template [36ms]
2024-11-15 11:17:59.568 [info] > git for-each-ref --format=%(refname)%00%(upstream:short)%00%(objectname)%00%(upstream:track)%00%(upstream:remotename)%00%(upstream:remoteref) refs/heads/importants refs/remotes/importants [8ms]
2024-11-15 11:17:59.779 [info] > git status -z -uall [178ms]
2024-11-15 11:18:37.550 [info] > git config --get commit.template [33ms]
2024-11-15 11:18:37.551 [info] > git for-each-ref --format=%(refname)%00%(upstream:short)%00%(objectname)%00%(upstream:track)%00%(upstream:remotename)%00%(upstream:remoteref) refs/heads/importants refs/remotes/importants [3ms]
2024-11-15 11:18:37.743 [info] > git status -z -uall [162ms]
2024-11-15 11:18:41.414 [info] > git show --textconv :react_18/hacker-stories/src/App.jsx [26ms]
2024-11-15 11:18:41.416 [info] > git ls-files --stage -- /home/penurajeshitsd/react_18/hacker-stories/src/App.jsx [6ms]
2024-11-15 11:18:41.440 [info] > git cat-file -s 80cf3b99da50bcba0f4f81b21b248bad0dd89a00 [2ms]
2024-11-15 11:18:42.793 [info] > git config --get commit.template [23ms]
2024-11-15 11:18:42.794 [info] > git for-each-ref --format=%(refname)%00%(upstream:short)%00%(objectname)%00%(upstream:track)%00%(upstream:remotename)%00%(upstream:remoteref) refs/heads/importants refs/remotes/importants [3ms]
2024-11-15 11:18:42.981 [info] > git status -z -uall [166ms]
2024-11-15 11:18:48.035 [info] > git config --get commit.template [23ms]
2024-11-15 11:18:48.036 [info] > git for-each-ref --format=%(refname)%00%(upstream:short)%00%(objectname)%00%(upstream:track)%00%(upstream:remotename)%00%(upstream:remoteref) refs/heads/importants refs/remotes/importants [3ms]
2024-11-15 11:18:48.210 [info] > git status -z -uall [152ms]
2024-11-15 11:19:06.810 [info] > git config --get commit.template [84ms]
2024-11-15 11:19:06.811 [info] > git for-each-ref --format=%(refname)%00%(upstream:short)%00%(objectname)%00%(upstream:track)%00%(upstream:remotename)%00%(upstream:remoteref) refs/heads/importants refs/remotes/importants [4ms]
2024-11-15 11:19:07.006 [info] > git status -z -uall [165ms]
2024-11-15 11:19:12.038 [info] > git config --get commit.template [3ms]
2024-11-15 11:19:12.063 [info] > git for-each-ref --format=%(refname)%00%(upstream:short)%00%(objectname)%00%(upstream:track)%00%(upstream:remotename)%00%(upstream:remoteref) refs/heads/importants refs/remotes/importants [2ms]
2024-11-15 11:19:12.249 [info] > git status -z -uall [164ms]
2024-11-15 11:19:35.737 [info] > git config --get commit.template [32ms]
2024-11-15 11:19:35.739 [info] > git for-each-ref --format=%(refname)%00%(upstream:short)%00%(objectname)%00%(upstream:track)%00%(upstream:remotename)%00%(upstream:remoteref) refs/heads/importants refs/remotes/importants [4ms]
2024-11-15 11:19:35.944 [info] > git status -z -uall [174ms]
2024-11-15 11:19:50.367 [info] > git config --get commit.template [22ms]
2024-11-15 11:19:50.368 [info] > git for-each-ref --format=%(refname)%00%(upstream:short)%00%(objectname)%00%(upstream:track)%00%(upstream:remotename)%00%(upstream:remoteref) refs/heads/importants refs/remotes/importants [2ms]
2024-11-15 11:19:50.557 [info] > git status -z -uall [169ms]
2024-11-15 11:19:54.381 [info] > git show --textconv :react_18/hacker-stories/src/App.module.css [33ms]
2024-11-15 11:19:54.382 [info] > git ls-files --stage -- /home/penurajeshitsd/react_18/hacker-stories/src/App.module.css [6ms]
2024-11-15 11:19:54.412 [info] > git cat-file -s a7c7a61a1848038085cd622c9208f947e8c2c966 [2ms]
2024-11-15 11:19:55.609 [info] > git config --get commit.template [22ms]
2024-11-15 11:19:55.611 [info] > git for-each-ref --format=%(refname)%00%(upstream:short)%00%(objectname)%00%(upstream:track)%00%(upstream:remotename)%00%(upstream:remoteref) refs/heads/importants refs/remotes/importants [3ms]
2024-11-15 11:19:55.789 [info] > git status -z -uall [158ms]
2024-11-15 11:20:01.355 [info] > git fetch [574ms]
2024-11-15 11:20:01.355 [info] Auto packing the repository in background for optimum performance.
See "git help gc" for manual housekeeping.
warning: The last gc run reported the following. Please correct the root cause
and remove .git/gc.log
Automatic cleanup will not be performed until the file is removed.

warning: There are too many unreachable loose objects; run 'git prune' to remove them.
2024-11-15 11:20:01.397 [info] > git config --get commit.template [21ms]
2024-11-15 11:20:01.398 [info] > git for-each-ref --format=%(refname)%00%(upstream:short)%00%(objectname)%00%(upstream:track)%00%(upstream:remotename)%00%(upstream:remoteref) refs/heads/importants refs/remotes/importants [2ms]
2024-11-15 11:20:01.587 [info] > git status -z -uall [167ms]
2024-11-15 11:20:01.624 [info] > git config --get commit.template [2ms]
2024-11-15 11:20:01.655 [info] > git for-each-ref --format=%(refname)%00%(upstream:short)%00%(objectname)%00%(upstream:track)%00%(upstream:remotename)%00%(upstream:remoteref) refs/heads/importants refs/remotes/importants [2ms]
2024-11-15 11:20:01.866 [info] > git status -z -uall [180ms]
2024-11-15 11:20:02.769 [info] > git ls-files --stage -- /home/penurajeshitsd/react_18/hacker-stories/src/App.module.css [3ms]
2024-11-15 11:20:02.799 [info] > git cat-file -s a7c7a61a1848038085cd622c9208f947e8c2c966 [2ms]
2024-11-15 11:20:02.886 [info] > git show --textconv :react_18/hacker-stories/src/App.module.css [4ms]
2024-11-15 11:20:06.930 [info] > git config --get commit.template [30ms]
2024-11-15 11:20:06.931 [info] > git for-each-ref --format=%(refname)%00%(upstream:short)%00%(objectname)%00%(upstream:track)%00%(upstream:remotename)%00%(upstream:remoteref) refs/heads/importants refs/remotes/importants [3ms]
2024-11-15 11:20:07.124 [info] > git status -z -uall [165ms]
2024-11-15 11:20:12.188 [info] > git config --get commit.template [30ms]
2024-11-15 11:20:12.190 [info] > git for-each-ref --format=%(refname)%00%(upstream:short)%00%(objectname)%00%(upstream:track)%00%(upstream:remotename)%00%(upstream:remoteref) refs/heads/importants refs/remotes/importants [3ms]
2024-11-15 11:20:12.384 [info] > git status -z -uall [164ms]
2024-11-15 11:20:17.434 [info] > git config --get commit.template [22ms]
2024-11-15 11:20:17.435 [info] > git for-each-ref --format=%(refname)%00%(upstream:short)%00%(objectname)%00%(upstream:track)%00%(upstream:remotename)%00%(upstream:remoteref) refs/heads/importants refs/remotes/importants [3ms]
2024-11-15 11:20:17.618 [info] > git status -z -uall [163ms]
2024-11-15 11:20:18.962 [info] > git show --textconv :react_18/hacker-stories/src/App.jsx [32ms]
2024-11-15 11:20:18.965 [info] > git ls-files --stage -- /home/penurajeshitsd/react_18/hacker-stories/src/App.jsx [6ms]
2024-11-15 11:20:18.995 [info] > git cat-file -s 80cf3b99da50bcba0f4f81b21b248bad0dd89a00 [3ms]
2024-11-15 11:20:23.930 [info] > git config --get commit.template [2ms]
2024-11-15 11:20:23.954 [info] > git for-each-ref --format=%(refname)%00%(upstream:short)%00%(objectname)%00%(upstream:track)%00%(upstream:remotename)%00%(upstream:remoteref) refs/heads/importants refs/remotes/importants [4ms]
2024-11-15 11:20:24.132 [info] > git status -z -uall [154ms]
2024-11-15 11:20:29.159 [info] > git config --get commit.template [2ms]
2024-11-15 11:20:29.182 [info] > git for-each-ref --format=%(refname)%00%(upstream:short)%00%(objectname)%00%(upstream:track)%00%(upstream:remotename)%00%(upstream:remoteref) refs/heads/importants refs/remotes/importants [3ms]
2024-11-15 11:20:29.354 [info] > git status -z -uall [151ms]
2024-11-15 11:20:43.037 [info] > git config --get commit.template [24ms]
2024-11-15 11:20:43.038 [info] > git for-each-ref --format=%(refname)%00%(upstream:short)%00%(objectname)%00%(upstream:track)%00%(upstream:remotename)%00%(upstream:remoteref) refs/heads/importants refs/remotes/importants [3ms]
2024-11-15 11:20:43.218 [info] > git status -z -uall [159ms]
2024-11-15 11:20:48.123 [info] > git show --textconv :react_18/hacker-stories/src/App.module.css [23ms]
2024-11-15 11:20:48.125 [info] > git ls-files --stage -- /home/penurajeshitsd/react_18/hacker-stories/src/App.module.css [3ms]
2024-11-15 11:20:48.148 [info] > git cat-file -s a7c7a61a1848038085cd622c9208f947e8c2c966 [2ms]
2024-11-15 11:20:48.248 [info] > git config --get commit.template [3ms]
2024-11-15 11:20:48.271 [info] > git for-each-ref --format=%(refname)%00%(upstream:short)%00%(objectname)%00%(upstream:track)%00%(upstream:remotename)%00%(upstream:remoteref) refs/heads/importants refs/remotes/importants [2ms]
2024-11-15 11:20:48.466 [info] > git status -z -uall [171ms]
2024-11-15 11:20:53.863 [info] > git config --get commit.template [31ms]
2024-11-15 11:20:53.864 [info] > git for-each-ref --format=%(refname)%00%(upstream:short)%00%(objectname)%00%(upstream:track)%00%(upstream:remotename)%00%(upstream:remoteref) refs/heads/importants refs/remotes/importants [3ms]
2024-11-15 11:20:54.059 [info] > git status -z -uall [166ms]
2024-11-15 11:22:44.015 [info] > git config --get commit.template [23ms]
2024-11-15 11:22:44.016 [info] > git for-each-ref --format=%(refname)%00%(upstream:short)%00%(objectname)%00%(upstream:track)%00%(upstream:remotename)%00%(upstream:remoteref) refs/heads/importants refs/remotes/importants [3ms]
2024-11-15 11:22:44.204 [info] > git status -z -uall [167ms]
2024-11-15 11:22:57.225 [info] > git config --get commit.template [3ms]
2024-11-15 11:22:57.249 [info] > git for-each-ref --format=%(refname)%00%(upstream:short)%00%(objectname)%00%(upstream:track)%00%(upstream:remotename)%00%(upstream:remoteref) refs/heads/importants refs/remotes/importants [3ms]
2024-11-15 11:22:57.424 [info] > git status -z -uall [155ms]
2024-11-15 11:23:06.573 [info] > git config --get commit.template [33ms]
2024-11-15 11:23:06.577 [info] > git for-each-ref --format=%(refname)%00%(upstream:short)%00%(objectname)%00%(upstream:track)%00%(upstream:remotename)%00%(upstream:remoteref) refs/heads/importants refs/remotes/importants [5ms]
2024-11-15 11:23:06.766 [info] > git status -z -uall [155ms]
2024-11-15 11:23:07.121 [info] > git fetch [611ms]
2024-11-15 11:23:07.121 [info] Auto packing the repository in background for optimum performance.
See "git help gc" for manual housekeeping.
warning: The last gc run reported the following. Please correct the root cause
and remove .git/gc.log
Automatic cleanup will not be performed until the file is removed.

warning: There are too many unreachable loose objects; run 'git prune' to remove them.
2024-11-15 11:23:07.164 [info] > git config --get commit.template [21ms]
2024-11-15 11:23:07.165 [info] > git for-each-ref --format=%(refname)%00%(upstream:short)%00%(objectname)%00%(upstream:track)%00%(upstream:remotename)%00%(upstream:remoteref) refs/heads/importants refs/remotes/importants [3ms]
2024-11-15 11:23:07.340 [info] > git status -z -uall [153ms]
2024-11-15 11:23:33.818 [info] > git config --get commit.template [32ms]
2024-11-15 11:23:33.819 [info] > git for-each-ref --format=%(refname)%00%(upstream:short)%00%(objectname)%00%(upstream:track)%00%(upstream:remotename)%00%(upstream:remoteref) refs/heads/importants refs/remotes/importants [4ms]
2024-11-15 11:23:34.015 [info] > git status -z -uall [166ms]
2024-11-15 11:23:34.074 [info] > git ls-files --stage -- /home/penurajeshitsd/react_18/hacker-stories/src/App.module.css [3ms]
2024-11-15 11:23:34.104 [info] > git cat-file -s a7c7a61a1848038085cd622c9208f947e8c2c966 [2ms]
2024-11-15 11:23:34.552 [info] > git show --textconv :react_18/hacker-stories/src/App.module.css [3ms]
2024-11-15 11:23:37.756 [info] > git show --textconv :react_18/hacker-stories/src/App.jsx [35ms]
2024-11-15 11:23:37.758 [info] > git ls-files --stage -- /home/penurajeshitsd/react_18/hacker-stories/src/App.jsx [7ms]
2024-11-15 11:23:37.788 [info] > git cat-file -s 80cf3b99da50bcba0f4f81b21b248bad0dd89a00 [2ms]
2024-11-15 11:23:39.064 [info] > git config --get commit.template [22ms]
2024-11-15 11:23:39.066 [info] > git for-each-ref --format=%(refname)%00%(upstream:short)%00%(objectname)%00%(upstream:track)%00%(upstream:remotename)%00%(upstream:remoteref) refs/heads/importants refs/remotes/importants [3ms]
2024-11-15 11:23:39.250 [info] > git status -z -uall [164ms]
2024-11-15 11:24:42.150 [info] > git config --get commit.template [32ms]
2024-11-15 11:24:42.151 [info] > git for-each-ref --format=%(refname)%00%(upstream:short)%00%(objectname)%00%(upstream:track)%00%(upstream:remotename)%00%(upstream:remoteref) refs/heads/importants refs/remotes/importants [4ms]
2024-11-15 11:24:42.617 [info] > git status -z -uall [445ms]
2024-11-15 11:24:49.690 [info] > git config --get commit.template [32ms]
2024-11-15 11:24:49.691 [info] > git for-each-ref --format=%(refname)%00%(upstream:short)%00%(objectname)%00%(upstream:track)%00%(upstream:remotename)%00%(upstream:remoteref) refs/heads/importants refs/remotes/importants [3ms]
2024-11-15 11:24:49.904 [info] > git status -z -uall [177ms]
2024-11-15 11:27:26.441 [info] > git config --get commit.template [3ms]
2024-11-15 11:27:26.476 [info] > git for-each-ref --format=%(refname)%00%(upstream:short)%00%(objectname)%00%(upstream:track)%00%(upstream:remotename)%00%(upstream:remoteref) refs/heads/importants refs/remotes/importants [4ms]
2024-11-15 11:27:26.671 [info] > git status -z -uall [164ms]
2024-11-15 11:27:27.003 [info] > git fetch [599ms]
2024-11-15 11:27:27.003 [info] Auto packing the repository in background for optimum performance.
See "git help gc" for manual housekeeping.
warning: The last gc run reported the following. Please correct the root cause
and remove .git/gc.log
Automatic cleanup will not be performed until the file is removed.

warning: There are too many unreachable loose objects; run 'git prune' to remove them.
2024-11-15 11:27:27.051 [info] > git config --get commit.template [22ms]
2024-11-15 11:27:27.052 [info] > git for-each-ref --format=%(refname)%00%(upstream:short)%00%(objectname)%00%(upstream:track)%00%(upstream:remotename)%00%(upstream:remoteref) refs/heads/importants refs/remotes/importants [3ms]
2024-11-15 11:27:27.234 [info] > git status -z -uall [157ms]
2024-11-15 11:27:28.524 [info] > git ls-files --stage -- /home/penurajeshitsd/react_18/hacker-stories/src/App.jsx [15ms]
2024-11-15 11:27:28.581 [info] > git cat-file -s 80cf3b99da50bcba0f4f81b21b248bad0dd89a00 [9ms]
2024-11-15 11:27:28.915 [info] > git show --textconv :react_18/hacker-stories/src/App.jsx [16ms]
2024-11-15 11:27:31.871 [info] > git config --get commit.template [23ms]
2024-11-15 11:27:31.872 [info] > git for-each-ref --format=%(refname)%00%(upstream:short)%00%(objectname)%00%(upstream:track)%00%(upstream:remotename)%00%(upstream:remoteref) refs/heads/importants refs/remotes/importants [3ms]
2024-11-15 11:27:32.052 [info] > git status -z -uall [157ms]
2024-11-15 11:27:52.846 [info] > git config --get commit.template [3ms]
2024-11-15 11:27:52.882 [info] > git for-each-ref --format=%(refname)%00%(upstream:short)%00%(objectname)%00%(upstream:track)%00%(upstream:remotename)%00%(upstream:remoteref) refs/heads/importants refs/remotes/importants [2ms]
2024-11-15 11:27:53.081 [info] > git status -z -uall [169ms]
2024-11-15 11:27:54.965 [info] > git show --textconv :react_18/hacker-stories/src/App.module.css [24ms]
2024-11-15 11:27:54.967 [info] > git ls-files --stage -- /home/penurajeshitsd/react_18/hacker-stories/src/App.module.css [4ms]
2024-11-15 11:27:54.992 [info] > git cat-file -s a7c7a61a1848038085cd622c9208f947e8c2c966 [2ms]
2024-11-15 11:27:58.113 [info] > git config --get commit.template [5ms]
2024-11-15 11:27:58.167 [info] > git for-each-ref --format=%(refname)%00%(upstream:short)%00%(objectname)%00%(upstream:track)%00%(upstream:remotename)%00%(upstream:remoteref) refs/heads/importants refs/remotes/importants [27ms]
2024-11-15 11:27:58.424 [info] > git status -z -uall [221ms]
2024-11-15 11:28:08.433 [info] > git config --get commit.template [31ms]
2024-11-15 11:28:08.435 [info] > git for-each-ref --format=%(refname)%00%(upstream:short)%00%(objectname)%00%(upstream:track)%00%(upstream:remotename)%00%(upstream:remoteref) refs/heads/importants refs/remotes/importants [3ms]
2024-11-15 11:28:08.632 [info] > git status -z -uall [167ms]
2024-11-15 11:28:20.592 [info] > git for-each-ref --format=%(refname)%00%(upstream:short)%00%(objectname)%00%(upstream:track)%00%(upstream:remotename)%00%(upstream:remoteref) refs/heads/importants refs/remotes/importants [3ms]
2024-11-15 11:28:20.592 [info] > git config --get commit.template [27ms]
2024-11-15 11:28:20.777 [info] > git status -z -uall [163ms]
2024-11-15 11:28:25.828 [info] > git config --get commit.template [24ms]
2024-11-15 11:28:25.830 [info] > git for-each-ref --format=%(refname)%00%(upstream:short)%00%(objectname)%00%(upstream:track)%00%(upstream:remotename)%00%(upstream:remoteref) refs/heads/importants refs/remotes/importants [2ms]
2024-11-15 11:28:26.007 [info] > git status -z -uall [156ms]
2024-11-15 11:29:57.430 [info] > git config --get commit.template [32ms]
2024-11-15 11:29:57.431 [info] > git for-each-ref --format=%(refname)%00%(upstream:short)%00%(objectname)%00%(upstream:track)%00%(upstream:remotename)%00%(upstream:remoteref) refs/heads/importants refs/remotes/importants [3ms]
2024-11-15 11:29:57.610 [info] > git status -z -uall [156ms]
2024-11-15 11:30:01.731 [info] > git check-ignore -v -z --stdin [3ms]
2024-11-15 11:30:02.679 [info] > git config --get commit.template [31ms]
2024-11-15 11:30:02.680 [info] > git for-each-ref --format=%(refname)%00%(upstream:short)%00%(objectname)%00%(upstream:track)%00%(upstream:remotename)%00%(upstream:remoteref) refs/heads/importants refs/remotes/importants [4ms]
2024-11-15 11:30:02.878 [info] > git status -z -uall [164ms]
