2024-11-15 04:22:31.814 [info] Reading sessions from keychain...
2024-11-15 04:22:31.814 [info] Getting sessions for all scopes...
2024-11-15 04:22:31.814 [info] Got stored sessions!
2024-11-15 04:22:31.814 [info] Got 1 verified sessions.
2024-11-15 04:22:31.814 [info] Got 1 sessions for ...
2024-11-15 04:22:31.814 [info] Getting sessions for read:user,repo,user:email,workflow...
2024-11-15 04:22:31.814 [info] Got 1 sessions for read:user,repo,user:email,workflow...
2024-11-15 04:22:33.043 [info] Getting sessions for read:user,repo,user:email,workflow...
2024-11-15 04:22:33.043 [info] Got 1 sessions for read:user,repo,user:email,workflow...
2024-11-15 05:15:41.464 [info] Getting sessions for read:user,repo,user:email,workflow...
2024-11-15 05:15:41.465 [info] Got 1 sessions for read:user,repo,user:email,workflow...
2024-11-15 05:45:53.489 [info] Getting sessions for read:user,repo,user:email,workflow...
2024-11-15 05:45:53.489 [info] Got 1 sessions for read:user,repo,user:email,workflow...
2024-11-15 05:59:22.196 [info] Getting sessions for read:user,repo,user:email,workflow...
2024-11-15 05:59:22.196 [info] Got 1 sessions for read:user,repo,user:email,workflow...
2024-11-15 06:14:04.769 [info] Getting sessions for read:user,repo,user:email,workflow...
2024-11-15 06:14:04.769 [info] Got 1 sessions for read:user,repo,user:email,workflow...
2024-11-15 06:55:36.187 [info] Getting sessions for read:user,repo,user:email,workflow...
2024-11-15 06:55:36.188 [info] Got 1 sessions for read:user,repo,user:email,workflow...
2024-11-15 06:56:33.151 [info] Getting sessions for read:user,repo,user:email,workflow...
2024-11-15 06:56:33.151 [info] Got 1 sessions for read:user,repo,user:email,workflow...
2024-11-15 07:05:30.986 [info] Getting sessions for read:user,repo,user:email,workflow...
2024-11-15 07:05:30.986 [info] Got 1 sessions for read:user,repo,user:email,workflow...
2024-11-15 08:10:02.850 [info] Getting sessions for read:user,repo,user:email,workflow...
2024-11-15 08:10:02.850 [info] Got 1 sessions for read:user,repo,user:email,workflow...
2024-11-15 08:28:56.621 [info] Getting sessions for read:user,repo,user:email,workflow...
2024-11-15 08:28:56.621 [info] Got 1 sessions for read:user,repo,user:email,workflow...
2024-11-15 08:45:01.435 [info] Getting sessions for read:user,repo,user:email,workflow...
2024-11-15 08:45:01.435 [info] Got 1 sessions for read:user,repo,user:email,workflow...
2024-11-15 08:54:11.898 [info] Getting sessions for read:user,repo,user:email,workflow...
2024-11-15 08:54:11.898 [info] Got 1 sessions for read:user,repo,user:email,workflow...
